PID: 30261
honu.cs.washington.edu
Job started at Tue Aug 20 23:58:37 PDT 2019
[RESOURCES] There are too many total processes running: 40!
[RESOURCES] There are too many total processes running: 46!
[RESOURCES] There are too many total processes running: 46!
[RESOURCES] There are too many total processes running: 49!
Running patch plausibility analysis under Java-7 on the patch generated by jGenProg for QuixBugs::SHORTEST_PATH_LENGTHS-::0
patch_plausibility.py script started at Tue Aug 20 23:59:48 PDT 2019
Initialized empty Git repository in /tmp/jGenProg_QuixBugs_SHORTEST_PATH_LENGTHS_/.git/
Checking patch src/main/java/SHORTEST_PATH_LENGTHS.java...
Applied patch src/main/java/SHORTEST_PATH_LENGTHS.java cleanly.
compile has failed!
Traceback (most recent call last):
  File "/scratch/rjust/critical_review_of_repair_them_all_data/plausibility/patch_plausibility.py", line 169, in <module>
    die()
  File "/scratch/rjust/critical_review_of_repair_them_all_data/plausibility/patch_plausibility.py", line 104, in die
    utils.die(msg=msg, checkout_dir=CHECKOUT_DIR)
  File "/scratch/rjust/critical_review_of_repair_them_all_data/java_7_vs_java_8/utils.py", line 35, in die
    sys.exit(1)
SystemExit: 1
Checkout QuixBugs_SHORTEST_PATH_LENGTHS_
Apply patch ...
Compile QuixBugs_SHORTEST_PATH_LENGTHS_
patch_plausibility.py has failed!
