PID: 7172
honu.cs.washington.edu
Job started at Tue Aug 20 23:13:28 PDT 2019
[RESOURCES] There are too many total processes running: 49!
[RESOURCES] There are too many total processes running: 38!
[RESOURCES] There are too many total processes running: 41!
[RESOURCES] There are too many total processes running: 38!
[RESOURCES] There are too many total processes running: 40!
[RESOURCES] There are too many total processes running: 51!
[RESOURCES] There are too many total processes running: 42!
Running patch plausibility analysis under Java-7 on the patch generated by Kali for Bugs.jar::Jackrabbit-Oak-7c320b1e::0
patch_plausibility.py script started at Tue Aug 20 23:15:45 PDT 2019
Switched to branch 'bugs-dot-jar_OAK-2389_7c320b1e'
Reinitialized existing Git repository in /tmp/Kali_Bugs.jar_Jackrabbit-Oak_7c320b1e/.git/
Checking patch oak-commons/src/main/java/org/apache/jackrabbit/oak/commons/json/JsopBuilder.java...
Applied patch oak-commons/src/main/java/org/apache/jackrabbit/oak/commons/json/JsopBuilder.java cleanly.
There was no 'Please refer to (.*) for the individual test results.' in the maven log file!
Checkout Bugs.jar_Jackrabbit-Oak_7c320b1e
Apply patch ...
Compile Bugs.jar_Jackrabbit-Oak_7c320b1e
Run tests on Bugs.jar_Jackrabbit-Oak_7c320b1e
patch_plausibility.py script finished at Tue Aug 20 23:17:56 PDT 2019
Job finished at Tue Aug 20 23:17:56 PDT 2019
DONE!
