PID: 32541
honu.cs.washington.edu
Job started at Tue Aug 20 23:23:28 PDT 2019
[RESOURCES] There are too many total processes running: 54!
[RESOURCES] There are too many total processes running: 49!
[RESOURCES] There are too many total processes running: 40!
[RESOURCES] There are too many total processes running: 44!
[RESOURCES] There are too many total processes running: 42!
[RESOURCES] There are too many total processes running: 51!
[RESOURCES] There are too many total processes running: 46!
Running patch plausibility analysis under Java-7 on the patch generated by Cardumen for Bugs.jar::Commons-Math-a56d4998::0
patch_plausibility.py script started at Tue Aug 20 23:26:08 PDT 2019
Switched to branch 'bugs-dot-jar_MATH-1204_a56d4998'
Picked up JAVA_TOOL_OPTIONS: -XX:CICompilerCount=2 -XX:ParallelGCThreads=2 -XX:ConcGCThreads=2  
Reinitialized existing Git repository in /tmp/Cardumen_Bugs.jar_Commons-Math_a56d4998/.git/
Skipped patch '/tmp/Cardumen_Bug_dot_jar_Commons-Math_a56d4998/src/main/java/org/apache/commons/math4/analysis/solvers/UnivariateSolverUtilsjava'.
Checkout Bugs.jar_Commons-Math_a56d4998
Apply patch ...
Get module information
Compile Bugs.jar_Commons-Math_a56d4998
Run tests on Bugs.jar_Commons-Math_a56d4998
patch_plausibility.py script finished at Tue Aug 20 23:30:36 PDT 2019
Job finished at Tue Aug 20 23:30:36 PDT 2019
DONE!
