PID: 1762
honu.cs.washington.edu
Job started at Wed Aug 21 13:10:45 PDT 2019
Running patch plausibility analysis under Java-8 on the patch generated by jGenProg for Bears::traccar-traccar-212058933-212061222::0
patch_plausibility.py script started at Wed Aug 21 13:10:45 PDT 2019
Previous HEAD position was 2fcfe080f Changes in the tests This commit is based on the source code from the following commit: http://github.com/traccar/traccar/commit/1771c22baca9c43556e5cfc4ec705d0a071a78e8 The mentioned commit triggered the following Travis build: http://travis-ci.org/traccar/traccar/builds/316639485.
Switched to branch 'traccar-traccar-212058933-212061222'
Note: checking out '7a1217f185c25d190507edf23f64fcb67c5b61e7'.

You are in 'detached HEAD' state. You can look around, make experimental
changes and commit them, and you can discard any commits you make in this
state without impacting any branches by performing another checkout.

If you want to create a new branch to retain commits you create, you may
do so (now or later) by using -b with the checkout command again. Example:

  git checkout -b <new-branch-name>

HEAD is now at 7a1217f18 Changes in the tests This commit is based on the source code from the following commit: http://github.com/traccar/traccar/commit/c53feac38ec149fed84121704c620503bf1f7820 The mentioned commit triggered the following Travis build: http://travis-ci.org/traccar/traccar/builds/212061222.
Picked up JAVA_TOOL_OPTIONS: -XX:CICompilerCount=2 -XX:ParallelGCThreads=2 -XX:ConcGCThreads=2  
Reinitialized existing Git repository in /tmp/jGenProg_Bears_traccar-traccar_212058933-212061222/.git/
Checking patch src/org/traccar/protocol/SuntechProtocolDecoder.java...
Applied patch src/org/traccar/protocol/SuntechProtocolDecoder.java cleanly.
There was no 'Please refer to (.*) for the individual test results.' in the maven log file!
Checkout Bears_traccar-traccar_212058933-212061222
Apply patch ...
Compile Bears_traccar-traccar_212058933-212061222
Run tests on Bears_traccar-traccar_212058933-212061222
patch_plausibility.py script finished at Wed Aug 21 13:12:12 PDT 2019
Job finished at Wed Aug 21 13:12:12 PDT 2019
DONE!
