PID: 25553
honu.cs.washington.edu
Job started at Wed Aug 21 12:56:53 PDT 2019
[RESOURCES] There are too many total processes running: 43!
[RESOURCES] There are too many total processes running: 42!
[RESOURCES] There are too many total processes running: 42!
[RESOURCES] There are too many total processes running: 42!
[RESOURCES] There are too many total processes running: 41!
[RESOURCES] There are too many total processes running: 38!
[RESOURCES] There are too many total processes running: 40!
[RESOURCES] There are too many total processes running: 42!
[RESOURCES] There are too many total processes running: 43!
Running patch plausibility analysis under Java-8 on the patch generated by jMutRepair for Bears::traccar-traccar-322427143-322428590::0
patch_plausibility.py script started at Wed Aug 21 13:00:05 PDT 2019
Previous HEAD position was 578222a36 Changes in the tests This commit is based on the source code from the following commit: http://github.com/traccar/traccar/commit/819bca366f89f237f19e52b7a916895ed1761fb9 The mentioned commit triggered the following Travis build: http://travis-ci.org/traccar/traccar/builds/268530427.
Switched to branch 'traccar-traccar-322427143-322428590'
Note: checking out 'f9d2b5531def4d0023cff7a9603105afad3fefa3'.

You are in 'detached HEAD' state. You can look around, make experimental
changes and commit them, and you can discard any commits you make in this
state without impacting any branches by performing another checkout.

If you want to create a new branch to retain commits you create, you may
do so (now or later) by using -b with the checkout command again. Example:

  git checkout -b <new-branch-name>

HEAD is now at f9d2b5531 Changes in the tests This commit is based on the source code from the following commit: http://github.com/traccar/traccar/commit/ee2fbc5cb8bb5dc017eed3db3785fb8c2166df67 The mentioned commit triggered the following Travis build: http://travis-ci.org/traccar/traccar/builds/322428590.
Picked up JAVA_TOOL_OPTIONS: -XX:CICompilerCount=2 -XX:ParallelGCThreads=2 -XX:ConcGCThreads=2  
Reinitialized existing Git repository in /tmp/jMutRepair_Bears_traccar-traccar_322427143-322428590/.git/
Checking patch src/org/traccar/protocol/MeitrackProtocolDecoder.java...
Applied patch src/org/traccar/protocol/MeitrackProtocolDecoder.java cleanly.
There was no 'Please refer to (.*) for the individual test results.' in the maven log file!
Checkout Bears_traccar-traccar_322427143-322428590
Apply patch ...
Compile Bears_traccar-traccar_322427143-322428590
Run tests on Bears_traccar-traccar_322427143-322428590
patch_plausibility.py script finished at Wed Aug 21 13:01:25 PDT 2019
Job finished at Wed Aug 21 13:01:25 PDT 2019
DONE!
