PID: 8578
honu.cs.washington.edu
Job started at Wed Aug 21 13:57:35 PDT 2019
Running patch plausibility analysis under Java-8 on the patch generated by jGenProg for Bears::rkonovalov-jsonignore-442009574-442015798::0
patch_plausibility.py script started at Wed Aug 21 13:57:35 PDT 2019
Previous HEAD position was cc2e8df61 Changes in the tests This commit is based on the source code from the following commit: http://github.com/traccar/traccar/commit/2ff8f21543727590a0f66adc9fc72b0dd6b5e2c9 The mentioned commit triggered the following Travis build: http://travis-ci.org/traccar/traccar/builds/269490884.
Switched to branch 'rkonovalov-jsonignore-442009574-442015798'
Note: checking out 'c718cda2adb73be75eacb24a3206b7c1d4dd4996'.

You are in 'detached HEAD' state. You can look around, make experimental
changes and commit them, and you can discard any commits you make in this
state without impacting any branches by performing another checkout.

If you want to create a new branch to retain commits you create, you may
do so (now or later) by using -b with the checkout command again. Example:

  git checkout -b <new-branch-name>

HEAD is now at c718cda2a Changes in the tests This commit is based on the source code from the following commit: http://github.com/rkonovalov/jsonignore/commit/6332d138bad2ab898f1759eb65d5061681737f5d The mentioned commit triggered the following Travis build: http://travis-ci.org/rkonovalov/jsonignore/builds/442015798.
Picked up JAVA_TOOL_OPTIONS: -XX:CICompilerCount=2 -XX:ParallelGCThreads=2 -XX:ConcGCThreads=2  
Reinitialized existing Git repository in /tmp/jGenProg_Bears_rkonovalov-jsonignore_442009574-442015798/.git/
Checking patch src/main/java/com/json/ignore/JsonIgnoreFields.java...
Applied patch src/main/java/com/json/ignore/JsonIgnoreFields.java cleanly.
There was no 'Please refer to (.*) for the individual test results.' in the maven log file!
Checkout Bears_rkonovalov-jsonignore_442009574-442015798
Apply patch ...
Compile Bears_rkonovalov-jsonignore_442009574-442015798
Run tests on Bears_rkonovalov-jsonignore_442009574-442015798
patch_plausibility.py script finished at Wed Aug 21 13:58:02 PDT 2019
Job finished at Wed Aug 21 13:58:02 PDT 2019
DONE!
