PID: 38048
honu.cs.washington.edu
Job started at Wed Aug 21 13:36:56 PDT 2019
[RESOURCES] There are too many total processes running: 40!
[RESOURCES] There are too many total processes running: 38!
[RESOURCES] There are too many total processes running: 40!
[RESOURCES] There are too many total processes running: 38!
[RESOURCES] There are too many total processes running: 39!
[RESOURCES] There are too many total processes running: 43!
[RESOURCES] There are too many total processes running: 48!
Running patch plausibility analysis under Java-8 on the patch generated by DynaMoth for Bugs.jar::Commons-Math-abe53a53::7
patch_plausibility.py script started at Wed Aug 21 13:39:30 PDT 2019
Switched to branch 'bugs-dot-jar_MATH-864_abe53a53'
Reinitialized existing Git repository in /tmp/DynaMoth_Bugs.jar_Commons-Math_abe53a53/.git/
Checking patch src/main/java/org/apache/commons/math3/optimization/direct/BOBYQAOptimizer.java...
Applied patch src/main/java/org/apache/commons/math3/optimization/direct/BOBYQAOptimizer.java cleanly.
Checkout Bugs.jar_Commons-Math_abe53a53
Apply patch ...
Compile Bugs.jar_Commons-Math_abe53a53
Run tests on Bugs.jar_Commons-Math_abe53a53
patch_plausibility.py script finished at Wed Aug 21 13:41:21 PDT 2019
Job finished at Wed Aug 21 13:41:21 PDT 2019
DONE!
