PID: 38997
honu.cs.washington.edu
Job started at Tue Aug 20 23:20:24 PDT 2019
[RESOURCES] There are too many total processes running: 45!
[RESOURCES] There are too many total processes running: 54!
[RESOURCES] There are too many total processes running: 67!
[RESOURCES] There are too many total processes running: 55!
[RESOURCES] There are too many total processes running: 45!
[RESOURCES] There are too many total processes running: 48!
[RESOURCES] There are too many total processes running: 44!
[RESOURCES] There are too many total processes running: 42!
[RESOURCES] There are too many total processes running: 59!
[RESOURCES] There are too many total processes running: 43!
[RESOURCES] There are too many total processes running: 40!
Running patch plausibility analysis under Java-7 on the patch generated by DynaMoth for Bugs.jar::Commons-Math-ef9b639a::7
patch_plausibility.py script started at Tue Aug 20 23:24:16 PDT 2019
Switched to branch 'bugs-dot-jar_MATH-305_ef9b639a'
Reinitialized existing Git repository in /tmp/DynaMoth_Bugs.jar_Commons-Math_ef9b639a/.git/
Checking patch src/main/java/org/apache/commons/math/ode/nonstiff/GraggBulirschStoerIntegrator.java...
Applied patch src/main/java/org/apache/commons/math/ode/nonstiff/GraggBulirschStoerIntegrator.java cleanly.
Checkout Bugs.jar_Commons-Math_ef9b639a
Apply patch ...
Compile Bugs.jar_Commons-Math_ef9b639a
Run tests on Bugs.jar_Commons-Math_ef9b639a
patch_plausibility.py script finished at Tue Aug 20 23:25:07 PDT 2019
Job finished at Tue Aug 20 23:25:07 PDT 2019
DONE!
