PID: 34164
honu.cs.washington.edu
Job started at Tue Aug 20 23:55:28 PDT 2019
[RESOURCES] There are too many total processes running: 41!
Running patch plausibility analysis under Java-7 on the patch generated by Cardumen for Bears::traccar-traccar-267371558-268530427::0
patch_plausibility.py script started at Tue Aug 20 23:55:58 PDT 2019
Previous HEAD position was 1ee27edc2 Changes in the tests This commit is based on the source code from the following commit: http://github.com/julianps/modelmapper-module-vavr/commit/b358ccbacff0f311b46f6bdd0f7d4aca1b27a13f The mentioned commit triggered the following Travis build: http://travis-ci.org/julianps/modelmapper-module-vavr/builds/461240331.
Switched to branch 'traccar-traccar-267371558-268530427'
Note: checking out '578222a368172873c5709f45f490e47ca9d74be1'.

You are in 'detached HEAD' state. You can look around, make experimental
changes and commit them, and you can discard any commits you make in this
state without impacting any branches by performing another checkout.

If you want to create a new branch to retain commits you create, you may
do so (now or later) by using -b with the checkout command again. Example:

  git checkout -b <new-branch-name>

HEAD is now at 578222a36 Changes in the tests This commit is based on the source code from the following commit: http://github.com/traccar/traccar/commit/819bca366f89f237f19e52b7a916895ed1761fb9 The mentioned commit triggered the following Travis build: http://travis-ci.org/traccar/traccar/builds/268530427.
Picked up JAVA_TOOL_OPTIONS: -XX:CICompilerCount=2 -XX:ParallelGCThreads=2 -XX:ConcGCThreads=2  
Reinitialized existing Git repository in /tmp/Cardumen_Bears_traccar-traccar_267371558-268530427/.git/
Checking patch src/org/traccar/protocol/Gl200TextProtocolDecoder.java...
Applied patch src/org/traccar/protocol/Gl200TextProtocolDecoder.java cleanly.
There was no 'Please refer to (.*) for the individual test results.' in the maven log file!
Checkout Bears_traccar-traccar_267371558-268530427
Apply patch ...
Compile Bears_traccar-traccar_267371558-268530427
Run tests on Bears_traccar-traccar_267371558-268530427
patch_plausibility.py script finished at Tue Aug 20 23:57:14 PDT 2019
Job finished at Tue Aug 20 23:57:14 PDT 2019
DONE!
