PID: 16493
honu.cs.washington.edu
Job started at Wed Aug 21 14:00:36 PDT 2019
[RESOURCES] There are too many total processes running: 40!
[RESOURCES] There are too many total processes running: 43!
[RESOURCES] There are too many total processes running: 38!
[RESOURCES] There are too many total processes running: 38!
Running patch plausibility analysis under Java-8 on the patch generated by GenProg for IntroClassJava::smallest-af81ffd4bc47e4f84cbf87051d82d15af14833eaba6c57ae82fc503a67eb939f3e6552182124605c38a77a6774f41fac2cc95082320ba5e29d303277c098c4ae-000::0
patch_plausibility.py script started at Wed Aug 21 14:02:01 PDT 2019
Initialized empty Git repository in /tmp/GenProg_IntroClassJava_smallest_af81ffd4bc47e4f84cbf87051d82d15af14833eaba6c57ae82fc503a67eb939f3e6552182124605c38a77a6774f41fac2cc95082320ba5e29d303277c098c4ae-000/.git/
Checking patch src/main/java/introclassJava/smallest_af81ffd4_000.java...
Applied patch src/main/java/introclassJava/smallest_af81ffd4_000.java cleanly.
There was no 'Please refer to (.*) for the individual test results.' in the maven log file!
Checkout IntroClassJava_smallest_af81ffd4bc47e4f84cbf87051d82d15af14833eaba6c57ae82fc503a67eb939f3e6552182124605c38a77a6774f41fac2cc95082320ba5e29d303277c098c4ae-000
Apply patch ...
Compile IntroClassJava_smallest_af81ffd4bc47e4f84cbf87051d82d15af14833eaba6c57ae82fc503a67eb939f3e6552182124605c38a77a6774f41fac2cc95082320ba5e29d303277c098c4ae-000
Run tests on IntroClassJava_smallest_af81ffd4bc47e4f84cbf87051d82d15af14833eaba6c57ae82fc503a67eb939f3e6552182124605c38a77a6774f41fac2cc95082320ba5e29d303277c098c4ae-000
patch_plausibility.py script finished at Wed Aug 21 14:02:33 PDT 2019
Job finished at Wed Aug 21 14:02:33 PDT 2019
DONE!
