PID: 38648
honu.cs.washington.edu
Job started at Tue Aug 20 23:55:52 PDT 2019
[RESOURCES] There are too many total processes running: 41!
[RESOURCES] There are too many total processes running: 39!
[RESOURCES] There are too many total processes running: 41!
[RESOURCES] There are too many total processes running: 38!
[RESOURCES] There are too many total processes running: 38!
[RESOURCES] There are too many total processes running: 47!
[RESOURCES] There are too many total processes running: 47!
Running patch plausibility analysis under Java-7 on the patch generated by Kali for Bugs.jar::Maven-c4002945::0
patch_plausibility.py script started at Tue Aug 20 23:58:38 PDT 2019
Already on 'bugs-dot-jar_MNG-4941_c4002945'
Reinitialized existing Git repository in /tmp/Kali_Bugs.jar_Maven_c4002945/.git/
Checking patch maven-plugin-api/src/main/java/org/apache/maven/plugin/descriptor/PluginDescriptorBuilder.java...
Applied patch maven-plugin-api/src/main/java/org/apache/maven/plugin/descriptor/PluginDescriptorBuilder.java cleanly.
Checkout Bugs.jar_Maven_c4002945
Apply patch ...
Compile Bugs.jar_Maven_c4002945
Run tests on Bugs.jar_Maven_c4002945
patch_plausibility.py script finished at Tue Aug 20 23:59:57 PDT 2019
Job finished at Tue Aug 20 23:59:57 PDT 2019
DONE!
