PID: 14086
honu.cs.washington.edu
Job started at Wed Aug 21 12:52:24 PDT 2019
[RESOURCES] There are too many total processes running: 53!
Running patch plausibility analysis under Java-8 on the patch generated by jMutRepair for IntroClassJava::median-d43d32076778e9cb3a2aa237e806bc00b0eaffde5b75563c9321019a817607f8303e6b982bf49358787264ac38e22026f27bde7e67a87ba43b973c29442f9e93-000::0
patch_plausibility.py script started at Wed Aug 21 12:52:50 PDT 2019
Initialized empty Git repository in /tmp/jMutRepair_IntroClassJava_median_d43d32076778e9cb3a2aa237e806bc00b0eaffde5b75563c9321019a817607f8303e6b982bf49358787264ac38e22026f27bde7e67a87ba43b973c29442f9e93-000/.git/
Checking patch src/main/java/b/src/main/java/introclassJava/median_d43d3207_000.java...
error: src/main/java/b/src/main/java/introclassJava/median_d43d3207_000.java: No such file or directory
`patch` has failed!
Traceback (most recent call last):
  File "/scratch/rjust/critical_review_of_repair_them_all_data/plausibility/patch_plausibility.py", line 161, in <module>
    die("`patch` has failed!\n")
  File "/scratch/rjust/critical_review_of_repair_them_all_data/plausibility/patch_plausibility.py", line 104, in die
    utils.die(msg=msg, checkout_dir=CHECKOUT_DIR)
  File "/scratch/rjust/critical_review_of_repair_them_all_data/java_7_vs_java_8/utils.py", line 35, in die
    sys.exit(1)
SystemExit: 1
Checkout IntroClassJava_median_d43d32076778e9cb3a2aa237e806bc00b0eaffde5b75563c9321019a817607f8303e6b982bf49358787264ac38e22026f27bde7e67a87ba43b973c29442f9e93-000
Apply patch ...
patch_plausibility.py has failed!
