PID: 28939
honu.cs.washington.edu
Job started at Wed Aug 21 13:27:09 PDT 2019
[RESOURCES] There are too many total processes running: 38!
[RESOURCES] There are too many total processes running: 44!
[RESOURCES] There are too many total processes running: 40!
Running patch plausibility analysis under Java-8 on the patch generated by DynaMoth for Bugs.jar::Flink-32a003d5::7
patch_plausibility.py script started at Wed Aug 21 13:28:16 PDT 2019
Switched to branch 'bugs-dot-jar_FLINK-996_32a003d5'
Reinitialized existing Git repository in /tmp/DynaMoth_Bugs.jar_Flink_32a003d5/.git/
Checking patch stratosphere-compiler/src/main/java/eu/stratosphere/compiler/PactCompiler.java...
Applied patch stratosphere-compiler/src/main/java/eu/stratosphere/compiler/PactCompiler.java cleanly.
There was no 'Please refer to (.*) for the individual test results.' in the maven log file!
Checkout Bugs.jar_Flink_32a003d5
Apply patch ...
Compile Bugs.jar_Flink_32a003d5
Run tests on Bugs.jar_Flink_32a003d5
patch_plausibility.py script finished at Wed Aug 21 13:32:36 PDT 2019
Job finished at Wed Aug 21 13:32:36 PDT 2019
DONE!
