PID: 4282
honu.cs.washington.edu
Job started at Wed Aug 21 14:04:48 PDT 2019
[RESOURCES] There are too many total processes running: 47!
[RESOURCES] There are too many total processes running: 38!
[RESOURCES] There are too many total processes running: 43!
[RESOURCES] There are too many total processes running: 46!
[RESOURCES] There are too many total processes running: 42!
Running patch plausibility analysis under Java-8 on the patch generated by DynaMoth for Bugs.jar::Commons-Math-dbdff075::7
patch_plausibility.py script started at Wed Aug 21 14:06:16 PDT 2019
Switched to branch 'bugs-dot-jar_MATH-286_dbdff075'
Reinitialized existing Git repository in /tmp/DynaMoth_Bugs.jar_Commons-Math_dbdff075/.git/
Checking patch src/main/java/org/apache/commons/math/ode/nonstiff/GraggBulirschStoerIntegrator.java...
Applied patch src/main/java/org/apache/commons/math/ode/nonstiff/GraggBulirschStoerIntegrator.java cleanly.
Checkout Bugs.jar_Commons-Math_dbdff075
Apply patch ...
Compile Bugs.jar_Commons-Math_dbdff075
Run tests on Bugs.jar_Commons-Math_dbdff075
patch_plausibility.py script finished at Wed Aug 21 14:06:51 PDT 2019
Job finished at Wed Aug 21 14:06:51 PDT 2019
DONE!
