PID: 17138
honu.cs.washington.edu
Job started at Tue Aug 20 23:37:18 PDT 2019
[RESOURCES] There are too many total processes running: 39!
[RESOURCES] There are too many total processes running: 47!
[RESOURCES] There are too many total processes running: 40!
[RESOURCES] There are too many total processes running: 38!
[RESOURCES] There are too many total processes running: 51!
Running patch plausibility analysis under Java-7 on the patch generated by Nopol for Bugs.jar::Jackrabbit-Oak-3f51fb09::7
patch_plausibility.py script started at Tue Aug 20 23:38:50 PDT 2019
Switched to branch 'bugs-dot-jar_OAK-554_3f51fb09'
Reinitialized existing Git repository in /tmp/Nopol_Bugs.jar_Jackrabbit-Oak_3f51fb09/.git/
Checking patch oak-core/src/main/java/org/apache/jackrabbit/oak/namepath/LocalNameMapper.java...
Applied patch oak-core/src/main/java/org/apache/jackrabbit/oak/namepath/LocalNameMapper.java cleanly.
Checkout Bugs.jar_Jackrabbit-Oak_3f51fb09
Apply patch ...
Compile Bugs.jar_Jackrabbit-Oak_3f51fb09
Run tests on Bugs.jar_Jackrabbit-Oak_3f51fb09
patch_plausibility.py script finished at Tue Aug 20 23:41:16 PDT 2019
Job finished at Tue Aug 20 23:41:16 PDT 2019
DONE!
