Picked up JAVA_TOOL_OPTIONS: -XX:CICompilerCount=2 -XX:ParallelGCThreads=2 -XX:ConcGCThreads=2 -Djdk.net.URLClassPath.disableClassPathURLCheck=true 
Picked up _JAVA_OPTIONS: -Djdk.net.URLClassPath.disableClassPathURLCheck=true
Apache Maven 3.5.0 (Red Hat 3.5.0-4.3)
Maven home: /opt/rh/rh-maven35/root/usr/share/maven
Java version: 1.7.0_80, vendor: Oracle Corporation
Java home: /scratch/rjust/projects/calling-bs/repair-them-all/RepairThemAll/jdks/jdk1.7.0_80/jre
Default locale: en_US, platform encoding: UTF-8
OS name: "linux", version: "4.14.132-1.el7.retpoline.x86_64", arch: "amd64", family: "unix"
[INFO] Scanning for projects...
[INFO] ------------------------------------------------------------------------
[INFO] Reactor Build Order:
[INFO] 
[INFO] Oak Parent POM
[INFO] Oak Commons
[INFO] Oak MicroKernel API
[INFO] Oak MicroKernel
[INFO] Oak MicroKernel Remoting
[INFO] Oak Mongo MicroKernel
[INFO] Oak Integration Tests for MicroKernel implementations
[INFO] Oak Core
[INFO] Oak JCR Binding
[INFO] Oak support for Apache Sling
[INFO] Oak HTTP Binding
[INFO] Oak Lucene
[INFO] Oak Runnable Jar
[INFO] Oak Integration Tests for OSGi deployments
[INFO] Oak Integration Tests
[INFO] Oak Performance Test Parent
[INFO] Oak Performance Test Utilities
[INFO] Oak Performance Test
[INFO] Oak Performance Benchmark
[INFO] Jackrabbit Oak
[INFO] oak-mk-perf
[INFO] 
[INFO] ------------------------------------------------------------------------
[INFO] Building Oak Parent POM 0.6-SNAPSHOT
[INFO] ------------------------------------------------------------------------
[INFO] 
[INFO] --- maven-remote-resources-plugin:1.2.1:process (default) @ oak-parent ---
[INFO] 
[INFO] --- maven-site-plugin:3.0:attach-descriptor (attach-descriptor) @ oak-parent ---
[INFO] 
[INFO] --- maven-install-plugin:2.3.1:install (default-install) @ oak-parent ---
[INFO] Installing /tmp/jKali_Bugs.jar_Jackrabbit-Oak_3ce758b7/oak-parent/pom.xml to /tmp/jKali_Bugs.jar_Jackrabbit-Oak_3ce758b7/.m2/org/apache/jackrabbit/oak-parent/0.6-SNAPSHOT/oak-parent-0.6-SNAPSHOT.pom
[INFO] 
[INFO] ------------------------------------------------------------------------
[INFO] Building Oak Commons 0.6-SNAPSHOT
[INFO] ------------------------------------------------------------------------
[INFO] 
[INFO] --- maven-remote-resources-plugin:1.2.1:process (default) @ oak-commons ---
[INFO] 
[INFO] --- maven-resources-plugin:2.5:resources (default-resources) @ oak-commons ---
[debug] execute contextualize
[INFO] Using 'UTF-8' encoding to copy filtered resources.
[INFO] skip non existing resourceDirectory /tmp/jKali_Bugs.jar_Jackrabbit-Oak_3ce758b7/oak-commons/src/main/resources
[INFO] Copying 3 resources
[INFO] 
[INFO] --- maven-compiler-plugin:2.3.2:compile (default-compile) @ oak-commons ---
[INFO] Nothing to compile - all classes are up to date
[INFO] 
[INFO] --- maven-resources-plugin:2.5:testResources (default-testResources) @ oak-commons ---
[debug] execute contextualize
[INFO] Using 'UTF-8' encoding to copy filtered resources.
[INFO] skip non existing resourceDirectory /tmp/jKali_Bugs.jar_Jackrabbit-Oak_3ce758b7/oak-commons/src/test/resources
[INFO] Copying 3 resources
[INFO] 
[INFO] --- maven-compiler-plugin:2.3.2:testCompile (default-testCompile) @ oak-commons ---
[INFO] Nothing to compile - all classes are up to date
[INFO] 
[INFO] --- maven-surefire-plugin:2.9:test (default-test) @ oak-commons ---
[INFO] Tests are skipped.
[INFO] 
[INFO] --- maven-bundle-plugin:2.3.7:bundle (default-bundle) @ oak-commons ---
[INFO] 
[INFO] --- maven-site-plugin:3.0:attach-descriptor (attach-descriptor) @ oak-commons ---
[INFO] 
[INFO] --- maven-install-plugin:2.3.1:install (default-install) @ oak-commons ---
[INFO] Installing /tmp/jKali_Bugs.jar_Jackrabbit-Oak_3ce758b7/oak-commons/target/oak-commons-0.6-SNAPSHOT.jar to /tmp/jKali_Bugs.jar_Jackrabbit-Oak_3ce758b7/.m2/org/apache/jackrabbit/oak-commons/0.6-SNAPSHOT/oak-commons-0.6-SNAPSHOT.jar
[INFO] Installing /tmp/jKali_Bugs.jar_Jackrabbit-Oak_3ce758b7/oak-commons/pom.xml to /tmp/jKali_Bugs.jar_Jackrabbit-Oak_3ce758b7/.m2/org/apache/jackrabbit/oak-commons/0.6-SNAPSHOT/oak-commons-0.6-SNAPSHOT.pom
[INFO] 
[INFO] --- maven-bundle-plugin:2.3.7:install (default-install) @ oak-commons ---
[INFO] Installing org/apache/jackrabbit/oak-commons/0.6-SNAPSHOT/oak-commons-0.6-SNAPSHOT.jar
[INFO] Writing OBR metadata
[INFO] 
[INFO] ------------------------------------------------------------------------
[INFO] Building Oak MicroKernel API 0.6-SNAPSHOT
[INFO] ------------------------------------------------------------------------
[INFO] 
[INFO] --- maven-remote-resources-plugin:1.2.1:process (default) @ oak-mk-api ---
[INFO] 
[INFO] --- maven-resources-plugin:2.5:resources (default-resources) @ oak-mk-api ---
[debug] execute contextualize
[INFO] Using 'UTF-8' encoding to copy filtered resources.
[INFO] skip non existing resourceDirectory /tmp/jKali_Bugs.jar_Jackrabbit-Oak_3ce758b7/oak-mk-api/src/main/resources
[INFO] Copying 3 resources
[INFO] 
[INFO] --- maven-compiler-plugin:2.3.2:compile (default-compile) @ oak-mk-api ---
[INFO] Nothing to compile - all classes are up to date
[INFO] 
[INFO] --- maven-scr-plugin:1.9.0:scr (generate-scr-scrdescriptor) @ oak-mk-api ---
[INFO] 
[INFO] --- maven-resources-plugin:2.5:testResources (default-testResources) @ oak-mk-api ---
[debug] execute contextualize
[INFO] Using 'UTF-8' encoding to copy filtered resources.
[INFO] skip non existing resourceDirectory /tmp/jKali_Bugs.jar_Jackrabbit-Oak_3ce758b7/oak-mk-api/src/test/resources
[INFO] Copying 3 resources
[INFO] 
[INFO] --- maven-compiler-plugin:2.3.2:testCompile (default-testCompile) @ oak-mk-api ---
[INFO] No sources to compile
[INFO] 
[INFO] --- maven-surefire-plugin:2.9:test (default-test) @ oak-mk-api ---
[INFO] Tests are skipped.
[INFO] 
[INFO] --- maven-bundle-plugin:2.3.7:bundle (default-bundle) @ oak-mk-api ---
[INFO] 
[INFO] --- maven-site-plugin:3.0:attach-descriptor (attach-descriptor) @ oak-mk-api ---
[INFO] 
[INFO] --- maven-install-plugin:2.3.1:install (default-install) @ oak-mk-api ---
[INFO] Installing /tmp/jKali_Bugs.jar_Jackrabbit-Oak_3ce758b7/oak-mk-api/target/oak-mk-api-0.6-SNAPSHOT.jar to /tmp/jKali_Bugs.jar_Jackrabbit-Oak_3ce758b7/.m2/org/apache/jackrabbit/oak-mk-api/0.6-SNAPSHOT/oak-mk-api-0.6-SNAPSHOT.jar
[INFO] Installing /tmp/jKali_Bugs.jar_Jackrabbit-Oak_3ce758b7/oak-mk-api/pom.xml to /tmp/jKali_Bugs.jar_Jackrabbit-Oak_3ce758b7/.m2/org/apache/jackrabbit/oak-mk-api/0.6-SNAPSHOT/oak-mk-api-0.6-SNAPSHOT.pom
[INFO] 
[INFO] --- maven-bundle-plugin:2.3.7:install (default-install) @ oak-mk-api ---
[INFO] Installing org/apache/jackrabbit/oak-mk-api/0.6-SNAPSHOT/oak-mk-api-0.6-SNAPSHOT.jar
[INFO] Writing OBR metadata
[INFO] 
[INFO] ------------------------------------------------------------------------
[INFO] Building Oak MicroKernel 0.6-SNAPSHOT
[INFO] ------------------------------------------------------------------------
[INFO] 
[INFO] --- maven-remote-resources-plugin:1.2.1:process (default) @ oak-mk ---
[INFO] 
[INFO] --- maven-resources-plugin:2.5:resources (default-resources) @ oak-mk ---
[debug] execute contextualize
[INFO] Using 'UTF-8' encoding to copy filtered resources.
[INFO] skip non existing resourceDirectory /tmp/jKali_Bugs.jar_Jackrabbit-Oak_3ce758b7/oak-mk/src/main/resources
[INFO] Copying 3 resources
[INFO] 
[INFO] --- maven-compiler-plugin:2.3.2:compile (default-compile) @ oak-mk ---
[INFO] Compiling 1 source file to /tmp/jKali_Bugs.jar_Jackrabbit-Oak_3ce758b7/oak-mk/target/classes
[INFO] 
[INFO] --- maven-scr-plugin:1.9.0:scr (generate-scr-scrdescriptor) @ oak-mk ---
[INFO] Writing 1 Service Component Descriptors to /tmp/jKali_Bugs.jar_Jackrabbit-Oak_3ce758b7/oak-mk/target/scr-plugin-generated/OSGI-INF/org.apache.jackrabbit.mk.osgi.MicroKernelService.xml
[INFO] 
[INFO] --- maven-resources-plugin:2.5:testResources (default-testResources) @ oak-mk ---
[debug] execute contextualize
[INFO] Using 'UTF-8' encoding to copy filtered resources.
[INFO] Copying 1 resource
[INFO] Copying 3 resources
[INFO] 
[INFO] --- maven-compiler-plugin:2.3.2:testCompile (default-testCompile) @ oak-mk ---
[INFO] Nothing to compile - all classes are up to date
[INFO] 
[INFO] --- maven-surefire-plugin:2.9:test (default-test) @ oak-mk ---
[INFO] Tests are skipped.
[INFO] 
[INFO] --- maven-bundle-plugin:2.3.7:bundle (default-bundle) @ oak-mk ---
[INFO] 
[INFO] --- maven-site-plugin:3.0:attach-descriptor (attach-descriptor) @ oak-mk ---
[INFO] 
[INFO] --- maven-install-plugin:2.3.1:install (default-install) @ oak-mk ---
[INFO] Installing /tmp/jKali_Bugs.jar_Jackrabbit-Oak_3ce758b7/oak-mk/target/oak-mk-0.6-SNAPSHOT.jar to /tmp/jKali_Bugs.jar_Jackrabbit-Oak_3ce758b7/.m2/org/apache/jackrabbit/oak-mk/0.6-SNAPSHOT/oak-mk-0.6-SNAPSHOT.jar
[INFO] Installing /tmp/jKali_Bugs.jar_Jackrabbit-Oak_3ce758b7/oak-mk/pom.xml to /tmp/jKali_Bugs.jar_Jackrabbit-Oak_3ce758b7/.m2/org/apache/jackrabbit/oak-mk/0.6-SNAPSHOT/oak-mk-0.6-SNAPSHOT.pom
[INFO] 
[INFO] --- maven-bundle-plugin:2.3.7:install (default-install) @ oak-mk ---
[INFO] Installing org/apache/jackrabbit/oak-mk/0.6-SNAPSHOT/oak-mk-0.6-SNAPSHOT.jar
[INFO] Writing OBR metadata
[INFO] 
[INFO] ------------------------------------------------------------------------
[INFO] Building Oak MicroKernel Remoting 0.6-SNAPSHOT
[INFO] ------------------------------------------------------------------------
[INFO] 
[INFO] --- maven-remote-resources-plugin:1.2.1:process (default) @ oak-mk-remote ---
[INFO] 
[INFO] --- maven-resources-plugin:2.5:resources (default-resources) @ oak-mk-remote ---
[debug] execute contextualize
[INFO] Using 'UTF-8' encoding to copy filtered resources.
[INFO] Copying 20 resources
[INFO] Copying 3 resources
[INFO] 
[INFO] --- maven-compiler-plugin:2.3.2:compile (default-compile) @ oak-mk-remote ---
[INFO] Nothing to compile - all classes are up to date
[INFO] 
[INFO] --- maven-scr-plugin:1.9.0:scr (generate-scr-scrdescriptor) @ oak-mk-remote ---
[INFO] 
[INFO] --- maven-resources-plugin:2.5:testResources (default-testResources) @ oak-mk-remote ---
[debug] execute contextualize
[INFO] Using 'UTF-8' encoding to copy filtered resources.
[INFO] skip non existing resourceDirectory /tmp/jKali_Bugs.jar_Jackrabbit-Oak_3ce758b7/oak-mk-remote/src/test/resources
[INFO] Copying 3 resources
[INFO] 
[INFO] --- maven-compiler-plugin:2.3.2:testCompile (default-testCompile) @ oak-mk-remote ---
[INFO] Nothing to compile - all classes are up to date
[INFO] 
[INFO] --- maven-surefire-plugin:2.9:test (default-test) @ oak-mk-remote ---
[INFO] Tests are skipped.
[INFO] 
[INFO] --- maven-bundle-plugin:2.3.7:bundle (default-bundle) @ oak-mk-remote ---
[INFO] 
[INFO] --- maven-site-plugin:3.0:attach-descriptor (attach-descriptor) @ oak-mk-remote ---
[INFO] 
[INFO] --- maven-install-plugin:2.3.1:install (default-install) @ oak-mk-remote ---
[INFO] Installing /tmp/jKali_Bugs.jar_Jackrabbit-Oak_3ce758b7/oak-mk-remote/target/oak-mk-remote-0.6-SNAPSHOT.jar to /tmp/jKali_Bugs.jar_Jackrabbit-Oak_3ce758b7/.m2/org/apache/jackrabbit/oak-mk-remote/0.6-SNAPSHOT/oak-mk-remote-0.6-SNAPSHOT.jar
[INFO] Installing /tmp/jKali_Bugs.jar_Jackrabbit-Oak_3ce758b7/oak-mk-remote/pom.xml to /tmp/jKali_Bugs.jar_Jackrabbit-Oak_3ce758b7/.m2/org/apache/jackrabbit/oak-mk-remote/0.6-SNAPSHOT/oak-mk-remote-0.6-SNAPSHOT.pom
[INFO] 
[INFO] --- maven-bundle-plugin:2.3.7:install (default-install) @ oak-mk-remote ---
[INFO] Installing org/apache/jackrabbit/oak-mk-remote/0.6-SNAPSHOT/oak-mk-remote-0.6-SNAPSHOT.jar
[INFO] Writing OBR metadata
[INFO] 
[INFO] ------------------------------------------------------------------------
[INFO] Building Oak Mongo MicroKernel 0.6-SNAPSHOT
[INFO] ------------------------------------------------------------------------
[WARNING] The POM for com.jamonapi:jamon:jar:2.4 is missing, no dependency information available
[INFO] 
[INFO] --- maven-remote-resources-plugin:1.2.1:process (default) @ oak-mongomk ---
[WARNING] Missing POM for com.jamonapi:jamon:jar:2.4
[INFO] 
[INFO] --- maven-resources-plugin:2.5:resources (default-resources) @ oak-mongomk ---
[debug] execute contextualize
[INFO] Using 'UTF-8' encoding to copy filtered resources.
[INFO] Copying 1 resource
[INFO] Copying 3 resources
[INFO] 
[INFO] --- maven-compiler-plugin:2.3.2:compile (default-compile) @ oak-mongomk ---
[INFO] Nothing to compile - all classes are up to date
[INFO] 
[INFO] --- maven-scr-plugin:1.9.0:scr (generate-scr-scrdescriptor) @ oak-mongomk ---
[INFO] Generating 1 MetaType Descriptor in /tmp/jKali_Bugs.jar_Jackrabbit-Oak_3ce758b7/oak-mongomk/target/scr-plugin-generated/OSGI-INF/metatype/org.apache.jackrabbit.mongomk.osgi.MongoMicroKernelService.xml
[INFO] Writing 1 Service Component Descriptors to /tmp/jKali_Bugs.jar_Jackrabbit-Oak_3ce758b7/oak-mongomk/target/scr-plugin-generated/OSGI-INF/org.apache.jackrabbit.mongomk.osgi.MongoMicroKernelService.xml
[INFO] 
[INFO] --- maven-resources-plugin:2.5:testResources (default-testResources) @ oak-mongomk ---
[debug] execute contextualize
[INFO] Using 'UTF-8' encoding to copy filtered resources.
[INFO] Copying 2 resources
[INFO] Copying 3 resources
[INFO] 
[INFO] --- maven-compiler-plugin:2.3.2:testCompile (default-testCompile) @ oak-mongomk ---
[INFO] Nothing to compile - all classes are up to date
[INFO] 
[INFO] --- maven-surefire-plugin:2.9:test (default-test) @ oak-mongomk ---
[INFO] Tests are skipped.
[INFO] 
[INFO] --- maven-bundle-plugin:2.3.7:bundle (default-bundle) @ oak-mongomk ---
[INFO] 
[INFO] --- maven-site-plugin:3.0:attach-descriptor (attach-descriptor) @ oak-mongomk ---
[INFO] 
[INFO] --- maven-install-plugin:2.3.1:install (default-install) @ oak-mongomk ---
[INFO] Installing /tmp/jKali_Bugs.jar_Jackrabbit-Oak_3ce758b7/oak-mongomk/target/oak-mongomk-0.6-SNAPSHOT.jar to /tmp/jKali_Bugs.jar_Jackrabbit-Oak_3ce758b7/.m2/org/apache/jackrabbit/oak-mongomk/0.6-SNAPSHOT/oak-mongomk-0.6-SNAPSHOT.jar
[INFO] Installing /tmp/jKali_Bugs.jar_Jackrabbit-Oak_3ce758b7/oak-mongomk/pom.xml to /tmp/jKali_Bugs.jar_Jackrabbit-Oak_3ce758b7/.m2/org/apache/jackrabbit/oak-mongomk/0.6-SNAPSHOT/oak-mongomk-0.6-SNAPSHOT.pom
[INFO] 
[INFO] --- maven-bundle-plugin:2.3.7:install (default-install) @ oak-mongomk ---
[INFO] Installing org/apache/jackrabbit/oak-mongomk/0.6-SNAPSHOT/oak-mongomk-0.6-SNAPSHOT.jar
[INFO] Writing OBR metadata
[INFO] 
[INFO] ------------------------------------------------------------------------
[INFO] Building Oak Integration Tests for MicroKernel implementations 0.6-SNAPSHOT
[INFO] ------------------------------------------------------------------------
[INFO] 
[INFO] --- maven-remote-resources-plugin:1.2.1:process (default) @ oak-it-mk ---
[INFO] 
[INFO] --- maven-resources-plugin:2.5:resources (default-resources) @ oak-it-mk ---
[debug] execute contextualize
[INFO] Using 'UTF-8' encoding to copy filtered resources.
[INFO] skip non existing resourceDirectory /tmp/jKali_Bugs.jar_Jackrabbit-Oak_3ce758b7/oak-it/mk/src/main/resources
[INFO] Copying 3 resources
[INFO] 
[INFO] --- maven-compiler-plugin:2.3.2:compile (default-compile) @ oak-it-mk ---
[INFO] Nothing to compile - all classes are up to date
[INFO] 
[INFO] --- maven-resources-plugin:2.5:testResources (default-testResources) @ oak-it-mk ---
[debug] execute contextualize
[INFO] Using 'UTF-8' encoding to copy filtered resources.
[INFO] Copying 3 resources
[INFO] Copying 3 resources
[INFO] 
[INFO] --- maven-compiler-plugin:2.3.2:testCompile (default-testCompile) @ oak-it-mk ---
[INFO] Nothing to compile - all classes are up to date
[INFO] 
[INFO] --- maven-surefire-plugin:2.9:test (default-test) @ oak-it-mk ---
[INFO] Tests are skipped.
[INFO] 
[INFO] --- maven-jar-plugin:2.3.1:jar (default-jar) @ oak-it-mk ---
[INFO] Building jar: /tmp/jKali_Bugs.jar_Jackrabbit-Oak_3ce758b7/oak-it/mk/target/oak-it-mk-0.6-SNAPSHOT.jar
[INFO] 
[INFO] --- maven-site-plugin:3.0:attach-descriptor (attach-descriptor) @ oak-it-mk ---
[INFO] 
[INFO] --- maven-install-plugin:2.3.1:install (default-install) @ oak-it-mk ---
[INFO] Installing /tmp/jKali_Bugs.jar_Jackrabbit-Oak_3ce758b7/oak-it/mk/target/oak-it-mk-0.6-SNAPSHOT.jar to /tmp/jKali_Bugs.jar_Jackrabbit-Oak_3ce758b7/.m2/org/apache/jackrabbit/oak-it-mk/0.6-SNAPSHOT/oak-it-mk-0.6-SNAPSHOT.jar
[INFO] Installing /tmp/jKali_Bugs.jar_Jackrabbit-Oak_3ce758b7/oak-it/mk/pom.xml to /tmp/jKali_Bugs.jar_Jackrabbit-Oak_3ce758b7/.m2/org/apache/jackrabbit/oak-it-mk/0.6-SNAPSHOT/oak-it-mk-0.6-SNAPSHOT.pom
[INFO] 
[INFO] ------------------------------------------------------------------------
[INFO] Building Oak Core 0.6-SNAPSHOT
[INFO] ------------------------------------------------------------------------
[INFO] 
[INFO] --- maven-remote-resources-plugin:1.2.1:process (default) @ oak-core ---
[INFO] 
[INFO] --- maven-resources-plugin:2.5:resources (default-resources) @ oak-core ---
[debug] execute contextualize
[INFO] Using 'UTF-8' encoding to copy filtered resources.
[INFO] Copying 1 resource
[INFO] Copying 3 resources
[INFO] 
[INFO] --- maven-compiler-plugin:2.3.2:compile (default-compile) @ oak-core ---
[INFO] Compiling 1 source file to /tmp/jKali_Bugs.jar_Jackrabbit-Oak_3ce758b7/oak-core/target/classes
[INFO] 
[INFO] --- maven-scr-plugin:1.9.0:scr (generate-scr-scrdescriptor) @ oak-core ---
[INFO] Writing 1 Service Component Descriptors to /tmp/jKali_Bugs.jar_Jackrabbit-Oak_3ce758b7/oak-core/target/scr-plugin-generated/OSGI-INF/org.apache.jackrabbit.oak.plugins.name.NameValidatorProvider.xml
[INFO] Writing 1 Service Component Descriptors to /tmp/jKali_Bugs.jar_Jackrabbit-Oak_3ce758b7/oak-core/target/scr-plugin-generated/OSGI-INF/org.apache.jackrabbit.oak.plugins.name.NamespaceValidatorProvider.xml
[INFO] Writing 1 Service Component Descriptors to /tmp/jKali_Bugs.jar_Jackrabbit-Oak_3ce758b7/oak-core/target/scr-plugin-generated/OSGI-INF/org.apache.jackrabbit.oak.plugins.commit.ConflictValidatorProvider.xml
[INFO] Writing 1 Service Component Descriptors to /tmp/jKali_Bugs.jar_Jackrabbit-Oak_3ce758b7/oak-core/target/scr-plugin-generated/OSGI-INF/org.apache.jackrabbit.oak.plugins.index.p2.Property2IndexHookProvider.xml
[INFO] Writing 1 Service Component Descriptors to /tmp/jKali_Bugs.jar_Jackrabbit-Oak_3ce758b7/oak-core/target/scr-plugin-generated/OSGI-INF/org.apache.jackrabbit.oak.plugins.index.property.PropertyIndexHookProvider.xml
[INFO] Writing 1 Service Component Descriptors to /tmp/jKali_Bugs.jar_Jackrabbit-Oak_3ce758b7/oak-core/target/scr-plugin-generated/OSGI-INF/org.apache.jackrabbit.oak.plugins.nodetype.InitialContent.xml
[INFO] Writing 1 Service Component Descriptors to /tmp/jKali_Bugs.jar_Jackrabbit-Oak_3ce758b7/oak-core/target/scr-plugin-generated/OSGI-INF/org.apache.jackrabbit.oak.plugins.nodetype.TypeValidatorProvider.xml
[INFO] 
[INFO] --- maven-resources-plugin:2.5:testResources (default-testResources) @ oak-core ---
[debug] execute contextualize
[INFO] Using 'UTF-8' encoding to copy filtered resources.
[INFO] Copying 9 resources
[INFO] Copying 3 resources
[INFO] 
[INFO] --- maven-compiler-plugin:2.3.2:testCompile (default-testCompile) @ oak-core ---
[INFO] Nothing to compile - all classes are up to date
[INFO] 
[INFO] --- maven-surefire-plugin:2.9:test (default-test) @ oak-core ---
[INFO] Tests are skipped.
[INFO] 
[INFO] --- maven-bundle-plugin:2.3.7:bundle (default-bundle) @ oak-core ---
[INFO] 
[INFO] --- maven-site-plugin:3.0:attach-descriptor (attach-descriptor) @ oak-core ---
[INFO] 
[INFO] --- maven-jar-plugin:2.3.1:test-jar (default) @ oak-core ---
[INFO] Building jar: /tmp/jKali_Bugs.jar_Jackrabbit-Oak_3ce758b7/oak-core/target/oak-core-0.6-SNAPSHOT-tests.jar
[INFO] 
[INFO] --- maven-install-plugin:2.3.1:install (default-install) @ oak-core ---
[INFO] Installing /tmp/jKali_Bugs.jar_Jackrabbit-Oak_3ce758b7/oak-core/target/oak-core-0.6-SNAPSHOT.jar to /tmp/jKali_Bugs.jar_Jackrabbit-Oak_3ce758b7/.m2/org/apache/jackrabbit/oak-core/0.6-SNAPSHOT/oak-core-0.6-SNAPSHOT.jar
[INFO] Installing /tmp/jKali_Bugs.jar_Jackrabbit-Oak_3ce758b7/oak-core/pom.xml to /tmp/jKali_Bugs.jar_Jackrabbit-Oak_3ce758b7/.m2/org/apache/jackrabbit/oak-core/0.6-SNAPSHOT/oak-core-0.6-SNAPSHOT.pom
[INFO] Installing /tmp/jKali_Bugs.jar_Jackrabbit-Oak_3ce758b7/oak-core/target/oak-core-0.6-SNAPSHOT-tests.jar to /tmp/jKali_Bugs.jar_Jackrabbit-Oak_3ce758b7/.m2/org/apache/jackrabbit/oak-core/0.6-SNAPSHOT/oak-core-0.6-SNAPSHOT-tests.jar
[INFO] 
[INFO] --- maven-bundle-plugin:2.3.7:install (default-install) @ oak-core ---
[INFO] Installing org/apache/jackrabbit/oak-core/0.6-SNAPSHOT/oak-core-0.6-SNAPSHOT.jar
[INFO] Writing OBR metadata
[INFO] 
[INFO] ------------------------------------------------------------------------
[INFO] Building Oak JCR Binding 0.6-SNAPSHOT
[INFO] ------------------------------------------------------------------------
[INFO] 
[INFO] --- maven-remote-resources-plugin:1.2.1:process (default) @ oak-jcr ---
[INFO] 
[INFO] --- maven-resources-plugin:2.5:resources (default-resources) @ oak-jcr ---
[debug] execute contextualize
[INFO] Using 'UTF-8' encoding to copy filtered resources.
[INFO] Copying 1 resource
[INFO] Copying 3 resources
[INFO] 
[INFO] --- maven-compiler-plugin:2.3.2:compile (default-compile) @ oak-jcr ---
[INFO] Nothing to compile - all classes are up to date
[INFO] 
[INFO] --- maven-resources-plugin:2.5:testResources (default-testResources) @ oak-jcr ---
[debug] execute contextualize
[INFO] Using 'UTF-8' encoding to copy filtered resources.
[INFO] Copying 3 resources
[INFO] Copying 3 resources
[INFO] 
[INFO] --- maven-compiler-plugin:2.3.2:testCompile (default-testCompile) @ oak-jcr ---
[INFO] Nothing to compile - all classes are up to date
[INFO] 
[INFO] --- maven-surefire-plugin:2.9:test (default-test) @ oak-jcr ---
[INFO] Tests are skipped.
[INFO] 
[INFO] --- maven-bundle-plugin:2.3.7:bundle (default-bundle) @ oak-jcr ---
[INFO] 
[INFO] --- maven-site-plugin:3.0:attach-descriptor (attach-descriptor) @ oak-jcr ---
[INFO] 
[INFO] --- maven-install-plugin:2.3.1:install (default-install) @ oak-jcr ---
[INFO] Installing /tmp/jKali_Bugs.jar_Jackrabbit-Oak_3ce758b7/oak-jcr/target/oak-jcr-0.6-SNAPSHOT.jar to /tmp/jKali_Bugs.jar_Jackrabbit-Oak_3ce758b7/.m2/org/apache/jackrabbit/oak-jcr/0.6-SNAPSHOT/oak-jcr-0.6-SNAPSHOT.jar
[INFO] Installing /tmp/jKali_Bugs.jar_Jackrabbit-Oak_3ce758b7/oak-jcr/pom.xml to /tmp/jKali_Bugs.jar_Jackrabbit-Oak_3ce758b7/.m2/org/apache/jackrabbit/oak-jcr/0.6-SNAPSHOT/oak-jcr-0.6-SNAPSHOT.pom
[INFO] 
[INFO] --- maven-bundle-plugin:2.3.7:install (default-install) @ oak-jcr ---
[INFO] Installing org/apache/jackrabbit/oak-jcr/0.6-SNAPSHOT/oak-jcr-0.6-SNAPSHOT.jar
[INFO] Writing OBR metadata
[INFO] 
[INFO] ------------------------------------------------------------------------
[INFO] Building Oak support for Apache Sling 0.6-SNAPSHOT
[INFO] ------------------------------------------------------------------------
[INFO] 
[INFO] --- maven-remote-resources-plugin:1.2.1:process (default) @ oak-sling ---
[INFO] 
[INFO] --- maven-resources-plugin:2.5:resources (default-resources) @ oak-sling ---
[debug] execute contextualize
[INFO] Using 'UTF-8' encoding to copy filtered resources.
[INFO] skip non existing resourceDirectory /tmp/jKali_Bugs.jar_Jackrabbit-Oak_3ce758b7/oak-sling/src/main/resources
[INFO] Copying 3 resources
[INFO] 
[INFO] --- maven-compiler-plugin:2.3.2:compile (default-compile) @ oak-sling ---
[INFO] Nothing to compile - all classes are up to date
[INFO] 
[INFO] --- maven-resources-plugin:2.5:testResources (default-testResources) @ oak-sling ---
[debug] execute contextualize
[INFO] Using 'UTF-8' encoding to copy filtered resources.
[INFO] skip non existing resourceDirectory /tmp/jKali_Bugs.jar_Jackrabbit-Oak_3ce758b7/oak-sling/src/test/resources
[INFO] Copying 3 resources
[INFO] 
[INFO] --- maven-compiler-plugin:2.3.2:testCompile (default-testCompile) @ oak-sling ---
[INFO] No sources to compile
[INFO] 
[INFO] --- maven-surefire-plugin:2.9:test (default-test) @ oak-sling ---
[INFO] Tests are skipped.
[INFO] 
[INFO] --- maven-bundle-plugin:2.3.7:bundle (default-bundle) @ oak-sling ---
[INFO] 
[INFO] --- maven-site-plugin:3.0:attach-descriptor (attach-descriptor) @ oak-sling ---
[INFO] 
[INFO] --- maven-install-plugin:2.3.1:install (default-install) @ oak-sling ---
[INFO] Installing /tmp/jKali_Bugs.jar_Jackrabbit-Oak_3ce758b7/oak-sling/target/oak-sling-0.6-SNAPSHOT.jar to /tmp/jKali_Bugs.jar_Jackrabbit-Oak_3ce758b7/.m2/org/apache/jackrabbit/oak-sling/0.6-SNAPSHOT/oak-sling-0.6-SNAPSHOT.jar
[INFO] Installing /tmp/jKali_Bugs.jar_Jackrabbit-Oak_3ce758b7/oak-sling/pom.xml to /tmp/jKali_Bugs.jar_Jackrabbit-Oak_3ce758b7/.m2/org/apache/jackrabbit/oak-sling/0.6-SNAPSHOT/oak-sling-0.6-SNAPSHOT.pom
[INFO] 
[INFO] --- maven-bundle-plugin:2.3.7:install (default-install) @ oak-sling ---
[INFO] Installing org/apache/jackrabbit/oak-sling/0.6-SNAPSHOT/oak-sling-0.6-SNAPSHOT.jar
[INFO] Writing OBR metadata
[INFO] 
[INFO] ------------------------------------------------------------------------
[INFO] Building Oak HTTP Binding 0.6-SNAPSHOT
[INFO] ------------------------------------------------------------------------
[INFO] 
[INFO] --- maven-remote-resources-plugin:1.2.1:process (default) @ oak-http ---
[INFO] 
[INFO] --- maven-resources-plugin:2.5:resources (default-resources) @ oak-http ---
[debug] execute contextualize
[INFO] Using 'UTF-8' encoding to copy filtered resources.
[INFO] skip non existing resourceDirectory /tmp/jKali_Bugs.jar_Jackrabbit-Oak_3ce758b7/oak-http/src/main/resources
[INFO] Copying 3 resources
[INFO] 
[INFO] --- maven-compiler-plugin:2.3.2:compile (default-compile) @ oak-http ---
[INFO] Nothing to compile - all classes are up to date
[INFO] 
[INFO] --- maven-resources-plugin:2.5:testResources (default-testResources) @ oak-http ---
[debug] execute contextualize
[INFO] Using 'UTF-8' encoding to copy filtered resources.
[INFO] skip non existing resourceDirectory /tmp/jKali_Bugs.jar_Jackrabbit-Oak_3ce758b7/oak-http/src/test/resources
[INFO] Copying 3 resources
[INFO] 
[INFO] --- maven-compiler-plugin:2.3.2:testCompile (default-testCompile) @ oak-http ---
[INFO] Nothing to compile - all classes are up to date
[INFO] 
[INFO] --- maven-surefire-plugin:2.9:test (default-test) @ oak-http ---
[INFO] Tests are skipped.
[INFO] 
[INFO] --- maven-bundle-plugin:2.3.7:bundle (default-bundle) @ oak-http ---
[INFO] 
[INFO] --- maven-site-plugin:3.0:attach-descriptor (attach-descriptor) @ oak-http ---
[INFO] 
[INFO] --- maven-install-plugin:2.3.1:install (default-install) @ oak-http ---
[INFO] Installing /tmp/jKali_Bugs.jar_Jackrabbit-Oak_3ce758b7/oak-http/target/oak-http-0.6-SNAPSHOT.jar to /tmp/jKali_Bugs.jar_Jackrabbit-Oak_3ce758b7/.m2/org/apache/jackrabbit/oak-http/0.6-SNAPSHOT/oak-http-0.6-SNAPSHOT.jar
[INFO] Installing /tmp/jKali_Bugs.jar_Jackrabbit-Oak_3ce758b7/oak-http/pom.xml to /tmp/jKali_Bugs.jar_Jackrabbit-Oak_3ce758b7/.m2/org/apache/jackrabbit/oak-http/0.6-SNAPSHOT/oak-http-0.6-SNAPSHOT.pom
[INFO] 
[INFO] --- maven-bundle-plugin:2.3.7:install (default-install) @ oak-http ---
[INFO] Installing org/apache/jackrabbit/oak-http/0.6-SNAPSHOT/oak-http-0.6-SNAPSHOT.jar
[INFO] Writing OBR metadata
[INFO] 
[INFO] ------------------------------------------------------------------------
[INFO] Building Oak Lucene 0.6-SNAPSHOT
[INFO] ------------------------------------------------------------------------
[INFO] 
[INFO] --- maven-remote-resources-plugin:1.2.1:process (default) @ oak-lucene ---
[INFO] 
[INFO] --- maven-resources-plugin:2.5:resources (default-resources) @ oak-lucene ---
[debug] execute contextualize
[INFO] Using 'UTF-8' encoding to copy filtered resources.
[INFO] skip non existing resourceDirectory /tmp/jKali_Bugs.jar_Jackrabbit-Oak_3ce758b7/oak-lucene/src/main/resources
[INFO] Copying 3 resources
[INFO] 
[INFO] --- maven-compiler-plugin:2.3.2:compile (default-compile) @ oak-lucene ---
[INFO] Nothing to compile - all classes are up to date
[INFO] 
[INFO] --- maven-scr-plugin:1.9.0:scr (generate-scr-scrdescriptor) @ oak-lucene ---
[INFO] Writing 1 Service Component Descriptors to /tmp/jKali_Bugs.jar_Jackrabbit-Oak_3ce758b7/oak-lucene/target/scr-plugin-generated/OSGI-INF/org.apache.jackrabbit.oak.plugins.index.lucene.LuceneIndexHookProvider.xml
[INFO] Writing 1 Service Component Descriptors to /tmp/jKali_Bugs.jar_Jackrabbit-Oak_3ce758b7/oak-lucene/target/scr-plugin-generated/OSGI-INF/org.apache.jackrabbit.oak.plugins.index.lucene.LuceneIndexProvider.xml
[INFO] 
[INFO] --- maven-resources-plugin:2.5:testResources (default-testResources) @ oak-lucene ---
[debug] execute contextualize
[INFO] Using 'UTF-8' encoding to copy filtered resources.
[INFO] Copying 2 resources
[INFO] Copying 3 resources
[INFO] 
[INFO] --- maven-compiler-plugin:2.3.2:testCompile (default-testCompile) @ oak-lucene ---
[INFO] Nothing to compile - all classes are up to date
[INFO] 
[INFO] --- maven-surefire-plugin:2.9:test (default-test) @ oak-lucene ---
[INFO] Tests are skipped.
[INFO] 
[INFO] --- maven-bundle-plugin:2.3.7:bundle (default-bundle) @ oak-lucene ---
[INFO] 
[INFO] --- maven-site-plugin:3.0:attach-descriptor (attach-descriptor) @ oak-lucene ---
[INFO] 
[INFO] --- maven-install-plugin:2.3.1:install (default-install) @ oak-lucene ---
[INFO] Installing /tmp/jKali_Bugs.jar_Jackrabbit-Oak_3ce758b7/oak-lucene/target/oak-lucene-0.6-SNAPSHOT.jar to /tmp/jKali_Bugs.jar_Jackrabbit-Oak_3ce758b7/.m2/org/apache/jackrabbit/oak-lucene/0.6-SNAPSHOT/oak-lucene-0.6-SNAPSHOT.jar
[INFO] Installing /tmp/jKali_Bugs.jar_Jackrabbit-Oak_3ce758b7/oak-lucene/pom.xml to /tmp/jKali_Bugs.jar_Jackrabbit-Oak_3ce758b7/.m2/org/apache/jackrabbit/oak-lucene/0.6-SNAPSHOT/oak-lucene-0.6-SNAPSHOT.pom
[INFO] 
[INFO] --- maven-bundle-plugin:2.3.7:install (default-install) @ oak-lucene ---
[INFO] Installing org/apache/jackrabbit/oak-lucene/0.6-SNAPSHOT/oak-lucene-0.6-SNAPSHOT.jar
[INFO] Writing OBR metadata
[INFO] 
[INFO] ------------------------------------------------------------------------
[INFO] Building Oak Runnable Jar 0.6-SNAPSHOT
[INFO] ------------------------------------------------------------------------
[INFO] 
[INFO] --- maven-remote-resources-plugin:1.2.1:process (default) @ oak-run ---
[INFO] 
[INFO] --- maven-resources-plugin:2.5:resources (default-resources) @ oak-run ---
[debug] execute contextualize
[INFO] Using 'UTF-8' encoding to copy filtered resources.
[INFO] Copying 1 resource
[INFO] Copying 3 resources
[INFO] 
[INFO] --- build-helper-maven-plugin:1.7:reserve-network-port (reserve-network-port) @ oak-run ---
[INFO] Reserved port 35759 for jetty.http.port
[INFO] 
[INFO] --- maven-compiler-plugin:2.3.2:compile (default-compile) @ oak-run ---
[INFO] Nothing to compile - all classes are up to date
[INFO] 
[INFO] --- maven-resources-plugin:2.5:testResources (default-testResources) @ oak-run ---
[debug] execute contextualize
[INFO] Using 'UTF-8' encoding to copy filtered resources.
[INFO] skip non existing resourceDirectory /tmp/jKali_Bugs.jar_Jackrabbit-Oak_3ce758b7/oak-run/src/test/resources
[INFO] Copying 3 resources
[INFO] 
[INFO] --- maven-compiler-plugin:2.3.2:testCompile (default-testCompile) @ oak-run ---
[INFO] Nothing to compile - all classes are up to date
[INFO] 
[INFO] --- maven-surefire-plugin:2.9:test (default-test) @ oak-run ---
[INFO] Tests are skipped.
[INFO] 
[INFO] --- maven-jar-plugin:2.3.1:jar (default-jar) @ oak-run ---
[INFO] Building jar: /tmp/jKali_Bugs.jar_Jackrabbit-Oak_3ce758b7/oak-run/target/oak-run-0.6-SNAPSHOT.jar
[INFO] 
[INFO] --- maven-site-plugin:3.0:attach-descriptor (attach-descriptor) @ oak-run ---
[INFO] 
[INFO] --- maven-shade-plugin:1.6:shade (default) @ oak-run ---
[INFO] Including org.apache.jackrabbit:oak-jcr:jar:0.6-SNAPSHOT in the shaded jar.
[INFO] Including javax.jcr:jcr:jar:2.0 in the shaded jar.
[INFO] Including org.apache.jackrabbit:oak-core:jar:0.6-SNAPSHOT in the shaded jar.
[INFO] Including org.apache.jackrabbit:oak-mk-api:jar:0.6-SNAPSHOT in the shaded jar.
[INFO] Including org.apache.jackrabbit:oak-mk:jar:0.6-SNAPSHOT in the shaded jar.
[INFO] Including org.apache.jackrabbit:oak-mk-remote:jar:0.6-SNAPSHOT in the shaded jar.
[INFO] Including org.apache.jackrabbit:oak-commons:jar:0.6-SNAPSHOT in the shaded jar.
[INFO] Including com.google.code.findbugs:jsr305:jar:2.0.0 in the shaded jar.
[INFO] Including org.apache.jackrabbit:jackrabbit-api:jar:2.6-SNAPSHOT in the shaded jar.
[INFO] Including org.apache.jackrabbit:jackrabbit-jcr-commons:jar:2.6-SNAPSHOT in the shaded jar.
[INFO] Including com.google.guava:guava:jar:13.0.1 in the shaded jar.
[INFO] Including org.slf4j:slf4j-api:jar:1.6.4 in the shaded jar.
[INFO] Including org.apache.jackrabbit:oak-http:jar:0.6-SNAPSHOT in the shaded jar.
[INFO] Including org.apache.tika:tika-core:jar:1.1 in the shaded jar.
[INFO] Including com.fasterxml.jackson.core:jackson-core:jar:2.0.0 in the shaded jar.
[INFO] Including com.fasterxml.jackson.core:jackson-databind:jar:2.0.0 in the shaded jar.
[INFO] Including com.fasterxml.jackson.core:jackson-annotations:jar:2.0.0 in the shaded jar.
[INFO] Including com.fasterxml.jackson.dataformat:jackson-dataformat-smile:jar:2.0.2 in the shaded jar.
[INFO] Including org.apache.jackrabbit:oak-lucene:jar:0.6-SNAPSHOT in the shaded jar.
[INFO] Including org.apache.jackrabbit:oak-core:jar:tests:0.6-SNAPSHOT in the shaded jar.
[INFO] Including com.h2database:h2:jar:1.3.158 in the shaded jar.
[INFO] Including org.apache.jackrabbit:jackrabbit-jcr-server:jar:2.6-SNAPSHOT in the shaded jar.
[INFO] Including org.apache.jackrabbit:jackrabbit-spi-commons:jar:2.6-SNAPSHOT in the shaded jar.
[INFO] Including org.apache.jackrabbit:jackrabbit-spi:jar:2.6-SNAPSHOT in the shaded jar.
[INFO] Including commons-collections:commons-collections:jar:3.2.1 in the shaded jar.
[INFO] Including org.apache.jackrabbit:jackrabbit-webdav:jar:2.6-SNAPSHOT in the shaded jar.
[INFO] Including commons-httpclient:commons-httpclient:jar:3.1 in the shaded jar.
[INFO] Including commons-codec:commons-codec:jar:1.2 in the shaded jar.
[INFO] Including org.slf4j:jcl-over-slf4j:jar:1.6.4 in the shaded jar.
[INFO] Including commons-fileupload:commons-fileupload:jar:1.2.1 in the shaded jar.
[INFO] Including org.eclipse.jetty:jetty-servlet:jar:8.1.2.v20120308 in the shaded jar.
[INFO] Including org.eclipse.jetty:jetty-security:jar:8.1.2.v20120308 in the shaded jar.
[INFO] Including org.eclipse.jetty:jetty-server:jar:8.1.2.v20120308 in the shaded jar.
[INFO] Including org.eclipse.jetty.orbit:javax.servlet:jar:3.0.0.v201112011016 in the shaded jar.
[INFO] Including org.eclipse.jetty:jetty-continuation:jar:8.1.2.v20120308 in the shaded jar.
[INFO] Including org.eclipse.jetty:jetty-http:jar:8.1.2.v20120308 in the shaded jar.
[INFO] Including org.eclipse.jetty:jetty-io:jar:8.1.2.v20120308 in the shaded jar.
[INFO] Including org.eclipse.jetty:jetty-util:jar:8.1.2.v20120308 in the shaded jar.
[INFO] Including ch.qos.logback:logback-classic:jar:1.0.1 in the shaded jar.
[INFO] Including ch.qos.logback:logback-core:jar:1.0.1 in the shaded jar.
[INFO] Replacing original artifact with shaded artifact.
[INFO] Replacing /tmp/jKali_Bugs.jar_Jackrabbit-Oak_3ce758b7/oak-run/target/oak-run-0.6-SNAPSHOT.jar with /tmp/jKali_Bugs.jar_Jackrabbit-Oak_3ce758b7/oak-run/target/oak-run-0.6-SNAPSHOT-shaded.jar
[INFO] 
[INFO] --- maven-install-plugin:2.3.1:install (default-install) @ oak-run ---
[INFO] Installing /tmp/jKali_Bugs.jar_Jackrabbit-Oak_3ce758b7/oak-run/target/oak-run-0.6-SNAPSHOT.jar to /tmp/jKali_Bugs.jar_Jackrabbit-Oak_3ce758b7/.m2/org/apache/jackrabbit/oak-run/0.6-SNAPSHOT/oak-run-0.6-SNAPSHOT.jar
[INFO] Installing /tmp/jKali_Bugs.jar_Jackrabbit-Oak_3ce758b7/oak-run/pom.xml to /tmp/jKali_Bugs.jar_Jackrabbit-Oak_3ce758b7/.m2/org/apache/jackrabbit/oak-run/0.6-SNAPSHOT/oak-run-0.6-SNAPSHOT.pom
[INFO] 
[INFO] ------------------------------------------------------------------------
[INFO] Building Oak Integration Tests for OSGi deployments 0.6-SNAPSHOT
[INFO] ------------------------------------------------------------------------
[INFO] 
[INFO] --- maven-remote-resources-plugin:1.2.1:process (default) @ oak-it-osgi ---
[INFO] 
[INFO] --- maven-resources-plugin:2.5:resources (default-resources) @ oak-it-osgi ---
[debug] execute contextualize
[INFO] Using 'UTF-8' encoding to copy filtered resources.
[INFO] Copying 1 resource to /tmp/jKali_Bugs.jar_Jackrabbit-Oak_3ce758b7/oak-it/osgi/target/test-config
[INFO] Copying 3 resources
[INFO] 
[INFO] --- maven-compiler-plugin:2.3.2:compile (default-compile) @ oak-it-osgi ---
[INFO] No sources to compile
[INFO] 
[INFO] --- maven-resources-plugin:2.5:testResources (default-testResources) @ oak-it-osgi ---
[debug] execute contextualize
[INFO] Using 'UTF-8' encoding to copy filtered resources.
[INFO] skip non existing resourceDirectory /tmp/jKali_Bugs.jar_Jackrabbit-Oak_3ce758b7/oak-it/osgi/src/test/resources
[INFO] Copying 3 resources
[INFO] 
[INFO] --- maven-compiler-plugin:2.3.2:testCompile (default-testCompile) @ oak-it-osgi ---
[INFO] Nothing to compile - all classes are up to date
[INFO] 
[INFO] --- maven-surefire-plugin:2.9:test (default-test) @ oak-it-osgi ---
[INFO] Tests are skipped.
[INFO] 
[INFO] --- maven-jar-plugin:2.3.1:jar (default-jar) @ oak-it-osgi ---
[INFO] Building jar: /tmp/jKali_Bugs.jar_Jackrabbit-Oak_3ce758b7/oak-it/osgi/target/oak-it-osgi-0.6-SNAPSHOT.jar
[INFO] 
[INFO] --- maven-site-plugin:3.0:attach-descriptor (attach-descriptor) @ oak-it-osgi ---
[INFO] 
[INFO] --- maven-assembly-plugin:2.2.1:single (default) @ oak-it-osgi ---
[INFO] oak-core.jar already added, skipping
[INFO] Copying files to /tmp/jKali_Bugs.jar_Jackrabbit-Oak_3ce758b7/oak-it/osgi/target/test-bundles
[INFO] oak-core.jar already added, skipping
[INFO] 
[INFO] --- maven-install-plugin:2.3.1:install (default-install) @ oak-it-osgi ---
[INFO] Installing /tmp/jKali_Bugs.jar_Jackrabbit-Oak_3ce758b7/oak-it/osgi/target/oak-it-osgi-0.6-SNAPSHOT.jar to /tmp/jKali_Bugs.jar_Jackrabbit-Oak_3ce758b7/.m2/org/apache/jackrabbit/oak-it-osgi/0.6-SNAPSHOT/oak-it-osgi-0.6-SNAPSHOT.jar
[INFO] Installing /tmp/jKali_Bugs.jar_Jackrabbit-Oak_3ce758b7/oak-it/osgi/pom.xml to /tmp/jKali_Bugs.jar_Jackrabbit-Oak_3ce758b7/.m2/org/apache/jackrabbit/oak-it-osgi/0.6-SNAPSHOT/oak-it-osgi-0.6-SNAPSHOT.pom
[INFO] 
[INFO] ------------------------------------------------------------------------
[INFO] Building Oak Integration Tests 0.6-SNAPSHOT
[INFO] ------------------------------------------------------------------------
[INFO] 
[INFO] --- maven-remote-resources-plugin:1.2.1:process (default) @ oak-it ---
[INFO] 
[INFO] --- maven-site-plugin:3.0:attach-descriptor (attach-descriptor) @ oak-it ---
[INFO] 
[INFO] --- maven-install-plugin:2.3.1:install (default-install) @ oak-it ---
[INFO] Installing /tmp/jKali_Bugs.jar_Jackrabbit-Oak_3ce758b7/oak-it/pom.xml to /tmp/jKali_Bugs.jar_Jackrabbit-Oak_3ce758b7/.m2/org/apache/jackrabbit/oak-it/0.6-SNAPSHOT/oak-it-0.6-SNAPSHOT.pom
[INFO] 
[INFO] ------------------------------------------------------------------------
[INFO] Building Oak Performance Test Parent 0.6-SNAPSHOT
[INFO] ------------------------------------------------------------------------
[INFO] 
[INFO] --- maven-remote-resources-plugin:1.2.1:process (default) @ oak-bench-parent ---
[INFO] 
[INFO] --- maven-site-plugin:3.0:attach-descriptor (attach-descriptor) @ oak-bench-parent ---
[INFO] 
[INFO] --- maven-install-plugin:2.3.1:install (default-install) @ oak-bench-parent ---
[INFO] Installing /tmp/jKali_Bugs.jar_Jackrabbit-Oak_3ce758b7/oak-bench/parent/pom.xml to /tmp/jKali_Bugs.jar_Jackrabbit-Oak_3ce758b7/.m2/org/apache/jackrabbit/oak-bench-parent/0.6-SNAPSHOT/oak-bench-parent-0.6-SNAPSHOT.pom
[INFO] 
[INFO] ------------------------------------------------------------------------
[INFO] Building Oak Performance Test Utilities 0.6-SNAPSHOT
[INFO] ------------------------------------------------------------------------
[INFO] 
[INFO] --- maven-remote-resources-plugin:1.2.1:process (default) @ oak-bench-base ---
[INFO] 
[INFO] --- maven-resources-plugin:2.5:resources (default-resources) @ oak-bench-base ---
[debug] execute contextualize
[INFO] Using 'UTF-8' encoding to copy filtered resources.
[INFO] skip non existing resourceDirectory /tmp/jKali_Bugs.jar_Jackrabbit-Oak_3ce758b7/oak-bench/base/src/main/resources
[INFO] Copying 3 resources
[INFO] 
[INFO] --- maven-compiler-plugin:2.3.2:compile (default-compile) @ oak-bench-base ---
[INFO] Nothing to compile - all classes are up to date
[INFO] 
[INFO] --- maven-resources-plugin:2.5:testResources (default-testResources) @ oak-bench-base ---
[debug] execute contextualize
[INFO] Using 'UTF-8' encoding to copy filtered resources.
[INFO] skip non existing resourceDirectory /tmp/jKali_Bugs.jar_Jackrabbit-Oak_3ce758b7/oak-bench/base/src/test/resources
[INFO] Copying 3 resources
[INFO] 
[INFO] --- maven-compiler-plugin:2.3.2:testCompile (default-testCompile) @ oak-bench-base ---
[INFO] No sources to compile
[INFO] 
[INFO] --- maven-surefire-plugin:2.9:test (default-test) @ oak-bench-base ---
[INFO] Tests are skipped.
[INFO] 
[INFO] --- maven-jar-plugin:2.3.1:jar (default-jar) @ oak-bench-base ---
[INFO] Building jar: /tmp/jKali_Bugs.jar_Jackrabbit-Oak_3ce758b7/oak-bench/base/target/oak-bench-base-0.6-SNAPSHOT.jar
[INFO] 
[INFO] --- maven-site-plugin:3.0:attach-descriptor (attach-descriptor) @ oak-bench-base ---
[INFO] 
[INFO] --- maven-install-plugin:2.3.1:install (default-install) @ oak-bench-base ---
[INFO] Installing /tmp/jKali_Bugs.jar_Jackrabbit-Oak_3ce758b7/oak-bench/base/target/oak-bench-base-0.6-SNAPSHOT.jar to /tmp/jKali_Bugs.jar_Jackrabbit-Oak_3ce758b7/.m2/org/apache/jackrabbit/oak-bench-base/0.6-SNAPSHOT/oak-bench-base-0.6-SNAPSHOT.jar
[INFO] Installing /tmp/jKali_Bugs.jar_Jackrabbit-Oak_3ce758b7/oak-bench/base/pom.xml to /tmp/jKali_Bugs.jar_Jackrabbit-Oak_3ce758b7/.m2/org/apache/jackrabbit/oak-bench-base/0.6-SNAPSHOT/oak-bench-base-0.6-SNAPSHOT.pom
[INFO] 
[INFO] ------------------------------------------------------------------------
[INFO] Building Oak Performance Test 0.6-SNAPSHOT
[INFO] ------------------------------------------------------------------------
[INFO] 
[INFO] --- maven-remote-resources-plugin:1.2.1:process (default) @ oak-bench-latest ---
[INFO] 
[INFO] --- maven-resources-plugin:2.5:resources (default-resources) @ oak-bench-latest ---
[debug] execute contextualize
[INFO] Using 'UTF-8' encoding to copy filtered resources.
[INFO] skip non existing resourceDirectory /tmp/jKali_Bugs.jar_Jackrabbit-Oak_3ce758b7/oak-bench/latest/src/main/resources
[INFO] Copying 3 resources
[INFO] 
[INFO] --- maven-compiler-plugin:2.3.2:compile (default-compile) @ oak-bench-latest ---
[INFO] No sources to compile
[INFO] 
[INFO] --- maven-resources-plugin:2.5:testResources (default-testResources) @ oak-bench-latest ---
[debug] execute contextualize
[INFO] Using 'UTF-8' encoding to copy filtered resources.
[INFO] skip non existing resourceDirectory /tmp/jKali_Bugs.jar_Jackrabbit-Oak_3ce758b7/oak-bench/latest/src/test/resources
[INFO] Copying 3 resources
[INFO] 
[INFO] --- maven-compiler-plugin:2.3.2:testCompile (default-testCompile) @ oak-bench-latest ---
[INFO] Nothing to compile - all classes are up to date
[INFO] 
[INFO] --- maven-surefire-plugin:2.9:test (default-test) @ oak-bench-latest ---
[INFO] Tests are skipped.
[INFO] 
[INFO] --- maven-jar-plugin:2.3.1:jar (default-jar) @ oak-bench-latest ---
[INFO] Building jar: /tmp/jKali_Bugs.jar_Jackrabbit-Oak_3ce758b7/oak-bench/latest/target/oak-bench-latest-0.6-SNAPSHOT.jar
[INFO] 
[INFO] --- maven-site-plugin:3.0:attach-descriptor (attach-descriptor) @ oak-bench-latest ---
[INFO] 
[INFO] --- maven-install-plugin:2.3.1:install (default-install) @ oak-bench-latest ---
[INFO] Installing /tmp/jKali_Bugs.jar_Jackrabbit-Oak_3ce758b7/oak-bench/latest/target/oak-bench-latest-0.6-SNAPSHOT.jar to /tmp/jKali_Bugs.jar_Jackrabbit-Oak_3ce758b7/.m2/org/apache/jackrabbit/oak-bench-latest/0.6-SNAPSHOT/oak-bench-latest-0.6-SNAPSHOT.jar
[INFO] Installing /tmp/jKali_Bugs.jar_Jackrabbit-Oak_3ce758b7/oak-bench/latest/pom.xml to /tmp/jKali_Bugs.jar_Jackrabbit-Oak_3ce758b7/.m2/org/apache/jackrabbit/oak-bench-latest/0.6-SNAPSHOT/oak-bench-latest-0.6-SNAPSHOT.pom
[INFO] 
[INFO] ------------------------------------------------------------------------
[INFO] Building Oak Performance Benchmark 0.6-SNAPSHOT
[INFO] ------------------------------------------------------------------------
[INFO] 
[INFO] --- maven-remote-resources-plugin:1.2.1:process (default) @ oak-bench ---
[INFO] 
[INFO] --- maven-site-plugin:3.0:attach-descriptor (attach-descriptor) @ oak-bench ---
[INFO] 
[INFO] --- maven-install-plugin:2.3.1:install (default-install) @ oak-bench ---
[INFO] Installing /tmp/jKali_Bugs.jar_Jackrabbit-Oak_3ce758b7/oak-bench/pom.xml to /tmp/jKali_Bugs.jar_Jackrabbit-Oak_3ce758b7/.m2/org/apache/jackrabbit/oak-bench/0.6-SNAPSHOT/oak-bench-0.6-SNAPSHOT.pom
[INFO] 
[INFO] ------------------------------------------------------------------------
[INFO] Building Jackrabbit Oak 0.6-SNAPSHOT
[INFO] ------------------------------------------------------------------------
[INFO] 
[INFO] --- maven-remote-resources-plugin:1.2.1:process (default) @ jackrabbit-oak ---
[INFO] 
[INFO] --- maven-site-plugin:3.0:attach-descriptor (attach-descriptor) @ jackrabbit-oak ---
[INFO] 
[INFO] --- maven-install-plugin:2.3.1:install (default-install) @ jackrabbit-oak ---
[INFO] Installing /tmp/jKali_Bugs.jar_Jackrabbit-Oak_3ce758b7/pom.xml to /tmp/jKali_Bugs.jar_Jackrabbit-Oak_3ce758b7/.m2/org/apache/jackrabbit/jackrabbit-oak/0.6-SNAPSHOT/jackrabbit-oak-0.6-SNAPSHOT.pom
[INFO] 
[INFO] ------------------------------------------------------------------------
[INFO] Building oak-mk-perf 0.6-SNAPSHOT
[INFO] ------------------------------------------------------------------------
[INFO] 
[INFO] --- maven-remote-resources-plugin:1.2.1:process (default) @ oak-mk-perf ---
[INFO] 
[INFO] --- maven-resources-plugin:2.5:resources (default-resources) @ oak-mk-perf ---
[debug] execute contextualize
[INFO] Using 'UTF-8' encoding to copy filtered resources.
[INFO] Copying 1 resource
[INFO] Copying 3 resources
[INFO] 
[INFO] --- maven-compiler-plugin:2.3.2:compile (default-compile) @ oak-mk-perf ---
[INFO] Nothing to compile - all classes are up to date
[INFO] 
[INFO] --- maven-resources-plugin:2.5:testResources (default-testResources) @ oak-mk-perf ---
[debug] execute contextualize
[INFO] Using 'UTF-8' encoding to copy filtered resources.
[INFO] skip non existing resourceDirectory /tmp/jKali_Bugs.jar_Jackrabbit-Oak_3ce758b7/oak-mk-perf/src/test/resources
[INFO] Copying 3 resources
[INFO] 
[INFO] --- maven-compiler-plugin:2.3.2:testCompile (default-testCompile) @ oak-mk-perf ---
[INFO] Nothing to compile - all classes are up to date
[INFO] 
[INFO] --- maven-surefire-plugin:2.9:test (default-test) @ oak-mk-perf ---
[INFO] Tests are skipped.
[INFO] 
[INFO] --- maven-jar-plugin:2.3.1:jar (default-jar) @ oak-mk-perf ---
[INFO] Building jar: /tmp/jKali_Bugs.jar_Jackrabbit-Oak_3ce758b7/oak-mk-perf/target/oak-mk-perf-0.6-SNAPSHOT.jar
[INFO] 
[INFO] --- maven-site-plugin:3.0:attach-descriptor (attach-descriptor) @ oak-mk-perf ---
[INFO] 
[INFO] --- maven-install-plugin:2.3.1:install (default-install) @ oak-mk-perf ---
[INFO] Installing /tmp/jKali_Bugs.jar_Jackrabbit-Oak_3ce758b7/oak-mk-perf/target/oak-mk-perf-0.6-SNAPSHOT.jar to /tmp/jKali_Bugs.jar_Jackrabbit-Oak_3ce758b7/.m2/org/apache/jackrabbit/oak-mk-perf/0.6-SNAPSHOT/oak-mk-perf-0.6-SNAPSHOT.jar
[INFO] Installing /tmp/jKali_Bugs.jar_Jackrabbit-Oak_3ce758b7/oak-mk-perf/pom.xml to /tmp/jKali_Bugs.jar_Jackrabbit-Oak_3ce758b7/.m2/org/apache/jackrabbit/oak-mk-perf/0.6-SNAPSHOT/oak-mk-perf-0.6-SNAPSHOT.pom
[INFO] ------------------------------------------------------------------------
[INFO] Reactor Summary:
[INFO] 
[INFO] Oak Parent POM ..................................... SUCCESS [  1.710 s]
[INFO] Oak Commons ........................................ SUCCESS [  2.249 s]
[INFO] Oak MicroKernel API ................................ SUCCESS [  0.558 s]
[INFO] Oak MicroKernel .................................... SUCCESS [  1.992 s]
[INFO] Oak MicroKernel Remoting ........................... SUCCESS [  0.481 s]
[INFO] Oak Mongo MicroKernel .............................. SUCCESS [  0.928 s]
[INFO] Oak Integration Tests for MicroKernel implementations SUCCESS [  1.117 s]
[INFO] Oak Core ........................................... SUCCESS [  3.593 s]
[INFO] Oak JCR Binding .................................... SUCCESS [  0.945 s]
[INFO] Oak support for Apache Sling ....................... SUCCESS [  0.412 s]
[INFO] Oak HTTP Binding ................................... SUCCESS [  0.373 s]
[INFO] Oak Lucene ......................................... SUCCESS [  2.915 s]
[INFO] Oak Runnable Jar ................................... SUCCESS [  6.619 s]
[INFO] Oak Integration Tests for OSGi deployments ......... SUCCESS [  2.463 s]
[INFO] Oak Integration Tests .............................. SUCCESS [  0.022 s]
[INFO] Oak Performance Test Parent ........................ SUCCESS [  0.016 s]
[INFO] Oak Performance Test Utilities ..................... SUCCESS [  0.324 s]
[INFO] Oak Performance Test ............................... SUCCESS [  0.202 s]
[INFO] Oak Performance Benchmark .......................... SUCCESS [  0.027 s]
[INFO] Jackrabbit Oak ..................................... SUCCESS [  0.018 s]
[INFO] oak-mk-perf ........................................ SUCCESS [  1.513 s]
[INFO] ------------------------------------------------------------------------
[INFO] BUILD SUCCESS
[INFO] ------------------------------------------------------------------------
[INFO] Total time: 29.799 s
[INFO] Finished at: 2019-08-20T23:03:41-07:00
[INFO] Final Memory: 70M/2545M
[INFO] ------------------------------------------------------------------------
