PID: 33062
honu.cs.washington.edu
Job started at Tue Aug 20 23:01:50 PDT 2019
Running patch plausibility analysis under Java-7 on the patch generated by jKali for Bugs.jar::Jackrabbit-Oak-3ce758b7::0
patch_plausibility.py script started at Tue Aug 20 23:01:50 PDT 2019
Switched to branch 'bugs-dot-jar_OAK-543_3ce758b7'
Picked up JAVA_TOOL_OPTIONS: -XX:CICompilerCount=2 -XX:ParallelGCThreads=2 -XX:ConcGCThreads=2  
Reinitialized existing Git repository in /tmp/jKali_Bugs.jar_Jackrabbit-Oak_3ce758b7/.git/
Checking patch oak-mk/src/main/java/org/apache/jackrabbit/mk/store/DefaultRevisionStore.java...
Applied patch oak-mk/src/main/java/org/apache/jackrabbit/mk/store/DefaultRevisionStore.java cleanly.
There was no 'Please refer to (.*) for the individual test results.' in the maven log file!
Checkout Bugs.jar_Jackrabbit-Oak_3ce758b7
Apply patch ...
Compile top-level project
Get module information
Compile Bugs.jar_Jackrabbit-Oak_3ce758b7
Run tests on Bugs.jar_Jackrabbit-Oak_3ce758b7
patch_plausibility.py script finished at Tue Aug 20 23:04:01 PDT 2019
Job finished at Tue Aug 20 23:04:01 PDT 2019
DONE!
