PID: 39691
honu.cs.washington.edu
Job started at Wed Aug 21 13:13:31 PDT 2019
[RESOURCES] There are too many total processes running: 42!
[RESOURCES] There are too many total processes running: 40!
[RESOURCES] There are too many total processes running: 45!
[RESOURCES] There are too many total processes running: 38!
[RESOURCES] There are too many total processes running: 43!
[RESOURCES] There are too many total processes running: 42!
Running patch plausibility analysis under Java-8 on the patch generated by Arja for IntroClassJava::digits-d5059e2b1493f91b32bb0c2c846d8461c50356f709a91792b6b625e112675de4edac2a09fa627d58c4651c662bbcf2c477660469b9327ed9427b43c25e4e070c-000::0
patch_plausibility.py script started at Wed Aug 21 13:15:50 PDT 2019
Initialized empty Git repository in /tmp/Arja_IntroClassJava_digits_d5059e2b1493f91b32bb0c2c846d8461c50356f709a91792b6b625e112675de4edac2a09fa627d58c4651c662bbcf2c477660469b9327ed9427b43c25e4e070c-000/.git/
Checking patch src/main/java/introclassJava/digits_d5059e2b_000.java...
Applied patch src/main/java/introclassJava/digits_d5059e2b_000.java cleanly.
There was no 'Please refer to (.*) for the individual test results.' in the maven log file!
Checkout IntroClassJava_digits_d5059e2b1493f91b32bb0c2c846d8461c50356f709a91792b6b625e112675de4edac2a09fa627d58c4651c662bbcf2c477660469b9327ed9427b43c25e4e070c-000
Apply patch ...
Compile IntroClassJava_digits_d5059e2b1493f91b32bb0c2c846d8461c50356f709a91792b6b625e112675de4edac2a09fa627d58c4651c662bbcf2c477660469b9327ed9427b43c25e4e070c-000
Run tests on IntroClassJava_digits_d5059e2b1493f91b32bb0c2c846d8461c50356f709a91792b6b625e112675de4edac2a09fa627d58c4651c662bbcf2c477660469b9327ed9427b43c25e4e070c-000
patch_plausibility.py script finished at Wed Aug 21 13:16:01 PDT 2019
Job finished at Wed Aug 21 13:16:01 PDT 2019
DONE!
