PID: 28457
honu.cs.washington.edu
Job started at Tue Aug 20 23:55:10 PDT 2019
[RESOURCES] There are too many total processes running: 58!
[RESOURCES] There are too many total processes running: 46!
[RESOURCES] There are too many total processes running: 41!
[RESOURCES] There are too many total processes running: 52!
[RESOURCES] There are too many total processes running: 44!
[RESOURCES] There are too many total processes running: 44!
[RESOURCES] There are too many total processes running: 38!
Running patch plausibility analysis under Java-7 on the patch generated by jMutRepair for Bugs.jar::Commons-Math-faf99727::0
patch_plausibility.py script started at Tue Aug 20 23:57:34 PDT 2019
Switched to branch 'bugs-dot-jar_MATH-1096_faf99727'
Picked up JAVA_TOOL_OPTIONS: -XX:CICompilerCount=2 -XX:ParallelGCThreads=2 -XX:ConcGCThreads=2  
Reinitialized existing Git repository in /tmp/jMutRepair_Bugs.jar_Commons-Math_faf99727/.git/
Skipped patch '/tmp/jMutRepair_Bug_dot_jar_Commons-Math_faf99727/src/main/java/org/apache/commons/math3/geometry/enclosing/WelzlEncloserjava'.
Checkout Bugs.jar_Commons-Math_faf99727
Apply patch ...
Get module information
Compile Bugs.jar_Commons-Math_faf99727
Run tests on Bugs.jar_Commons-Math_faf99727
patch_plausibility.py script finished at Wed Aug 21 00:01:41 PDT 2019
Job finished at Wed Aug 21 00:01:41 PDT 2019
DONE!
