PID: 15113
honu.cs.washington.edu
Job started at Tue Aug 20 23:24:58 PDT 2019
[RESOURCES] There are too many total processes running: 41!
Running patch plausibility analysis under Java-7 on the patch generated by Arja for Bugs.jar::Commons-Math-59a0da9c::0
patch_plausibility.py script started at Tue Aug 20 23:25:14 PDT 2019
Switched to branch 'bugs-dot-jar_MATH-293_59a0da9c'
Reinitialized existing Git repository in /tmp/Arja_Bugs.jar_Commons-Math_59a0da9c/.git/
Checking patch src/main/java/org/apache/commons/math/optimization/linear/SimplexSolver.java...
Checking patch src/main/java/org/apache/commons/math/ode/nonstiff/GraggBulirschStoerIntegrator.java...
Applied patch src/main/java/org/apache/commons/math/optimization/linear/SimplexSolver.java cleanly.
Applied patch src/main/java/org/apache/commons/math/ode/nonstiff/GraggBulirschStoerIntegrator.java cleanly.
There was no 'Please refer to (.*) for the individual test results.' in the maven log file!
Checkout Bugs.jar_Commons-Math_59a0da9c
Apply patch ...
Compile Bugs.jar_Commons-Math_59a0da9c
Run tests on Bugs.jar_Commons-Math_59a0da9c
patch_plausibility.py script finished at Tue Aug 20 23:25:59 PDT 2019
Job finished at Tue Aug 20 23:25:59 PDT 2019
DONE!
