PID: 30990
honu.cs.washington.edu
Job started at Wed Aug 21 13:39:20 PDT 2019
[RESOURCES] There are too many total processes running: 39!
[RESOURCES] There are too many total processes running: 39!
[RESOURCES] There are too many total processes running: 39!
[RESOURCES] There are too many total processes running: 46!
[RESOURCES] There are too many total processes running: 47!
Running patch plausibility analysis under Java-8 on the patch generated by DynaMoth for Bugs.jar::Commons-Math-3a15d8ce::7
patch_plausibility.py script started at Wed Aug 21 13:40:55 PDT 2019
Switched to branch 'bugs-dot-jar_MATH-367_3a15d8ce'
Reinitialized existing Git repository in /tmp/DynaMoth_Bugs.jar_Commons-Math_3a15d8ce/.git/
Checking patch src/main/java/org/apache/commons/math/random/RandomDataImpl.java...
Applied patch src/main/java/org/apache/commons/math/random/RandomDataImpl.java cleanly.
Checkout Bugs.jar_Commons-Math_3a15d8ce
Apply patch ...
Compile Bugs.jar_Commons-Math_3a15d8ce
Run tests on Bugs.jar_Commons-Math_3a15d8ce
patch_plausibility.py script finished at Wed Aug 21 13:41:33 PDT 2019
Job finished at Wed Aug 21 13:41:33 PDT 2019
DONE!
