PID: 19088
honu.cs.washington.edu
Job started at Wed Aug 21 13:03:23 PDT 2019
[RESOURCES] There are too many total processes running: 42!
[RESOURCES] There are too many total processes running: 43!
[RESOURCES] There are too many total processes running: 45!
Running patch plausibility analysis under Java-8 on the patch generated by jMutRepair for Bugs.jar::Accumulo-3d55560a::0
patch_plausibility.py script started at Wed Aug 21 13:04:23 PDT 2019
Switched to branch 'bugs-dot-jar_ACCUMULO-218_3d55560a'
Picked up JAVA_TOOL_OPTIONS: -XX:CICompilerCount=2 -XX:ParallelGCThreads=2 -XX:ConcGCThreads=2  
Reinitialized existing Git repository in /tmp/jMutRepair_Bugs.jar_Accumulo_3d55560a/.git/
Skipped patch '/tmp/jMutRepair_Bug_dot_jar_Accumulo_3d55560a/src/core/src/main/java/org/apache/accumulo/core/client/mock/MockTablejava'.
Checkout Bugs.jar_Accumulo_3d55560a
Apply patch ...
Compile top-level project
Get module information
Compile Bugs.jar_Accumulo_3d55560a
Run tests on Bugs.jar_Accumulo_3d55560a
patch_plausibility.py script finished at Wed Aug 21 13:06:00 PDT 2019
Job finished at Wed Aug 21 13:06:00 PDT 2019
DONE!
