PID: 26073
honu.cs.washington.edu
Job started at Wed Aug 21 13:41:47 PDT 2019
[RESOURCES] There are too many total processes running: 46!
[RESOURCES] There are too many total processes running: 44!
[RESOURCES] There are too many total processes running: 39!
[RESOURCES] There are too many total processes running: 40!
[RESOURCES] There are too many total processes running: 39!
[RESOURCES] There are too many total processes running: 43!
[RESOURCES] There are too many total processes running: 40!
Running patch plausibility analysis under Java-8 on the patch generated by jKali for Bugs.jar::Commons-Math-cc4ab51e::0
patch_plausibility.py script started at Wed Aug 21 13:44:27 PDT 2019
Switched to branch 'bugs-dot-jar_MATH-1136_cc4ab51e'
Picked up JAVA_TOOL_OPTIONS: -XX:CICompilerCount=2 -XX:ParallelGCThreads=2 -XX:ConcGCThreads=2  
Reinitialized existing Git repository in /tmp/jKali_Bugs.jar_Commons-Math_cc4ab51e/.git/
Checking patch src/main/java/org/apache/commons/math3/distribution/SaddlePointExpansion.java...
Applied patch src/main/java/org/apache/commons/math3/distribution/SaddlePointExpansion.java cleanly.
Checkout Bugs.jar_Commons-Math_cc4ab51e
Apply patch ...
Get module information
Compile Bugs.jar_Commons-Math_cc4ab51e
Run tests on Bugs.jar_Commons-Math_cc4ab51e
patch_plausibility.py script finished at Wed Aug 21 13:49:10 PDT 2019
Job finished at Wed Aug 21 13:49:10 PDT 2019
DONE!
