PID: 7203
honu.cs.washington.edu
Job started at Tue Aug 20 23:37:01 PDT 2019
[RESOURCES] There are too many total processes running: 41!
[RESOURCES] There are too many total processes running: 40!
[RESOURCES] There are too many total processes running: 47!
[RESOURCES] There are too many total processes running: 39!
Running patch plausibility analysis under Java-7 on the patch generated by Arja for Bugs.jar::Accumulo-b007b22e::0
patch_plausibility.py script started at Tue Aug 20 23:38:16 PDT 2019
Switched to branch 'bugs-dot-jar_ACCUMULO-151_b007b22e'
Reinitialized existing Git repository in /tmp/Arja_Bugs.jar_Accumulo_b007b22e/.git/
Checking patch src/core/src/main/java/org/apache/accumulo/core/iterators/LongCombiner.java...
Checking patch src/core/src/main/java/org/apache/accumulo/core/iterators/Combiner.java...
Applied patch src/core/src/main/java/org/apache/accumulo/core/iterators/LongCombiner.java cleanly.
Applied patch src/core/src/main/java/org/apache/accumulo/core/iterators/Combiner.java cleanly.
Checkout Bugs.jar_Accumulo_b007b22e
Apply patch ...
Compile Bugs.jar_Accumulo_b007b22e
Run tests on Bugs.jar_Accumulo_b007b22e
patch_plausibility.py script finished at Tue Aug 20 23:39:20 PDT 2019
Job finished at Tue Aug 20 23:39:20 PDT 2019
DONE!
