PID: 25786
honu.cs.washington.edu
Job started at Tue Aug 20 23:51:46 PDT 2019
[RESOURCES] There are too many total processes running: 50!
[RESOURCES] There are too many total processes running: 41!
[RESOURCES] There are too many total processes running: 42!
[RESOURCES] There are too many total processes running: 38!
[RESOURCES] There are too many total processes running: 39!
[RESOURCES] There are too many total processes running: 38!
[RESOURCES] There are too many total processes running: 48!
[RESOURCES] There are too many total processes running: 42!
Running patch plausibility analysis under Java-7 on the patch generated by Nopol for Bugs.jar::Commons-Math-83f18d52::7
patch_plausibility.py script started at Tue Aug 20 23:54:32 PDT 2019
Switched to branch 'bugs-dot-jar_MATH-318_83f18d52'
Reinitialized existing Git repository in /tmp/Nopol_Bugs.jar_Commons-Math_83f18d52/.git/
Checking patch src/main/java/org/apache/commons/math/linear/EigenDecompositionImpl.java...
Applied patch src/main/java/org/apache/commons/math/linear/EigenDecompositionImpl.java cleanly.
There was no 'Please refer to (.*) for the individual test results.' in the maven log file!
Checkout Bugs.jar_Commons-Math_83f18d52
Apply patch ...
Compile Bugs.jar_Commons-Math_83f18d52
Run tests on Bugs.jar_Commons-Math_83f18d52
patch_plausibility.py script finished at Tue Aug 20 23:55:30 PDT 2019
Job finished at Tue Aug 20 23:55:30 PDT 2019
DONE!
