PID: 14496
honu.cs.washington.edu
Job started at Wed Aug 21 13:03:02 PDT 2019
[RESOURCES] There are too many total processes running: 49!
[RESOURCES] There are too many total processes running: 52!
[RESOURCES] There are too many total processes running: 38!
[RESOURCES] There are too many total processes running: 48!
Running patch plausibility analysis under Java-8 on the patch generated by DynaMoth for Bugs.jar::Commons-Math-7980a242::7
patch_plausibility.py script started at Wed Aug 21 13:04:23 PDT 2019
Switched to branch 'bugs-dot-jar_MATH-695_7980a242'
Reinitialized existing Git repository in /tmp/DynaMoth_Bugs.jar_Commons-Math_7980a242/.git/
Checking patch src/main/java/org/apache/commons/math/optimization/direct/BOBYQAOptimizer.java...
Applied patch src/main/java/org/apache/commons/math/optimization/direct/BOBYQAOptimizer.java cleanly.
Checkout Bugs.jar_Commons-Math_7980a242
Apply patch ...
Compile Bugs.jar_Commons-Math_7980a242
Run tests on Bugs.jar_Commons-Math_7980a242
patch_plausibility.py script finished at Wed Aug 21 13:05:49 PDT 2019
Job finished at Wed Aug 21 13:05:49 PDT 2019
DONE!
