PID: 38118
honu.cs.washington.edu
Job started at Wed Aug 21 13:59:33 PDT 2019
[RESOURCES] There are too many total processes running: 38!
[RESOURCES] There are too many total processes running: 44!
[RESOURCES] There are too many total processes running: 41!
[RESOURCES] There are too many total processes running: 47!
[RESOURCES] There are too many total processes running: 38!
[RESOURCES] There are too many total processes running: 39!
Running patch plausibility analysis under Java-8 on the patch generated by DynaMoth for Bugs.jar::Commons-Math-59a0da9c::7
patch_plausibility.py script started at Wed Aug 21 14:01:41 PDT 2019
Switched to branch 'bugs-dot-jar_MATH-293_59a0da9c'
Reinitialized existing Git repository in /tmp/DynaMoth_Bugs.jar_Commons-Math_59a0da9c/.git/
Checking patch src/main/java/org/apache/commons/math/ode/nonstiff/GraggBulirschStoerIntegrator.java...
Applied patch src/main/java/org/apache/commons/math/ode/nonstiff/GraggBulirschStoerIntegrator.java cleanly.
Checkout Bugs.jar_Commons-Math_59a0da9c
Apply patch ...
Compile Bugs.jar_Commons-Math_59a0da9c
Run tests on Bugs.jar_Commons-Math_59a0da9c
patch_plausibility.py script finished at Wed Aug 21 14:02:09 PDT 2019
Job finished at Wed Aug 21 14:02:09 PDT 2019
DONE!
