PID: 12702
honu.cs.washington.edu
Job started at Tue Aug 20 23:54:00 PDT 2019
[RESOURCES] There are too many total processes running: 42!
[RESOURCES] There are too many total processes running: 44!
[RESOURCES] There are too many total processes running: 40!
[RESOURCES] There are too many total processes running: 52!
[RESOURCES] There are too many total processes running: 42!
[RESOURCES] There are too many total processes running: 52!
Running patch plausibility analysis under Java-7 on the patch generated by DynaMoth for Bugs.jar::Commons-Math-ebc61de9::7
patch_plausibility.py script started at Tue Aug 20 23:56:12 PDT 2019
Switched to branch 'bugs-dot-jar_MATH-631_ebc61de9'
Reinitialized existing Git repository in /tmp/DynaMoth_Bugs.jar_Commons-Math_ebc61de9/.git/
Checking patch src/main/java/org/apache/commons/math/analysis/solvers/BaseSecantSolver.java...
Applied patch src/main/java/org/apache/commons/math/analysis/solvers/BaseSecantSolver.java cleanly.
There was no 'Please refer to (.*) for the individual test results.' in the maven log file!
Checkout Bugs.jar_Commons-Math_ebc61de9
Apply patch ...
Compile Bugs.jar_Commons-Math_ebc61de9
Run tests on Bugs.jar_Commons-Math_ebc61de9
patch_plausibility.py script finished at Tue Aug 20 23:57:46 PDT 2019
Job finished at Tue Aug 20 23:57:46 PDT 2019
DONE!
