PID: 19180
honu.cs.washington.edu
Job started at Tue Aug 20 23:28:55 PDT 2019
[RESOURCES] There are too many total processes running: 47!
[RESOURCES] There are too many total processes running: 46!
[RESOURCES] There are too many total processes running: 52!
[RESOURCES] There are too many total processes running: 50!
[RESOURCES] There are too many total processes running: 49!
[RESOURCES] There are too many total processes running: 45!
[RESOURCES] There are too many total processes running: 43!
[RESOURCES] There are too many total processes running: 39!
[RESOURCES] There are too many total processes running: 45!
[RESOURCES] There are too many total processes running: 47!
[RESOURCES] There are too many total processes running: 39!
[RESOURCES] There are too many total processes running: 39!
Running patch plausibility analysis under Java-7 on the patch generated by GenProg for Bugs.jar::Commons-Math-9e0c5ad4::0
patch_plausibility.py script started at Tue Aug 20 23:32:45 PDT 2019
Switched to branch 'bugs-dot-jar_MATH-1283_9e0c5ad4'
Reinitialized existing Git repository in /tmp/GenProg_Bugs.jar_Commons-Math_9e0c5ad4/.git/
Checking patch src/main/java/org/apache/commons/math4/special/Gamma.java...
Applied patch src/main/java/org/apache/commons/math4/special/Gamma.java cleanly.
There was no 'Please refer to (.*) for the individual test results.' in the maven log file!
Checkout Bugs.jar_Commons-Math_9e0c5ad4
Apply patch ...
Compile Bugs.jar_Commons-Math_9e0c5ad4
Run tests on Bugs.jar_Commons-Math_9e0c5ad4
patch_plausibility.py script finished at Tue Aug 20 23:36:57 PDT 2019
Job finished at Tue Aug 20 23:36:57 PDT 2019
DONE!
