PID: 14388
honu.cs.washington.edu
Job started at Tue Aug 20 23:21:47 PDT 2019
[RESOURCES] There are too many total processes running: 39!
[RESOURCES] There are too many total processes running: 48!
[RESOURCES] There are too many total processes running: 39!
[RESOURCES] There are too many total processes running: 52!
Running patch plausibility analysis under Java-7 on the patch generated by Kali for Bears::danfickle-openhtmltopdf-445988164-446994292::0
patch_plausibility.py script started at Tue Aug 20 23:22:53 PDT 2019
Previous HEAD position was 2972046ed Changes in the tests This commit is based on the source code from the following commit: http://github.com/traccar/traccar/commit/3aebd92cc3781b417ded6260d1300434b1418e7e The mentioned commit triggered the following Travis build: http://travis-ci.org/traccar/traccar/builds/273136493.
Switched to branch 'danfickle-openhtmltopdf-445988164-446994292'
Note: checking out '1032fc6cfe758e0c634d2ed42b4cf9516905ff80'.

You are in 'detached HEAD' state. You can look around, make experimental
changes and commit them, and you can discard any commits you make in this
state without impacting any branches by performing another checkout.

If you want to create a new branch to retain commits you create, you may
do so (now or later) by using -b with the checkout command again. Example:

  git checkout -b <new-branch-name>

HEAD is now at 1032fc6cf Changes in the tests This commit is based on the source code from the following commit: http://github.com/danfickle/openhtmltopdf/commit/586693546977cbda9fcc2d611388b4d0b6800fdc The mentioned commit triggered the following Travis build: http://travis-ci.org/danfickle/openhtmltopdf/builds/446994292.
Reinitialized existing Git repository in /tmp/Kali_Bears_danfickle-openhtmltopdf_445988164-446994292/.git/
Checking patch openhtmltopdf-examples/src/main/java/com/openhtmltopdf/visualtest/VisualTester.java...
Applied patch openhtmltopdf-examples/src/main/java/com/openhtmltopdf/visualtest/VisualTester.java cleanly.
There was no 'Please refer to (.*) for the individual test results.' in the maven log file!
Checkout Bears_danfickle-openhtmltopdf_445988164-446994292
Apply patch ...
Compile Bears_danfickle-openhtmltopdf_445988164-446994292
Run tests on Bears_danfickle-openhtmltopdf_445988164-446994292
patch_plausibility.py script finished at Tue Aug 20 23:25:15 PDT 2019
Job finished at Tue Aug 20 23:25:15 PDT 2019
DONE!
