PID: 12070
honu.cs.washington.edu
Job started at Wed Aug 21 13:49:10 PDT 2019
Running patch plausibility analysis under Java-8 on the patch generated by Kali for Bears::albfernandez-GDS-PMD-Security-Rules-451155169-455669767::0
patch_plausibility.py script started at Wed Aug 21 13:49:10 PDT 2019
Previous HEAD position was 7a1217f18 Changes in the tests This commit is based on the source code from the following commit: http://github.com/traccar/traccar/commit/c53feac38ec149fed84121704c620503bf1f7820 The mentioned commit triggered the following Travis build: http://travis-ci.org/traccar/traccar/builds/212061222.
Switched to branch 'albfernandez-GDS-PMD-Security-Rules-451155169-455669767'
Note: checking out 'dc2f1b2b16045abb4ee60ff4011cb8db25dab2be'.

You are in 'detached HEAD' state. You can look around, make experimental
changes and commit them, and you can discard any commits you make in this
state without impacting any branches by performing another checkout.

If you want to create a new branch to retain commits you create, you may
do so (now or later) by using -b with the checkout command again. Example:

  git checkout -b <new-branch-name>

HEAD is now at dc2f1b2b1 Changes in the tests This commit is based on the source code from the following commit: http://github.com/albfernandez/GDS-PMD-Security-Rules/commit/d08d1b9f55598fca9b5a9b78b89998f81edeed7c The mentioned commit triggered the following Travis build: http://travis-ci.org/albfernandez/GDS-PMD-Security-Rules/builds/455669767.
Reinitialized existing Git repository in /tmp/Kali_Bears_albfernandez-GDS-PMD-Security-Rules_451155169-455669767/.git/
Checking patch src/main/java/com/gdssecurity/pmd/rules/dfa/DfaSecurityRule.java...
Applied patch src/main/java/com/gdssecurity/pmd/rules/dfa/DfaSecurityRule.java cleanly.
Checkout Bears_albfernandez-GDS-PMD-Security-Rules_451155169-455669767
Apply patch ...
Compile Bears_albfernandez-GDS-PMD-Security-Rules_451155169-455669767
Run tests on Bears_albfernandez-GDS-PMD-Security-Rules_451155169-455669767
patch_plausibility.py script finished at Wed Aug 21 13:49:49 PDT 2019
Job finished at Wed Aug 21 13:49:49 PDT 2019
DONE!
