PID: 4824
honu.cs.washington.edu
Job started at Wed Aug 21 13:28:30 PDT 2019
[RESOURCES] There are too many total processes running: 48!
[RESOURCES] There are too many total processes running: 42!
[RESOURCES] There are too many total processes running: 47!
[RESOURCES] There are too many total processes running: 44!
[RESOURCES] There are too many total processes running: 45!
[RESOURCES] There are too many total processes running: 48!
[RESOURCES] There are too many total processes running: 41!
Running patch plausibility analysis under Java-8 on the patch generated by DynaMoth for IntroClassJava::smallest-88394fc00b7053b386e97564e28ef68421ae09c0baeaf887bba7e254f452419783ed8f774bff3c0c7d23bdc8f6c1443fb47c7af97323d4d3d63cc088d3b6841a-002::7
patch_plausibility.py script started at Wed Aug 21 13:30:51 PDT 2019
Initialized empty Git repository in /tmp/DynaMoth_IntroClassJava_smallest_88394fc00b7053b386e97564e28ef68421ae09c0baeaf887bba7e254f452419783ed8f774bff3c0c7d23bdc8f6c1443fb47c7af97323d4d3d63cc088d3b6841a-002/.git/
Checking patch src/main/java/introclassJava/smallest_88394fc0_002.java...
Applied patch src/main/java/introclassJava/smallest_88394fc0_002.java cleanly.
There was no 'Please refer to (.*) for the individual test results.' in the maven log file!
Checkout IntroClassJava_smallest_88394fc00b7053b386e97564e28ef68421ae09c0baeaf887bba7e254f452419783ed8f774bff3c0c7d23bdc8f6c1443fb47c7af97323d4d3d63cc088d3b6841a-002
Apply patch ...
Compile IntroClassJava_smallest_88394fc00b7053b386e97564e28ef68421ae09c0baeaf887bba7e254f452419783ed8f774bff3c0c7d23bdc8f6c1443fb47c7af97323d4d3d63cc088d3b6841a-002
Run tests on IntroClassJava_smallest_88394fc00b7053b386e97564e28ef68421ae09c0baeaf887bba7e254f452419783ed8f774bff3c0c7d23bdc8f6c1443fb47c7af97323d4d3d63cc088d3b6841a-002
patch_plausibility.py script finished at Wed Aug 21 13:31:44 PDT 2019
Job finished at Wed Aug 21 13:31:44 PDT 2019
DONE!
