PID: 7545
honu.cs.washington.edu
Job started at Wed Aug 21 13:02:23 PDT 2019
[RESOURCES] There are too many total processes running: 45!
[RESOURCES] There are too many total processes running: 46!
[RESOURCES] There are too many total processes running: 42!
[RESOURCES] There are too many total processes running: 48!
Running patch plausibility analysis under Java-8 on the patch generated by DynaMoth for Bugs.jar::Logging-Log4J2-c8fd3c53::7
patch_plausibility.py script started at Wed Aug 21 13:03:37 PDT 2019
Switched to branch 'bugs-dot-jar_LOG4J2-1058_c8fd3c53'
Reinitialized existing Git repository in /tmp/DynaMoth_Bugs.jar_Logging-Log4J2_c8fd3c53/.git/
Checking patch log4j-api/src/main/java/org/apache/logging/log4j/spi/Provider.java...
Applied patch log4j-api/src/main/java/org/apache/logging/log4j/spi/Provider.java cleanly.
Checkout Bugs.jar_Logging-Log4J2_c8fd3c53
Apply patch ...
Compile Bugs.jar_Logging-Log4J2_c8fd3c53
Run tests on Bugs.jar_Logging-Log4J2_c8fd3c53
patch_plausibility.py script finished at Wed Aug 21 13:06:13 PDT 2019
Job finished at Wed Aug 21 13:06:13 PDT 2019
DONE!
