PID: 25909
honu.cs.washington.edu
Job started at Wed Aug 21 13:17:41 PDT 2019
[RESOURCES] There are too many total processes running: 45!
[RESOURCES] There are too many total processes running: 44!
[RESOURCES] There are too many total processes running: 40!
[RESOURCES] There are too many total processes running: 54!
[RESOURCES] There are too many total processes running: 40!
[RESOURCES] There are too many total processes running: 43!
[RESOURCES] There are too many total processes running: 40!
[RESOURCES] There are too many total processes running: 53!
[RESOURCES] There are too many total processes running: 39!
[RESOURCES] There are too many total processes running: 57!
[RESOURCES] There are too many total processes running: 41!
Running patch plausibility analysis under Java-8 on the patch generated by Nopol for Bugs.jar::Commons-Math-118f0cc0::7
patch_plausibility.py script started at Wed Aug 21 13:21:37 PDT 2019
Switched to branch 'bugs-dot-jar_MATH-691_118f0cc0'
Reinitialized existing Git repository in /tmp/Nopol_Bugs.jar_Commons-Math_118f0cc0/.git/
Checking patch src/main/java/org/apache/commons/math/optimization/direct/BOBYQAOptimizer.java...
Applied patch src/main/java/org/apache/commons/math/optimization/direct/BOBYQAOptimizer.java cleanly.
Checkout Bugs.jar_Commons-Math_118f0cc0
Apply patch ...
Compile Bugs.jar_Commons-Math_118f0cc0
Run tests on Bugs.jar_Commons-Math_118f0cc0
patch_plausibility.py script finished at Wed Aug 21 13:23:07 PDT 2019
Job finished at Wed Aug 21 13:23:07 PDT 2019
DONE!
