PID: 39613
honu.cs.washington.edu
Job started at Wed Aug 21 12:58:15 PDT 2019
[RESOURCES] There are too many total processes running: 42!
[RESOURCES] There are too many total processes running: 40!
[RESOURCES] There are too many total processes running: 44!
[RESOURCES] There are too many total processes running: 47!
[RESOURCES] There are too many total processes running: 58!
[RESOURCES] There are too many total processes running: 39!
[RESOURCES] There are too many total processes running: 47!
[RESOURCES] There are too many total processes running: 47!
Running patch plausibility analysis under Java-8 on the patch generated by jMutRepair for IntroClassJava::grade-b1924d63a2e25b7c8d9a794093c4ae97fdceec9e0ea46b6a4b02d9a18b9ba9cecf07cb0c42c264a0947aec22b0bacff788a547a8250c2265f601581ab545bf82-003::0
patch_plausibility.py script started at Wed Aug 21 13:00:53 PDT 2019
Initialized empty Git repository in /tmp/jMutRepair_IntroClassJava_grade_b1924d63a2e25b7c8d9a794093c4ae97fdceec9e0ea46b6a4b02d9a18b9ba9cecf07cb0c42c264a0947aec22b0bacff788a547a8250c2265f601581ab545bf82-003/.git/
Checking patch src/main/java/introclassJava/grade_b1924d63_003.java...
Applied patch src/main/java/introclassJava/grade_b1924d63_003.java cleanly.
There was no 'Please refer to (.*) for the individual test results.' in the maven log file!
Checkout IntroClassJava_grade_b1924d63a2e25b7c8d9a794093c4ae97fdceec9e0ea46b6a4b02d9a18b9ba9cecf07cb0c42c264a0947aec22b0bacff788a547a8250c2265f601581ab545bf82-003
Apply patch ...
Compile IntroClassJava_grade_b1924d63a2e25b7c8d9a794093c4ae97fdceec9e0ea46b6a4b02d9a18b9ba9cecf07cb0c42c264a0947aec22b0bacff788a547a8250c2265f601581ab545bf82-003
Run tests on IntroClassJava_grade_b1924d63a2e25b7c8d9a794093c4ae97fdceec9e0ea46b6a4b02d9a18b9ba9cecf07cb0c42c264a0947aec22b0bacff788a547a8250c2265f601581ab545bf82-003
patch_plausibility.py script finished at Wed Aug 21 13:01:03 PDT 2019
Job finished at Wed Aug 21 13:01:03 PDT 2019
DONE!
