PID: 35144
honu.cs.washington.edu
Job started at Tue Aug 20 23:12:27 PDT 2019
[RESOURCES] There are too many total processes running: 43!
[RESOURCES] There are too many total processes running: 39!
Running patch plausibility analysis under Java-7 on the patch generated by GenProg for Bugs.jar::Commons-Math-a7363a2a::0
patch_plausibility.py script started at Tue Aug 20 23:13:05 PDT 2019
Switched to branch 'bugs-dot-jar_MATH-1135_a7363a2a'
Reinitialized existing Git repository in /tmp/GenProg_Bugs.jar_Commons-Math_a7363a2a/.git/
Checking patch src/main/java/org/apache/commons/math3/exception/MathIllegalStateException.java...
Checking patch src/main/java/org/apache/commons/math3/geometry/euclidean/twod/hull/MonotoneChain.java...
Applied patch src/main/java/org/apache/commons/math3/exception/MathIllegalStateException.java cleanly.
Applied patch src/main/java/org/apache/commons/math3/geometry/euclidean/twod/hull/MonotoneChain.java cleanly.
There was no 'Please refer to (.*) for the individual test results.' in the maven log file!
Checkout Bugs.jar_Commons-Math_a7363a2a
Apply patch ...
Compile Bugs.jar_Commons-Math_a7363a2a
Run tests on Bugs.jar_Commons-Math_a7363a2a
patch_plausibility.py script finished at Tue Aug 20 23:17:28 PDT 2019
Job finished at Tue Aug 20 23:17:28 PDT 2019
DONE!
