PID: 25962
honu.cs.washington.edu
Job started at Wed Aug 21 13:12:34 PDT 2019
[RESOURCES] There are too many total processes running: 47!
[RESOURCES] There are too many total processes running: 40!
[RESOURCES] There are too many total processes running: 46!
[RESOURCES] There are too many total processes running: 43!
Running patch plausibility analysis under Java-8 on the patch generated by DynaMoth for Bugs.jar::Commons-Math-2c8a114f::7
patch_plausibility.py script started at Wed Aug 21 13:13:51 PDT 2019
Switched to branch 'bugs-dot-jar_MATH-294_2c8a114f'
Reinitialized existing Git repository in /tmp/DynaMoth_Bugs.jar_Commons-Math_2c8a114f/.git/
Checking patch src/main/java/org/apache/commons/math/ode/nonstiff/GraggBulirschStoerIntegrator.java...
Applied patch src/main/java/org/apache/commons/math/ode/nonstiff/GraggBulirschStoerIntegrator.java cleanly.
Checkout Bugs.jar_Commons-Math_2c8a114f
Apply patch ...
Compile Bugs.jar_Commons-Math_2c8a114f
Run tests on Bugs.jar_Commons-Math_2c8a114f
patch_plausibility.py script finished at Wed Aug 21 13:14:22 PDT 2019
Job finished at Wed Aug 21 13:14:22 PDT 2019
DONE!
