PID: 4599
honu.cs.washington.edu
Job started at Wed Aug 21 13:31:36 PDT 2019
[RESOURCES] There are too many total processes running: 50!
[RESOURCES] There are too many total processes running: 38!
[RESOURCES] There are too many total processes running: 45!
[RESOURCES] There are too many total processes running: 41!
[RESOURCES] There are too many total processes running: 41!
[RESOURCES] There are too many total processes running: 44!
Running patch plausibility analysis under Java-8 on the patch generated by Kali for Bugs.jar::Maven-c4002945::0
patch_plausibility.py script started at Wed Aug 21 13:33:37 PDT 2019
Already on 'bugs-dot-jar_MNG-4941_c4002945'
Reinitialized existing Git repository in /tmp/Kali_Bugs.jar_Maven_c4002945/.git/
Checking patch maven-plugin-api/src/main/java/org/apache/maven/plugin/descriptor/PluginDescriptorBuilder.java...
Applied patch maven-plugin-api/src/main/java/org/apache/maven/plugin/descriptor/PluginDescriptorBuilder.java cleanly.
Checkout Bugs.jar_Maven_c4002945
Apply patch ...
Compile Bugs.jar_Maven_c4002945
Run tests on Bugs.jar_Maven_c4002945
patch_plausibility.py script finished at Wed Aug 21 13:34:39 PDT 2019
Job finished at Wed Aug 21 13:34:39 PDT 2019
DONE!
