PID: 1273
honu.cs.washington.edu
Job started at Wed Aug 21 13:01:56 PDT 2019
[RESOURCES] There are too many total processes running: 45!
[RESOURCES] There are too many total processes running: 44!
[RESOURCES] There are too many total processes running: 56!
[RESOURCES] There are too many total processes running: 45!
Running patch plausibility analysis under Java-8 on the patch generated by Kali for Bears::traccar-traccar-305623200-305713931::0
patch_plausibility.py script started at Wed Aug 21 13:03:13 PDT 2019
Previous HEAD position was 1032fc6cf Changes in the tests This commit is based on the source code from the following commit: http://github.com/danfickle/openhtmltopdf/commit/586693546977cbda9fcc2d611388b4d0b6800fdc The mentioned commit triggered the following Travis build: http://travis-ci.org/danfickle/openhtmltopdf/builds/446994292.
Switched to branch 'traccar-traccar-305623200-305713931'
Note: checking out '53dc7777dd00f454cf66076141ff72dcc9e9faa1'.

You are in 'detached HEAD' state. You can look around, make experimental
changes and commit them, and you can discard any commits you make in this
state without impacting any branches by performing another checkout.

If you want to create a new branch to retain commits you create, you may
do so (now or later) by using -b with the checkout command again. Example:

  git checkout -b <new-branch-name>

HEAD is now at 53dc7777d Changes in the tests This commit is based on the source code from the following commit: http://github.com/traccar/traccar/commit/6c0fe165f72a998d447d0983c94e234681a6b680 The mentioned commit triggered the following Travis build: http://travis-ci.org/traccar/traccar/builds/305713931.
Reinitialized existing Git repository in /tmp/Kali_Bears_traccar-traccar_305623200-305713931/.git/
Checking patch src/org/traccar/protocol/Jt600FrameDecoder.java...
Applied patch src/org/traccar/protocol/Jt600FrameDecoder.java cleanly.
There was no 'Please refer to (.*) for the individual test results.' in the maven log file!
Checkout Bears_traccar-traccar_305623200-305713931
Apply patch ...
Compile Bears_traccar-traccar_305623200-305713931
Run tests on Bears_traccar-traccar_305623200-305713931
patch_plausibility.py script finished at Wed Aug 21 13:04:09 PDT 2019
Job finished at Wed Aug 21 13:04:09 PDT 2019
DONE!
