PID: 39016
honu.cs.washington.edu
Job started at Tue Aug 20 23:16:31 PDT 2019
[RESOURCES] There are too many total processes running: 40!
[RESOURCES] There are too many total processes running: 39!
[RESOURCES] There are too many total processes running: 44!
[RESOURCES] There are too many total processes running: 45!
[RESOURCES] There are too many total processes running: 41!
[RESOURCES] There are too many total processes running: 48!
[RESOURCES] There are too many total processes running: 56!
[RESOURCES] There are too many total processes running: 41!
[RESOURCES] There are too many total processes running: 38!
Running patch plausibility analysis under Java-7 on the patch generated by jGenProg for Bears::traccar-traccar-316227226-316639485::0
patch_plausibility.py script started at Tue Aug 20 23:19:16 PDT 2019
Previous HEAD position was 578222a36 Changes in the tests This commit is based on the source code from the following commit: http://github.com/traccar/traccar/commit/819bca366f89f237f19e52b7a916895ed1761fb9 The mentioned commit triggered the following Travis build: http://travis-ci.org/traccar/traccar/builds/268530427.
Switched to branch 'traccar-traccar-316227226-316639485'
Note: checking out '2fcfe080f259270c799c682ac687f72f2011ae17'.

You are in 'detached HEAD' state. You can look around, make experimental
changes and commit them, and you can discard any commits you make in this
state without impacting any branches by performing another checkout.

If you want to create a new branch to retain commits you create, you may
do so (now or later) by using -b with the checkout command again. Example:

  git checkout -b <new-branch-name>

HEAD is now at 2fcfe080f Changes in the tests This commit is based on the source code from the following commit: http://github.com/traccar/traccar/commit/1771c22baca9c43556e5cfc4ec705d0a071a78e8 The mentioned commit triggered the following Travis build: http://travis-ci.org/traccar/traccar/builds/316639485.
Picked up JAVA_TOOL_OPTIONS: -XX:CICompilerCount=2 -XX:ParallelGCThreads=2 -XX:ConcGCThreads=2  
Reinitialized existing Git repository in /tmp/jGenProg_Bears_traccar-traccar_316227226-316639485/.git/
Checking patch src/org/traccar/protocol/Gt06ProtocolDecoder.java...
Applied patch src/org/traccar/protocol/Gt06ProtocolDecoder.java cleanly.
There was no 'Please refer to (.*) for the individual test results.' in the maven log file!
Checkout Bears_traccar-traccar_316227226-316639485
Apply patch ...
Compile Bears_traccar-traccar_316227226-316639485
Run tests on Bears_traccar-traccar_316227226-316639485
patch_plausibility.py script finished at Tue Aug 20 23:20:34 PDT 2019
Job finished at Tue Aug 20 23:20:34 PDT 2019
DONE!
