PID: 21382
honu.cs.washington.edu
Job started at Tue Aug 20 23:57:52 PDT 2019
[RESOURCES] There are too many total processes running: 39!
[RESOURCES] There are too many total processes running: 51!
[RESOURCES] There are too many total processes running: 48!
[RESOURCES] There are too many total processes running: 40!
[RESOURCES] There are too many total processes running: 43!
[RESOURCES] There are too many total processes running: 40!
[RESOURCES] There are too many total processes running: 43!
[RESOURCES] There are too many total processes running: 38!
[RESOURCES] There are too many total processes running: 48!
Running patch plausibility analysis under Java-7 on the patch generated by DynaMoth for Bugs.jar::Jackrabbit-Oak-3270e761::7
patch_plausibility.py script started at Wed Aug 21 00:00:44 PDT 2019
Switched to branch 'bugs-dot-jar_OAK-479_3270e761'
Reinitialized existing Git repository in /tmp/DynaMoth_Bugs.jar_Jackrabbit-Oak_3270e761/.git/
Checking patch oak-jcr/src/main/java/org/apache/jackrabbit/oak/jcr/SessionDelegate.java...
Applied patch oak-jcr/src/main/java/org/apache/jackrabbit/oak/jcr/SessionDelegate.java cleanly.
Checkout Bugs.jar_Jackrabbit-Oak_3270e761
Apply patch ...
Compile Bugs.jar_Jackrabbit-Oak_3270e761
Run tests on Bugs.jar_Jackrabbit-Oak_3270e761
patch_plausibility.py script finished at Wed Aug 21 00:02:51 PDT 2019
Job finished at Wed Aug 21 00:02:51 PDT 2019
DONE!
