PID: 22570
honu.cs.washington.edu
Job started at Tue Aug 20 23:07:24 PDT 2019
[RESOURCES] There are too many total processes running: 41!
[RESOURCES] There are too many total processes running: 40!
[RESOURCES] There are too many total processes running: 59!
[RESOURCES] There are too many total processes running: 50!
[RESOURCES] There are too many total processes running: 40!
Running patch plausibility analysis under Java-7 on the patch generated by Kali for Bugs.jar::Wicket-2fc6a395::0
patch_plausibility.py script started at Tue Aug 20 23:09:10 PDT 2019
Switched to branch 'bugs-dot-jar_WICKET-5720_2fc6a395'
Reinitialized existing Git repository in /tmp/Kali_Bugs.jar_Wicket_2fc6a395/.git/
Checking patch wicket-util/src/main/java/org/apache/wicket/util/string/Strings.java...
Applied patch wicket-util/src/main/java/org/apache/wicket/util/string/Strings.java cleanly.
There was no 'Please refer to (.*) for the individual test results.' in the maven log file!
Checkout Bugs.jar_Wicket_2fc6a395
Apply patch ...
Compile Bugs.jar_Wicket_2fc6a395
Run tests on Bugs.jar_Wicket_2fc6a395
patch_plausibility.py script finished at Tue Aug 20 23:28:12 PDT 2019
Job finished at Tue Aug 20 23:28:12 PDT 2019
DONE!
