PID: 33222
honu.cs.washington.edu
Job started at Wed Aug 21 14:06:34 PDT 2019
[RESOURCES] There are too many total processes running: 40!
[RESOURCES] There are too many threads running: 3094!
[RESOURCES] There are too many total processes running: 38!
[RESOURCES] There are too many total processes running: 41!
Running patch plausibility analysis under Java-8 on the patch generated by DynaMoth for Bugs.jar::Commons-Math-b55e0206::7
patch_plausibility.py script started at Wed Aug 21 14:07:57 PDT 2019
Switched to branch 'bugs-dot-jar_MATH-865_b55e0206'
Reinitialized existing Git repository in /tmp/DynaMoth_Bugs.jar_Commons-Math_b55e0206/.git/
Checking patch src/main/java/org/apache/commons/math3/optimization/direct/BOBYQAOptimizer.java...
Applied patch src/main/java/org/apache/commons/math3/optimization/direct/BOBYQAOptimizer.java cleanly.
Checkout Bugs.jar_Commons-Math_b55e0206
Apply patch ...
Compile Bugs.jar_Commons-Math_b55e0206
Run tests on Bugs.jar_Commons-Math_b55e0206
patch_plausibility.py script finished at Wed Aug 21 14:09:40 PDT 2019
Job finished at Wed Aug 21 14:09:40 PDT 2019
DONE!
