PID: 10221
honu.cs.washington.edu
Job started at Wed Aug 21 00:38:24 PDT 2019
[RESOURCES] There are too many total processes running: 46!
[RESOURCES] There are too many total processes running: 38!
[RESOURCES] There are too many total processes running: 44!
[RESOURCES] There are too many threads running: 3071!
[RESOURCES] There are too many threads running: 3017!
[RESOURCES] There are too many total processes running: 48!
[RESOURCES] There are too many threads running: 3046!
[RESOURCES] There are too many threads running: 3170!
[RESOURCES] There are too many threads running: 3283!
[RESOURCES] There are too many threads running: 3148!
[RESOURCES] There are too many threads running: 3211!
Running patch plausibility analysis under Java-7 on the patch generated by RSRepair for IntroClassJava::median-317aa7055d3b7337ab43b73863692d1288ca246c473f9fd176bc737a7c3e1e08c37a15603cfb7bfc86f7bc2dcc239967b79b605aec11f86ae3ab90dc140b540f-002::0
patch_plausibility.py script started at Wed Aug 21 00:42:09 PDT 2019
Initialized empty Git repository in /tmp/RSRepair_IntroClassJava_median_317aa7055d3b7337ab43b73863692d1288ca246c473f9fd176bc737a7c3e1e08c37a15603cfb7bfc86f7bc2dcc239967b79b605aec11f86ae3ab90dc140b540f-002/.git/
Checking patch src/main/java/introclassJava/median_317aa705_002.java...
Applied patch src/main/java/introclassJava/median_317aa705_002.java cleanly.
There was no 'Please refer to (.*) for the individual test results.' in the maven log file!
Checkout IntroClassJava_median_317aa7055d3b7337ab43b73863692d1288ca246c473f9fd176bc737a7c3e1e08c37a15603cfb7bfc86f7bc2dcc239967b79b605aec11f86ae3ab90dc140b540f-002
Apply patch ...
Compile IntroClassJava_median_317aa7055d3b7337ab43b73863692d1288ca246c473f9fd176bc737a7c3e1e08c37a15603cfb7bfc86f7bc2dcc239967b79b605aec11f86ae3ab90dc140b540f-002
Run tests on IntroClassJava_median_317aa7055d3b7337ab43b73863692d1288ca246c473f9fd176bc737a7c3e1e08c37a15603cfb7bfc86f7bc2dcc239967b79b605aec11f86ae3ab90dc140b540f-002
patch_plausibility.py script finished at Wed Aug 21 00:42:37 PDT 2019
Job finished at Wed Aug 21 00:42:37 PDT 2019
DONE!
