PID: 38913
honu.cs.washington.edu
Job started at Wed Aug 21 13:10:32 PDT 2019
[RESOURCES] There are too many total processes running: 38!
[RESOURCES] There are too many total processes running: 41!
[RESOURCES] There are too many total processes running: 47!
[RESOURCES] There are too many total processes running: 45!
Running patch plausibility analysis under Java-8 on the patch generated by DynaMoth for Bugs.jar::Logging-Log4J2-7bb1ad47::7
patch_plausibility.py script started at Wed Aug 21 13:11:44 PDT 2019
Switched to branch 'bugs-dot-jar_LOG4J2-811_7bb1ad47'
Reinitialized existing Git repository in /tmp/DynaMoth_Bugs.jar_Logging-Log4J2_7bb1ad47/.git/
Checking patch log4j-api/src/main/java/org/apache/logging/log4j/spi/Provider.java...
Applied patch log4j-api/src/main/java/org/apache/logging/log4j/spi/Provider.java cleanly.
Checkout Bugs.jar_Logging-Log4J2_7bb1ad47
Apply patch ...
Compile Bugs.jar_Logging-Log4J2_7bb1ad47
Run tests on Bugs.jar_Logging-Log4J2_7bb1ad47
patch_plausibility.py script finished at Wed Aug 21 13:14:28 PDT 2019
Job finished at Wed Aug 21 13:14:28 PDT 2019
DONE!
