PID: 17368
honu.cs.washington.edu
Job started at Tue Aug 20 23:50:52 PDT 2019
[RESOURCES] There are too many total processes running: 45!
[RESOURCES] There are too many total processes running: 50!
[RESOURCES] There are too many total processes running: 41!
[RESOURCES] There are too many total processes running: 41!
Running patch plausibility analysis under Java-7 on the patch generated by DynaMoth for Bugs.jar::Commons-Math-ebadb558::7
patch_plausibility.py script started at Tue Aug 20 23:52:34 PDT 2019
Switched to branch 'bugs-dot-jar_MATH-779_ebadb558'
Reinitialized existing Git repository in /tmp/DynaMoth_Bugs.jar_Commons-Math_ebadb558/.git/
Checking patch src/main/java/org/apache/commons/math3/optimization/direct/BOBYQAOptimizer.java...
Applied patch src/main/java/org/apache/commons/math3/optimization/direct/BOBYQAOptimizer.java cleanly.
Checkout Bugs.jar_Commons-Math_ebadb558
Apply patch ...
Compile Bugs.jar_Commons-Math_ebadb558
Run tests on Bugs.jar_Commons-Math_ebadb558
patch_plausibility.py script finished at Tue Aug 20 23:54:20 PDT 2019
Job finished at Tue Aug 20 23:54:20 PDT 2019
DONE!
