PID: 35240
honu.cs.washington.edu
Job started at Wed Aug 21 12:57:49 PDT 2019
[RESOURCES] There are too many total processes running: 51!
[RESOURCES] There are too many total processes running: 43!
[RESOURCES] There are too many total processes running: 43!
[RESOURCES] There are too many total processes running: 43!
[RESOURCES] There are too many total processes running: 45!
[RESOURCES] There are too many total processes running: 61!
Running patch plausibility analysis under Java-8 on the patch generated by DynaMoth for Bugs.jar::Commons-Math-061f5017::7
patch_plausibility.py script started at Wed Aug 21 12:59:59 PDT 2019
Switched to branch 'bugs-dot-jar_MATH-358_061f5017'
Reinitialized existing Git repository in /tmp/DynaMoth_Bugs.jar_Commons-Math_061f5017/.git/
Checking patch src/main/java/org/apache/commons/math/ode/nonstiff/AdaptiveStepsizeIntegrator.java...
Applied patch src/main/java/org/apache/commons/math/ode/nonstiff/AdaptiveStepsizeIntegrator.java cleanly.
Checkout Bugs.jar_Commons-Math_061f5017
Apply patch ...
Compile Bugs.jar_Commons-Math_061f5017
Run tests on Bugs.jar_Commons-Math_061f5017
patch_plausibility.py script finished at Wed Aug 21 13:00:38 PDT 2019
Job finished at Wed Aug 21 13:00:38 PDT 2019
DONE!
