PID: 31190
honu.cs.washington.edu
Job started at Tue Aug 20 23:19:45 PDT 2019
[RESOURCES] There are too many total processes running: 42!
[RESOURCES] There are too many total processes running: 43!
[RESOURCES] There are too many total processes running: 43!
[RESOURCES] There are too many total processes running: 52!
[RESOURCES] There are too many total processes running: 54!
[RESOURCES] There are too many total processes running: 42!
Running patch plausibility analysis under Java-7 on the patch generated by DynaMoth for IntroClassJava::digits-0cdfa335eea3c612e6fa3ad261276b0c3ebbc6ff0ff13c20bdc249bad29a8037ca6dc887dd28558964e1e1a24f47c4cffc05adba525285dc8b93660cdf9b8b7c-005::7
patch_plausibility.py script started at Tue Aug 20 23:22:13 PDT 2019
Initialized empty Git repository in /tmp/DynaMoth_IntroClassJava_digits_0cdfa335eea3c612e6fa3ad261276b0c3ebbc6ff0ff13c20bdc249bad29a8037ca6dc887dd28558964e1e1a24f47c4cffc05adba525285dc8b93660cdf9b8b7c-005/.git/
Checking patch src/main/java/introclassJava/digits_0cdfa335_005.java...
Applied patch src/main/java/introclassJava/digits_0cdfa335_005.java cleanly.
Checkout IntroClassJava_digits_0cdfa335eea3c612e6fa3ad261276b0c3ebbc6ff0ff13c20bdc249bad29a8037ca6dc887dd28558964e1e1a24f47c4cffc05adba525285dc8b93660cdf9b8b7c-005
Apply patch ...
Compile IntroClassJava_digits_0cdfa335eea3c612e6fa3ad261276b0c3ebbc6ff0ff13c20bdc249bad29a8037ca6dc887dd28558964e1e1a24f47c4cffc05adba525285dc8b93660cdf9b8b7c-005
Run tests on IntroClassJava_digits_0cdfa335eea3c612e6fa3ad261276b0c3ebbc6ff0ff13c20bdc249bad29a8037ca6dc887dd28558964e1e1a24f47c4cffc05adba525285dc8b93660cdf9b8b7c-005
patch_plausibility.py script finished at Tue Aug 20 23:22:26 PDT 2019
Job finished at Tue Aug 20 23:22:26 PDT 2019
DONE!
