PID: 35841
honu.cs.washington.edu
Job started at Wed Aug 21 13:07:34 PDT 2019
Running patch plausibility analysis under Java-8 on the patch generated by jGenProg for Bugs.jar::Accumulo-94c2a31f::0
patch_plausibility.py script started at Wed Aug 21 13:07:34 PDT 2019
Switched to branch 'bugs-dot-jar_ACCUMULO-3055_94c2a31f'
Picked up JAVA_TOOL_OPTIONS: -XX:CICompilerCount=2 -XX:ParallelGCThreads=2 -XX:ConcGCThreads=2  
Reinitialized existing Git repository in /tmp/jGenProg_Bugs.jar_Accumulo_94c2a31f/.git/
Checking patch minicluster/src/main/java/org/apache/accumulo/minicluster/MiniAccumuloCluster.java...
Applied patch minicluster/src/main/java/org/apache/accumulo/minicluster/MiniAccumuloCluster.java cleanly.
There was no 'Please refer to (.*) for the individual test results.' in the maven log file!
Checkout Bugs.jar_Accumulo_94c2a31f
Apply patch ...
Compile top-level project
Get module information
Compile Bugs.jar_Accumulo_94c2a31f
Run tests on Bugs.jar_Accumulo_94c2a31f
patch_plausibility.py script finished at Wed Aug 21 13:09:25 PDT 2019
Job finished at Wed Aug 21 13:09:25 PDT 2019
DONE!
