PID: 29222
honu.cs.washington.edu
Job started at Wed Aug 21 00:04:50 PDT 2019
[RESOURCES] There are too many total processes running: 38!
[RESOURCES] There are too many total processes running: 40!
[RESOURCES] There are too many total processes running: 44!
[RESOURCES] There are too many total processes running: 42!
[RESOURCES] There are too many total processes running: 51!
Running patch plausibility analysis under Java-7 on the patch generated by DynaMoth for Bugs.jar::Commons-Math-48dde378::7
patch_plausibility.py script started at Wed Aug 21 00:05:49 PDT 2019
Switched to branch 'bugs-dot-jar_MATH-935_48dde378'
Reinitialized existing Git repository in /tmp/DynaMoth_Bugs.jar_Commons-Math_48dde378/.git/
Checking patch src/main/java/org/apache/commons/math3/optimization/direct/BOBYQAOptimizer.java...
Applied patch src/main/java/org/apache/commons/math3/optimization/direct/BOBYQAOptimizer.java cleanly.
Checkout Bugs.jar_Commons-Math_48dde378
Apply patch ...
Compile Bugs.jar_Commons-Math_48dde378
Run tests on Bugs.jar_Commons-Math_48dde378
patch_plausibility.py script finished at Wed Aug 21 00:08:45 PDT 2019
Job finished at Wed Aug 21 00:08:45 PDT 2019
DONE!
