PID: 19467
honu.cs.washington.edu
Job started at Tue Aug 20 23:22:16 PDT 2019
Running patch plausibility analysis under Java-7 on the patch generated by jMutRepair for IntroClassJava::median-1bf73a9ca02e8d64fd54aaf8de9ad5d029ebfff775224c3f5b010db80793ea8698863524436d122a100abc08c3486a795eb1caf39f78fc55d3948124861669ac-003::0
patch_plausibility.py script started at Tue Aug 20 23:22:16 PDT 2019
Initialized empty Git repository in /tmp/jMutRepair_IntroClassJava_median_1bf73a9ca02e8d64fd54aaf8de9ad5d029ebfff775224c3f5b010db80793ea8698863524436d122a100abc08c3486a795eb1caf39f78fc55d3948124861669ac-003/.git/
Checking patch src/main/java/b/src/main/java/introclassJava/median_1bf73a9c_003.java...
error: src/main/java/b/src/main/java/introclassJava/median_1bf73a9c_003.java: No such file or directory
`patch` has failed!
Traceback (most recent call last):
  File "/scratch/rjust/critical_review_of_repair_them_all_data/plausibility/patch_plausibility.py", line 161, in <module>
    die("`patch` has failed!\n")
  File "/scratch/rjust/critical_review_of_repair_them_all_data/plausibility/patch_plausibility.py", line 104, in die
    utils.die(msg=msg, checkout_dir=CHECKOUT_DIR)
  File "/scratch/rjust/critical_review_of_repair_them_all_data/java_7_vs_java_8/utils.py", line 35, in die
    sys.exit(1)
SystemExit: 1
Checkout IntroClassJava_median_1bf73a9ca02e8d64fd54aaf8de9ad5d029ebfff775224c3f5b010db80793ea8698863524436d122a100abc08c3486a795eb1caf39f78fc55d3948124861669ac-003
Apply patch ...
patch_plausibility.py has failed!
