PID: 2989
honu.cs.washington.edu
Job started at Wed Aug 21 12:48:48 PDT 2019
[RESOURCES] There are too many total processes running: 45!
[RESOURCES] There are too many total processes running: 39!
[RESOURCES] There are too many total processes running: 46!
Running patch plausibility analysis under Java-8 on the patch generated by jMutRepair for Bears::traccar-traccar-273118899-273136493::0
patch_plausibility.py script started at Wed Aug 21 12:49:50 PDT 2019
Previous HEAD position was 19a81c1fd Bug commit from SzFMV2018-Tavasz/AutomatedCar This commit is based on the source code from the following commit: http://github.com/SzFMV2018-Tavasz/AutomatedCar/commit/4efc1e696af816519a2d0d5d52b7deb11240dcc2 The mentioned commit triggered the following Travis build: http://travis-ci.org/SzFMV2018-Tavasz/AutomatedCar/builds/351742666.
Switched to branch 'traccar-traccar-273118899-273136493'
Note: checking out '2972046ed84143bc7281c1731bc57c0b3632f2b7'.

You are in 'detached HEAD' state. You can look around, make experimental
changes and commit them, and you can discard any commits you make in this
state without impacting any branches by performing another checkout.

If you want to create a new branch to retain commits you create, you may
do so (now or later) by using -b with the checkout command again. Example:

  git checkout -b <new-branch-name>

HEAD is now at 2972046ed Changes in the tests This commit is based on the source code from the following commit: http://github.com/traccar/traccar/commit/3aebd92cc3781b417ded6260d1300434b1418e7e The mentioned commit triggered the following Travis build: http://travis-ci.org/traccar/traccar/builds/273136493.
Picked up JAVA_TOOL_OPTIONS: -XX:CICompilerCount=2 -XX:ParallelGCThreads=2 -XX:ConcGCThreads=2  
Reinitialized existing Git repository in /tmp/jMutRepair_Bears_traccar-traccar_273118899-273136493/.git/
Checking patch src/org/traccar/protocol/EelinkProtocolDecoder.java...
Applied patch src/org/traccar/protocol/EelinkProtocolDecoder.java cleanly.
There was no 'Please refer to (.*) for the individual test results.' in the maven log file!
Checkout Bears_traccar-traccar_273118899-273136493
Apply patch ...
Compile Bears_traccar-traccar_273118899-273136493
Run tests on Bears_traccar-traccar_273118899-273136493
patch_plausibility.py script finished at Wed Aug 21 12:50:56 PDT 2019
Job finished at Wed Aug 21 12:50:56 PDT 2019
DONE!
