PID: 38038
honu.cs.washington.edu
Job started at Wed Aug 21 13:51:02 PDT 2019
[RESOURCES] There are too many total processes running: 42!
[RESOURCES] There are too many total processes running: 43!
[RESOURCES] There are too many total processes running: 44!
[RESOURCES] There are too many total processes running: 38!
[RESOURCES] There are too many total processes running: 41!
[RESOURCES] There are too many total processes running: 39!
[RESOURCES] There are too many total processes running: 45!
[RESOURCES] There are too many total processes running: 39!
[RESOURCES] There are too many total processes running: 38!
[RESOURCES] There are too many total processes running: 48!
Running patch plausibility analysis under Java-8 on the patch generated by RSRepair for IntroClassJava::digits-f2997e14a460c6df0ed10aa9f6e792666e37d5c06a9a81445f14509e4a0113f59f5589ef37774dfea1f7d0ae9bb6c388e6eeb44e745e35f8511bbd4b82709d9a-002::0
patch_plausibility.py script started at Wed Aug 21 13:54:05 PDT 2019
Initialized empty Git repository in /tmp/RSRepair_IntroClassJava_digits_f2997e14a460c6df0ed10aa9f6e792666e37d5c06a9a81445f14509e4a0113f59f5589ef37774dfea1f7d0ae9bb6c388e6eeb44e745e35f8511bbd4b82709d9a-002/.git/
Checking patch src/main/java/introclassJava/digits_f2997e14_002.java...
Applied patch src/main/java/introclassJava/digits_f2997e14_002.java cleanly.
There was no 'Please refer to (.*) for the individual test results.' in the maven log file!
Checkout IntroClassJava_digits_f2997e14a460c6df0ed10aa9f6e792666e37d5c06a9a81445f14509e4a0113f59f5589ef37774dfea1f7d0ae9bb6c388e6eeb44e745e35f8511bbd4b82709d9a-002
Apply patch ...
Compile IntroClassJava_digits_f2997e14a460c6df0ed10aa9f6e792666e37d5c06a9a81445f14509e4a0113f59f5589ef37774dfea1f7d0ae9bb6c388e6eeb44e745e35f8511bbd4b82709d9a-002
Run tests on IntroClassJava_digits_f2997e14a460c6df0ed10aa9f6e792666e37d5c06a9a81445f14509e4a0113f59f5589ef37774dfea1f7d0ae9bb6c388e6eeb44e745e35f8511bbd4b82709d9a-002
patch_plausibility.py script finished at Wed Aug 21 13:54:16 PDT 2019
Job finished at Wed Aug 21 13:54:16 PDT 2019
DONE!
