PID: 11772
honu.cs.washington.edu
Job started at Wed Aug 21 13:29:04 PDT 2019
[RESOURCES] There are too many total processes running: 39!
[RESOURCES] There are too many total processes running: 41!
[RESOURCES] There are too many total processes running: 48!
[RESOURCES] There are too many total processes running: 48!
[RESOURCES] There are too many total processes running: 41!
[RESOURCES] There are too many total processes running: 109!
Running patch plausibility analysis under Java-8 on the patch generated by jKali for QuixBugs::QUICKSORT-::0
patch_plausibility.py script started at Wed Aug 21 13:31:09 PDT 2019
Initialized empty Git repository in /tmp/jKali_QuixBugs_QUICKSORT_/.git/
Checking patch src/main/java/b/src/main/java/QUICKSORT.java...
error: src/main/java/b/src/main/java/QUICKSORT.java: No such file or directory
`patch` has failed!
Traceback (most recent call last):
  File "/scratch/rjust/critical_review_of_repair_them_all_data/plausibility/patch_plausibility.py", line 161, in <module>
    die("`patch` has failed!\n")
  File "/scratch/rjust/critical_review_of_repair_them_all_data/plausibility/patch_plausibility.py", line 104, in die
    utils.die(msg=msg, checkout_dir=CHECKOUT_DIR)
  File "/scratch/rjust/critical_review_of_repair_them_all_data/java_7_vs_java_8/utils.py", line 35, in die
    sys.exit(1)
SystemExit: 1
Checkout QuixBugs_QUICKSORT_
Apply patch ...
patch_plausibility.py has failed!
