Picked up JAVA_TOOL_OPTIONS: -XX:CICompilerCount=2 -XX:ParallelGCThreads=2 -XX:ConcGCThreads=2 -Djdk.net.URLClassPath.disableClassPathURLCheck=true 
Picked up _JAVA_OPTIONS: -Djdk.net.URLClassPath.disableClassPathURLCheck=true
Apache Maven 3.5.0 (Red Hat 3.5.0-4.3)
Maven home: /opt/rh/rh-maven35/root/usr/share/maven
Java version: 1.8.0_181, vendor: Oracle Corporation
Java home: /scratch/rjust/projects/calling-bs/repair-them-all/RepairThemAll/jdks/jdk1.8.0_181/jre
Default locale: en_US, platform encoding: UTF-8
OS name: "linux", version: "4.14.132-1.el7.retpoline.x86_64", arch: "amd64", family: "unix"
[INFO] Scanning for projects...
[INFO] 
[INFO] ------------------------------------------------------------------------
[INFO] Building Apache Commons Math 4.0-SNAPSHOT
[INFO] ------------------------------------------------------------------------
[INFO] 
[INFO] --- maven-enforcer-plugin:1.3.1:enforce (enforce-maven-3) @ commons-math4 ---
[INFO] Skipping Rule Enforcement.
[INFO] 
[INFO] --- build-helper-maven-plugin:1.7:parse-version (parse-version) @ commons-math4 ---
[INFO] 
[INFO] --- maven-antrun-plugin:1.7:run (javadoc.resources) @ commons-math4 ---
[INFO] Executing tasks

main:
[INFO] Executed tasks
[INFO] 
[INFO] --- maven-remote-resources-plugin:1.5:process (default) @ commons-math4 ---
[INFO] 
[INFO] --- buildnumber-maven-plugin:1.3:create (default) @ commons-math4 ---
[INFO] Executing: /bin/sh -c cd /tmp/jKali_Bugs.jar_Commons-Math_a06a1584 && git rev-parse --verify HEAD
[INFO] Working directory: /tmp/jKali_Bugs.jar_Commons-Math_a06a1584
[INFO] Storing buildNumber: null at timestamp: 1566420428369
[INFO] Storing buildScmBranch: master
[INFO] 
[INFO] --- maven-jgit-buildnumber-plugin:1.2.8:extract-buildnumber (default) @ commons-math4 ---
[INFO] Git info extracted, revision: '36ada1e', branch: 'master', tag: '', commitsCount: '1', buildnumber: 'master.1.36ada1e'
[INFO] 
[INFO] --- maven-resources-plugin:2.7:resources (default-resources) @ commons-math4 ---
[INFO] Using 'UTF-8' encoding to copy filtered resources.
[INFO] Copying 2 resources
[INFO] Copying 2 resources to META-INF
[INFO] 
[INFO] --- maven-compiler-plugin:3.2:compile (default-compile) @ commons-math4 ---
[INFO] Changes detected - recompiling the module!
[INFO] Compiling 825 source files to /tmp/jKali_Bugs.jar_Commons-Math_a06a1584/target/classes
[INFO] /tmp/jKali_Bugs.jar_Commons-Math_a06a1584/src/main/java/org/apache/commons/math4/analysis/function/Logit.java: Some input files use or override a deprecated API.
[INFO] /tmp/jKali_Bugs.jar_Commons-Math_a06a1584/src/main/java/org/apache/commons/math4/analysis/function/Logit.java: Recompile with -Xlint:deprecation for details.
[INFO] /tmp/jKali_Bugs.jar_Commons-Math_a06a1584/src/main/java/org/apache/commons/math4/geometry/enclosing/EnclosingBall.java: Some input files use unchecked or unsafe operations.
[INFO] /tmp/jKali_Bugs.jar_Commons-Math_a06a1584/src/main/java/org/apache/commons/math4/geometry/enclosing/EnclosingBall.java: Recompile with -Xlint:unchecked for details.
[INFO] 
[INFO] --- maven-bundle-plugin:2.5.3:manifest (bundle-manifest) @ commons-math4 ---
[INFO] 
[INFO] --- animal-sniffer-maven-plugin:1.13:check (checkAPIcompatibility) @ commons-math4 ---
[INFO] Checking unresolved references to org.codehaus.mojo.signature:java17:1.0
[INFO] 
[INFO] --- maven-resources-plugin:2.7:testResources (default-testResources) @ commons-math4 ---
[INFO] Using 'UTF-8' encoding to copy filtered resources.
[INFO] Copying 33 resources
[INFO] Copying 2 resources to META-INF
[INFO] 
[INFO] --- maven-compiler-plugin:3.2:testCompile (default-testCompile) @ commons-math4 ---
[INFO] Nothing to compile - all classes are up to date
[INFO] 
[INFO] --- jacoco-maven-plugin:0.7.2.201409121644:prepare-agent (prepare-agent) @ commons-math4 ---
[INFO] Skipping JaCoCo execution because property jacoco.skip is set.
[INFO] argLine set to empty
[INFO] 
[INFO] --- maven-surefire-plugin:2.18:test (default-test) @ commons-math4 ---
[INFO] Tests are skipped.
[INFO] 
[INFO] --- maven-jar-plugin:2.5:jar (default-jar) @ commons-math4 ---
[INFO] Downloading: https://repo.maven.apache.org/maven2/org/codehaus/plexus/plexus-archiver/2.4.4/plexus-archiver-2.4.4.pom
[INFO] Downloaded: https://repo.maven.apache.org/maven2/org/codehaus/plexus/plexus-archiver/2.4.4/plexus-archiver-2.4.4.pom (3.5 kB at 14 kB/s)
[INFO] Downloading: https://repo.maven.apache.org/maven2/org/codehaus/plexus/plexus-io/2.0.10/plexus-io-2.0.10.pom
[INFO] Downloaded: https://repo.maven.apache.org/maven2/org/codehaus/plexus/plexus-io/2.0.10/plexus-io-2.0.10.pom (2.2 kB at 221 kB/s)
[INFO] Downloading: https://repo.maven.apache.org/maven2/org/apache/commons/commons-compress/1.5/commons-compress-1.5.pom
[INFO] Downloaded: https://repo.maven.apache.org/maven2/org/apache/commons/commons-compress/1.5/commons-compress-1.5.pom (11 kB at 758 kB/s)
[INFO] Downloading: https://repo.maven.apache.org/maven2/org/tukaani/xz/1.2/xz-1.2.pom
[INFO] Downloaded: https://repo.maven.apache.org/maven2/org/tukaani/xz/1.2/xz-1.2.pom (1.9 kB at 190 kB/s)
[INFO] Downloading: https://repo.maven.apache.org/maven2/org/codehaus/plexus/plexus-io/2.0.10/plexus-io-2.0.10.jar
[INFO] Downloading: https://repo.maven.apache.org/maven2/org/apache/commons/commons-compress/1.5/commons-compress-1.5.jar
[INFO] Downloading: https://repo.maven.apache.org/maven2/org/tukaani/xz/1.2/xz-1.2.jar
[INFO] Downloaded: https://repo.maven.apache.org/maven2/org/codehaus/plexus/plexus-io/2.0.10/plexus-io-2.0.10.jar (59 kB at 429 kB/s)
[INFO] Downloaded: https://repo.maven.apache.org/maven2/org/tukaani/xz/1.2/xz-1.2.jar (95 kB at 596 kB/s)
[INFO] Downloaded: https://repo.maven.apache.org/maven2/org/apache/commons/commons-compress/1.5/commons-compress-1.5.jar (256 kB at 1.3 MB/s)
[INFO] Building jar: /tmp/jKali_Bugs.jar_Commons-Math_a06a1584/target/commons-math4-4.0-SNAPSHOT.jar
[INFO] 
[INFO] --- maven-site-plugin:3.4:attach-descriptor (attach-descriptor) @ commons-math4 ---
[INFO] Downloading: https://repo.maven.apache.org/maven2/org/apache/maven/wagon/wagon-ssh/2.8/wagon-ssh-2.8.pom
[INFO] Downloaded: https://repo.maven.apache.org/maven2/org/apache/maven/wagon/wagon-ssh/2.8/wagon-ssh-2.8.pom (6.0 kB at 671 kB/s)
[INFO] Downloading: https://repo.maven.apache.org/maven2/org/apache/maven/wagon/wagon-providers/2.8/wagon-providers-2.8.pom
[INFO] Downloaded: https://repo.maven.apache.org/maven2/org/apache/maven/wagon/wagon-providers/2.8/wagon-providers-2.8.pom (2.7 kB at 227 kB/s)
[INFO] Downloading: https://repo.maven.apache.org/maven2/org/apache/maven/wagon/wagon/2.8/wagon-2.8.pom
[INFO] Downloaded: https://repo.maven.apache.org/maven2/org/apache/maven/wagon/wagon/2.8/wagon-2.8.pom (19 kB at 1.5 MB/s)
[INFO] Downloading: https://repo.maven.apache.org/maven2/com/jcraft/jsch/0.1.50/jsch-0.1.50.pom
[INFO] Downloaded: https://repo.maven.apache.org/maven2/com/jcraft/jsch/0.1.50/jsch-0.1.50.pom (3.2 kB at 404 kB/s)
[INFO] Downloading: https://repo.maven.apache.org/maven2/com/jcraft/jsch.agentproxy.connector-factory/0.0.6/jsch.agentproxy.connector-factory-0.0.6.pom
[INFO] Downloaded: https://repo.maven.apache.org/maven2/com/jcraft/jsch.agentproxy.connector-factory/0.0.6/jsch.agentproxy.connector-factory-0.0.6.pom (1.7 kB at 208 kB/s)
[INFO] Downloading: https://repo.maven.apache.org/maven2/com/jcraft/jsch.agentproxy/0.0.6/jsch.agentproxy-0.0.6.pom
[INFO] Downloaded: https://repo.maven.apache.org/maven2/com/jcraft/jsch.agentproxy/0.0.6/jsch.agentproxy-0.0.6.pom (4.3 kB at 395 kB/s)
[INFO] Downloading: https://repo.maven.apache.org/maven2/com/jcraft/jsch.agentproxy.core/0.0.6/jsch.agentproxy.core-0.0.6.pom
[INFO] Downloaded: https://repo.maven.apache.org/maven2/com/jcraft/jsch.agentproxy.core/0.0.6/jsch.agentproxy.core-0.0.6.pom (804 B at 89 kB/s)
[INFO] Downloading: https://repo.maven.apache.org/maven2/com/jcraft/jsch.agentproxy.usocket-jna/0.0.6/jsch.agentproxy.usocket-jna-0.0.6.pom
[INFO] Downloaded: https://repo.maven.apache.org/maven2/com/jcraft/jsch.agentproxy.usocket-jna/0.0.6/jsch.agentproxy.usocket-jna-0.0.6.pom (1.3 kB at 100 kB/s)
[INFO] Downloading: https://repo.maven.apache.org/maven2/net/java/dev/jna/jna/3.4.0/jna-3.4.0.pom
[INFO] Downloaded: https://repo.maven.apache.org/maven2/net/java/dev/jna/jna/3.4.0/jna-3.4.0.pom (2.2 kB at 270 kB/s)
[INFO] Downloading: https://repo.maven.apache.org/maven2/net/java/dev/jna/platform/3.4.0/platform-3.4.0.pom
[INFO] Downloaded: https://repo.maven.apache.org/maven2/net/java/dev/jna/platform/3.4.0/platform-3.4.0.pom (2.4 kB at 305 kB/s)
[INFO] Downloading: https://repo.maven.apache.org/maven2/com/jcraft/jsch.agentproxy.usocket-nc/0.0.6/jsch.agentproxy.usocket-nc-0.0.6.pom
[INFO] Downloaded: https://repo.maven.apache.org/maven2/com/jcraft/jsch.agentproxy.usocket-nc/0.0.6/jsch.agentproxy.usocket-nc-0.0.6.pom (996 B at 111 kB/s)
[INFO] Downloading: https://repo.maven.apache.org/maven2/com/jcraft/jsch.agentproxy.sshagent/0.0.6/jsch.agentproxy.sshagent-0.0.6.pom
[INFO] Downloaded: https://repo.maven.apache.org/maven2/com/jcraft/jsch.agentproxy.sshagent/0.0.6/jsch.agentproxy.sshagent-0.0.6.pom (971 B at 75 kB/s)
[INFO] Downloading: https://repo.maven.apache.org/maven2/com/jcraft/jsch.agentproxy.pageant/0.0.6/jsch.agentproxy.pageant-0.0.6.pom
[INFO] Downloaded: https://repo.maven.apache.org/maven2/com/jcraft/jsch.agentproxy.pageant/0.0.6/jsch.agentproxy.pageant-0.0.6.pom (1.3 kB at 143 kB/s)
[INFO] Downloading: https://repo.maven.apache.org/maven2/com/jcraft/jsch.agentproxy.jsch/0.0.6/jsch.agentproxy.jsch-0.0.6.pom
[INFO] Downloaded: https://repo.maven.apache.org/maven2/com/jcraft/jsch.agentproxy.jsch/0.0.6/jsch.agentproxy.jsch-0.0.6.pom (1.1 kB at 122 kB/s)
[INFO] Downloading: https://repo.maven.apache.org/maven2/com/jcraft/jsch/0.1.49/jsch-0.1.49.pom
[INFO] Downloaded: https://repo.maven.apache.org/maven2/com/jcraft/jsch/0.1.49/jsch-0.1.49.pom (3.2 kB at 324 kB/s)
[INFO] Downloading: https://repo.maven.apache.org/maven2/org/apache/maven/wagon/wagon-ssh-common/2.8/wagon-ssh-common-2.8.pom
[INFO] Downloaded: https://repo.maven.apache.org/maven2/org/apache/maven/wagon/wagon-ssh-common/2.8/wagon-ssh-common-2.8.pom (1.8 kB at 167 kB/s)
[INFO] Downloading: https://repo.maven.apache.org/maven2/org/codehaus/plexus/plexus-interactivity-api/1.0-alpha-6/plexus-interactivity-api-1.0-alpha-6.pom
[INFO] Downloaded: https://repo.maven.apache.org/maven2/org/codehaus/plexus/plexus-interactivity-api/1.0-alpha-6/plexus-interactivity-api-1.0-alpha-6.pom (726 B at 27 kB/s)
[INFO] Downloading: https://repo.maven.apache.org/maven2/org/codehaus/plexus/plexus-interactivity/1.0-alpha-6/plexus-interactivity-1.0-alpha-6.pom
[INFO] Downloaded: https://repo.maven.apache.org/maven2/org/codehaus/plexus/plexus-interactivity/1.0-alpha-6/plexus-interactivity-1.0-alpha-6.pom (1.1 kB at 134 kB/s)
[INFO] Downloading: https://repo.maven.apache.org/maven2/org/codehaus/plexus/plexus-components/1.1.9/plexus-components-1.1.9.pom
[INFO] Downloaded: https://repo.maven.apache.org/maven2/org/codehaus/plexus/plexus-components/1.1.9/plexus-components-1.1.9.pom (2.4 kB at 304 kB/s)
[INFO] Downloading: https://repo.maven.apache.org/maven2/org/codehaus/plexus/plexus-utils/1.4/plexus-utils-1.4.pom
[INFO] Downloaded: https://repo.maven.apache.org/maven2/org/codehaus/plexus/plexus-utils/1.4/plexus-utils-1.4.pom (1.2 kB at 128 kB/s)
[INFO] Downloading: https://repo.maven.apache.org/maven2/org/apache/maven/wagon/wagon-provider-api/2.8/wagon-provider-api-2.8.pom
[INFO] Downloaded: https://repo.maven.apache.org/maven2/org/apache/maven/wagon/wagon-provider-api/2.8/wagon-provider-api-2.8.pom (1.7 kB at 192 kB/s)
[INFO] Downloading: https://repo.maven.apache.org/maven2/org/apache/maven/reporting/maven-reporting-exec/1.2/maven-reporting-exec-1.2.pom
[INFO] Downloaded: https://repo.maven.apache.org/maven2/org/apache/maven/reporting/maven-reporting-exec/1.2/maven-reporting-exec-1.2.pom (11 kB at 938 kB/s)
[INFO] Downloading: https://repo.maven.apache.org/maven2/org/apache/maven/maven-core/3.0/maven-core-3.0.pom
[INFO] Downloaded: https://repo.maven.apache.org/maven2/org/apache/maven/maven-core/3.0/maven-core-3.0.pom (6.6 kB at 737 kB/s)
[INFO] Downloading: https://repo.maven.apache.org/maven2/org/apache/maven/maven-model/3.0/maven-model-3.0.pom
[INFO] Downloaded: https://repo.maven.apache.org/maven2/org/apache/maven/maven-model/3.0/maven-model-3.0.pom (3.9 kB at 556 kB/s)
[INFO] Downloading: https://repo.maven.apache.org/maven2/org/apache/maven/maven-settings/3.0/maven-settings-3.0.pom
[INFO] Downloaded: https://repo.maven.apache.org/maven2/org/apache/maven/maven-settings/3.0/maven-settings-3.0.pom (1.9 kB at 235 kB/s)
[INFO] Downloading: https://repo.maven.apache.org/maven2/org/apache/maven/maven-settings-builder/3.0/maven-settings-builder-3.0.pom
[INFO] Downloaded: https://repo.maven.apache.org/maven2/org/apache/maven/maven-settings-builder/3.0/maven-settings-builder-3.0.pom (2.2 kB at 278 kB/s)
[INFO] Downloading: https://repo.maven.apache.org/maven2/org/apache/maven/maven-repository-metadata/3.0/maven-repository-metadata-3.0.pom
[INFO] Downloaded: https://repo.maven.apache.org/maven2/org/apache/maven/maven-repository-metadata/3.0/maven-repository-metadata-3.0.pom (1.9 kB at 214 kB/s)
[INFO] Downloading: https://repo.maven.apache.org/maven2/org/apache/maven/maven-plugin-api/3.0/maven-plugin-api-3.0.pom
[INFO] Downloaded: https://repo.maven.apache.org/maven2/org/apache/maven/maven-plugin-api/3.0/maven-plugin-api-3.0.pom (2.3 kB at 286 kB/s)
[INFO] Downloading: https://repo.maven.apache.org/maven2/org/sonatype/sisu/sisu-inject-plexus/1.4.2/sisu-inject-plexus-1.4.2.pom
[INFO] Downloaded: https://repo.maven.apache.org/maven2/org/sonatype/sisu/sisu-inject-plexus/1.4.2/sisu-inject-plexus-1.4.2.pom (5.4 kB at 671 kB/s)
[INFO] Downloading: https://repo.maven.apache.org/maven2/org/sonatype/sisu/inject/guice-plexus/1.4.2/guice-plexus-1.4.2.pom
[INFO] Downloaded: https://repo.maven.apache.org/maven2/org/sonatype/sisu/inject/guice-plexus/1.4.2/guice-plexus-1.4.2.pom (3.1 kB at 391 kB/s)
[INFO] Downloading: https://repo.maven.apache.org/maven2/org/sonatype/sisu/inject/guice-bean/1.4.2/guice-bean-1.4.2.pom
[INFO] Downloaded: https://repo.maven.apache.org/maven2/org/sonatype/sisu/inject/guice-bean/1.4.2/guice-bean-1.4.2.pom (2.6 kB at 290 kB/s)
[INFO] Downloading: https://repo.maven.apache.org/maven2/org/sonatype/sisu/sisu-inject/1.4.2/sisu-inject-1.4.2.pom
[INFO] Downloaded: https://repo.maven.apache.org/maven2/org/sonatype/sisu/sisu-inject/1.4.2/sisu-inject-1.4.2.pom (1.2 kB at 178 kB/s)
[INFO] Downloading: https://repo.maven.apache.org/maven2/org/sonatype/sisu/sisu-parent/1.4.2/sisu-parent-1.4.2.pom
[INFO] Downloaded: https://repo.maven.apache.org/maven2/org/sonatype/sisu/sisu-parent/1.4.2/sisu-parent-1.4.2.pom (7.8 kB at 864 kB/s)
[INFO] Downloading: https://repo.maven.apache.org/maven2/org/codehaus/plexus/plexus-classworlds/2.2.3/plexus-classworlds-2.2.3.pom
[INFO] Downloaded: https://repo.maven.apache.org/maven2/org/codehaus/plexus/plexus-classworlds/2.2.3/plexus-classworlds-2.2.3.pom (4.0 kB at 500 kB/s)
[INFO] Downloading: https://repo.maven.apache.org/maven2/org/sonatype/sisu/sisu-inject-bean/1.4.2/sisu-inject-bean-1.4.2.pom
[INFO] Downloaded: https://repo.maven.apache.org/maven2/org/sonatype/sisu/sisu-inject-bean/1.4.2/sisu-inject-bean-1.4.2.pom (5.5 kB at 606 kB/s)
[INFO] Downloading: https://repo.maven.apache.org/maven2/org/sonatype/sisu/sisu-guice/2.1.7/sisu-guice-2.1.7.pom
[INFO] Downloaded: https://repo.maven.apache.org/maven2/org/sonatype/sisu/sisu-guice/2.1.7/sisu-guice-2.1.7.pom (11 kB at 1.1 MB/s)
[INFO] Downloading: https://repo.maven.apache.org/maven2/org/apache/maven/maven-model-builder/3.0/maven-model-builder-3.0.pom
[INFO] Downloaded: https://repo.maven.apache.org/maven2/org/apache/maven/maven-model-builder/3.0/maven-model-builder-3.0.pom (2.2 kB at 250 kB/s)
[INFO] Downloading: https://repo.maven.apache.org/maven2/org/apache/maven/maven-aether-provider/3.0/maven-aether-provider-3.0.pom
[INFO] Downloaded: https://repo.maven.apache.org/maven2/org/apache/maven/maven-aether-provider/3.0/maven-aether-provider-3.0.pom (2.5 kB at 247 kB/s)
[INFO] Downloading: https://repo.maven.apache.org/maven2/org/sonatype/aether/aether-api/1.7/aether-api-1.7.pom
[INFO] Downloaded: https://repo.maven.apache.org/maven2/org/sonatype/aether/aether-api/1.7/aether-api-1.7.pom (1.7 kB at 209 kB/s)
[INFO] Downloading: https://repo.maven.apache.org/maven2/org/sonatype/aether/aether-parent/1.7/aether-parent-1.7.pom
[INFO] Downloaded: https://repo.maven.apache.org/maven2/org/sonatype/aether/aether-parent/1.7/aether-parent-1.7.pom (7.7 kB at 1.1 MB/s)
[INFO] Downloading: https://repo.maven.apache.org/maven2/org/sonatype/aether/aether-util/1.7/aether-util-1.7.pom
[INFO] Downloaded: https://repo.maven.apache.org/maven2/org/sonatype/aether/aether-util/1.7/aether-util-1.7.pom (2.1 kB at 258 kB/s)
[INFO] Downloading: https://repo.maven.apache.org/maven2/org/sonatype/aether/aether-impl/1.7/aether-impl-1.7.pom
[INFO] Downloaded: https://repo.maven.apache.org/maven2/org/sonatype/aether/aether-impl/1.7/aether-impl-1.7.pom (3.7 kB at 528 kB/s)
[INFO] Downloading: https://repo.maven.apache.org/maven2/org/sonatype/aether/aether-spi/1.7/aether-spi-1.7.pom
[INFO] Downloaded: https://repo.maven.apache.org/maven2/org/sonatype/aether/aether-spi/1.7/aether-spi-1.7.pom (1.7 kB at 249 kB/s)
[INFO] Downloading: https://repo.maven.apache.org/maven2/org/apache/maven/doxia/doxia-sink-api/1.6/doxia-sink-api-1.6.pom
[INFO] Downloaded: https://repo.maven.apache.org/maven2/org/apache/maven/doxia/doxia-sink-api/1.6/doxia-sink-api-1.6.pom (1.5 kB at 191 kB/s)
[INFO] Downloading: https://repo.maven.apache.org/maven2/org/apache/maven/doxia/doxia/1.6/doxia-1.6.pom
[INFO] Downloaded: https://repo.maven.apache.org/maven2/org/apache/maven/doxia/doxia/1.6/doxia-1.6.pom (19 kB at 1.5 MB/s)
[INFO] Downloading: https://repo.maven.apache.org/maven2/org/apache/maven/doxia/doxia-logging-api/1.6/doxia-logging-api-1.6.pom
[INFO] Downloaded: https://repo.maven.apache.org/maven2/org/apache/maven/doxia/doxia-logging-api/1.6/doxia-logging-api-1.6.pom (1.5 kB at 171 kB/s)
[INFO] Downloading: https://repo.maven.apache.org/maven2/org/apache/maven/doxia/doxia-core/1.6/doxia-core-1.6.pom
[INFO] Downloaded: https://repo.maven.apache.org/maven2/org/apache/maven/doxia/doxia-core/1.6/doxia-core-1.6.pom (4.2 kB at 467 kB/s)
[INFO] Downloading: https://repo.maven.apache.org/maven2/xmlunit/xmlunit/1.5/xmlunit-1.5.pom
[INFO] Downloaded: https://repo.maven.apache.org/maven2/xmlunit/xmlunit/1.5/xmlunit-1.5.pom (3.0 kB at 436 kB/s)
[INFO] Downloading: https://repo.maven.apache.org/maven2/org/apache/maven/doxia/doxia-module-xhtml/1.6/doxia-module-xhtml-1.6.pom
[INFO] Downloaded: https://repo.maven.apache.org/maven2/org/apache/maven/doxia/doxia-module-xhtml/1.6/doxia-module-xhtml-1.6.pom (1.6 kB at 125 kB/s)
[INFO] Downloading: https://repo.maven.apache.org/maven2/org/apache/maven/doxia/doxia-modules/1.6/doxia-modules-1.6.pom
[INFO] Downloaded: https://repo.maven.apache.org/maven2/org/apache/maven/doxia/doxia-modules/1.6/doxia-modules-1.6.pom (2.6 kB at 262 kB/s)
[INFO] Downloading: https://repo.maven.apache.org/maven2/org/apache/maven/doxia/doxia-module-apt/1.6/doxia-module-apt-1.6.pom
[INFO] Downloaded: https://repo.maven.apache.org/maven2/org/apache/maven/doxia/doxia-module-apt/1.6/doxia-module-apt-1.6.pom (1.7 kB at 143 kB/s)
[INFO] Downloading: https://repo.maven.apache.org/maven2/org/apache/maven/doxia/doxia-module-xdoc/1.6/doxia-module-xdoc-1.6.pom
[INFO] Downloaded: https://repo.maven.apache.org/maven2/org/apache/maven/doxia/doxia-module-xdoc/1.6/doxia-module-xdoc-1.6.pom (4.6 kB at 419 kB/s)
[INFO] Downloading: https://repo.maven.apache.org/maven2/org/apache/maven/doxia/doxia-module-fml/1.6/doxia-module-fml-1.6.pom
[INFO] Downloaded: https://repo.maven.apache.org/maven2/org/apache/maven/doxia/doxia-module-fml/1.6/doxia-module-fml-1.6.pom (4.8 kB at 480 kB/s)
[INFO] Downloading: https://repo.maven.apache.org/maven2/org/apache/maven/doxia/doxia-module-markdown/1.6/doxia-module-markdown-1.6.pom
[INFO] Downloaded: https://repo.maven.apache.org/maven2/org/apache/maven/doxia/doxia-module-markdown/1.6/doxia-module-markdown-1.6.pom (2.1 kB at 190 kB/s)
[INFO] Downloading: https://repo.maven.apache.org/maven2/org/pegdown/pegdown/1.2.1/pegdown-1.2.1.pom
[INFO] Downloaded: https://repo.maven.apache.org/maven2/org/pegdown/pegdown/1.2.1/pegdown-1.2.1.pom (1.9 kB at 170 kB/s)
[INFO] Downloading: https://repo.maven.apache.org/maven2/org/parboiled/parboiled-java/1.1.4/parboiled-java-1.1.4.pom
[INFO] Downloaded: https://repo.maven.apache.org/maven2/org/parboiled/parboiled-java/1.1.4/parboiled-java-1.1.4.pom (2.6 kB at 258 kB/s)
[INFO] Downloading: https://repo.maven.apache.org/maven2/org/parboiled/parboiled-core/1.1.4/parboiled-core-1.1.4.pom
[INFO] Downloaded: https://repo.maven.apache.org/maven2/org/parboiled/parboiled-core/1.1.4/parboiled-core-1.1.4.pom (1.7 kB at 7.9 kB/s)
[INFO] Downloading: https://repo.maven.apache.org/maven2/org/ow2/asm/asm/4.1/asm-4.1.pom
[INFO] Downloaded: https://repo.maven.apache.org/maven2/org/ow2/asm/asm/4.1/asm-4.1.pom (1.9 kB at 242 kB/s)
[INFO] Downloading: https://repo.maven.apache.org/maven2/org/ow2/asm/asm-parent/4.1/asm-parent-4.1.pom
[INFO] Downloaded: https://repo.maven.apache.org/maven2/org/ow2/asm/asm-parent/4.1/asm-parent-4.1.pom (5.5 kB at 610 kB/s)
[INFO] Downloading: https://repo.maven.apache.org/maven2/org/ow2/asm/asm-tree/4.1/asm-tree-4.1.pom
[INFO] Downloaded: https://repo.maven.apache.org/maven2/org/ow2/asm/asm-tree/4.1/asm-tree-4.1.pom (2.1 kB at 231 kB/s)
[INFO] Downloading: https://repo.maven.apache.org/maven2/org/ow2/asm/asm-analysis/4.1/asm-analysis-4.1.pom
[INFO] Downloaded: https://repo.maven.apache.org/maven2/org/ow2/asm/asm-analysis/4.1/asm-analysis-4.1.pom (2.1 kB at 299 kB/s)
[INFO] Downloading: https://repo.maven.apache.org/maven2/org/ow2/asm/asm-util/4.1/asm-util-4.1.pom
[INFO] Downloaded: https://repo.maven.apache.org/maven2/org/ow2/asm/asm-util/4.1/asm-util-4.1.pom (2.1 kB at 298 kB/s)
[INFO] Downloading: https://repo.maven.apache.org/maven2/javax/servlet/servlet-api/2.5/servlet-api-2.5.pom
[INFO] Downloaded: https://repo.maven.apache.org/maven2/javax/servlet/servlet-api/2.5/servlet-api-2.5.pom (157 B at 26 kB/s)
[INFO] Downloading: https://repo.maven.apache.org/maven2/org/apache/maven/doxia/doxia-decoration-model/1.6/doxia-decoration-model-1.6.pom
[INFO] Downloaded: https://repo.maven.apache.org/maven2/org/apache/maven/doxia/doxia-decoration-model/1.6/doxia-decoration-model-1.6.pom (3.0 kB at 499 kB/s)
[INFO] Downloading: https://repo.maven.apache.org/maven2/org/apache/maven/doxia/doxia-sitetools/1.6/doxia-sitetools-1.6.pom
[INFO] Downloaded: https://repo.maven.apache.org/maven2/org/apache/maven/doxia/doxia-sitetools/1.6/doxia-sitetools-1.6.pom (18 kB at 1.2 MB/s)
[INFO] Downloading: https://repo.maven.apache.org/maven2/org/apache/maven/doxia/doxia-site-renderer/1.6/doxia-site-renderer-1.6.pom
[INFO] Downloaded: https://repo.maven.apache.org/maven2/org/apache/maven/doxia/doxia-site-renderer/1.6/doxia-site-renderer-1.6.pom (6.1 kB at 211 kB/s)
[INFO] Downloading: https://repo.maven.apache.org/maven2/org/apache/velocity/velocity/1.6.2/velocity-1.6.2.pom
[INFO] Downloaded: https://repo.maven.apache.org/maven2/org/apache/velocity/velocity/1.6.2/velocity-1.6.2.pom (11 kB at 708 kB/s)
[INFO] Downloading: https://repo.maven.apache.org/maven2/org/apache/maven/doxia/doxia-integration-tools/1.6/doxia-integration-tools-1.6.pom
[INFO] Downloaded: https://repo.maven.apache.org/maven2/org/apache/maven/doxia/doxia-integration-tools/1.6/doxia-integration-tools-1.6.pom (7.0 kB at 696 kB/s)
[INFO] Downloading: https://repo.maven.apache.org/maven2/org/apache/maven/doxia/doxia-tools/3/doxia-tools-3.pom
[INFO] Downloaded: https://repo.maven.apache.org/maven2/org/apache/maven/doxia/doxia-tools/3/doxia-tools-3.pom (9.9 kB at 1.2 MB/s)
[INFO] Downloading: https://repo.maven.apache.org/maven2/org/apache/maven/wagon/wagon-provider-api/1.0/wagon-provider-api-1.0.pom
[INFO] Downloaded: https://repo.maven.apache.org/maven2/org/apache/maven/wagon/wagon-provider-api/1.0/wagon-provider-api-1.0.pom (1.8 kB at 195 kB/s)
[INFO] Downloading: https://repo.maven.apache.org/maven2/org/apache/maven/wagon/wagon/1.0/wagon-1.0.pom
[INFO] Downloaded: https://repo.maven.apache.org/maven2/org/apache/maven/wagon/wagon/1.0/wagon-1.0.pom (9.8 kB at 364 kB/s)
[INFO] Downloading: https://repo.maven.apache.org/maven2/org/codehaus/plexus/plexus-utils/1.4.2/plexus-utils-1.4.2.pom
[INFO] Downloaded: https://repo.maven.apache.org/maven2/org/codehaus/plexus/plexus-utils/1.4.2/plexus-utils-1.4.2.pom (2.0 kB at 280 kB/s)
[INFO] Downloading: https://repo.maven.apache.org/maven2/org/mortbay/jetty/jetty/6.1.25/jetty-6.1.25.pom
[INFO] Downloaded: https://repo.maven.apache.org/maven2/org/mortbay/jetty/jetty/6.1.25/jetty-6.1.25.pom (6.3 kB at 522 kB/s)
[INFO] Downloading: https://repo.maven.apache.org/maven2/org/mortbay/jetty/project/6.1.25/project-6.1.25.pom
[INFO] Downloaded: https://repo.maven.apache.org/maven2/org/mortbay/jetty/project/6.1.25/project-6.1.25.pom (9.2 kB at 708 kB/s)
[INFO] Downloading: https://repo.maven.apache.org/maven2/org/mortbay/jetty/jetty-parent/10/jetty-parent-10.pom
[INFO] Downloaded: https://repo.maven.apache.org/maven2/org/mortbay/jetty/jetty-parent/10/jetty-parent-10.pom (3.3 kB at 274 kB/s)
[INFO] Downloading: https://repo.maven.apache.org/maven2/org/eclipse/jetty/jetty-parent/14/jetty-parent-14.pom
[INFO] Downloaded: https://repo.maven.apache.org/maven2/org/eclipse/jetty/jetty-parent/14/jetty-parent-14.pom (16 kB at 2.1 MB/s)
[INFO] Downloading: https://repo.maven.apache.org/maven2/org/mortbay/jetty/jetty-util/6.1.25/jetty-util-6.1.25.pom
[INFO] Downloaded: https://repo.maven.apache.org/maven2/org/mortbay/jetty/jetty-util/6.1.25/jetty-util-6.1.25.pom (3.9 kB at 215 kB/s)
[INFO] Downloading: https://repo.maven.apache.org/maven2/org/mortbay/jetty/servlet-api/2.5-20081211/servlet-api-2.5-20081211.pom
[INFO] Downloaded: https://repo.maven.apache.org/maven2/org/mortbay/jetty/servlet-api/2.5-20081211/servlet-api-2.5-20081211.pom (2.7 kB at 335 kB/s)
[INFO] Downloading: https://repo.maven.apache.org/maven2/org/mortbay/jetty/jetty-parent/7/jetty-parent-7.pom
[INFO] Downloaded: https://repo.maven.apache.org/maven2/org/mortbay/jetty/jetty-parent/7/jetty-parent-7.pom (13 kB at 1.7 MB/s)
[INFO] Downloading: https://repo.maven.apache.org/maven2/commons-lang/commons-lang/2.5/commons-lang-2.5.pom
[INFO] Downloaded: https://repo.maven.apache.org/maven2/commons-lang/commons-lang/2.5/commons-lang-2.5.pom (17 kB at 2.1 MB/s)
[INFO] Downloading: https://repo.maven.apache.org/maven2/org/apache/maven/wagon/wagon-ssh/2.8/wagon-ssh-2.8.jar
[INFO] Downloading: https://repo.maven.apache.org/maven2/com/jcraft/jsch/0.1.50/jsch-0.1.50.jar
[INFO] Downloading: https://repo.maven.apache.org/maven2/com/jcraft/jsch.agentproxy.connector-factory/0.0.6/jsch.agentproxy.connector-factory-0.0.6.jar
[INFO] Downloading: https://repo.maven.apache.org/maven2/com/jcraft/jsch.agentproxy.core/0.0.6/jsch.agentproxy.core-0.0.6.jar
[INFO] Downloading: https://repo.maven.apache.org/maven2/com/jcraft/jsch.agentproxy.usocket-jna/0.0.6/jsch.agentproxy.usocket-jna-0.0.6.jar
[INFO] Downloaded: https://repo.maven.apache.org/maven2/com/jcraft/jsch.agentproxy.connector-factory/0.0.6/jsch.agentproxy.connector-factory-0.0.6.jar (12 kB at 930 kB/s)
[INFO] Downloading: https://repo.maven.apache.org/maven2/net/java/dev/jna/jna/3.4.0/jna-3.4.0.jar
[INFO] Downloaded: https://repo.maven.apache.org/maven2/org/apache/maven/wagon/wagon-ssh/2.8/wagon-ssh-2.8.jar (30 kB at 723 kB/s)
[INFO] Downloading: https://repo.maven.apache.org/maven2/net/java/dev/jna/platform/3.4.0/platform-3.4.0.jar
[INFO] Downloaded: https://repo.maven.apache.org/maven2/com/jcraft/jsch.agentproxy.core/0.0.6/jsch.agentproxy.core-0.0.6.jar (9.6 kB at 196 kB/s)
[INFO] Downloading: https://repo.maven.apache.org/maven2/com/jcraft/jsch.agentproxy.usocket-nc/0.0.6/jsch.agentproxy.usocket-nc-0.0.6.jar
[INFO] Downloaded: https://repo.maven.apache.org/maven2/com/jcraft/jsch/0.1.50/jsch-0.1.50.jar (254 kB at 4.7 MB/s)
[INFO] Downloading: https://repo.maven.apache.org/maven2/com/jcraft/jsch.agentproxy.sshagent/0.0.6/jsch.agentproxy.sshagent-0.0.6.jar
[INFO] Downloaded: https://repo.maven.apache.org/maven2/com/jcraft/jsch.agentproxy.usocket-jna/0.0.6/jsch.agentproxy.usocket-jna-0.0.6.jar (6.5 kB at 104 kB/s)
[INFO] Downloading: https://repo.maven.apache.org/maven2/com/jcraft/jsch.agentproxy.pageant/0.0.6/jsch.agentproxy.pageant-0.0.6.jar
[INFO] Downloaded: https://repo.maven.apache.org/maven2/com/jcraft/jsch.agentproxy.usocket-nc/0.0.6/jsch.agentproxy.usocket-nc-0.0.6.jar (5.3 kB at 87 kB/s)
[INFO] Downloading: https://repo.maven.apache.org/maven2/com/jcraft/jsch.agentproxy.jsch/0.0.6/jsch.agentproxy.jsch-0.0.6.jar
[INFO] Downloaded: https://repo.maven.apache.org/maven2/com/jcraft/jsch.agentproxy.sshagent/0.0.6/jsch.agentproxy.sshagent-0.0.6.jar (4.2 kB at 53 kB/s)
[INFO] Downloading: https://repo.maven.apache.org/maven2/org/apache/maven/wagon/wagon-ssh-common/2.8/wagon-ssh-common-2.8.jar
[INFO] Downloaded: https://repo.maven.apache.org/maven2/com/jcraft/jsch.agentproxy.jsch/0.0.6/jsch.agentproxy.jsch-0.0.6.jar (4.4 kB at 54 kB/s)
[INFO] Downloading: https://repo.maven.apache.org/maven2/org/codehaus/plexus/plexus-interactivity-api/1.0-alpha-6/plexus-interactivity-api-1.0-alpha-6.jar
[INFO] Downloaded: https://repo.maven.apache.org/maven2/com/jcraft/jsch.agentproxy.pageant/0.0.6/jsch.agentproxy.pageant-0.0.6.jar (7.6 kB at 87 kB/s)
[INFO] Downloading: https://repo.maven.apache.org/maven2/org/apache/maven/maven-repository-metadata/3.0/maven-repository-metadata-3.0.jar
[INFO] Downloaded: https://repo.maven.apache.org/maven2/org/codehaus/plexus/plexus-interactivity-api/1.0-alpha-6/plexus-interactivity-api-1.0-alpha-6.jar (12 kB at 130 kB/s)
[INFO] Downloading: https://repo.maven.apache.org/maven2/org/apache/maven/maven-model-builder/3.0/maven-model-builder-3.0.jar
[INFO] Downloaded: https://repo.maven.apache.org/maven2/org/apache/maven/wagon/wagon-ssh-common/2.8/wagon-ssh-common-2.8.jar (25 kB at 270 kB/s)
[INFO] Downloading: https://repo.maven.apache.org/maven2/org/apache/maven/maven-aether-provider/3.0/maven-aether-provider-3.0.jar
[INFO] Downloaded: https://repo.maven.apache.org/maven2/org/apache/maven/maven-aether-provider/3.0/maven-aether-provider-3.0.jar (51 kB at 483 kB/s)
[INFO] Downloading: https://repo.maven.apache.org/maven2/org/sonatype/aether/aether-impl/1.7/aether-impl-1.7.jar
[INFO] Downloaded: https://repo.maven.apache.org/maven2/org/apache/maven/maven-repository-metadata/3.0/maven-repository-metadata-3.0.jar (30 kB at 281 kB/s)
[INFO] Downloading: https://repo.maven.apache.org/maven2/org/sonatype/aether/aether-spi/1.7/aether-spi-1.7.jar
[INFO] Downloaded: https://repo.maven.apache.org/maven2/org/apache/maven/maven-model-builder/3.0/maven-model-builder-3.0.jar (148 kB at 1.3 MB/s)
[INFO] Downloading: https://repo.maven.apache.org/maven2/org/sonatype/sisu/sisu-inject-plexus/1.4.2/sisu-inject-plexus-1.4.2.jar
[INFO] Downloaded: https://repo.maven.apache.org/maven2/org/sonatype/aether/aether-impl/1.7/aether-impl-1.7.jar (106 kB at 886 kB/s)
[INFO] Downloading: https://repo.maven.apache.org/maven2/org/sonatype/sisu/sisu-inject-bean/1.4.2/sisu-inject-bean-1.4.2.jar
[INFO] Downloaded: https://repo.maven.apache.org/maven2/org/sonatype/aether/aether-spi/1.7/aether-spi-1.7.jar (14 kB at 111 kB/s)
[INFO] Downloading: https://repo.maven.apache.org/maven2/org/sonatype/sisu/sisu-guice/2.1.7/sisu-guice-2.1.7-noaop.jar
[INFO] Downloaded: https://repo.maven.apache.org/maven2/net/java/dev/jna/jna/3.4.0/jna-3.4.0.jar (1.0 MB at 7.9 MB/s)
[INFO] Downloading: https://repo.maven.apache.org/maven2/org/codehaus/plexus/plexus-classworlds/2.2.3/plexus-classworlds-2.2.3.jar
[INFO] Downloaded: https://repo.maven.apache.org/maven2/org/codehaus/plexus/plexus-classworlds/2.2.3/plexus-classworlds-2.2.3.jar (46 kB at 339 kB/s)
[INFO] Downloading: https://repo.maven.apache.org/maven2/xmlunit/xmlunit/1.5/xmlunit-1.5.jar
[INFO] Downloaded: https://repo.maven.apache.org/maven2/org/sonatype/sisu/sisu-inject-plexus/1.4.2/sisu-inject-plexus-1.4.2.jar (202 kB at 1.5 MB/s)
[INFO] Downloading: https://repo.maven.apache.org/maven2/org/pegdown/pegdown/1.2.1/pegdown-1.2.1.jar
[INFO] Downloaded: https://repo.maven.apache.org/maven2/org/sonatype/sisu/sisu-inject-bean/1.4.2/sisu-inject-bean-1.4.2.jar (153 kB at 1.1 MB/s)
[INFO] Downloading: https://repo.maven.apache.org/maven2/org/parboiled/parboiled-java/1.1.4/parboiled-java-1.1.4.jar
[INFO] Downloaded: https://repo.maven.apache.org/maven2/org/pegdown/pegdown/1.2.1/pegdown-1.2.1.jar (59 kB at 396 kB/s)
[INFO] Downloading: https://repo.maven.apache.org/maven2/org/parboiled/parboiled-core/1.1.4/parboiled-core-1.1.4.jar
[INFO] Downloaded: https://repo.maven.apache.org/maven2/net/java/dev/jna/platform/3.4.0/platform-3.4.0.jar (913 kB at 6.0 MB/s)
[INFO] Downloading: https://repo.maven.apache.org/maven2/org/ow2/asm/asm/4.1/asm-4.1.jar
[INFO] Downloaded: https://repo.maven.apache.org/maven2/org/parboiled/parboiled-java/1.1.4/parboiled-java-1.1.4.jar (73 kB at 460 kB/s)
[INFO] Downloading: https://repo.maven.apache.org/maven2/org/ow2/asm/asm-tree/4.1/asm-tree-4.1.jar
[INFO] Downloaded: https://repo.maven.apache.org/maven2/xmlunit/xmlunit/1.5/xmlunit-1.5.jar (98 kB at 614 kB/s)
[INFO] Downloading: https://repo.maven.apache.org/maven2/org/ow2/asm/asm-analysis/4.1/asm-analysis-4.1.jar
[INFO] Downloaded: https://repo.maven.apache.org/maven2/org/ow2/asm/asm/4.1/asm-4.1.jar (47 kB at 291 kB/s)
[INFO] Downloading: https://repo.maven.apache.org/maven2/org/ow2/asm/asm-util/4.1/asm-util-4.1.jar
[INFO] Downloaded: https://repo.maven.apache.org/maven2/org/ow2/asm/asm-tree/4.1/asm-tree-4.1.jar (22 kB at 131 kB/s)
[INFO] Downloading: https://repo.maven.apache.org/maven2/org/mortbay/jetty/servlet-api/2.5-20081211/servlet-api-2.5-20081211.jar
[INFO] Downloaded: https://repo.maven.apache.org/maven2/org/ow2/asm/asm-util/4.1/asm-util-4.1.jar (38 kB at 220 kB/s)
[INFO] Downloaded: https://repo.maven.apache.org/maven2/org/parboiled/parboiled-core/1.1.4/parboiled-core-1.1.4.jar (185 kB at 1.1 MB/s)
[INFO] Downloaded: https://repo.maven.apache.org/maven2/org/sonatype/sisu/sisu-guice/2.1.7/sisu-guice-2.1.7-noaop.jar (472 kB at 2.7 MB/s)
[INFO] Downloaded: https://repo.maven.apache.org/maven2/org/mortbay/jetty/servlet-api/2.5-20081211/servlet-api-2.5-20081211.jar (134 kB at 725 kB/s)
[INFO] Downloaded: https://repo.maven.apache.org/maven2/org/ow2/asm/asm-analysis/4.1/asm-analysis-4.1.jar (20 kB at 104 kB/s)
[INFO] 
[INFO] --- maven-antrun-plugin:1.7:run (default) @ commons-math4 ---
[INFO] Executing tasks

main:
      [jar] Building jar: /tmp/jKali_Bugs.jar_Commons-Math_a06a1584/target/commons-math4-4.0-SNAPSHOT-tools.jar
[INFO] Executed tasks
[INFO] 
[INFO] --- build-helper-maven-plugin:1.7:attach-artifact (attach-artifacts) @ commons-math4 ---
[INFO] 
[INFO] --- jacoco-maven-plugin:0.7.2.201409121644:check (check) @ commons-math4 ---
[INFO] Skipping JaCoCo execution because property jacoco.skip is set.
[INFO] 
[INFO] --- maven-install-plugin:2.5.2:install (default-install) @ commons-math4 ---
[INFO] Downloading: https://repo.maven.apache.org/maven2/commons-codec/commons-codec/1.6/commons-codec-1.6.pom
[INFO] Downloaded: https://repo.maven.apache.org/maven2/commons-codec/commons-codec/1.6/commons-codec-1.6.pom (11 kB at 858 kB/s)
[INFO] Downloading: https://repo.maven.apache.org/maven2/org/apache/maven/shared/maven-shared-utils/0.4/maven-shared-utils-0.4.pom
[INFO] Downloaded: https://repo.maven.apache.org/maven2/org/apache/maven/shared/maven-shared-utils/0.4/maven-shared-utils-0.4.pom (4.0 kB at 578 kB/s)
[INFO] Installing /tmp/jKali_Bugs.jar_Commons-Math_a06a1584/target/commons-math4-4.0-SNAPSHOT.jar to /tmp/jKali_Bugs.jar_Commons-Math_a06a1584/.m2/org/apache/commons/commons-math4/4.0-SNAPSHOT/commons-math4-4.0-SNAPSHOT.jar
[INFO] Installing /tmp/jKali_Bugs.jar_Commons-Math_a06a1584/pom.xml to /tmp/jKali_Bugs.jar_Commons-Math_a06a1584/.m2/org/apache/commons/commons-math4/4.0-SNAPSHOT/commons-math4-4.0-SNAPSHOT.pom
[INFO] Installing /tmp/jKali_Bugs.jar_Commons-Math_a06a1584/target/commons-math4-4.0-SNAPSHOT-tools.jar to /tmp/jKali_Bugs.jar_Commons-Math_a06a1584/.m2/org/apache/commons/commons-math4/4.0-SNAPSHOT/commons-math4-4.0-SNAPSHOT-tools.jar
[INFO] ------------------------------------------------------------------------
[INFO] BUILD SUCCESS
[INFO] ------------------------------------------------------------------------
[INFO] Total time: 16.928 s
[INFO] Finished at: 2019-08-21T13:47:23-07:00
[INFO] Final Memory: 53M/1869M
[INFO] ------------------------------------------------------------------------
