PID: 40211
honu.cs.washington.edu
Job started at Wed Aug 21 13:45:35 PDT 2019
[RESOURCES] There are too many threads running: 2967!
[RESOURCES] There are too many total processes running: 47!
Running patch plausibility analysis under Java-8 on the patch generated by jKali for Bugs.jar::Commons-Math-a06a1584::0
patch_plausibility.py script started at Wed Aug 21 13:46:31 PDT 2019
Switched to branch 'bugs-dot-jar_MATH-1211_a06a1584'
Picked up JAVA_TOOL_OPTIONS: -XX:CICompilerCount=2 -XX:ParallelGCThreads=2 -XX:ConcGCThreads=2  
Reinitialized existing Git repository in /tmp/jKali_Bugs.jar_Commons-Math_a06a1584/.git/
Checking patch src/main/java/org/apache/commons/math4/geometry/euclidean/threed/PolyhedronsSet.java...
Applied patch src/main/java/org/apache/commons/math4/geometry/euclidean/threed/PolyhedronsSet.java cleanly.
There was no 'Please refer to (.*) for the individual test results.' in the maven log file!
Checkout Bugs.jar_Commons-Math_a06a1584
Apply patch ...
Get module information
Compile Bugs.jar_Commons-Math_a06a1584
Run tests on Bugs.jar_Commons-Math_a06a1584
patch_plausibility.py script finished at Wed Aug 21 13:50:30 PDT 2019
Job finished at Wed Aug 21 13:50:30 PDT 2019
DONE!
