PID: 18062
honu.cs.washington.edu
Job started at Wed Aug 21 12:46:46 PDT 2019
Running patch plausibility analysis under Java-8 on the patch generated by jKali for Bears::traccar-traccar-267371558-268530427::0
patch_plausibility.py script started at Wed Aug 21 12:46:47 PDT 2019
Previous HEAD position was 721e17798 Changes in the tests This commit is based on the source code from the following commit: http://github.com/apache/incubator-dubbo/commit/5af18786003e832b0abb280b6f57322b4e7e9784 The mentioned commit triggered the following Travis build: http://travis-ci.org/apache/incubator-dubbo/builds/329773929.
Switched to branch 'traccar-traccar-267371558-268530427'
Note: checking out '578222a368172873c5709f45f490e47ca9d74be1'.

You are in 'detached HEAD' state. You can look around, make experimental
changes and commit them, and you can discard any commits you make in this
state without impacting any branches by performing another checkout.

If you want to create a new branch to retain commits you create, you may
do so (now or later) by using -b with the checkout command again. Example:

  git checkout -b <new-branch-name>

HEAD is now at 578222a36 Changes in the tests This commit is based on the source code from the following commit: http://github.com/traccar/traccar/commit/819bca366f89f237f19e52b7a916895ed1761fb9 The mentioned commit triggered the following Travis build: http://travis-ci.org/traccar/traccar/builds/268530427.
Picked up JAVA_TOOL_OPTIONS: -XX:CICompilerCount=2 -XX:ParallelGCThreads=2 -XX:ConcGCThreads=2  
Reinitialized existing Git repository in /tmp/jKali_Bears_traccar-traccar_267371558-268530427/.git/
Checking patch src/org/traccar/protocol/Gl200TextProtocolDecoder.java...
Applied patch src/org/traccar/protocol/Gl200TextProtocolDecoder.java cleanly.
There was no 'Please refer to (.*) for the individual test results.' in the maven log file!
Checkout Bears_traccar-traccar_267371558-268530427
Apply patch ...
Compile Bears_traccar-traccar_267371558-268530427
Run tests on Bears_traccar-traccar_267371558-268530427
patch_plausibility.py script finished at Wed Aug 21 12:48:28 PDT 2019
Job finished at Wed Aug 21 12:48:28 PDT 2019
DONE!
