PID: 11277
honu.cs.washington.edu
Job started at Tue Aug 20 23:50:16 PDT 2019
[RESOURCES] There are too many total processes running: 51!
[RESOURCES] There are too many total processes running: 40!
[RESOURCES] There are too many total processes running: 44!
[RESOURCES] There are too many total processes running: 53!
Running patch plausibility analysis under Java-7 on the patch generated by DynaMoth for Bugs.jar::Commons-Math-86545dab::7
patch_plausibility.py script started at Tue Aug 20 23:51:56 PDT 2019
Switched to branch 'bugs-dot-jar_MATH-996_86545dab'
Reinitialized existing Git repository in /tmp/DynaMoth_Bugs.jar_Commons-Math_86545dab/.git/
Checking patch src/main/java/org/apache/commons/math3/optimization/direct/BOBYQAOptimizer.java...
Applied patch src/main/java/org/apache/commons/math3/optimization/direct/BOBYQAOptimizer.java cleanly.
Checkout Bugs.jar_Commons-Math_86545dab
Apply patch ...
Compile Bugs.jar_Commons-Math_86545dab
Run tests on Bugs.jar_Commons-Math_86545dab
patch_plausibility.py script finished at Tue Aug 20 23:55:27 PDT 2019
Job finished at Tue Aug 20 23:55:27 PDT 2019
DONE!
