PID: 29689
honu.cs.washington.edu
Job started at Tue Aug 20 23:38:21 PDT 2019
[RESOURCES] There are too many total processes running: 38!
[RESOURCES] There are too many total processes running: 44!
[RESOURCES] There are too many total processes running: 38!
Running patch plausibility analysis under Java-7 on the patch generated by jMutRepair for Bugs.jar::Commons-Math-596ccd59::0
patch_plausibility.py script started at Tue Aug 20 23:39:19 PDT 2019
Switched to branch 'bugs-dot-jar_MATH-1165_596ccd59'
Picked up JAVA_TOOL_OPTIONS: -XX:CICompilerCount=2 -XX:ParallelGCThreads=2 -XX:ConcGCThreads=2  
Reinitialized existing Git repository in /tmp/jMutRepair_Bugs.jar_Commons-Math_596ccd59/.git/
Skipped patch '/tmp/jMutRepair_Bug_dot_jar_Commons-Math_596ccd59/src/main/java/org/apache/commons/math3/ml/clustering/FuzzyKMeansClustererjava'.
Checkout Bugs.jar_Commons-Math_596ccd59
Apply patch ...
Get module information
Compile Bugs.jar_Commons-Math_596ccd59
Run tests on Bugs.jar_Commons-Math_596ccd59
patch_plausibility.py script finished at Tue Aug 20 23:43:48 PDT 2019
Job finished at Tue Aug 20 23:43:48 PDT 2019
DONE!
