PID: 25125
honu.cs.washington.edu
Job started at Wed Aug 21 12:47:25 PDT 2019
[RESOURCES] There are too many total processes running: 62!
[RESOURCES] There are too many total processes running: 51!
[RESOURCES] There are too many total processes running: 49!
[RESOURCES] There are too many total processes running: 49!
[RESOURCES] There are too many total processes running: 43!
Running patch plausibility analysis under Java-8 on the patch generated by Arja for IntroClassJava::smallest-346b1d3c1cdc3032d07222a8a5e0027a2abf95bb1697b9d367d7cca7db1af769d8298e232c56471a122f05e87e79f4bd965855c9c0f8b173ebc0ef5d0abebc7b-005::0
patch_plausibility.py script started at Wed Aug 21 12:48:53 PDT 2019
Initialized empty Git repository in /tmp/Arja_IntroClassJava_smallest_346b1d3c1cdc3032d07222a8a5e0027a2abf95bb1697b9d367d7cca7db1af769d8298e232c56471a122f05e87e79f4bd965855c9c0f8b173ebc0ef5d0abebc7b-005/.git/
Checking patch src/main/java/introclassJava/smallest_346b1d3c_005.java...
Applied patch src/main/java/introclassJava/smallest_346b1d3c_005.java cleanly.
There was no 'Please refer to (.*) for the individual test results.' in the maven log file!
Checkout IntroClassJava_smallest_346b1d3c1cdc3032d07222a8a5e0027a2abf95bb1697b9d367d7cca7db1af769d8298e232c56471a122f05e87e79f4bd965855c9c0f8b173ebc0ef5d0abebc7b-005
Apply patch ...
Compile IntroClassJava_smallest_346b1d3c1cdc3032d07222a8a5e0027a2abf95bb1697b9d367d7cca7db1af769d8298e232c56471a122f05e87e79f4bd965855c9c0f8b173ebc0ef5d0abebc7b-005
Run tests on IntroClassJava_smallest_346b1d3c1cdc3032d07222a8a5e0027a2abf95bb1697b9d367d7cca7db1af769d8298e232c56471a122f05e87e79f4bd965855c9c0f8b173ebc0ef5d0abebc7b-005
patch_plausibility.py script finished at Wed Aug 21 12:49:09 PDT 2019
Job finished at Wed Aug 21 12:49:09 PDT 2019
DONE!
