PID: 11319
honu.cs.washington.edu
Job started at Wed Aug 21 12:46:02 PDT 2019
[RESOURCES] There are too many total processes running: 40!
Running patch plausibility analysis under Java-8 on the patch generated by Cardumen for Bears::apache-incubator-dubbo-329355311-329773929::0
patch_plausibility.py script started at Wed Aug 21 12:46:13 PDT 2019
Previous HEAD position was 110f3660d Changes in the tests This commit is based on the source code from the following commit: http://github.com/traccar/traccar/commit/3155b8697a9b3f8023e085a766a439eee4c058db The mentioned commit triggered the following Travis build: http://travis-ci.org/traccar/traccar/builds/195455832.
Switched to branch 'apache-incubator-dubbo-329355311-329773929'
Note: checking out '721e1779885f0f74d1167750b64750f1e48195b0'.

You are in 'detached HEAD' state. You can look around, make experimental
changes and commit them, and you can discard any commits you make in this
state without impacting any branches by performing another checkout.

If you want to create a new branch to retain commits you create, you may
do so (now or later) by using -b with the checkout command again. Example:

  git checkout -b <new-branch-name>

HEAD is now at 721e17798 Changes in the tests This commit is based on the source code from the following commit: http://github.com/apache/incubator-dubbo/commit/5af18786003e832b0abb280b6f57322b4e7e9784 The mentioned commit triggered the following Travis build: http://travis-ci.org/apache/incubator-dubbo/builds/329773929.
Picked up JAVA_TOOL_OPTIONS: -XX:CICompilerCount=2 -XX:ParallelGCThreads=2 -XX:ConcGCThreads=2  
Reinitialized existing Git repository in /tmp/Cardumen_Bears_apache-incubator-dubbo_329355311-329773929/.git/
Checking patch dubbo-cluster/src/main/java/com/alibaba/dubbo/rpc/cluster/router/condition/ConditionRouter.java...
Applied patch dubbo-cluster/src/main/java/com/alibaba/dubbo/rpc/cluster/router/condition/ConditionRouter.java cleanly.
Checkout Bears_apache-incubator-dubbo_329355311-329773929
Apply patch ...
Compile Bears_apache-incubator-dubbo_329355311-329773929
Run tests on Bears_apache-incubator-dubbo_329355311-329773929
patch_plausibility.py script finished at Wed Aug 21 12:50:33 PDT 2019
Job finished at Wed Aug 21 12:50:33 PDT 2019
DONE!
