Picked up JAVA_TOOL_OPTIONS: -XX:CICompilerCount=2 -XX:ParallelGCThreads=2 -XX:ConcGCThreads=2 -Djdk.net.URLClassPath.disableClassPathURLCheck=true 
Picked up _JAVA_OPTIONS: -Djdk.net.URLClassPath.disableClassPathURLCheck=true
Apache Maven 3.5.0 (Red Hat 3.5.0-4.3)
Maven home: /opt/rh/rh-maven35/root/usr/share/maven
Java version: 1.8.0_181, vendor: Oracle Corporation
Java home: /scratch/rjust/projects/calling-bs/repair-them-all/RepairThemAll/jdks/jdk1.8.0_181/jre
Default locale: en_US, platform encoding: UTF-8
OS name: "linux", version: "4.14.132-1.el7.retpoline.x86_64", arch: "amd64", family: "unix"
[INFO] Scanning for projects...
[INFO] Inspecting build with total of 1 modules...
[INFO] Installing Nexus Staging features:
[INFO]   ... total of 1 executions of maven-deploy-plugin replaced with nexus-staging-maven-plugin
[INFO] 
[INFO] ------------------------------------------------------------------------
[INFO] Building Libra 1.0.3
[INFO] ------------------------------------------------------------------------
[INFO] 
[INFO] --- jacoco-maven-plugin:0.7.9:prepare-agent (prepare-agent) @ joo-libra ---
[INFO] Downloading: https://repo.maven.apache.org/maven2/junit/junit/4.8.2/junit-4.8.2.pom
[INFO] Downloaded: https://repo.maven.apache.org/maven2/junit/junit/4.8.2/junit-4.8.2.pom (1.5 kB at 5.5 kB/s)
[INFO] Downloading: https://repo.maven.apache.org/maven2/org/codehaus/plexus/plexus-utils/3.0.22/plexus-utils-3.0.22.pom
[INFO] Downloaded: https://repo.maven.apache.org/maven2/org/codehaus/plexus/plexus-utils/3.0.22/plexus-utils-3.0.22.pom (3.8 kB at 319 kB/s)
[INFO] Downloading: https://repo.maven.apache.org/maven2/org/apache/maven/reporting/maven-reporting-impl/2.1/maven-reporting-impl-2.1.pom
[INFO] Downloaded: https://repo.maven.apache.org/maven2/org/apache/maven/reporting/maven-reporting-impl/2.1/maven-reporting-impl-2.1.pom (4.5 kB at 411 kB/s)
[INFO] Downloading: https://repo.maven.apache.org/maven2/org/apache/maven/maven-project/2.0.10/maven-project-2.0.10.pom
[INFO] Downloaded: https://repo.maven.apache.org/maven2/org/apache/maven/maven-project/2.0.10/maven-project-2.0.10.pom (2.8 kB at 237 kB/s)
[INFO] Downloading: https://repo.maven.apache.org/maven2/org/apache/maven/maven/2.0.10/maven-2.0.10.pom
[INFO] Downloaded: https://repo.maven.apache.org/maven2/org/apache/maven/maven/2.0.10/maven-2.0.10.pom (24 kB at 899 kB/s)
[INFO] Downloading: https://repo.maven.apache.org/maven2/org/apache/maven/maven-settings/2.0.10/maven-settings-2.0.10.pom
[INFO] Downloaded: https://repo.maven.apache.org/maven2/org/apache/maven/maven-settings/2.0.10/maven-settings-2.0.10.pom (2.2 kB at 224 kB/s)
[INFO] Downloading: https://repo.maven.apache.org/maven2/org/apache/maven/maven-model/2.0.10/maven-model-2.0.10.pom
[INFO] Downloaded: https://repo.maven.apache.org/maven2/org/apache/maven/maven-model/2.0.10/maven-model-2.0.10.pom (3.3 kB at 303 kB/s)
[INFO] Downloading: https://repo.maven.apache.org/maven2/org/codehaus/plexus/plexus-interpolation/1.1/plexus-interpolation-1.1.pom
[INFO] Downloaded: https://repo.maven.apache.org/maven2/org/codehaus/plexus/plexus-interpolation/1.1/plexus-interpolation-1.1.pom (1.4 kB at 80 kB/s)
[INFO] Downloading: https://repo.maven.apache.org/maven2/org/apache/maven/maven-profile/2.0.10/maven-profile-2.0.10.pom
[INFO] Downloaded: https://repo.maven.apache.org/maven2/org/apache/maven/maven-profile/2.0.10/maven-profile-2.0.10.pom (2.1 kB at 233 kB/s)
[INFO] Downloading: https://repo.maven.apache.org/maven2/org/apache/maven/maven-artifact-manager/2.0.10/maven-artifact-manager-2.0.10.pom
[INFO] Downloaded: https://repo.maven.apache.org/maven2/org/apache/maven/maven-artifact-manager/2.0.10/maven-artifact-manager-2.0.10.pom (2.7 kB at 300 kB/s)
[INFO] Downloading: https://repo.maven.apache.org/maven2/org/apache/maven/maven-repository-metadata/2.0.10/maven-repository-metadata-2.0.10.pom
[INFO] Downloaded: https://repo.maven.apache.org/maven2/org/apache/maven/maven-repository-metadata/2.0.10/maven-repository-metadata-2.0.10.pom (2.3 kB at 232 kB/s)
[INFO] Downloading: https://repo.maven.apache.org/maven2/org/apache/maven/maven-artifact/2.0.10/maven-artifact-2.0.10.pom
[INFO] Downloaded: https://repo.maven.apache.org/maven2/org/apache/maven/maven-artifact/2.0.10/maven-artifact-2.0.10.pom (1.6 kB at 180 kB/s)
[INFO] Downloading: https://repo.maven.apache.org/maven2/org/apache/maven/maven-plugin-registry/2.0.10/maven-plugin-registry-2.0.10.pom
[INFO] Downloaded: https://repo.maven.apache.org/maven2/org/apache/maven/maven-plugin-registry/2.0.10/maven-plugin-registry-2.0.10.pom (2.0 kB at 202 kB/s)
[INFO] Downloading: https://repo.maven.apache.org/maven2/org/apache/maven/maven-plugin-api/2.0.10/maven-plugin-api-2.0.10.pom
[INFO] Downloaded: https://repo.maven.apache.org/maven2/org/apache/maven/maven-plugin-api/2.0.10/maven-plugin-api-2.0.10.pom (1.5 kB at 115 kB/s)
[INFO] Downloading: https://repo.maven.apache.org/maven2/org/apache/maven/doxia/doxia-sink-api/1.1.2/doxia-sink-api-1.1.2.pom
[INFO] Downloaded: https://repo.maven.apache.org/maven2/org/apache/maven/doxia/doxia-sink-api/1.1.2/doxia-sink-api-1.1.2.pom (1.6 kB at 197 kB/s)
[INFO] Downloading: https://repo.maven.apache.org/maven2/org/apache/maven/doxia/doxia/1.1.2/doxia-1.1.2.pom
[INFO] Downloaded: https://repo.maven.apache.org/maven2/org/apache/maven/doxia/doxia/1.1.2/doxia-1.1.2.pom (18 kB at 1.3 MB/s)
[INFO] Downloading: https://repo.maven.apache.org/maven2/org/apache/maven/doxia/doxia-logging-api/1.1.2/doxia-logging-api-1.1.2.pom
[INFO] Downloaded: https://repo.maven.apache.org/maven2/org/apache/maven/doxia/doxia-logging-api/1.1.2/doxia-logging-api-1.1.2.pom (1.6 kB at 176 kB/s)
[INFO] Downloading: https://repo.maven.apache.org/maven2/org/apache/maven/doxia/doxia-core/1.1.2/doxia-core-1.1.2.pom
[INFO] Downloaded: https://repo.maven.apache.org/maven2/org/apache/maven/doxia/doxia-core/1.1.2/doxia-core-1.1.2.pom (3.7 kB at 372 kB/s)
[INFO] Downloading: https://repo.maven.apache.org/maven2/org/codehaus/plexus/plexus-utils/1.5.12/plexus-utils-1.5.12.pom
[INFO] Downloaded: https://repo.maven.apache.org/maven2/org/codehaus/plexus/plexus-utils/1.5.12/plexus-utils-1.5.12.pom (5.6 kB at 512 kB/s)
[INFO] Downloading: https://repo.maven.apache.org/maven2/xerces/xercesImpl/2.8.1/xercesImpl-2.8.1.pom
[INFO] Downloaded: https://repo.maven.apache.org/maven2/xerces/xercesImpl/2.8.1/xercesImpl-2.8.1.pom (2.2 kB at 245 kB/s)
[INFO] Downloading: https://repo.maven.apache.org/maven2/xml-apis/xml-apis/1.3.03/xml-apis-1.3.03.pom
[INFO] Downloaded: https://repo.maven.apache.org/maven2/xml-apis/xml-apis/1.3.03/xml-apis-1.3.03.pom (738 B at 67 kB/s)
[INFO] Downloading: https://repo.maven.apache.org/maven2/org/apache/apache/1/apache-1.pom
[INFO] Downloaded: https://repo.maven.apache.org/maven2/org/apache/apache/1/apache-1.pom (3.4 kB at 379 kB/s)
[INFO] Downloading: https://repo.maven.apache.org/maven2/commons-httpclient/commons-httpclient/3.1/commons-httpclient-3.1.pom
[INFO] Downloaded: https://repo.maven.apache.org/maven2/commons-httpclient/commons-httpclient/3.1/commons-httpclient-3.1.pom (7.8 kB at 706 kB/s)
[INFO] Downloading: https://repo.maven.apache.org/maven2/commons-codec/commons-codec/1.2/commons-codec-1.2.pom
[INFO] Downloaded: https://repo.maven.apache.org/maven2/commons-codec/commons-codec/1.2/commons-codec-1.2.pom (3.8 kB at 348 kB/s)
[INFO] Downloading: https://repo.maven.apache.org/maven2/org/apache/maven/doxia/doxia-site-renderer/1.1.2/doxia-site-renderer-1.1.2.pom
[INFO] Downloaded: https://repo.maven.apache.org/maven2/org/apache/maven/doxia/doxia-site-renderer/1.1.2/doxia-site-renderer-1.1.2.pom (6.1 kB at 612 kB/s)
[INFO] Downloading: https://repo.maven.apache.org/maven2/org/apache/maven/doxia/doxia-sitetools/1.1.2/doxia-sitetools-1.1.2.pom
[INFO] Downloaded: https://repo.maven.apache.org/maven2/org/apache/maven/doxia/doxia-sitetools/1.1.2/doxia-sitetools-1.1.2.pom (15 kB at 1.4 MB/s)
[INFO] Downloading: https://repo.maven.apache.org/maven2/org/apache/maven/doxia/doxia-decoration-model/1.1.2/doxia-decoration-model-1.1.2.pom
[INFO] Downloaded: https://repo.maven.apache.org/maven2/org/apache/maven/doxia/doxia-decoration-model/1.1.2/doxia-decoration-model-1.1.2.pom (3.0 kB at 331 kB/s)
[INFO] Downloading: https://repo.maven.apache.org/maven2/org/apache/maven/doxia/doxia-module-xhtml/1.1.2/doxia-module-xhtml-1.1.2.pom
[INFO] Downloaded: https://repo.maven.apache.org/maven2/org/apache/maven/doxia/doxia-module-xhtml/1.1.2/doxia-module-xhtml-1.1.2.pom (1.6 kB at 200 kB/s)
[INFO] Downloading: https://repo.maven.apache.org/maven2/org/apache/maven/doxia/doxia-modules/1.1.2/doxia-modules-1.1.2.pom
[INFO] Downloaded: https://repo.maven.apache.org/maven2/org/apache/maven/doxia/doxia-modules/1.1.2/doxia-modules-1.1.2.pom (2.4 kB at 305 kB/s)
[INFO] Downloading: https://repo.maven.apache.org/maven2/org/apache/maven/doxia/doxia-module-fml/1.1.2/doxia-module-fml-1.1.2.pom
[INFO] Downloaded: https://repo.maven.apache.org/maven2/org/apache/maven/doxia/doxia-module-fml/1.1.2/doxia-module-fml-1.1.2.pom (5.5 kB at 611 kB/s)
[INFO] Downloading: https://repo.maven.apache.org/maven2/org/jacoco/org.jacoco.agent/0.7.9/org.jacoco.agent-0.7.9.pom
[INFO] Downloaded: https://repo.maven.apache.org/maven2/org/jacoco/org.jacoco.agent/0.7.9/org.jacoco.agent-0.7.9.pom (3.5 kB at 392 kB/s)
[INFO] Downloading: https://repo.maven.apache.org/maven2/org/jacoco/org.jacoco.core/0.7.9/org.jacoco.core-0.7.9.pom
[INFO] Downloaded: https://repo.maven.apache.org/maven2/org/jacoco/org.jacoco.core/0.7.9/org.jacoco.core-0.7.9.pom (1.9 kB at 190 kB/s)
[INFO] Downloading: https://repo.maven.apache.org/maven2/org/ow2/asm/asm-debug-all/5.2/asm-debug-all-5.2.pom
[INFO] Downloaded: https://repo.maven.apache.org/maven2/org/ow2/asm/asm-debug-all/5.2/asm-debug-all-5.2.pom (2.0 kB at 180 kB/s)
[INFO] Downloading: https://repo.maven.apache.org/maven2/org/ow2/asm/asm-parent/5.2/asm-parent-5.2.pom
[INFO] Downloaded: https://repo.maven.apache.org/maven2/org/ow2/asm/asm-parent/5.2/asm-parent-5.2.pom (5.5 kB at 610 kB/s)
[INFO] Downloading: https://repo.maven.apache.org/maven2/org/jacoco/org.jacoco.report/0.7.9/org.jacoco.report-0.7.9.pom
[INFO] Downloaded: https://repo.maven.apache.org/maven2/org/jacoco/org.jacoco.report/0.7.9/org.jacoco.report-0.7.9.pom (2.0 kB at 203 kB/s)
[INFO] Downloading: https://repo.maven.apache.org/maven2/org/apache/maven/doxia/doxia-sink-api/1.1/doxia-sink-api-1.1.jar
[INFO] Downloading: https://repo.maven.apache.org/maven2/org/apache/maven/doxia/doxia-logging-api/1.1/doxia-logging-api-1.1.jar
[INFO] Downloading: https://repo.maven.apache.org/maven2/junit/junit/4.8.2/junit-4.8.2.jar
[INFO] Downloading: https://repo.maven.apache.org/maven2/org/apache/maven/doxia/doxia-core/1.1.2/doxia-core-1.1.2.jar
[INFO] Downloading: https://repo.maven.apache.org/maven2/xerces/xercesImpl/2.8.1/xercesImpl-2.8.1.jar
[INFO] Downloaded: https://repo.maven.apache.org/maven2/org/apache/maven/doxia/doxia-logging-api/1.1/doxia-logging-api-1.1.jar (11 kB at 344 kB/s)
[INFO] Downloading: https://repo.maven.apache.org/maven2/commons-httpclient/commons-httpclient/3.1/commons-httpclient-3.1.jar
[INFO] Downloaded: https://repo.maven.apache.org/maven2/org/apache/maven/doxia/doxia-sink-api/1.1/doxia-sink-api-1.1.jar (13 kB at 217 kB/s)
[INFO] Downloading: https://repo.maven.apache.org/maven2/commons-codec/commons-codec/1.2/commons-codec-1.2.jar
[INFO] Downloaded: https://repo.maven.apache.org/maven2/commons-codec/commons-codec/1.2/commons-codec-1.2.jar (30 kB at 169 kB/s)
[INFO] Downloading: https://repo.maven.apache.org/maven2/org/apache/maven/doxia/doxia-site-renderer/1.1.2/doxia-site-renderer-1.1.2.jar
[INFO] Downloaded: https://repo.maven.apache.org/maven2/org/apache/maven/doxia/doxia-site-renderer/1.1.2/doxia-site-renderer-1.1.2.jar (50 kB at 255 kB/s)
[INFO] Downloading: https://repo.maven.apache.org/maven2/org/apache/maven/doxia/doxia-decoration-model/1.1.2/doxia-decoration-model-1.1.2.jar
[INFO] Downloaded: https://repo.maven.apache.org/maven2/org/apache/maven/doxia/doxia-core/1.1.2/doxia-core-1.1.2.jar (158 kB at 768 kB/s)
[INFO] Downloading: https://repo.maven.apache.org/maven2/org/apache/maven/doxia/doxia-module-xhtml/1.1.2/doxia-module-xhtml-1.1.2.jar
[INFO] Downloaded: https://repo.maven.apache.org/maven2/org/apache/maven/doxia/doxia-module-xhtml/1.1.2/doxia-module-xhtml-1.1.2.jar (15 kB at 70 kB/s)
[INFO] Downloaded: https://repo.maven.apache.org/maven2/org/apache/maven/doxia/doxia-decoration-model/1.1.2/doxia-decoration-model-1.1.2.jar (52 kB at 244 kB/s)
[INFO] Downloading: https://repo.maven.apache.org/maven2/org/apache/maven/doxia/doxia-module-fml/1.1.2/doxia-module-fml-1.1.2.jar
[INFO] Downloading: https://repo.maven.apache.org/maven2/commons-collections/commons-collections/3.2/commons-collections-3.2.jar
[INFO] Downloaded: https://repo.maven.apache.org/maven2/junit/junit/4.8.2/junit-4.8.2.jar (237 kB at 1.0 MB/s)
[INFO] Downloading: https://repo.maven.apache.org/maven2/org/ow2/asm/asm-debug-all/5.2/asm-debug-all-5.2.jar
[INFO] Downloaded: https://repo.maven.apache.org/maven2/org/apache/maven/doxia/doxia-module-fml/1.1.2/doxia-module-fml-1.1.2.jar (37 kB at 161 kB/s)
[INFO] Downloaded: https://repo.maven.apache.org/maven2/commons-httpclient/commons-httpclient/3.1/commons-httpclient-3.1.jar (305 kB at 1.3 MB/s)
[INFO] Downloaded: https://repo.maven.apache.org/maven2/org/ow2/asm/asm-debug-all/5.2/asm-debug-all-5.2.jar (388 kB at 1.5 MB/s)
[INFO] Downloaded: https://repo.maven.apache.org/maven2/commons-collections/commons-collections/3.2/commons-collections-3.2.jar (571 kB at 2.1 MB/s)
[INFO] Downloaded: https://repo.maven.apache.org/maven2/xerces/xercesImpl/2.8.1/xercesImpl-2.8.1.jar (1.2 MB at 4.3 MB/s)
[INFO] Skipping JaCoCo execution because property jacoco.skip is set.
[INFO] argLine set to empty
[INFO] 
[INFO] --- maven-resources-plugin:2.6:resources (default-resources) @ joo-libra ---
[INFO] Using 'UTF-8' encoding to copy filtered resources.
[INFO] skip non existing resourceDirectory /tmp/Arja_Bears_dungba88-libra_436514153-436524727/src/main/resources
[INFO] 
[INFO] --- maven-compiler-plugin:3.1:compile (default-compile) @ joo-libra ---
[INFO] Changes detected - recompiling the module!
[INFO] Compiling 59 source files to /tmp/Arja_Bears_dungba88-libra_436514153-436524727/target/classes
[INFO] 
[INFO] --- maven-resources-plugin:2.6:testResources (default-testResources) @ joo-libra ---
[INFO] Using 'UTF-8' encoding to copy filtered resources.
[INFO] skip non existing resourceDirectory /tmp/Arja_Bears_dungba88-libra_436514153-436524727/src/test/resources
[INFO] 
[INFO] --- maven-compiler-plugin:3.1:testCompile (default-testCompile) @ joo-libra ---
[INFO] Changes detected - recompiling the module!
[INFO] Compiling 12 source files to /tmp/Arja_Bears_dungba88-libra_436514153-436524727/target/test-classes
[INFO] 
[INFO] --- maven-surefire-plugin:2.12.4:test (default-test) @ joo-libra ---
[INFO] Tests are skipped.
[INFO] 
[INFO] --- jacoco-maven-plugin:0.7.9:report (default-report) @ joo-libra ---
[INFO] Skipping JaCoCo execution because property jacoco.skip is set.
[INFO] 
[INFO] --- maven-jar-plugin:2.4:jar (default-jar) @ joo-libra ---
[INFO] Building jar: /tmp/Arja_Bears_dungba88-libra_436514153-436524727/target/joo-libra-1.0.3.jar
[INFO] 
[INFO] --- maven-source-plugin:2.2.1:jar-no-fork (attach-sources) @ joo-libra ---
[INFO] Downloading: https://repo.maven.apache.org/maven2/org/codehaus/plexus/plexus-archiver/2.2/plexus-archiver-2.2.pom
[INFO] Downloaded: https://repo.maven.apache.org/maven2/org/codehaus/plexus/plexus-archiver/2.2/plexus-archiver-2.2.pom (3.2 kB at 189 kB/s)
[INFO] Downloading: https://repo.maven.apache.org/maven2/org/codehaus/plexus/plexus-components/1.1.20/plexus-components-1.1.20.pom
[INFO] Downloaded: https://repo.maven.apache.org/maven2/org/codehaus/plexus/plexus-components/1.1.20/plexus-components-1.1.20.pom (3.0 kB at 431 kB/s)
[INFO] Downloading: https://repo.maven.apache.org/maven2/org/codehaus/plexus/plexus-utils/3.0.7/plexus-utils-3.0.7.pom
[INFO] Downloaded: https://repo.maven.apache.org/maven2/org/codehaus/plexus/plexus-utils/3.0.7/plexus-utils-3.0.7.pom (2.5 kB at 359 kB/s)
[INFO] Downloading: https://repo.maven.apache.org/maven2/org/codehaus/plexus/plexus-io/2.0.4/plexus-io-2.0.4.pom
[INFO] Downloaded: https://repo.maven.apache.org/maven2/org/codehaus/plexus/plexus-io/2.0.4/plexus-io-2.0.4.pom (1.7 kB at 173 kB/s)
[INFO] Downloading: https://repo.maven.apache.org/maven2/org/codehaus/plexus/plexus-io/2.0.4/plexus-io-2.0.4.jar
[INFO] Downloaded: https://repo.maven.apache.org/maven2/org/codehaus/plexus/plexus-io/2.0.4/plexus-io-2.0.4.jar (58 kB at 4.9 MB/s)
[INFO] Building jar: /tmp/Arja_Bears_dungba88-libra_436514153-436524727/target/joo-libra-1.0.3-sources.jar
[INFO] 
[INFO] --- maven-javadoc-plugin:2.9.1:jar (attach-javadocs) @ joo-libra ---
[INFO] Downloading: https://repo.maven.apache.org/maven2/org/apache/maven/shared/maven-invoker/2.0.9/maven-invoker-2.0.9.pom
[INFO] Downloaded: https://repo.maven.apache.org/maven2/org/apache/maven/shared/maven-invoker/2.0.9/maven-invoker-2.0.9.pom (5.8 kB at 825 kB/s)
[INFO] Downloading: https://repo.maven.apache.org/maven2/org/codehaus/plexus/plexus-utils/1.4.9/plexus-utils-1.4.9.pom
[INFO] Downloaded: https://repo.maven.apache.org/maven2/org/codehaus/plexus/plexus-utils/1.4.9/plexus-utils-1.4.9.pom (2.3 kB at 287 kB/s)
[INFO] Downloading: https://repo.maven.apache.org/maven2/org/apache/maven/wagon/wagon-provider-api/1.0-beta-6/wagon-provider-api-1.0-beta-6.pom
[INFO] Downloaded: https://repo.maven.apache.org/maven2/org/apache/maven/wagon/wagon-provider-api/1.0-beta-6/wagon-provider-api-1.0-beta-6.pom (1.8 kB at 88 kB/s)
[INFO] Downloading: https://repo.maven.apache.org/maven2/org/apache/maven/wagon/wagon/1.0-beta-6/wagon-1.0-beta-6.pom
[INFO] Downloaded: https://repo.maven.apache.org/maven2/org/apache/maven/wagon/wagon/1.0-beta-6/wagon-1.0-beta-6.pom (12 kB at 1.5 MB/s)
[INFO] Downloading: https://repo.maven.apache.org/maven2/org/codehaus/plexus/plexus-utils/1.4.2/plexus-utils-1.4.2.pom
[INFO] Downloaded: https://repo.maven.apache.org/maven2/org/codehaus/plexus/plexus-utils/1.4.2/plexus-utils-1.4.2.pom (2.0 kB at 280 kB/s)
[INFO] Downloading: https://repo.maven.apache.org/maven2/commons-io/commons-io/2.2/commons-io-2.2.pom
[INFO] Downloaded: https://repo.maven.apache.org/maven2/commons-io/commons-io/2.2/commons-io-2.2.pom (11 kB at 1.6 MB/s)
[INFO] Downloading: https://repo.maven.apache.org/maven2/org/apache/commons/commons-parent/24/commons-parent-24.pom
[INFO] Downloaded: https://repo.maven.apache.org/maven2/org/apache/commons/commons-parent/24/commons-parent-24.pom (47 kB at 5.3 MB/s)
[INFO] Downloading: https://repo.maven.apache.org/maven2/org/apache/httpcomponents/httpclient/4.2.3/httpclient-4.2.3.pom
[INFO] Downloaded: https://repo.maven.apache.org/maven2/org/apache/httpcomponents/httpclient/4.2.3/httpclient-4.2.3.pom (5.9 kB at 739 kB/s)
[INFO] Downloading: https://repo.maven.apache.org/maven2/org/apache/httpcomponents/httpcomponents-client/4.2.3/httpcomponents-client-4.2.3.pom
[INFO] Downloaded: https://repo.maven.apache.org/maven2/org/apache/httpcomponents/httpcomponents-client/4.2.3/httpcomponents-client-4.2.3.pom (15 kB at 1.8 MB/s)
[INFO] Downloading: https://repo.maven.apache.org/maven2/org/apache/httpcomponents/project/6/project-6.pom
[INFO] Downloaded: https://repo.maven.apache.org/maven2/org/apache/httpcomponents/project/6/project-6.pom (24 kB at 3.4 MB/s)
[INFO] Downloading: https://repo.maven.apache.org/maven2/org/apache/httpcomponents/httpcore/4.2.2/httpcore-4.2.2.pom
[INFO] Downloaded: https://repo.maven.apache.org/maven2/org/apache/httpcomponents/httpcore/4.2.2/httpcore-4.2.2.pom (5.7 kB at 406 kB/s)
[INFO] Downloading: https://repo.maven.apache.org/maven2/org/apache/httpcomponents/httpcomponents-core/4.2.2/httpcomponents-core-4.2.2.pom
[INFO] Downloaded: https://repo.maven.apache.org/maven2/org/apache/httpcomponents/httpcomponents-core/4.2.2/httpcomponents-core-4.2.2.pom (11 kB at 675 kB/s)
[INFO] Downloading: https://repo.maven.apache.org/maven2/log4j/log4j/1.2.14/log4j-1.2.14.pom
[INFO] Downloaded: https://repo.maven.apache.org/maven2/log4j/log4j/1.2.14/log4j-1.2.14.pom (2.4 kB at 339 kB/s)
[INFO] Downloading: https://repo.maven.apache.org/maven2/com/thoughtworks/qdox/qdox/1.12.1/qdox-1.12.1.pom
[INFO] Downloaded: https://repo.maven.apache.org/maven2/com/thoughtworks/qdox/qdox/1.12.1/qdox-1.12.1.pom (18 kB at 1.4 MB/s)
[INFO] Downloading: https://repo.maven.apache.org/maven2/org/codehaus/plexus/plexus-archiver/2.1.2/plexus-archiver-2.1.2.pom
[INFO] Downloaded: https://repo.maven.apache.org/maven2/org/codehaus/plexus/plexus-archiver/2.1.2/plexus-archiver-2.1.2.pom (3.8 kB at 378 kB/s)
[INFO] Downloading: https://repo.maven.apache.org/maven2/org/codehaus/plexus/plexus-utils/3.0.2/plexus-utils-3.0.2.pom
[INFO] Downloaded: https://repo.maven.apache.org/maven2/org/codehaus/plexus/plexus-utils/3.0.2/plexus-utils-3.0.2.pom (2.5 kB at 228 kB/s)
[INFO] Downloading: https://repo.maven.apache.org/maven2/commons-cli/commons-cli/1.2/commons-cli-1.2.jar
[INFO] Downloading: https://repo.maven.apache.org/maven2/org/apache/httpcomponents/httpcore/4.2.2/httpcore-4.2.2.jar
[INFO] Downloaded: https://repo.maven.apache.org/maven2/commons-cli/commons-cli/1.2/commons-cli-1.2.jar (41 kB at 1.4 MB/s)
[INFO] Downloaded: https://repo.maven.apache.org/maven2/org/apache/httpcomponents/httpcore/4.2.2/httpcore-4.2.2.jar (224 kB at 5.7 MB/s)
[INFO] 
Loading source files for package org.joo.libra...
Loading source files for package org.joo.libra.collection...
Loading source files for package org.joo.libra.common...
Loading source files for package org.joo.libra.logic...
Loading source files for package org.joo.libra.numeric...
Loading source files for package org.joo.libra.pointer...
Loading source files for package org.joo.libra.sql...
Loading source files for package org.joo.libra.sql.antlr...
Loading source files for package org.joo.libra.sql.node...
Loading source files for package org.joo.libra.sql.optimizers...
Loading source files for package org.joo.libra.support...
Loading source files for package org.joo.libra.text...
Constructing Javadoc information...
Standard Doclet version 1.8.0_181
Building tree for all the packages and classes...
Generating /tmp/Arja_Bears_dungba88-libra_436514153-436524727/target/apidocs/org/joo/libra/Predicate.html...
Generating /tmp/Arja_Bears_dungba88-libra_436514153-436524727/target/apidocs/org/joo/libra/PredicateContext.html...
Generating /tmp/Arja_Bears_dungba88-libra_436514153-436524727/target/apidocs/org/joo/libra/collection/InPredicate.html...
Generating /tmp/Arja_Bears_dungba88-libra_436514153-436524727/target/apidocs/org/joo/libra/common/BinaryPredicate.html...
Generating /tmp/Arja_Bears_dungba88-libra_436514153-436524727/target/apidocs/org/joo/libra/common/CompositionPredicate.html...
Generating /tmp/Arja_Bears_dungba88-libra_436514153-436524727/target/apidocs/org/joo/libra/common/HasValue.html...
Generating /tmp/Arja_Bears_dungba88-libra_436514153-436524727/target/apidocs/org/joo/libra/common/SimpleHasValue.html...
Generating /tmp/Arja_Bears_dungba88-libra_436514153-436524727/target/apidocs/org/joo/libra/common/SimplePredicate.html...
Generating /tmp/Arja_Bears_dungba88-libra_436514153-436524727/target/apidocs/org/joo/libra/logic/AndPredicate.html...
Generating /tmp/Arja_Bears_dungba88-libra_436514153-436524727/target/apidocs/org/joo/libra/logic/EqualsPredicate.html...
Generating /tmp/Arja_Bears_dungba88-libra_436514153-436524727/target/apidocs/org/joo/libra/logic/NotPredicate.html...
Generating /tmp/Arja_Bears_dungba88-libra_436514153-436524727/target/apidocs/org/joo/libra/logic/OrPredicate.html...
Generating /tmp/Arja_Bears_dungba88-libra_436514153-436524727/target/apidocs/org/joo/libra/numeric/GreaterEqualPredicate.html...
Generating /tmp/Arja_Bears_dungba88-libra_436514153-436524727/target/apidocs/org/joo/libra/numeric/GreaterPredicate.html...
Generating /tmp/Arja_Bears_dungba88-libra_436514153-436524727/target/apidocs/org/joo/libra/numeric/LessEqualPredicate.html...
Generating /tmp/Arja_Bears_dungba88-libra_436514153-436524727/target/apidocs/org/joo/libra/numeric/LessPredicate.html...
Generating /tmp/Arja_Bears_dungba88-libra_436514153-436524727/target/apidocs/org/joo/libra/numeric/NumericComparator.html...
Generating /tmp/Arja_Bears_dungba88-libra_436514153-436524727/target/apidocs/org/joo/libra/pointer/IsNullPredicate.html...
Generating /tmp/Arja_Bears_dungba88-libra_436514153-436524727/target/apidocs/org/joo/libra/pointer/VariablePredicate.html...
Generating /tmp/Arja_Bears_dungba88-libra_436514153-436524727/target/apidocs/org/joo/libra/sql/AbstractAntlrSqlPredicateParser.html...
Generating /tmp/Arja_Bears_dungba88-libra_436514153-436524727/target/apidocs/org/joo/libra/sql/AntlrSqlPredicateParser.html...
Generating /tmp/Arja_Bears_dungba88-libra_436514153-436524727/target/apidocs/org/joo/libra/sql/ObjectUtils.html...
Generating /tmp/Arja_Bears_dungba88-libra_436514153-436524727/target/apidocs/org/joo/libra/sql/SqlPredicate.html...
Generating /tmp/Arja_Bears_dungba88-libra_436514153-436524727/target/apidocs/org/joo/libra/sql/SqlPredicateParser.html...
Generating /tmp/Arja_Bears_dungba88-libra_436514153-436524727/target/apidocs/org/joo/libra/sql/SqlVisitor.html...
Generating /tmp/Arja_Bears_dungba88-libra_436514153-436524727/target/apidocs/org/joo/libra/sql/antlr/SqlLexer.html...
Generating /tmp/Arja_Bears_dungba88-libra_436514153-436524727/target/apidocs/org/joo/libra/sql/antlr/SqlParser.html...
Generating /tmp/Arja_Bears_dungba88-libra_436514153-436524727/target/apidocs/org/joo/libra/sql/antlr/SqlParser.AndExprContext.html...
Generating /tmp/Arja_Bears_dungba88-libra_436514153-436524727/target/apidocs/org/joo/libra/sql/antlr/SqlParser.BooleanExprContext.html...
Generating /tmp/Arja_Bears_dungba88-libra_436514153-436524727/target/apidocs/org/joo/libra/sql/antlr/SqlParser.CompareExprContext.html...
Generating /tmp/Arja_Bears_dungba88-libra_436514153-436524727/target/apidocs/org/joo/libra/sql/antlr/SqlParser.ContainsExprContext.html...
Generating /tmp/Arja_Bears_dungba88-libra_436514153-436524727/target/apidocs/org/joo/libra/sql/antlr/SqlParser.EmptyExprContext.html...
Generating /tmp/Arja_Bears_dungba88-libra_436514153-436524727/target/apidocs/org/joo/libra/sql/antlr/SqlParser.EqualExprContext.html...
Generating /tmp/Arja_Bears_dungba88-libra_436514153-436524727/target/apidocs/org/joo/libra/sql/antlr/SqlParser.ExpressionContext.html...
Generating /tmp/Arja_Bears_dungba88-libra_436514153-436524727/target/apidocs/org/joo/libra/sql/antlr/SqlParser.ExpressionExprContext.html...
Generating /tmp/Arja_Bears_dungba88-libra_436514153-436524727/target/apidocs/org/joo/libra/sql/antlr/SqlParser.FactorContext.html...
Generating /tmp/Arja_Bears_dungba88-libra_436514153-436524727/target/apidocs/org/joo/libra/sql/antlr/SqlParser.FactorExprContext.html...
Generating /tmp/Arja_Bears_dungba88-libra_436514153-436524727/target/apidocs/org/joo/libra/sql/antlr/SqlParser.MatchesExprContext.html...
Generating /tmp/Arja_Bears_dungba88-libra_436514153-436524727/target/apidocs/org/joo/libra/sql/antlr/SqlParser.MathExprContext.html...
Generating /tmp/Arja_Bears_dungba88-libra_436514153-436524727/target/apidocs/org/joo/libra/sql/antlr/SqlParser.NotEqualExprContext.html...
Generating /tmp/Arja_Bears_dungba88-libra_436514153-436524727/target/apidocs/org/joo/libra/sql/antlr/SqlParser.NotExprContext.html...
Generating /tmp/Arja_Bears_dungba88-libra_436514153-436524727/target/apidocs/org/joo/libra/sql/antlr/SqlParser.NullExprContext.html...
Generating /tmp/Arja_Bears_dungba88-libra_436514153-436524727/target/apidocs/org/joo/libra/sql/antlr/SqlParser.NumberExprContext.html...
Generating /tmp/Arja_Bears_dungba88-libra_436514153-436524727/target/apidocs/org/joo/libra/sql/antlr/SqlParser.OrExprContext.html...
Generating /tmp/Arja_Bears_dungba88-libra_436514153-436524727/target/apidocs/org/joo/libra/sql/antlr/SqlParser.ParenExprContext.html...
Generating /tmp/Arja_Bears_dungba88-libra_436514153-436524727/target/apidocs/org/joo/libra/sql/antlr/SqlParser.PredicateContext.html...
Generating /tmp/Arja_Bears_dungba88-libra_436514153-436524727/target/apidocs/org/joo/libra/sql/antlr/SqlParser.StringExprContext.html...
Generating /tmp/Arja_Bears_dungba88-libra_436514153-436524727/target/apidocs/org/joo/libra/sql/antlr/SqlParser.TermContext.html...
Generating /tmp/Arja_Bears_dungba88-libra_436514153-436524727/target/apidocs/org/joo/libra/sql/antlr/SqlParser.TermExprContext.html...
Generating /tmp/Arja_Bears_dungba88-libra_436514153-436524727/target/apidocs/org/joo/libra/sql/antlr/SqlParser.VariableExprContext.html...
Generating /tmp/Arja_Bears_dungba88-libra_436514153-436524727/target/apidocs/org/joo/libra/sql/antlr/SqlParserBaseVisitor.html...
Generating /tmp/Arja_Bears_dungba88-libra_436514153-436524727/target/apidocs/org/joo/libra/sql/antlr/SqlParserVisitor.html...
Generating /tmp/Arja_Bears_dungba88-libra_436514153-436524727/target/apidocs/org/joo/libra/sql/node/AbstractBinaryOpExpressionNode.html...
Generating /tmp/Arja_Bears_dungba88-libra_436514153-436524727/target/apidocs/org/joo/libra/sql/node/AndExpressionNode.html...
Generating /tmp/Arja_Bears_dungba88-libra_436514153-436524727/target/apidocs/org/joo/libra/sql/node/BooleanExpressionNode.html...
Generating /tmp/Arja_Bears_dungba88-libra_436514153-436524727/target/apidocs/org/joo/libra/sql/node/ContainsCompareExpressionNode.html...
Generating /tmp/Arja_Bears_dungba88-libra_436514153-436524727/target/apidocs/org/joo/libra/sql/node/EmptyExpressionNode.html...
Generating /tmp/Arja_Bears_dungba88-libra_436514153-436524727/target/apidocs/org/joo/libra/sql/node/ExpressionNode.html...
Generating /tmp/Arja_Bears_dungba88-libra_436514153-436524727/target/apidocs/org/joo/libra/sql/node/GenericCompareExpressionNode.html...
Generating /tmp/Arja_Bears_dungba88-libra_436514153-436524727/target/apidocs/org/joo/libra/sql/node/InfixExpressionNode.html...
Generating /tmp/Arja_Bears_dungba88-libra_436514153-436524727/target/apidocs/org/joo/libra/sql/node/LexicalCompareExpressionNode.html...
Generating /tmp/Arja_Bears_dungba88-libra_436514153-436524727/target/apidocs/org/joo/libra/sql/node/MathExpressionNode.html...
Generating /tmp/Arja_Bears_dungba88-libra_436514153-436524727/target/apidocs/org/joo/libra/sql/node/NotExpressionNode.html...
Generating /tmp/Arja_Bears_dungba88-libra_436514153-436524727/target/apidocs/org/joo/libra/sql/node/NumberExpressionNode.html...
Generating /tmp/Arja_Bears_dungba88-libra_436514153-436524727/target/apidocs/org/joo/libra/sql/node/NumericCompareExpressionNode.html...
Generating /tmp/Arja_Bears_dungba88-libra_436514153-436524727/target/apidocs/org/joo/libra/sql/node/ObjectExpressionNode.html...
Generating /tmp/Arja_Bears_dungba88-libra_436514153-436524727/target/apidocs/org/joo/libra/sql/node/OrExpressionNode.html...
Generating /tmp/Arja_Bears_dungba88-libra_436514153-436524727/target/apidocs/org/joo/libra/sql/node/StringExpressionNode.html...
Generating /tmp/Arja_Bears_dungba88-libra_436514153-436524727/target/apidocs/org/joo/libra/sql/node/UnaryExpressionNode.html...
Generating /tmp/Arja_Bears_dungba88-libra_436514153-436524727/target/apidocs/org/joo/libra/sql/node/ValueExpressionNode.html...
Generating /tmp/Arja_Bears_dungba88-libra_436514153-436524727/target/apidocs/org/joo/libra/sql/node/VariableExpressionNode.html...
Generating /tmp/Arja_Bears_dungba88-libra_436514153-436524727/target/apidocs/org/joo/libra/sql/optimizers/ConstantFoldingOptimizer.html...
Generating /tmp/Arja_Bears_dungba88-libra_436514153-436524727/target/apidocs/org/joo/libra/sql/optimizers/OptimizedAntlrSqlPredicateParser.html...
Generating /tmp/Arja_Bears_dungba88-libra_436514153-436524727/target/apidocs/org/joo/libra/sql/optimizers/Optimizer.html...
Generating /tmp/Arja_Bears_dungba88-libra_436514153-436524727/target/apidocs/org/joo/libra/sql/optimizers/OptimizeStatus.html...
Generating /tmp/Arja_Bears_dungba88-libra_436514153-436524727/target/apidocs/org/joo/libra/support/MalformedSyntaxException.html...
Generating /tmp/Arja_Bears_dungba88-libra_436514153-436524727/target/apidocs/org/joo/libra/support/PredicateExecutionException.html...
Generating /tmp/Arja_Bears_dungba88-libra_436514153-436524727/target/apidocs/org/joo/libra/support/PredicateValueException.html...
Generating /tmp/Arja_Bears_dungba88-libra_436514153-436524727/target/apidocs/org/joo/libra/text/ContainPredicate.html...
Generating /tmp/Arja_Bears_dungba88-libra_436514153-436524727/target/apidocs/org/joo/libra/text/EqualsIgnoreCase.html...
Generating /tmp/Arja_Bears_dungba88-libra_436514153-436524727/target/apidocs/org/joo/libra/text/IsEmptyPredicate.html...
Generating /tmp/Arja_Bears_dungba88-libra_436514153-436524727/target/apidocs/org/joo/libra/text/MatchPredicate.html...
Generating /tmp/Arja_Bears_dungba88-libra_436514153-436524727/target/apidocs/overview-frame.html...
Generating /tmp/Arja_Bears_dungba88-libra_436514153-436524727/target/apidocs/org/joo/libra/package-frame.html...
Generating /tmp/Arja_Bears_dungba88-libra_436514153-436524727/target/apidocs/org/joo/libra/package-summary.html...
Generating /tmp/Arja_Bears_dungba88-libra_436514153-436524727/target/apidocs/org/joo/libra/package-tree.html...
Generating /tmp/Arja_Bears_dungba88-libra_436514153-436524727/target/apidocs/org/joo/libra/collection/package-frame.html...
Generating /tmp/Arja_Bears_dungba88-libra_436514153-436524727/target/apidocs/org/joo/libra/collection/package-summary.html...
Generating /tmp/Arja_Bears_dungba88-libra_436514153-436524727/target/apidocs/org/joo/libra/collection/package-tree.html...
Generating /tmp/Arja_Bears_dungba88-libra_436514153-436524727/target/apidocs/org/joo/libra/common/package-frame.html...
Generating /tmp/Arja_Bears_dungba88-libra_436514153-436524727/target/apidocs/org/joo/libra/common/package-summary.html...
Generating /tmp/Arja_Bears_dungba88-libra_436514153-436524727/target/apidocs/org/joo/libra/common/package-tree.html...
Generating /tmp/Arja_Bears_dungba88-libra_436514153-436524727/target/apidocs/org/joo/libra/logic/package-frame.html...
Generating /tmp/Arja_Bears_dungba88-libra_436514153-436524727/target/apidocs/org/joo/libra/logic/package-summary.html...
Generating /tmp/Arja_Bears_dungba88-libra_436514153-436524727/target/apidocs/org/joo/libra/logic/package-tree.html...
Generating /tmp/Arja_Bears_dungba88-libra_436514153-436524727/target/apidocs/org/joo/libra/numeric/package-frame.html...
Generating /tmp/Arja_Bears_dungba88-libra_436514153-436524727/target/apidocs/org/joo/libra/numeric/package-summary.html...
Generating /tmp/Arja_Bears_dungba88-libra_436514153-436524727/target/apidocs/org/joo/libra/numeric/package-tree.html...
Generating /tmp/Arja_Bears_dungba88-libra_436514153-436524727/target/apidocs/org/joo/libra/pointer/package-frame.html...
Generating /tmp/Arja_Bears_dungba88-libra_436514153-436524727/target/apidocs/org/joo/libra/pointer/package-summary.html...
Generating /tmp/Arja_Bears_dungba88-libra_436514153-436524727/target/apidocs/org/joo/libra/pointer/package-tree.html...
Generating /tmp/Arja_Bears_dungba88-libra_436514153-436524727/target/apidocs/org/joo/libra/sql/package-frame.html...
Generating /tmp/Arja_Bears_dungba88-libra_436514153-436524727/target/apidocs/org/joo/libra/sql/package-summary.html...
Generating /tmp/Arja_Bears_dungba88-libra_436514153-436524727/target/apidocs/org/joo/libra/sql/package-tree.html...
Generating /tmp/Arja_Bears_dungba88-libra_436514153-436524727/target/apidocs/org/joo/libra/sql/antlr/package-frame.html...
Generating /tmp/Arja_Bears_dungba88-libra_436514153-436524727/target/apidocs/org/joo/libra/sql/antlr/package-summary.html...
Generating /tmp/Arja_Bears_dungba88-libra_436514153-436524727/target/apidocs/org/joo/libra/sql/antlr/package-tree.html...
Generating /tmp/Arja_Bears_dungba88-libra_436514153-436524727/target/apidocs/org/joo/libra/sql/node/package-frame.html...
Generating /tmp/Arja_Bears_dungba88-libra_436514153-436524727/target/apidocs/org/joo/libra/sql/node/package-summary.html...
Generating /tmp/Arja_Bears_dungba88-libra_436514153-436524727/target/apidocs/org/joo/libra/sql/node/package-tree.html...
Generating /tmp/Arja_Bears_dungba88-libra_436514153-436524727/target/apidocs/org/joo/libra/sql/optimizers/package-frame.html...
Generating /tmp/Arja_Bears_dungba88-libra_436514153-436524727/target/apidocs/org/joo/libra/sql/optimizers/package-summary.html...
Generating /tmp/Arja_Bears_dungba88-libra_436514153-436524727/target/apidocs/org/joo/libra/sql/optimizers/package-tree.html...
Generating /tmp/Arja_Bears_dungba88-libra_436514153-436524727/target/apidocs/org/joo/libra/support/package-frame.html...
Generating /tmp/Arja_Bears_dungba88-libra_436514153-436524727/target/apidocs/org/joo/libra/support/package-summary.html...
Generating /tmp/Arja_Bears_dungba88-libra_436514153-436524727/target/apidocs/org/joo/libra/support/package-tree.html...
Generating /tmp/Arja_Bears_dungba88-libra_436514153-436524727/target/apidocs/org/joo/libra/text/package-frame.html...
Generating /tmp/Arja_Bears_dungba88-libra_436514153-436524727/target/apidocs/org/joo/libra/text/package-summary.html...
Generating /tmp/Arja_Bears_dungba88-libra_436514153-436524727/target/apidocs/org/joo/libra/text/package-tree.html...
Generating /tmp/Arja_Bears_dungba88-libra_436514153-436524727/target/apidocs/constant-values.html...
Generating /tmp/Arja_Bears_dungba88-libra_436514153-436524727/target/apidocs/serialized-form.html...
Generating /tmp/Arja_Bears_dungba88-libra_436514153-436524727/target/apidocs/org/joo/libra/class-use/PredicateContext.html...
Generating /tmp/Arja_Bears_dungba88-libra_436514153-436524727/target/apidocs/org/joo/libra/class-use/Predicate.html...
Generating /tmp/Arja_Bears_dungba88-libra_436514153-436524727/target/apidocs/org/joo/libra/collection/class-use/InPredicate.html...
Generating /tmp/Arja_Bears_dungba88-libra_436514153-436524727/target/apidocs/org/joo/libra/common/class-use/SimplePredicate.html...
Generating /tmp/Arja_Bears_dungba88-libra_436514153-436524727/target/apidocs/org/joo/libra/common/class-use/CompositionPredicate.html...
Generating /tmp/Arja_Bears_dungba88-libra_436514153-436524727/target/apidocs/org/joo/libra/common/class-use/BinaryPredicate.html...
Generating /tmp/Arja_Bears_dungba88-libra_436514153-436524727/target/apidocs/org/joo/libra/common/class-use/SimpleHasValue.html...
Generating /tmp/Arja_Bears_dungba88-libra_436514153-436524727/target/apidocs/org/joo/libra/common/class-use/HasValue.html...
Generating /tmp/Arja_Bears_dungba88-libra_436514153-436524727/target/apidocs/org/joo/libra/logic/class-use/OrPredicate.html...
Generating /tmp/Arja_Bears_dungba88-libra_436514153-436524727/target/apidocs/org/joo/libra/logic/class-use/NotPredicate.html...
Generating /tmp/Arja_Bears_dungba88-libra_436514153-436524727/target/apidocs/org/joo/libra/logic/class-use/AndPredicate.html...
Generating /tmp/Arja_Bears_dungba88-libra_436514153-436524727/target/apidocs/org/joo/libra/logic/class-use/EqualsPredicate.html...
Generating /tmp/Arja_Bears_dungba88-libra_436514153-436524727/target/apidocs/org/joo/libra/numeric/class-use/GreaterEqualPredicate.html...
Generating /tmp/Arja_Bears_dungba88-libra_436514153-436524727/target/apidocs/org/joo/libra/numeric/class-use/GreaterPredicate.html...
Generating /tmp/Arja_Bears_dungba88-libra_436514153-436524727/target/apidocs/org/joo/libra/numeric/class-use/NumericComparator.html...
Generating /tmp/Arja_Bears_dungba88-libra_436514153-436524727/target/apidocs/org/joo/libra/numeric/class-use/LessPredicate.html...
Generating /tmp/Arja_Bears_dungba88-libra_436514153-436524727/target/apidocs/org/joo/libra/numeric/class-use/LessEqualPredicate.html...
Generating /tmp/Arja_Bears_dungba88-libra_436514153-436524727/target/apidocs/org/joo/libra/pointer/class-use/VariablePredicate.html...
Generating /tmp/Arja_Bears_dungba88-libra_436514153-436524727/target/apidocs/org/joo/libra/pointer/class-use/IsNullPredicate.html...
Generating /tmp/Arja_Bears_dungba88-libra_436514153-436524727/target/apidocs/org/joo/libra/sql/class-use/SqlPredicate.html...
Generating /tmp/Arja_Bears_dungba88-libra_436514153-436524727/target/apidocs/org/joo/libra/sql/class-use/ObjectUtils.html...
Generating /tmp/Arja_Bears_dungba88-libra_436514153-436524727/target/apidocs/org/joo/libra/sql/class-use/SqlVisitor.html...
Generating /tmp/Arja_Bears_dungba88-libra_436514153-436524727/target/apidocs/org/joo/libra/sql/class-use/SqlPredicateParser.html...
Generating /tmp/Arja_Bears_dungba88-libra_436514153-436524727/target/apidocs/org/joo/libra/sql/class-use/AbstractAntlrSqlPredicateParser.html...
Generating /tmp/Arja_Bears_dungba88-libra_436514153-436524727/target/apidocs/org/joo/libra/sql/class-use/AntlrSqlPredicateParser.html...
Generating /tmp/Arja_Bears_dungba88-libra_436514153-436524727/target/apidocs/org/joo/libra/sql/antlr/class-use/SqlParserBaseVisitor.html...
Generating /tmp/Arja_Bears_dungba88-libra_436514153-436524727/target/apidocs/org/joo/libra/sql/antlr/class-use/SqlLexer.html...
Generating /tmp/Arja_Bears_dungba88-libra_436514153-436524727/target/apidocs/org/joo/libra/sql/antlr/class-use/SqlParser.html...
Generating /tmp/Arja_Bears_dungba88-libra_436514153-436524727/target/apidocs/org/joo/libra/sql/antlr/class-use/SqlParser.PredicateContext.html...
Generating /tmp/Arja_Bears_dungba88-libra_436514153-436524727/target/apidocs/org/joo/libra/sql/antlr/class-use/SqlParser.ExpressionExprContext.html...
Generating /tmp/Arja_Bears_dungba88-libra_436514153-436524727/target/apidocs/org/joo/libra/sql/antlr/class-use/SqlParser.ExpressionContext.html...
Generating /tmp/Arja_Bears_dungba88-libra_436514153-436524727/target/apidocs/org/joo/libra/sql/antlr/class-use/SqlParser.NotExprContext.html...
Generating /tmp/Arja_Bears_dungba88-libra_436514153-436524727/target/apidocs/org/joo/libra/sql/antlr/class-use/SqlParser.TermExprContext.html...
Generating /tmp/Arja_Bears_dungba88-libra_436514153-436524727/target/apidocs/org/joo/libra/sql/antlr/class-use/SqlParser.OrExprContext.html...
Generating /tmp/Arja_Bears_dungba88-libra_436514153-436524727/target/apidocs/org/joo/libra/sql/antlr/class-use/SqlParser.AndExprContext.html...
Generating /tmp/Arja_Bears_dungba88-libra_436514153-436524727/target/apidocs/org/joo/libra/sql/antlr/class-use/SqlParser.TermContext.html...
Generating /tmp/Arja_Bears_dungba88-libra_436514153-436524727/target/apidocs/org/joo/libra/sql/antlr/class-use/SqlParser.EmptyExprContext.html...
Generating /tmp/Arja_Bears_dungba88-libra_436514153-436524727/target/apidocs/org/joo/libra/sql/antlr/class-use/SqlParser.NotEqualExprContext.html...
Generating /tmp/Arja_Bears_dungba88-libra_436514153-436524727/target/apidocs/org/joo/libra/sql/antlr/class-use/SqlParser.MatchesExprContext.html...
Generating /tmp/Arja_Bears_dungba88-libra_436514153-436524727/target/apidocs/org/joo/libra/sql/antlr/class-use/SqlParser.ContainsExprContext.html...
Generating /tmp/Arja_Bears_dungba88-libra_436514153-436524727/target/apidocs/org/joo/libra/sql/antlr/class-use/SqlParser.FactorExprContext.html...
Generating /tmp/Arja_Bears_dungba88-libra_436514153-436524727/target/apidocs/org/joo/libra/sql/antlr/class-use/SqlParser.CompareExprContext.html...
Generating /tmp/Arja_Bears_dungba88-libra_436514153-436524727/target/apidocs/org/joo/libra/sql/antlr/class-use/SqlParser.EqualExprContext.html...
Generating /tmp/Arja_Bears_dungba88-libra_436514153-436524727/target/apidocs/org/joo/libra/sql/antlr/class-use/SqlParser.FactorContext.html...
Generating /tmp/Arja_Bears_dungba88-libra_436514153-436524727/target/apidocs/org/joo/libra/sql/antlr/class-use/SqlParser.StringExprContext.html...
Generating /tmp/Arja_Bears_dungba88-libra_436514153-436524727/target/apidocs/org/joo/libra/sql/antlr/class-use/SqlParser.VariableExprContext.html...
Generating /tmp/Arja_Bears_dungba88-libra_436514153-436524727/target/apidocs/org/joo/libra/sql/antlr/class-use/SqlParser.NullExprContext.html...
Generating /tmp/Arja_Bears_dungba88-libra_436514153-436524727/target/apidocs/org/joo/libra/sql/antlr/class-use/SqlParser.MathExprContext.html...
Generating /tmp/Arja_Bears_dungba88-libra_436514153-436524727/target/apidocs/org/joo/libra/sql/antlr/class-use/SqlParser.NumberExprContext.html...
Generating /tmp/Arja_Bears_dungba88-libra_436514153-436524727/target/apidocs/org/joo/libra/sql/antlr/class-use/SqlParser.BooleanExprContext.html...
Generating /tmp/Arja_Bears_dungba88-libra_436514153-436524727/target/apidocs/org/joo/libra/sql/antlr/class-use/SqlParser.ParenExprContext.html...
Generating /tmp/Arja_Bears_dungba88-libra_436514153-436524727/target/apidocs/org/joo/libra/sql/antlr/class-use/SqlParserVisitor.html...
Generating /tmp/Arja_Bears_dungba88-libra_436514153-436524727/target/apidocs/org/joo/libra/sql/node/class-use/BooleanExpressionNode.html...
Generating /tmp/Arja_Bears_dungba88-libra_436514153-436524727/target/apidocs/org/joo/libra/sql/node/class-use/EmptyExpressionNode.html...
Generating /tmp/Arja_Bears_dungba88-libra_436514153-436524727/target/apidocs/org/joo/libra/sql/node/class-use/ContainsCompareExpressionNode.html...
Generating /tmp/Arja_Bears_dungba88-libra_436514153-436524727/target/apidocs/org/joo/libra/sql/node/class-use/StringExpressionNode.html...
Generating /tmp/Arja_Bears_dungba88-libra_436514153-436524727/target/apidocs/org/joo/libra/sql/node/class-use/OrExpressionNode.html...
Generating /tmp/Arja_Bears_dungba88-libra_436514153-436524727/target/apidocs/org/joo/libra/sql/node/class-use/GenericCompareExpressionNode.html...
Generating /tmp/Arja_Bears_dungba88-libra_436514153-436524727/target/apidocs/org/joo/libra/sql/node/class-use/ObjectExpressionNode.html...
Generating /tmp/Arja_Bears_dungba88-libra_436514153-436524727/target/apidocs/org/joo/libra/sql/node/class-use/MathExpressionNode.html...
Generating /tmp/Arja_Bears_dungba88-libra_436514153-436524727/target/apidocs/org/joo/libra/sql/node/class-use/InfixExpressionNode.html...
Generating /tmp/Arja_Bears_dungba88-libra_436514153-436524727/target/apidocs/org/joo/libra/sql/node/class-use/AndExpressionNode.html...
Generating /tmp/Arja_Bears_dungba88-libra_436514153-436524727/target/apidocs/org/joo/libra/sql/node/class-use/UnaryExpressionNode.html...
Generating /tmp/Arja_Bears_dungba88-libra_436514153-436524727/target/apidocs/org/joo/libra/sql/node/class-use/NotExpressionNode.html...
Generating /tmp/Arja_Bears_dungba88-libra_436514153-436524727/target/apidocs/org/joo/libra/sql/node/class-use/ValueExpressionNode.html...
Generating /tmp/Arja_Bears_dungba88-libra_436514153-436524727/target/apidocs/org/joo/libra/sql/node/class-use/NumberExpressionNode.html...
Generating /tmp/Arja_Bears_dungba88-libra_436514153-436524727/target/apidocs/org/joo/libra/sql/node/class-use/VariableExpressionNode.html...
Generating /tmp/Arja_Bears_dungba88-libra_436514153-436524727/target/apidocs/org/joo/libra/sql/node/class-use/LexicalCompareExpressionNode.html...
Generating /tmp/Arja_Bears_dungba88-libra_436514153-436524727/target/apidocs/org/joo/libra/sql/node/class-use/NumericCompareExpressionNode.html...
Generating /tmp/Arja_Bears_dungba88-libra_436514153-436524727/target/apidocs/org/joo/libra/sql/node/class-use/ExpressionNode.html...
Generating /tmp/Arja_Bears_dungba88-libra_436514153-436524727/target/apidocs/org/joo/libra/sql/node/class-use/AbstractBinaryOpExpressionNode.html...
Generating /tmp/Arja_Bears_dungba88-libra_436514153-436524727/target/apidocs/org/joo/libra/sql/optimizers/class-use/ConstantFoldingOptimizer.html...
Generating /tmp/Arja_Bears_dungba88-libra_436514153-436524727/target/apidocs/org/joo/libra/sql/optimizers/class-use/OptimizeStatus.html...
Generating /tmp/Arja_Bears_dungba88-libra_436514153-436524727/target/apidocs/org/joo/libra/sql/optimizers/class-use/Optimizer.html...
Generating /tmp/Arja_Bears_dungba88-libra_436514153-436524727/target/apidocs/org/joo/libra/sql/optimizers/class-use/OptimizedAntlrSqlPredicateParser.html...
Generating /tmp/Arja_Bears_dungba88-libra_436514153-436524727/target/apidocs/org/joo/libra/support/class-use/PredicateValueException.html...
Generating /tmp/Arja_Bears_dungba88-libra_436514153-436524727/target/apidocs/org/joo/libra/support/class-use/MalformedSyntaxException.html...
Generating /tmp/Arja_Bears_dungba88-libra_436514153-436524727/target/apidocs/org/joo/libra/support/class-use/PredicateExecutionException.html...
Generating /tmp/Arja_Bears_dungba88-libra_436514153-436524727/target/apidocs/org/joo/libra/text/class-use/IsEmptyPredicate.html...
Generating /tmp/Arja_Bears_dungba88-libra_436514153-436524727/target/apidocs/org/joo/libra/text/class-use/ContainPredicate.html...
Generating /tmp/Arja_Bears_dungba88-libra_436514153-436524727/target/apidocs/org/joo/libra/text/class-use/EqualsIgnoreCase.html...
Generating /tmp/Arja_Bears_dungba88-libra_436514153-436524727/target/apidocs/org/joo/libra/text/class-use/MatchPredicate.html...
Generating /tmp/Arja_Bears_dungba88-libra_436514153-436524727/target/apidocs/org/joo/libra/package-use.html...
Generating /tmp/Arja_Bears_dungba88-libra_436514153-436524727/target/apidocs/org/joo/libra/collection/package-use.html...
Generating /tmp/Arja_Bears_dungba88-libra_436514153-436524727/target/apidocs/org/joo/libra/common/package-use.html...
Generating /tmp/Arja_Bears_dungba88-libra_436514153-436524727/target/apidocs/org/joo/libra/logic/package-use.html...
Generating /tmp/Arja_Bears_dungba88-libra_436514153-436524727/target/apidocs/org/joo/libra/numeric/package-use.html...
Generating /tmp/Arja_Bears_dungba88-libra_436514153-436524727/target/apidocs/org/joo/libra/pointer/package-use.html...
Generating /tmp/Arja_Bears_dungba88-libra_436514153-436524727/target/apidocs/org/joo/libra/sql/package-use.html...
Generating /tmp/Arja_Bears_dungba88-libra_436514153-436524727/target/apidocs/org/joo/libra/sql/antlr/package-use.html...
Generating /tmp/Arja_Bears_dungba88-libra_436514153-436524727/target/apidocs/org/joo/libra/sql/node/package-use.html...
Generating /tmp/Arja_Bears_dungba88-libra_436514153-436524727/target/apidocs/org/joo/libra/sql/optimizers/package-use.html...
Generating /tmp/Arja_Bears_dungba88-libra_436514153-436524727/target/apidocs/org/joo/libra/support/package-use.html...
Generating /tmp/Arja_Bears_dungba88-libra_436514153-436524727/target/apidocs/org/joo/libra/text/package-use.html...
Building index for all the packages and classes...
Generating /tmp/Arja_Bears_dungba88-libra_436514153-436524727/target/apidocs/overview-tree.html...
Generating /tmp/Arja_Bears_dungba88-libra_436514153-436524727/target/apidocs/index-all.html...
Generating /tmp/Arja_Bears_dungba88-libra_436514153-436524727/target/apidocs/deprecated-list.html...
Building index for all classes...
Generating /tmp/Arja_Bears_dungba88-libra_436514153-436524727/target/apidocs/allclasses-frame.html...
Generating /tmp/Arja_Bears_dungba88-libra_436514153-436524727/target/apidocs/allclasses-noframe.html...
Generating /tmp/Arja_Bears_dungba88-libra_436514153-436524727/target/apidocs/index.html...
Generating /tmp/Arja_Bears_dungba88-libra_436514153-436524727/target/apidocs/overview-summary.html...
Generating /tmp/Arja_Bears_dungba88-libra_436514153-436524727/target/apidocs/help-doc.html...
1 error
2 warnings
[INFO] ------------------------------------------------------------------------
[INFO] BUILD FAILURE
[INFO] ------------------------------------------------------------------------
[INFO] Total time: 11.922 s
[INFO] Finished at: 2019-08-21T13:00:44-07:00
[INFO] Final Memory: 42M/1749M
[INFO] ------------------------------------------------------------------------
[ERROR] Failed to execute goal org.apache.maven.plugins:maven-javadoc-plugin:2.9.1:jar (attach-javadocs) on project joo-libra: MavenReportException: Error while creating archive: 
[ERROR] Exit code: 1 - Picked up JAVA_TOOL_OPTIONS: -XX:CICompilerCount=2 -XX:ParallelGCThreads=2 -XX:ConcGCThreads=2 -Djdk.net.URLClassPath.disableClassPathURLCheck=true 
[ERROR] Picked up _JAVA_OPTIONS: -Djdk.net.URLClassPath.disableClassPathURLCheck=true
[ERROR] /tmp/Arja_Bears_dungba88-libra_436514153-436524727/src/main/java/org/joo/libra/common/BinaryPredicate.java:19: warning: no description for @param
[ERROR]  * @param <T>
[ERROR]    ^
[ERROR] /tmp/Arja_Bears_dungba88-libra_436514153-436524727/src/main/java/org/joo/libra/common/BinaryPredicate.java:20: warning: no description for @param
[ERROR]  * @param <H>
[ERROR]    ^
[ERROR] /tmp/Arja_Bears_dungba88-libra_436514153-436524727/src/main/java/org/joo/libra/support/MalformedSyntaxException.java:5: error: reference not found
[ERROR]  * {@link org.joo.libra.sql.SQLPredicate}
[ERROR]           ^
[ERROR] 
[ERROR] Command line was: /scratch/rjust/projects/calling-bs/repair-them-all/RepairThemAll/jdks/jdk1.8.0_181/jre/../bin/javadoc @options @packages
[ERROR] 
[ERROR] Refer to the generated Javadoc files in '/tmp/Arja_Bears_dungba88-libra_436514153-436524727/target/apidocs' dir.
[ERROR] -> [Help 1]
[ERROR] 
[ERROR] To see the full stack trace of the errors, re-run Maven with the -e switch.
[ERROR] Re-run Maven using the -X switch to enable full debug logging.
[ERROR] 
[ERROR] For more information about the errors and possible solutions, please read the following articles:
[ERROR] [Help 1] http://cwiki.apache.org/confluence/display/MAVEN/MojoExecutionException
[INFO] Build failures were ignored.
