PID: 24062
honu.cs.washington.edu
Job started at Wed Aug 21 13:00:28 PDT 2019
Running patch plausibility analysis under Java-8 on the patch generated by Arja for Bears::dungba88-libra-436514153-436524727::0
patch_plausibility.py script started at Wed Aug 21 13:00:28 PDT 2019
Previous HEAD position was f9d2b5531 Changes in the tests This commit is based on the source code from the following commit: http://github.com/traccar/traccar/commit/ee2fbc5cb8bb5dc017eed3db3785fb8c2166df67 The mentioned commit triggered the following Travis build: http://travis-ci.org/traccar/traccar/builds/322428590.
Switched to branch 'dungba88-libra-436514153-436524727'
Note: checking out 'fcce805ea502a1abb63f320b6d144a007eea16a4'.

You are in 'detached HEAD' state. You can look around, make experimental
changes and commit them, and you can discard any commits you make in this
state without impacting any branches by performing another checkout.

If you want to create a new branch to retain commits you create, you may
do so (now or later) by using -b with the checkout command again. Example:

  git checkout -b <new-branch-name>

HEAD is now at fcce805ea Changes in the tests This commit is based on the source code from the following commit: http://github.com/dungba88/libra/commit/fbe5d265849641ee3e49f5ffe81db87534525859 The mentioned commit triggered the following Travis build: http://travis-ci.org/dungba88/libra/builds/436524727.
Reinitialized existing Git repository in /tmp/Arja_Bears_dungba88-libra_436514153-436524727/.git/
Checking patch src/main/java/org/joo/libra/sql/node/VariableExpressionNode.java...
Applied patch src/main/java/org/joo/libra/sql/node/VariableExpressionNode.java cleanly.
Checkout Bears_dungba88-libra_436514153-436524727
Apply patch ...
Compile Bears_dungba88-libra_436514153-436524727
Run tests on Bears_dungba88-libra_436514153-436524727
patch_plausibility.py script finished at Wed Aug 21 13:00:57 PDT 2019
Job finished at Wed Aug 21 13:00:57 PDT 2019
DONE!
