PID: 30893
honu.cs.washington.edu
Job started at Wed Aug 21 12:54:01 PDT 2019
[RESOURCES] There are too many total processes running: 47!
[RESOURCES] There are too many total processes running: 40!
[RESOURCES] There are too many total processes running: 48!
[RESOURCES] There are too many total processes running: 38!
[RESOURCES] There are too many total processes running: 41!
[RESOURCES] There are too many total processes running: 39!
[RESOURCES] There are too many total processes running: 38!
[RESOURCES] There are too many total processes running: 45!
[RESOURCES] There are too many total processes running: 42!
Running patch plausibility analysis under Java-8 on the patch generated by DynaMoth for Bugs.jar::Wicket-f3ec1503::7
patch_plausibility.py script started at Wed Aug 21 12:57:19 PDT 2019
Switched to branch 'bugs-dot-jar_WICKET-4679_f3ec1503'
Reinitialized existing Git repository in /tmp/DynaMoth_Bugs.jar_Wicket_f3ec1503/.git/
Checking patch wicket-util/src/main/java/org/apache/wicket/util/license/ApacheLicenseHeaderTestCase.java...
Applied patch wicket-util/src/main/java/org/apache/wicket/util/license/ApacheLicenseHeaderTestCase.java cleanly.
Checkout Bugs.jar_Wicket_f3ec1503
Apply patch ...
Compile Bugs.jar_Wicket_f3ec1503
Run tests on Bugs.jar_Wicket_f3ec1503
patch_plausibility.py script finished at Wed Aug 21 13:00:26 PDT 2019
Job finished at Wed Aug 21 13:00:26 PDT 2019
DONE!
