PID: 4825
honu.cs.washington.edu
Job started at Wed Aug 21 00:32:42 PDT 2019
[RESOURCES] There are too many total processes running: 38!
[RESOURCES] There are too many total processes running: 38!
[RESOURCES] There are too many threads running: 3207!
[RESOURCES] There are too many threads running: 3143!
Running patch plausibility analysis under Java-7 on the patch generated by jGenProg for IntroClassJava::digits-90a14c1ac8f56395389fade6f67872a9684e61f83099e634ac675eae04f391f3cc2b6f6ebe966f2488ce7e00a2cabb218f3b1372d4161b3c05d134b1b7f296d2-004::0
patch_plausibility.py script started at Wed Aug 21 00:33:49 PDT 2019
Initialized empty Git repository in /tmp/jGenProg_IntroClassJava_digits_90a14c1ac8f56395389fade6f67872a9684e61f83099e634ac675eae04f391f3cc2b6f6ebe966f2488ce7e00a2cabb218f3b1372d4161b3c05d134b1b7f296d2-004/.git/
<stdin>:8: trailing whitespace.
				} 				while ((value.value) != 0) { 					digit.value = (value.value) % 10; 					value.value = (value.value) / 10; 					output += java.lang.String.format("%d\n", digit.value);} 
Checking patch src/main/java/introclassJava/digits_90a14c1a_004.java...
Applied patch src/main/java/introclassJava/digits_90a14c1a_004.java cleanly.
warning: 1 line adds whitespace errors.
There was no 'Please refer to (.*) for the individual test results.' in the maven log file!
Checkout IntroClassJava_digits_90a14c1ac8f56395389fade6f67872a9684e61f83099e634ac675eae04f391f3cc2b6f6ebe966f2488ce7e00a2cabb218f3b1372d4161b3c05d134b1b7f296d2-004
Apply patch ...
Compile IntroClassJava_digits_90a14c1ac8f56395389fade6f67872a9684e61f83099e634ac675eae04f391f3cc2b6f6ebe966f2488ce7e00a2cabb218f3b1372d4161b3c05d134b1b7f296d2-004
Run tests on IntroClassJava_digits_90a14c1ac8f56395389fade6f67872a9684e61f83099e634ac675eae04f391f3cc2b6f6ebe966f2488ce7e00a2cabb218f3b1372d4161b3c05d134b1b7f296d2-004
patch_plausibility.py script finished at Wed Aug 21 00:34:01 PDT 2019
Job finished at Wed Aug 21 00:34:01 PDT 2019
DONE!
