PID: 22481
honu.cs.washington.edu
Job started at Tue Aug 20 23:32:11 PDT 2019
[RESOURCES] There are too many total processes running: 47!
[RESOURCES] There are too many total processes running: 38!
[RESOURCES] There are too many total processes running: 41!
[RESOURCES] There are too many total processes running: 62!
[RESOURCES] There are too many total processes running: 45!
[RESOURCES] There are too many total processes running: 42!
Running patch plausibility analysis under Java-7 on the patch generated by Arja for Bears::opentracing-contrib-java-p6spy-390188323-431527545::0
patch_plausibility.py script started at Tue Aug 20 23:33:51 PDT 2019
Previous HEAD position was 7a1217f18 Changes in the tests This commit is based on the source code from the following commit: http://github.com/traccar/traccar/commit/c53feac38ec149fed84121704c620503bf1f7820 The mentioned commit triggered the following Travis build: http://travis-ci.org/traccar/traccar/builds/212061222.
Switched to branch 'opentracing-contrib-java-p6spy-390188323-431527545'
Note: checking out '64a73d33c936420948dd887fb06b14d1caf61462'.

You are in 'detached HEAD' state. You can look around, make experimental
changes and commit them, and you can discard any commits you make in this
state without impacting any branches by performing another checkout.

If you want to create a new branch to retain commits you create, you may
do so (now or later) by using -b with the checkout command again. Example:

  git checkout -b <new-branch-name>

HEAD is now at 64a73d33c Changes in the tests This commit is based on the source code from the following commit: http://github.com/opentracing-contrib/java-p6spy/commit/72faab4a5a793b3251c29a2796dac3b95de14717 The mentioned commit triggered the following Travis build: http://travis-ci.org/opentracing-contrib/java-p6spy/builds/431527545.
Reinitialized existing Git repository in /tmp/Arja_Bears_opentracing-contrib-java-p6spy_390188323-431527545/.git/
Checking patch src/main/java/io/opentracing/contrib/p6spy/TracingP6SpyListener.java...
Applied patch src/main/java/io/opentracing/contrib/p6spy/TracingP6SpyListener.java cleanly.
test has not returned a non-zero exit code but it has not executed any test case either!
Traceback (most recent call last):
  File "/scratch/rjust/critical_review_of_repair_them_all_data/plausibility/patch_plausibility.py", line 175, in <module>
    test, all_tests, failing_tests = utils.test(bugObj, CHECKOUT_DIR, java_home_dir, os.path.join(output_dir, "test.log"))
  File "/scratch/rjust/critical_review_of_repair_them_all_data/java_7_vs_java_8/utils.py", line 179, in test
    return ret, all_tests, failing_tests, trigger_tests
NameError: global name 'trigger_tests' is not defined
Checkout Bears_opentracing-contrib-java-p6spy_390188323-431527545
Apply patch ...
Compile Bears_opentracing-contrib-java-p6spy_390188323-431527545
Run tests on Bears_opentracing-contrib-java-p6spy_390188323-431527545
patch_plausibility.py has failed!
