PID: 20852
honu.cs.washington.edu
Job started at Wed Aug 21 13:58:22 PDT 2019
Running patch plausibility analysis under Java-8 on the patch generated by jMutRepair for IntroClassJava::smallest-97f6b15278788d90f6a0159ac65668f63f182fadf165e78bfecd7750de89f8611759f8d8206b3505407f7de14d124db7b0309a53e222c538c4dedadc6fa24fe6-003::0
patch_plausibility.py script started at Wed Aug 21 13:58:22 PDT 2019
Initialized empty Git repository in /tmp/jMutRepair_IntroClassJava_smallest_97f6b15278788d90f6a0159ac65668f63f182fadf165e78bfecd7750de89f8611759f8d8206b3505407f7de14d124db7b0309a53e222c538c4dedadc6fa24fe6-003/.git/
Checking patch src/main/java/b/src/main/java/introclassJava/smallest_97f6b152_003.java...
error: src/main/java/b/src/main/java/introclassJava/smallest_97f6b152_003.java: No such file or directory
`patch` has failed!
Traceback (most recent call last):
  File "/scratch/rjust/critical_review_of_repair_them_all_data/plausibility/patch_plausibility.py", line 161, in <module>
    die("`patch` has failed!\n")
  File "/scratch/rjust/critical_review_of_repair_them_all_data/plausibility/patch_plausibility.py", line 104, in die
    utils.die(msg=msg, checkout_dir=CHECKOUT_DIR)
  File "/scratch/rjust/critical_review_of_repair_them_all_data/java_7_vs_java_8/utils.py", line 35, in die
    sys.exit(1)
SystemExit: 1
Checkout IntroClassJava_smallest_97f6b15278788d90f6a0159ac65668f63f182fadf165e78bfecd7750de89f8611759f8d8206b3505407f7de14d124db7b0309a53e222c538c4dedadc6fa24fe6-003
Apply patch ...
patch_plausibility.py has failed!
