PID: 37076
honu.cs.washington.edu
Job started at Wed Aug 21 13:13:21 PDT 2019
[RESOURCES] There are too many total processes running: 49!
[RESOURCES] There are too many total processes running: 42!
[RESOURCES] There are too many total processes running: 46!
[RESOURCES] There are too many total processes running: 49!
[RESOURCES] There are too many total processes running: 45!
Running patch plausibility analysis under Java-8 on the patch generated by Arja for IntroClassJava::smallest-1b31fa5c50f7725ce468ebf24282f2d080a83aed87e4ee35522ae7710c8e0136bc263cc460b8ec7bf2c3519cb59af4a138e114d36541515b2609ab56ad2b8ee9-003::0
patch_plausibility.py script started at Wed Aug 21 13:15:03 PDT 2019
Initialized empty Git repository in /tmp/Arja_IntroClassJava_smallest_1b31fa5c50f7725ce468ebf24282f2d080a83aed87e4ee35522ae7710c8e0136bc263cc460b8ec7bf2c3519cb59af4a138e114d36541515b2609ab56ad2b8ee9-003/.git/
Checking patch src/main/java/introclassJava/smallest_1b31fa5c_003.java...
Applied patch src/main/java/introclassJava/smallest_1b31fa5c_003.java cleanly.
There was no 'Please refer to (.*) for the individual test results.' in the maven log file!
Checkout IntroClassJava_smallest_1b31fa5c50f7725ce468ebf24282f2d080a83aed87e4ee35522ae7710c8e0136bc263cc460b8ec7bf2c3519cb59af4a138e114d36541515b2609ab56ad2b8ee9-003
Apply patch ...
Compile IntroClassJava_smallest_1b31fa5c50f7725ce468ebf24282f2d080a83aed87e4ee35522ae7710c8e0136bc263cc460b8ec7bf2c3519cb59af4a138e114d36541515b2609ab56ad2b8ee9-003
Run tests on IntroClassJava_smallest_1b31fa5c50f7725ce468ebf24282f2d080a83aed87e4ee35522ae7710c8e0136bc263cc460b8ec7bf2c3519cb59af4a138e114d36541515b2609ab56ad2b8ee9-003
patch_plausibility.py script finished at Wed Aug 21 13:15:13 PDT 2019
Job finished at Wed Aug 21 13:15:13 PDT 2019
DONE!
