PID: 20188
honu.cs.washington.edu
Job started at Tue Aug 20 23:25:20 PDT 2019
[RESOURCES] There are too many total processes running: 45!
[RESOURCES] There are too many total processes running: 45!
[RESOURCES] There are too many total processes running: 50!
[RESOURCES] There are too many total processes running: 38!
Running patch plausibility analysis under Java-7 on the patch generated by Arja for IntroClassJava::smallest-3b2376ab97bb5d1a5dbbf2b45cf062db320757549c761936d19df05e856de894e45695014cd8063cdc22148b13fa1803b3c9e77356931d66f4fbec0efacf7829-007::0
patch_plausibility.py script started at Tue Aug 20 23:26:24 PDT 2019
Initialized empty Git repository in /tmp/Arja_IntroClassJava_smallest_3b2376ab97bb5d1a5dbbf2b45cf062db320757549c761936d19df05e856de894e45695014cd8063cdc22148b13fa1803b3c9e77356931d66f4fbec0efacf7829-007/.git/
Checking patch src/main/java/introclassJava/smallest_3b2376ab_007.java...
Applied patch src/main/java/introclassJava/smallest_3b2376ab_007.java cleanly.
There was no 'Please refer to (.*) for the individual test results.' in the maven log file!
Checkout IntroClassJava_smallest_3b2376ab97bb5d1a5dbbf2b45cf062db320757549c761936d19df05e856de894e45695014cd8063cdc22148b13fa1803b3c9e77356931d66f4fbec0efacf7829-007
Apply patch ...
Compile IntroClassJava_smallest_3b2376ab97bb5d1a5dbbf2b45cf062db320757549c761936d19df05e856de894e45695014cd8063cdc22148b13fa1803b3c9e77356931d66f4fbec0efacf7829-007
Run tests on IntroClassJava_smallest_3b2376ab97bb5d1a5dbbf2b45cf062db320757549c761936d19df05e856de894e45695014cd8063cdc22148b13fa1803b3c9e77356931d66f4fbec0efacf7829-007
patch_plausibility.py script finished at Tue Aug 20 23:26:39 PDT 2019
Job finished at Tue Aug 20 23:26:39 PDT 2019
DONE!
