PID: 24485
honu.cs.washington.edu
Job started at Wed Aug 21 13:23:46 PDT 2019
[RESOURCES] There are too many total processes running: 53!
[RESOURCES] There are too many total processes running: 40!
[RESOURCES] There are too many total processes running: 42!
[RESOURCES] There are too many total processes running: 48!
[RESOURCES] There are too many total processes running: 39!
Running patch plausibility analysis under Java-8 on the patch generated by Nopol for IntroClassJava::digits-6e464f2b5ba1d5ad3d4fc366e7d7712b424aabd8b41ca36257115a16416d202feb27397a413d04944c9ac76976fa8ff8ae646144855e08791ebf9593d1caaaca-004::7
patch_plausibility.py script started at Wed Aug 21 13:25:21 PDT 2019
Initialized empty Git repository in /tmp/Nopol_IntroClassJava_digits_6e464f2b5ba1d5ad3d4fc366e7d7712b424aabd8b41ca36257115a16416d202feb27397a413d04944c9ac76976fa8ff8ae646144855e08791ebf9593d1caaaca-004/.git/
Checking patch src/main/java/introclassJava/digits_6e464f2b_004.java...
Applied patch src/main/java/introclassJava/digits_6e464f2b_004.java cleanly.
There was no 'Please refer to (.*) for the individual test results.' in the maven log file!
Checkout IntroClassJava_digits_6e464f2b5ba1d5ad3d4fc366e7d7712b424aabd8b41ca36257115a16416d202feb27397a413d04944c9ac76976fa8ff8ae646144855e08791ebf9593d1caaaca-004
Apply patch ...
Compile IntroClassJava_digits_6e464f2b5ba1d5ad3d4fc366e7d7712b424aabd8b41ca36257115a16416d202feb27397a413d04944c9ac76976fa8ff8ae646144855e08791ebf9593d1caaaca-004
Run tests on IntroClassJava_digits_6e464f2b5ba1d5ad3d4fc366e7d7712b424aabd8b41ca36257115a16416d202feb27397a413d04944c9ac76976fa8ff8ae646144855e08791ebf9593d1caaaca-004
patch_plausibility.py script finished at Wed Aug 21 13:25:43 PDT 2019
Job finished at Wed Aug 21 13:25:43 PDT 2019
DONE!
