PID: 16461
honu.cs.washington.edu
Job started at Wed Aug 21 13:35:16 PDT 2019
[RESOURCES] There are too many total processes running: 40!
[RESOURCES] There are too many total processes running: 41!
[RESOURCES] There are too many total processes running: 44!
[RESOURCES] There are too many total processes running: 50!
Running patch plausibility analysis under Java-8 on the patch generated by DynaMoth for Bugs.jar::Commons-Math-2b852d79::7
patch_plausibility.py script started at Wed Aug 21 13:36:52 PDT 2019
Switched to branch 'bugs-dot-jar_MATH-891_2b852d79'
Reinitialized existing Git repository in /tmp/DynaMoth_Bugs.jar_Commons-Math_2b852d79/.git/
Checking patch src/main/java/org/apache/commons/math3/optimization/direct/BOBYQAOptimizer.java...
Applied patch src/main/java/org/apache/commons/math3/optimization/direct/BOBYQAOptimizer.java cleanly.
Checkout Bugs.jar_Commons-Math_2b852d79
Apply patch ...
Compile Bugs.jar_Commons-Math_2b852d79
Run tests on Bugs.jar_Commons-Math_2b852d79
patch_plausibility.py script finished at Wed Aug 21 13:39:34 PDT 2019
Job finished at Wed Aug 21 13:39:34 PDT 2019
DONE!
