PID: 32251
honu.cs.washington.edu
Job started at Wed Aug 21 12:57:35 PDT 2019
[RESOURCES] There are too many total processes running: 38!
[RESOURCES] There are too many total processes running: 38!
[RESOURCES] There are too many total processes running: 48!
[RESOURCES] There are too many total processes running: 44!
[RESOURCES] There are too many total processes running: 49!
[RESOURCES] There are too many total processes running: 40!
Running patch plausibility analysis under Java-8 on the patch generated by Nopol for IntroClassJava::median-36d8008b13f6475ca8fa4553fea10042b0a6c623665065672051445c3464d61b29b47cb66321844a0264505a0f5ccf5aa6de072aa266b5a8b0cf13198380a389-000::7
patch_plausibility.py script started at Wed Aug 21 12:59:16 PDT 2019
Initialized empty Git repository in /tmp/Nopol_IntroClassJava_median_36d8008b13f6475ca8fa4553fea10042b0a6c623665065672051445c3464d61b29b47cb66321844a0264505a0f5ccf5aa6de072aa266b5a8b0cf13198380a389-000/.git/
Checking patch src/main/java/introclassJava/median_36d8008b_000.java...
Applied patch src/main/java/introclassJava/median_36d8008b_000.java cleanly.
There was no 'Please refer to (.*) for the individual test results.' in the maven log file!
Checkout IntroClassJava_median_36d8008b13f6475ca8fa4553fea10042b0a6c623665065672051445c3464d61b29b47cb66321844a0264505a0f5ccf5aa6de072aa266b5a8b0cf13198380a389-000
Apply patch ...
Compile IntroClassJava_median_36d8008b13f6475ca8fa4553fea10042b0a6c623665065672051445c3464d61b29b47cb66321844a0264505a0f5ccf5aa6de072aa266b5a8b0cf13198380a389-000
Run tests on IntroClassJava_median_36d8008b13f6475ca8fa4553fea10042b0a6c623665065672051445c3464d61b29b47cb66321844a0264505a0f5ccf5aa6de072aa266b5a8b0cf13198380a389-000
patch_plausibility.py script finished at Wed Aug 21 12:59:40 PDT 2019
Job finished at Wed Aug 21 12:59:40 PDT 2019
DONE!
