PID: 3416
honu.cs.washington.edu
Job started at Wed Aug 21 00:21:10 PDT 2019
[RESOURCES] There are too many total processes running: 38!
[RESOURCES] There are too many total processes running: 42!
[RESOURCES] There are too many total processes running: 40!
[RESOURCES] There are too many total processes running: 38!
[RESOURCES] There are too many total processes running: 42!
[RESOURCES] There are too many total processes running: 46!
[RESOURCES] There are too many threads running: 3060!
[RESOURCES] There are too many total processes running: 41!
[RESOURCES] There are too many total processes running: 60!
Running patch plausibility analysis under Java-7 on the patch generated by Cardumen for Bugs.jar::Commons-Math-596ccd59::0
patch_plausibility.py script started at Wed Aug 21 00:24:16 PDT 2019
Already on 'bugs-dot-jar_MATH-1165_596ccd59'
Picked up JAVA_TOOL_OPTIONS: -XX:CICompilerCount=2 -XX:ParallelGCThreads=2 -XX:ConcGCThreads=2  
Reinitialized existing Git repository in /tmp/Cardumen_Bugs.jar_Commons-Math_596ccd59/.git/
Skipped patch '/tmp/Cardumen_Bug_dot_jar_Commons-Math_596ccd59/src/main/java/org/apache/commons/math3/ml/clustering/FuzzyKMeansClustererjava'.
Checkout Bugs.jar_Commons-Math_596ccd59
Apply patch ...
Get module information
Compile Bugs.jar_Commons-Math_596ccd59
Run tests on Bugs.jar_Commons-Math_596ccd59
patch_plausibility.py script finished at Wed Aug 21 00:28:37 PDT 2019
Job finished at Wed Aug 21 00:28:37 PDT 2019
DONE!
