PID: 35614
honu.cs.washington.edu
Job started at Wed Aug 21 00:14:20 PDT 2019
[RESOURCES] There are too many total processes running: 50!
[RESOURCES] There are too many total processes running: 45!
[RESOURCES] There are too many total processes running: 42!
[RESOURCES] There are too many total processes running: 38!
[RESOURCES] There are too many total processes running: 44!
Running patch plausibility analysis under Java-7 on the patch generated by Kali for Bugs.jar::Accumulo-3d55560a::0
patch_plausibility.py script started at Wed Aug 21 00:16:14 PDT 2019
Switched to branch 'bugs-dot-jar_ACCUMULO-218_3d55560a'
Reinitialized existing Git repository in /tmp/Kali_Bugs.jar_Accumulo_3d55560a/.git/
Checking patch src/core/src/main/java/org/apache/accumulo/core/client/mock/MockTable.java...
Applied patch src/core/src/main/java/org/apache/accumulo/core/client/mock/MockTable.java cleanly.
There was no 'Please refer to (.*) for the individual test results.' in the maven log file!
Checkout Bugs.jar_Accumulo_3d55560a
Apply patch ...
Compile Bugs.jar_Accumulo_3d55560a
Run tests on Bugs.jar_Accumulo_3d55560a
patch_plausibility.py script finished at Wed Aug 21 00:17:41 PDT 2019
Job finished at Wed Aug 21 00:17:41 PDT 2019
DONE!
