PID: 37127
honu.cs.washington.edu
Job started at Tue Aug 20 23:52:45 PDT 2019
[RESOURCES] There are too many total processes running: 39!
[RESOURCES] There are too many total processes running: 42!
[RESOURCES] There are too many total processes running: 43!
[RESOURCES] There are too many total processes running: 127!
[RESOURCES] There are too many total processes running: 49!
[RESOURCES] There are too many total processes running: 47!
Running patch plausibility analysis under Java-7 on the patch generated by DynaMoth for Bugs.jar::Commons-Math-49444ee6::7
patch_plausibility.py script started at Tue Aug 20 23:54:36 PDT 2019
Switched to branch 'bugs-dot-jar_MATH-939_49444ee6'
Reinitialized existing Git repository in /tmp/DynaMoth_Bugs.jar_Commons-Math_49444ee6/.git/
Checking patch src/main/java/org/apache/commons/math3/stat/correlation/Covariance.java...
Applied patch src/main/java/org/apache/commons/math3/stat/correlation/Covariance.java cleanly.
There was no 'Please refer to (.*) for the individual test results.' in the maven log file!
Checkout Bugs.jar_Commons-Math_49444ee6
Apply patch ...
Compile Bugs.jar_Commons-Math_49444ee6
Run tests on Bugs.jar_Commons-Math_49444ee6
patch_plausibility.py script finished at Tue Aug 20 23:58:06 PDT 2019
Job finished at Tue Aug 20 23:58:06 PDT 2019
DONE!
