PID: 8644
honu.cs.washington.edu
Job started at Wed Aug 21 12:59:13 PDT 2019
[RESOURCES] There are too many total processes running: 40!
[RESOURCES] There are too many total processes running: 42!
[RESOURCES] There are too many total processes running: 38!
[RESOURCES] There are too many total processes running: 49!
[RESOURCES] There are too many total processes running: 41!
[RESOURCES] There are too many total processes running: 39!
[RESOURCES] There are too many total processes running: 40!
[RESOURCES] There are too many total processes running: 44!
Running patch plausibility analysis under Java-8 on the patch generated by RSRepair for Bugs.jar::Commons-Math-f6dd42b4::0
patch_plausibility.py script started at Wed Aug 21 13:02:02 PDT 2019
Switched to branch 'bugs-dot-jar_MATH-343_f6dd42b4'
Reinitialized existing Git repository in /tmp/RSRepair_Bugs.jar_Commons-Math_f6dd42b4/.git/
Checking patch src/main/java/org/apache/commons/math/analysis/solvers/BrentSolver.java...
Applied patch src/main/java/org/apache/commons/math/analysis/solvers/BrentSolver.java cleanly.
There was no 'Please refer to (.*) for the individual test results.' in the maven log file!
Checkout Bugs.jar_Commons-Math_f6dd42b4
Apply patch ...
Compile Bugs.jar_Commons-Math_f6dd42b4
Run tests on Bugs.jar_Commons-Math_f6dd42b4
patch_plausibility.py script finished at Wed Aug 21 13:02:44 PDT 2019
Job finished at Wed Aug 21 13:02:44 PDT 2019
DONE!
