PID: 30562
honu.cs.washington.edu
Job started at Tue Aug 20 23:01:33 PDT 2019
Running patch plausibility analysis under Java-7 on the patch generated by Arja for Bears::traccar-traccar-195128524-195455832::0
patch_plausibility.py script started at Tue Aug 20 23:01:33 PDT 2019
Previous HEAD position was 2972046ed Changes in the tests This commit is based on the source code from the following commit: http://github.com/traccar/traccar/commit/3aebd92cc3781b417ded6260d1300434b1418e7e The mentioned commit triggered the following Travis build: http://travis-ci.org/traccar/traccar/builds/273136493.
Switched to branch 'traccar-traccar-195128524-195455832'
Note: checking out '110f3660d4ec804d7ed8d97d052339683490217a'.

You are in 'detached HEAD' state. You can look around, make experimental
changes and commit them, and you can discard any commits you make in this
state without impacting any branches by performing another checkout.

If you want to create a new branch to retain commits you create, you may
do so (now or later) by using -b with the checkout command again. Example:

  git checkout -b <new-branch-name>

HEAD is now at 110f3660d Changes in the tests This commit is based on the source code from the following commit: http://github.com/traccar/traccar/commit/3155b8697a9b3f8023e085a766a439eee4c058db The mentioned commit triggered the following Travis build: http://travis-ci.org/traccar/traccar/builds/195455832.
Reinitialized existing Git repository in /tmp/Arja_Bears_traccar-traccar_195128524-195455832/.git/
Checking patch src/org/traccar/events/IgnitionEventHandler.java...
Applied patch src/org/traccar/events/IgnitionEventHandler.java cleanly.
There was no 'Please refer to (.*) for the individual test results.' in the maven log file!
Checkout Bears_traccar-traccar_195128524-195455832
Apply patch ...
Compile Bears_traccar-traccar_195128524-195455832
Run tests on Bears_traccar-traccar_195128524-195455832
patch_plausibility.py script finished at Tue Aug 20 23:03:02 PDT 2019
Job finished at Tue Aug 20 23:03:02 PDT 2019
DONE!
