PID: 36315
honu.cs.washington.edu
Job started at Wed Aug 21 13:01:27 PDT 2019
[RESOURCES] There are too many total processes running: 38!
[RESOURCES] There are too many total processes running: 48!
[RESOURCES] There are too many total processes running: 39!
[RESOURCES] There are too many total processes running: 52!
[RESOURCES] There are too many total processes running: 38!
[RESOURCES] There are too many total processes running: 42!
[RESOURCES] There are too many total processes running: 41!
Running patch plausibility analysis under Java-8 on the patch generated by DynaMoth for Bugs.jar::Commons-Math-350f726c::7
patch_plausibility.py script started at Wed Aug 21 13:03:29 PDT 2019
Switched to branch 'bugs-dot-jar_MATH-855_350f726c'
Reinitialized existing Git repository in /tmp/DynaMoth_Bugs.jar_Commons-Math_350f726c/.git/
Checking patch src/main/java/org/apache/commons/math3/optimization/direct/BOBYQAOptimizer.java...
Applied patch src/main/java/org/apache/commons/math3/optimization/direct/BOBYQAOptimizer.java cleanly.
Checkout Bugs.jar_Commons-Math_350f726c
Apply patch ...
Compile Bugs.jar_Commons-Math_350f726c
Run tests on Bugs.jar_Commons-Math_350f726c
patch_plausibility.py script finished at Wed Aug 21 13:05:19 PDT 2019
Job finished at Wed Aug 21 13:05:19 PDT 2019
DONE!
