PID: 4899
honu.cs.washington.edu
Job started at Tue Aug 20 23:49:42 PDT 2019
[RESOURCES] There are too many total processes running: 40!
[RESOURCES] There are too many total processes running: 45!
[RESOURCES] There are too many total processes running: 40!
[RESOURCES] There are too many total processes running: 41!
[RESOURCES] There are too many total processes running: 52!
[RESOURCES] There are too many total processes running: 58!
[RESOURCES] There are too many total processes running: 47!
Running patch plausibility analysis under Java-7 on the patch generated by RSRepair for IntroClassJava::digits-070455301c2e18c7c89b850c2e86c311ac5fd223c84e723591012e163d60f11f5fd030343a444049a44940f8607d36c463f30556bf1efa98916d7417c2b4393c-002::0
patch_plausibility.py script started at Tue Aug 20 23:52:32 PDT 2019
Initialized empty Git repository in /tmp/RSRepair_IntroClassJava_digits_070455301c2e18c7c89b850c2e86c311ac5fd223c84e723591012e163d60f11f5fd030343a444049a44940f8607d36c463f30556bf1efa98916d7417c2b4393c-002/.git/
Checking patch src/main/java/introclassJava/digits_07045530_002.java...
Applied patch src/main/java/introclassJava/digits_07045530_002.java cleanly.
There was no 'Please refer to (.*) for the individual test results.' in the maven log file!
Checkout IntroClassJava_digits_070455301c2e18c7c89b850c2e86c311ac5fd223c84e723591012e163d60f11f5fd030343a444049a44940f8607d36c463f30556bf1efa98916d7417c2b4393c-002
Apply patch ...
Compile IntroClassJava_digits_070455301c2e18c7c89b850c2e86c311ac5fd223c84e723591012e163d60f11f5fd030343a444049a44940f8607d36c463f30556bf1efa98916d7417c2b4393c-002
Run tests on IntroClassJava_digits_070455301c2e18c7c89b850c2e86c311ac5fd223c84e723591012e163d60f11f5fd030343a444049a44940f8607d36c463f30556bf1efa98916d7417c2b4393c-002
patch_plausibility.py script finished at Tue Aug 20 23:52:45 PDT 2019
Job finished at Tue Aug 20 23:52:45 PDT 2019
DONE!
