PID: 28081
honu.cs.washington.edu
Job started at Tue Aug 20 23:51:59 PDT 2019
[RESOURCES] There are too many total processes running: 39!
[RESOURCES] There are too many total processes running: 44!
[RESOURCES] There are too many total processes running: 49!
[RESOURCES] There are too many total processes running: 41!
Running patch plausibility analysis under Java-7 on the patch generated by DynaMoth for Bugs.jar::Jackrabbit-Oak-93c1aa40::7
patch_plausibility.py script started at Tue Aug 20 23:53:05 PDT 2019
Switched to branch 'bugs-dot-jar_OAK-1959_93c1aa40'
Reinitialized existing Git repository in /tmp/DynaMoth_Bugs.jar_Jackrabbit-Oak_93c1aa40/.git/
Checking patch oak-core/src/main/java/org/apache/jackrabbit/oak/plugins/index/AsyncIndexUpdate.java...
Applied patch oak-core/src/main/java/org/apache/jackrabbit/oak/plugins/index/AsyncIndexUpdate.java cleanly.
There was no 'Please refer to (.*) for the individual test results.' in the maven log file!
Checkout Bugs.jar_Jackrabbit-Oak_93c1aa40
Apply patch ...
Compile Bugs.jar_Jackrabbit-Oak_93c1aa40
Run tests on Bugs.jar_Jackrabbit-Oak_93c1aa40
patch_plausibility.py script finished at Tue Aug 20 23:58:51 PDT 2019
Job finished at Tue Aug 20 23:58:51 PDT 2019
DONE!
