PID: 27185
honu.cs.washington.edu
Job started at Wed Aug 21 12:50:08 PDT 2019
[RESOURCES] There are too many total processes running: 39!
[RESOURCES] There are too many total processes running: 47!
[RESOURCES] There are too many total processes running: 52!
[RESOURCES] There are too many total processes running: 38!
[RESOURCES] There are too many total processes running: 41!
[RESOURCES] There are too many total processes running: 51!
Running patch plausibility analysis under Java-8 on the patch generated by DynaMoth for Bugs.jar::Commons-Math-19c1c3bb::7
patch_plausibility.py script started at Wed Aug 21 12:51:49 PDT 2019
Switched to branch 'bugs-dot-jar_MATH-1096_19c1c3bb'
Reinitialized existing Git repository in /tmp/DynaMoth_Bugs.jar_Commons-Math_19c1c3bb/.git/
Checking patch src/main/java/org/apache/commons/math3/geometry/enclosing/WelzlEncloser.java...
Applied patch src/main/java/org/apache/commons/math3/geometry/enclosing/WelzlEncloser.java cleanly.
Checkout Bugs.jar_Commons-Math_19c1c3bb
Apply patch ...
Compile Bugs.jar_Commons-Math_19c1c3bb
Run tests on Bugs.jar_Commons-Math_19c1c3bb
patch_plausibility.py script finished at Wed Aug 21 12:55:53 PDT 2019
Job finished at Wed Aug 21 12:55:53 PDT 2019
DONE!
