PID: 18731
honu.cs.washington.edu
Job started at Tue Aug 20 23:14:25 PDT 2019
[RESOURCES] There are too many total processes running: 38!
[RESOURCES] There are too many total processes running: 58!
[RESOURCES] There are too many total processes running: 43!
[RESOURCES] There are too many total processes running: 41!
[RESOURCES] There are too many total processes running: 38!
Running patch plausibility analysis under Java-7 on the patch generated by Nopol for IntroClassJava::smallest-68eb0bb00bcd06020ba4e5c5afbce504f5e7af9618c274197da7d50f668649a59f3eb961a718f5f67cc8731f9f5e2df46e511d083b2b5e785e9377c8f94e6ea5-000::7
patch_plausibility.py script started at Tue Aug 20 23:16:14 PDT 2019
Initialized empty Git repository in /tmp/Nopol_IntroClassJava_smallest_68eb0bb00bcd06020ba4e5c5afbce504f5e7af9618c274197da7d50f668649a59f3eb961a718f5f67cc8731f9f5e2df46e511d083b2b5e785e9377c8f94e6ea5-000/.git/
Checking patch src/main/java/introclassJava/smallest_68eb0bb0_000.java...
Applied patch src/main/java/introclassJava/smallest_68eb0bb0_000.java cleanly.
There was no 'Please refer to (.*) for the individual test results.' in the maven log file!
Checkout IntroClassJava_smallest_68eb0bb00bcd06020ba4e5c5afbce504f5e7af9618c274197da7d50f668649a59f3eb961a718f5f67cc8731f9f5e2df46e511d083b2b5e785e9377c8f94e6ea5-000
Apply patch ...
Compile IntroClassJava_smallest_68eb0bb00bcd06020ba4e5c5afbce504f5e7af9618c274197da7d50f668649a59f3eb961a718f5f67cc8731f9f5e2df46e511d083b2b5e785e9377c8f94e6ea5-000
Run tests on IntroClassJava_smallest_68eb0bb00bcd06020ba4e5c5afbce504f5e7af9618c274197da7d50f668649a59f3eb961a718f5f67cc8731f9f5e2df46e511d083b2b5e785e9377c8f94e6ea5-000
patch_plausibility.py script finished at Tue Aug 20 23:16:31 PDT 2019
Job finished at Tue Aug 20 23:16:31 PDT 2019
DONE!
