PID: 17597
honu.cs.washington.edu
Job started at Wed Aug 21 14:08:05 PDT 2019
[RESOURCES] There are too many total processes running: 41!
Running patch plausibility analysis under Java-8 on the patch generated by jMutRepair for IntroClassJava::median-6aaeaf2ffb623b5736c0c0b9e8a1a3b080e8aef14d963d899eb3e4073245ad1171e26fb2a64fb88db6e40aa59e894a55eac832e38d444755cb3b6ad10ba74c62-000::0
patch_plausibility.py script started at Wed Aug 21 14:08:29 PDT 2019
Initialized empty Git repository in /tmp/jMutRepair_IntroClassJava_median_6aaeaf2ffb623b5736c0c0b9e8a1a3b080e8aef14d963d899eb3e4073245ad1171e26fb2a64fb88db6e40aa59e894a55eac832e38d444755cb3b6ad10ba74c62-000/.git/
<stdin>:8: trailing whitespace.
        } else if (((b.value >= a.value) && (c.value > b.value)) 
Checking patch src/main/java/b/src/main/java/introclassJava/median_6aaeaf2f_000.java...
error: src/main/java/b/src/main/java/introclassJava/median_6aaeaf2f_000.java: No such file or directory
`patch` has failed!
Traceback (most recent call last):
  File "/scratch/rjust/critical_review_of_repair_them_all_data/plausibility/patch_plausibility.py", line 161, in <module>
    die("`patch` has failed!\n")
  File "/scratch/rjust/critical_review_of_repair_them_all_data/plausibility/patch_plausibility.py", line 104, in die
    utils.die(msg=msg, checkout_dir=CHECKOUT_DIR)
  File "/scratch/rjust/critical_review_of_repair_them_all_data/java_7_vs_java_8/utils.py", line 35, in die
    sys.exit(1)
SystemExit: 1
Checkout IntroClassJava_median_6aaeaf2ffb623b5736c0c0b9e8a1a3b080e8aef14d963d899eb3e4073245ad1171e26fb2a64fb88db6e40aa59e894a55eac832e38d444755cb3b6ad10ba74c62-000
Apply patch ...
patch_plausibility.py has failed!
