PID: 15363
honu.cs.washington.edu
Job started at Wed Aug 21 13:29:21 PDT 2019
[RESOURCES] There are too many total processes running: 46!
[RESOURCES] There are too many total processes running: 57!
[RESOURCES] There are too many total processes running: 50!
Running patch plausibility analysis under Java-8 on the patch generated by Kali for Bears::julianps-modelmapper-module-vavr-441307573-461240331::0
patch_plausibility.py script started at Wed Aug 21 13:30:31 PDT 2019
Previous HEAD position was f9d2b5531 Changes in the tests This commit is based on the source code from the following commit: http://github.com/traccar/traccar/commit/ee2fbc5cb8bb5dc017eed3db3785fb8c2166df67 The mentioned commit triggered the following Travis build: http://travis-ci.org/traccar/traccar/builds/322428590.
Switched to branch 'julianps-modelmapper-module-vavr-441307573-461240331'
Note: checking out '1ee27edc23418777cab93a12d9319acdf475098d'.

You are in 'detached HEAD' state. You can look around, make experimental
changes and commit them, and you can discard any commits you make in this
state without impacting any branches by performing another checkout.

If you want to create a new branch to retain commits you create, you may
do so (now or later) by using -b with the checkout command again. Example:

  git checkout -b <new-branch-name>

HEAD is now at 1ee27edc2 Changes in the tests This commit is based on the source code from the following commit: http://github.com/julianps/modelmapper-module-vavr/commit/b358ccbacff0f311b46f6bdd0f7d4aca1b27a13f The mentioned commit triggered the following Travis build: http://travis-ci.org/julianps/modelmapper-module-vavr/builds/461240331.
Reinitialized existing Git repository in /tmp/Kali_Bears_julianps-modelmapper-module-vavr_441307573-461240331/.git/
Checking patch src/main/java/com/github/julianps/modelmapper/VavrModule.java...
Applied patch src/main/java/com/github/julianps/modelmapper/VavrModule.java cleanly.
Checkout Bears_julianps-modelmapper-module-vavr_441307573-461240331
Apply patch ...
Compile Bears_julianps-modelmapper-module-vavr_441307573-461240331
Run tests on Bears_julianps-modelmapper-module-vavr_441307573-461240331
patch_plausibility.py script finished at Wed Aug 21 13:30:51 PDT 2019
Job finished at Wed Aug 21 13:30:51 PDT 2019
DONE!
