PID: 3938
honu.cs.washington.edu
Job started at Wed Aug 21 00:11:54 PDT 2019
[RESOURCES] There are too many total processes running: 45!
[RESOURCES] There are too many total processes running: 43!
[RESOURCES] There are too many total processes running: 42!
[RESOURCES] There are too many total processes running: 38!
Running patch plausibility analysis under Java-7 on the patch generated by Nopol for Bugs.jar::Commons-Math-66dece12::7
patch_plausibility.py script started at Wed Aug 21 00:13:16 PDT 2019
Switched to branch 'bugs-dot-jar_MATH-859_66dece12'
Reinitialized existing Git repository in /tmp/Nopol_Bugs.jar_Commons-Math_66dece12/.git/
Checking patch src/main/java/org/apache/commons/math3/optimization/direct/BOBYQAOptimizer.java...
Applied patch src/main/java/org/apache/commons/math3/optimization/direct/BOBYQAOptimizer.java cleanly.
Checkout Bugs.jar_Commons-Math_66dece12
Apply patch ...
Compile Bugs.jar_Commons-Math_66dece12
Run tests on Bugs.jar_Commons-Math_66dece12
patch_plausibility.py script finished at Wed Aug 21 00:15:28 PDT 2019
Job finished at Wed Aug 21 00:15:28 PDT 2019
DONE!
