PID: 20765
honu.cs.washington.edu
Job started at Wed Aug 21 00:28:28 PDT 2019
[RESOURCES] There are too many total processes running: 48!
[RESOURCES] There are too many total processes running: 46!
[RESOURCES] There are too many total processes running: 41!
[RESOURCES] There are too many total processes running: 53!
[RESOURCES] There are too many total processes running: 39!
Running patch plausibility analysis under Java-7 on the patch generated by Nopol for Bugs.jar::Logging-Log4J2-d8af1c93::7
patch_plausibility.py script started at Wed Aug 21 00:30:20 PDT 2019
Switched to branch 'bugs-dot-jar_LOG4J2-94_d8af1c93'
Reinitialized existing Git repository in /tmp/Nopol_Bugs.jar_Logging-Log4J2_d8af1c93/.git/
Checking patch core/src/main/java/org/apache/logging/log4j/core/impl/ThrowableProxy.java...
Applied patch core/src/main/java/org/apache/logging/log4j/core/impl/ThrowableProxy.java cleanly.
Checkout Bugs.jar_Logging-Log4J2_d8af1c93
Apply patch ...
Compile Bugs.jar_Logging-Log4J2_d8af1c93
Run tests on Bugs.jar_Logging-Log4J2_d8af1c93
patch_plausibility.py script finished at Wed Aug 21 00:32:10 PDT 2019
Job finished at Wed Aug 21 00:32:10 PDT 2019
DONE!
