PID: 6877
honu.cs.washington.edu
Job started at Tue Aug 20 23:27:46 PDT 2019
[RESOURCES] There are too many total processes running: 43!
[RESOURCES] There are too many total processes running: 43!
[RESOURCES] There are too many total processes running: 38!
[RESOURCES] There are too many total processes running: 43!
[RESOURCES] There are too many total processes running: 43!
[RESOURCES] There are too many total processes running: 41!
[RESOURCES] There are too many total processes running: 43!
[RESOURCES] There are too many total processes running: 66!
[RESOURCES] There are too many total processes running: 42!
[RESOURCES] There are too many total processes running: 49!
[RESOURCES] There are too many total processes running: 46!
[RESOURCES] There are too many total processes running: 54!
Running patch plausibility analysis under Java-7 on the patch generated by Nopol for Bugs.jar::Commons-Math-95d15eff::7
patch_plausibility.py script started at Tue Aug 20 23:31:54 PDT 2019
Switched to branch 'bugs-dot-jar_MATH-722_95d15eff'
Reinitialized existing Git repository in /tmp/Nopol_Bugs.jar_Commons-Math_95d15eff/.git/
Checking patch src/main/java/org/apache/commons/math/optimization/direct/BOBYQAOptimizer.java...
Applied patch src/main/java/org/apache/commons/math/optimization/direct/BOBYQAOptimizer.java cleanly.
Checkout Bugs.jar_Commons-Math_95d15eff
Apply patch ...
Compile Bugs.jar_Commons-Math_95d15eff
Run tests on Bugs.jar_Commons-Math_95d15eff
patch_plausibility.py script finished at Tue Aug 20 23:33:37 PDT 2019
Job finished at Tue Aug 20 23:33:37 PDT 2019
DONE!
