PID: 33601
honu.cs.washington.edu
Job started at Tue Aug 20 23:48:41 PDT 2019
[RESOURCES] There are too many total processes running: 41!
[RESOURCES] There are too many total processes running: 46!
[RESOURCES] There are too many total processes running: 49!
[RESOURCES] There are too many total processes running: 53!
[RESOURCES] There are too many total processes running: 41!
[RESOURCES] There are too many total processes running: 43!
[RESOURCES] There are too many total processes running: 43!
[RESOURCES] There are too many total processes running: 46!
[RESOURCES] There are too many total processes running: 55!
[RESOURCES] There are too many total processes running: 46!
Running patch plausibility analysis under Java-7 on the patch generated by Arja for Bugs.jar::Commons-Math-2a6c6409::0
patch_plausibility.py script started at Tue Aug 20 23:51:48 PDT 2019
Switched to branch 'bugs-dot-jar_MATH-1115_2a6c6409'
Reinitialized existing Git repository in /tmp/Arja_Bugs.jar_Commons-Math_2a6c6409/.git/
Checking patch src/main/java/org/apache/commons/math3/geometry/euclidean/twod/PolygonsSet.java...
Checking patch src/main/java/org/apache/commons/math3/geometry/partitioning/BSPTree.java...
Applied patch src/main/java/org/apache/commons/math3/geometry/euclidean/twod/PolygonsSet.java cleanly.
Applied patch src/main/java/org/apache/commons/math3/geometry/partitioning/BSPTree.java cleanly.
There was no 'Please refer to (.*) for the individual test results.' in the maven log file!
Checkout Bugs.jar_Commons-Math_2a6c6409
Apply patch ...
Compile Bugs.jar_Commons-Math_2a6c6409
Run tests on Bugs.jar_Commons-Math_2a6c6409
patch_plausibility.py script finished at Tue Aug 20 23:56:06 PDT 2019
Job finished at Tue Aug 20 23:56:06 PDT 2019
DONE!
