PID: 30674
honu.cs.washington.edu
Job started at Tue Aug 20 23:29:51 PDT 2019
[RESOURCES] There are too many total processes running: 52!
[RESOURCES] There are too many total processes running: 40!
[RESOURCES] There are too many total processes running: 40!
[RESOURCES] There are too many total processes running: 45!
Running patch plausibility analysis under Java-7 on the patch generated by RSRepair for IntroClassJava::median-0cdfa335eea3c612e6fa3ad261276b0c3ebbc6ff0ff13c20bdc249bad29a8037ca6dc887dd28558964e1e1a24f47c4cffc05adba525285dc8b93660cdf9b8b7c-003::0
patch_plausibility.py script started at Tue Aug 20 23:30:53 PDT 2019
Initialized empty Git repository in /tmp/RSRepair_IntroClassJava_median_0cdfa335eea3c612e6fa3ad261276b0c3ebbc6ff0ff13c20bdc249bad29a8037ca6dc887dd28558964e1e1a24f47c4cffc05adba525285dc8b93660cdf9b8b7c-003/.git/
Checking patch src/main/java/introclassJava/median_0cdfa335_003.java...
Applied patch src/main/java/introclassJava/median_0cdfa335_003.java cleanly.
There was no 'Please refer to (.*) for the individual test results.' in the maven log file!
Checkout IntroClassJava_median_0cdfa335eea3c612e6fa3ad261276b0c3ebbc6ff0ff13c20bdc249bad29a8037ca6dc887dd28558964e1e1a24f47c4cffc05adba525285dc8b93660cdf9b8b7c-003
Apply patch ...
Compile IntroClassJava_median_0cdfa335eea3c612e6fa3ad261276b0c3ebbc6ff0ff13c20bdc249bad29a8037ca6dc887dd28558964e1e1a24f47c4cffc05adba525285dc8b93660cdf9b8b7c-003
Run tests on IntroClassJava_median_0cdfa335eea3c612e6fa3ad261276b0c3ebbc6ff0ff13c20bdc249bad29a8037ca6dc887dd28558964e1e1a24f47c4cffc05adba525285dc8b93660cdf9b8b7c-003
patch_plausibility.py script finished at Tue Aug 20 23:31:09 PDT 2019
Job finished at Tue Aug 20 23:31:09 PDT 2019
DONE!
