PID: 30341
honu.cs.washington.edu
Job started at Wed Aug 21 00:01:40 PDT 2019
Running patch plausibility analysis under Java-7 on the patch generated by Cardumen for Bears::traccar-traccar-198464113-198488474::0
patch_plausibility.py script started at Wed Aug 21 00:01:40 PDT 2019
Previous HEAD position was ef7e5ae21 Bug commit from traccar/traccar This commit is based on the source code from the following commit: http://github.com/traccar/traccar/commit/df53571ab09afb15888462dbbed2c3d58759c55a The mentioned commit triggered the following Travis build: http://travis-ci.org/traccar/traccar/builds/255051210.
Switched to branch 'traccar-traccar-198464113-198488474'
Note: checking out '7ebf957c8e34155a00158091cbaab9a2d4d5fc43'.

You are in 'detached HEAD' state. You can look around, make experimental
changes and commit them, and you can discard any commits you make in this
state without impacting any branches by performing another checkout.

If you want to create a new branch to retain commits you create, you may
do so (now or later) by using -b with the checkout command again. Example:

  git checkout -b <new-branch-name>

HEAD is now at 7ebf957c8 Changes in the tests This commit is based on the source code from the following commit: http://github.com/traccar/traccar/commit/1909b845a8c77a2463c0ad8d4c1952b8c0852ae2 The mentioned commit triggered the following Travis build: http://travis-ci.org/traccar/traccar/builds/198488474.
Picked up JAVA_TOOL_OPTIONS: -XX:CICompilerCount=2 -XX:ParallelGCThreads=2 -XX:ConcGCThreads=2  
Reinitialized existing Git repository in /tmp/Cardumen_Bears_traccar-traccar_198464113-198488474/.git/
Checking patch src/org/traccar/protocol/Gl200ProtocolDecoder.java...
Applied patch src/org/traccar/protocol/Gl200ProtocolDecoder.java cleanly.
There was no 'Please refer to (.*) for the individual test results.' in the maven log file!
Checkout Bears_traccar-traccar_198464113-198488474
Apply patch ...
Compile Bears_traccar-traccar_198464113-198488474
Run tests on Bears_traccar-traccar_198464113-198488474
patch_plausibility.py script finished at Wed Aug 21 00:02:53 PDT 2019
Job finished at Wed Aug 21 00:02:53 PDT 2019
DONE!
