PID: 2324
honu.cs.washington.edu
Job started at Tue Aug 20 23:56:14 PDT 2019
[RESOURCES] There are too many total processes running: 40!
[RESOURCES] There are too many total processes running: 43!
[RESOURCES] There are too many total processes running: 46!
[RESOURCES] There are too many total processes running: 53!
[RESOURCES] There are too many total processes running: 43!
[RESOURCES] There are too many total processes running: 44!
[RESOURCES] There are too many total processes running: 38!
[RESOURCES] There are too many total processes running: 45!
[RESOURCES] There are too many total processes running: 39!
[RESOURCES] There are too many total processes running: 38!
[RESOURCES] There are too many total processes running: 43!
Running patch plausibility analysis under Java-7 on the patch generated by Arja for Bugs.jar::Accumulo-813109d7::0
patch_plausibility.py script started at Tue Aug 20 23:59:55 PDT 2019
Switched to branch 'bugs-dot-jar_ACCUMULO-1199_813109d7'
Reinitialized existing Git repository in /tmp/Arja_Bugs.jar_Accumulo_813109d7/.git/
Checking patch proxy/src/main/java/org/apache/accumulo/proxy/thrift/AccumuloProxy.java...
Applied patch proxy/src/main/java/org/apache/accumulo/proxy/thrift/AccumuloProxy.java cleanly.
Checkout Bugs.jar_Accumulo_813109d7
Apply patch ...
Compile Bugs.jar_Accumulo_813109d7
Run tests on Bugs.jar_Accumulo_813109d7
patch_plausibility.py script finished at Wed Aug 21 00:01:19 PDT 2019
Job finished at Wed Aug 21 00:01:19 PDT 2019
DONE!
