PID: 6592
honu.cs.washington.edu
Job started at Wed Aug 21 13:31:44 PDT 2019
[RESOURCES] There are too many total processes running: 40!
[RESOURCES] There are too many total processes running: 47!
[RESOURCES] There are too many total processes running: 50!
[RESOURCES] There are too many total processes running: 48!
[RESOURCES] There are too many total processes running: 46!
Running patch plausibility analysis under Java-8 on the patch generated by jGenProg for Bugs.jar::Jackrabbit-Oak-5449bf39::0
patch_plausibility.py script started at Wed Aug 21 13:33:44 PDT 2019
Switched to branch 'bugs-dot-jar_OAK-296_5449bf39'
Picked up JAVA_TOOL_OPTIONS: -XX:CICompilerCount=2 -XX:ParallelGCThreads=2 -XX:ConcGCThreads=2  
Reinitialized existing Git repository in /tmp/jGenProg_Bugs.jar_Jackrabbit-Oak_5449bf39/.git/
Checking patch oak-commons/src/main/java/org/apache/jackrabbit/oak/commons/PathUtils.java...
Applied patch oak-commons/src/main/java/org/apache/jackrabbit/oak/commons/PathUtils.java cleanly.
There was no 'Please refer to (.*) for the individual test results.' in the maven log file!
Checkout Bugs.jar_Jackrabbit-Oak_5449bf39
Apply patch ...
Compile top-level project
Get module information
Compile Bugs.jar_Jackrabbit-Oak_5449bf39
Run tests on Bugs.jar_Jackrabbit-Oak_5449bf39
patch_plausibility.py script finished at Wed Aug 21 13:35:30 PDT 2019
Job finished at Wed Aug 21 13:35:30 PDT 2019
DONE!
