PID: 15733
honu.cs.washington.edu
Job started at Wed Aug 21 13:05:52 PDT 2019
[RESOURCES] There are too many total processes running: 78!
[RESOURCES] There are too many total processes running: 50!
Running patch plausibility analysis under Java-8 on the patch generated by Nopol for Bugs.jar::Flink-adb321d6::7
patch_plausibility.py script started at Wed Aug 21 13:06:15 PDT 2019
Switched to branch 'bugs-dot-jar_FLINK-1951_adb321d6'
Reinitialized existing Git repository in /tmp/Nopol_Bugs.jar_Flink_adb321d6/.git/
Checking patch flink-optimizer/src/main/java/org/apache/flink/optimizer/dag/WorksetIterationNode.java...
Applied patch flink-optimizer/src/main/java/org/apache/flink/optimizer/dag/WorksetIterationNode.java cleanly.
test has not returned a non-zero exit code but it has not executed any test case either!
Traceback (most recent call last):
  File "/scratch/rjust/critical_review_of_repair_them_all_data/plausibility/patch_plausibility.py", line 177, in <module>
    die()
  File "/scratch/rjust/critical_review_of_repair_them_all_data/plausibility/patch_plausibility.py", line 104, in die
    utils.die(msg=msg, checkout_dir=CHECKOUT_DIR)
  File "/scratch/rjust/critical_review_of_repair_them_all_data/java_7_vs_java_8/utils.py", line 35, in die
    sys.exit(1)
SystemExit: 1
Checkout Bugs.jar_Flink_adb321d6
Apply patch ...
Compile Bugs.jar_Flink_adb321d6
Run tests on Bugs.jar_Flink_adb321d6
patch_plausibility.py has failed!
