PID: 20104
honu.cs.washington.edu
Job started at Wed Aug 21 13:32:39 PDT 2019
[RESOURCES] There are too many total processes running: 45!
[RESOURCES] There are too many total processes running: 40!
[RESOURCES] There are too many total processes running: 39!
[RESOURCES] There are too many total processes running: 49!
[RESOURCES] There are too many total processes running: 45!
[RESOURCES] There are too many total processes running: 41!
Running patch plausibility analysis under Java-8 on the patch generated by DynaMoth for Bugs.jar::Commons-Math-26a61077::7
patch_plausibility.py script started at Wed Aug 21 13:34:40 PDT 2019
Switched to branch 'bugs-dot-jar_MATH-519_26a61077'
Reinitialized existing Git repository in /tmp/DynaMoth_Bugs.jar_Commons-Math_26a61077/.git/
Checking patch src/main/java/org/apache/commons/math/optimization/general/LevenbergMarquardtOptimizer.java...
Applied patch src/main/java/org/apache/commons/math/optimization/general/LevenbergMarquardtOptimizer.java cleanly.
Checkout Bugs.jar_Commons-Math_26a61077
Apply patch ...
Compile Bugs.jar_Commons-Math_26a61077
Run tests on Bugs.jar_Commons-Math_26a61077
patch_plausibility.py script finished at Wed Aug 21 13:35:45 PDT 2019
Job finished at Wed Aug 21 13:35:45 PDT 2019
DONE!
