PID: 30781
honu.cs.washington.edu
Job started at Tue Aug 20 23:01:33 PDT 2019
Running patch plausibility analysis under Java-7 on the patch generated by Arja for Bears::albfernandez-GDS-PMD-Security-Rules-451155169-455669767::0
patch_plausibility.py script started at Tue Aug 20 23:01:33 PDT 2019
Previous HEAD position was 2fcfe080f Changes in the tests This commit is based on the source code from the following commit: http://github.com/traccar/traccar/commit/1771c22baca9c43556e5cfc4ec705d0a071a78e8 The mentioned commit triggered the following Travis build: http://travis-ci.org/traccar/traccar/builds/316639485.
Switched to branch 'albfernandez-GDS-PMD-Security-Rules-451155169-455669767'
Note: checking out 'dc2f1b2b16045abb4ee60ff4011cb8db25dab2be'.

You are in 'detached HEAD' state. You can look around, make experimental
changes and commit them, and you can discard any commits you make in this
state without impacting any branches by performing another checkout.

If you want to create a new branch to retain commits you create, you may
do so (now or later) by using -b with the checkout command again. Example:

  git checkout -b <new-branch-name>

HEAD is now at dc2f1b2b1 Changes in the tests This commit is based on the source code from the following commit: http://github.com/albfernandez/GDS-PMD-Security-Rules/commit/d08d1b9f55598fca9b5a9b78b89998f81edeed7c The mentioned commit triggered the following Travis build: http://travis-ci.org/albfernandez/GDS-PMD-Security-Rules/builds/455669767.
Reinitialized existing Git repository in /tmp/Arja_Bears_albfernandez-GDS-PMD-Security-Rules_451155169-455669767/.git/
Checking patch src/main/java/com/gdssecurity/pmd/rules/BaseSecurityRule.java...
Checking patch src/main/java/com/gdssecurity/pmd/rules/dfa/DfaSecurityRule.java...
Applied patch src/main/java/com/gdssecurity/pmd/rules/BaseSecurityRule.java cleanly.
Applied patch src/main/java/com/gdssecurity/pmd/rules/dfa/DfaSecurityRule.java cleanly.
Checkout Bears_albfernandez-GDS-PMD-Security-Rules_451155169-455669767
Apply patch ...
Compile Bears_albfernandez-GDS-PMD-Security-Rules_451155169-455669767
Run tests on Bears_albfernandez-GDS-PMD-Security-Rules_451155169-455669767
patch_plausibility.py script finished at Tue Aug 20 23:03:13 PDT 2019
Job finished at Tue Aug 20 23:03:13 PDT 2019
DONE!
