PID: 19230
honu.cs.washington.edu
Job started at Tue Aug 20 23:28:56 PDT 2019
[RESOURCES] There are too many total processes running: 47!
[RESOURCES] There are too many total processes running: 38!
[RESOURCES] There are too many total processes running: 48!
[RESOURCES] There are too many total processes running: 49!
[RESOURCES] There are too many total processes running: 49!
[RESOURCES] There are too many total processes running: 50!
[RESOURCES] There are too many total processes running: 40!
Running patch plausibility analysis under Java-7 on the patch generated by Nopol for Bugs.jar::Logging-Log4J2-afcf92eb::7
patch_plausibility.py script started at Tue Aug 20 23:31:20 PDT 2019
Switched to branch 'bugs-dot-jar_LOG4J2-114_afcf92eb'
Reinitialized existing Git repository in /tmp/Nopol_Bugs.jar_Logging-Log4J2_afcf92eb/.git/
Checking patch api/src/main/java/org/apache/logging/log4j/message/StructuredDataMessage.java...
Applied patch api/src/main/java/org/apache/logging/log4j/message/StructuredDataMessage.java cleanly.
There was no 'Please refer to (.*) for the individual test results.' in the maven log file!
Checkout Bugs.jar_Logging-Log4J2_afcf92eb
Apply patch ...
Compile Bugs.jar_Logging-Log4J2_afcf92eb
Run tests on Bugs.jar_Logging-Log4J2_afcf92eb
patch_plausibility.py script finished at Tue Aug 20 23:32:44 PDT 2019
Job finished at Tue Aug 20 23:32:44 PDT 2019
DONE!
