PID: 15351
honu.cs.washington.edu
Job started at Tue Aug 20 23:43:52 PDT 2019
[RESOURCES] There are too many total processes running: 41!
[RESOURCES] There are too many total processes running: 41!
[RESOURCES] There are too many total processes running: 55!
[RESOURCES] There are too many total processes running: 40!
[RESOURCES] There are too many total processes running: 47!
[RESOURCES] There are too many total processes running: 46!
[RESOURCES] There are too many total processes running: 52!
[RESOURCES] There are too many total processes running: 46!
[RESOURCES] There are too many total processes running: 41!
[RESOURCES] There are too many total processes running: 38!
[RESOURCES] There are too many total processes running: 55!
[RESOURCES] There are too many total processes running: 46!
[RESOURCES] There are too many total processes running: 48!
[RESOURCES] There are too many total processes running: 45!
[RESOURCES] There are too many total processes running: 40!
[RESOURCES] There are too many total processes running: 39!
[RESOURCES] There are too many total processes running: 40!
[RESOURCES] There are too many total processes running: 49!
[RESOURCES] There are too many total processes running: 48!
[RESOURCES] There are too many total processes running: 39!
Running patch plausibility analysis under Java-7 on the patch generated by RSRepair for IntroClassJava::median-9083480332b4a5e4274f3bf5ef8bd5d1bd75048c0c066e574c27a2de6d919d658efc519e8b6a230a074eb5f2957d5768f4dc981a8e926c3a72993bc448a017f7-010::0
patch_plausibility.py script started at Tue Aug 20 23:49:56 PDT 2019
Initialized empty Git repository in /tmp/RSRepair_IntroClassJava_median_9083480332b4a5e4274f3bf5ef8bd5d1bd75048c0c066e574c27a2de6d919d658efc519e8b6a230a074eb5f2957d5768f4dc981a8e926c3a72993bc448a017f7-010/.git/
Checking patch src/main/java/introclassJava/median_90834803_010.java...
Applied patch src/main/java/introclassJava/median_90834803_010.java cleanly.
There was no 'Please refer to (.*) for the individual test results.' in the maven log file!
Checkout IntroClassJava_median_9083480332b4a5e4274f3bf5ef8bd5d1bd75048c0c066e574c27a2de6d919d658efc519e8b6a230a074eb5f2957d5768f4dc981a8e926c3a72993bc448a017f7-010
Apply patch ...
Compile IntroClassJava_median_9083480332b4a5e4274f3bf5ef8bd5d1bd75048c0c066e574c27a2de6d919d658efc519e8b6a230a074eb5f2957d5768f4dc981a8e926c3a72993bc448a017f7-010
Run tests on IntroClassJava_median_9083480332b4a5e4274f3bf5ef8bd5d1bd75048c0c066e574c27a2de6d919d658efc519e8b6a230a074eb5f2957d5768f4dc981a8e926c3a72993bc448a017f7-010
patch_plausibility.py script finished at Tue Aug 20 23:50:27 PDT 2019
Job finished at Tue Aug 20 23:50:27 PDT 2019
DONE!
