PID: 27042
honu.cs.washington.edu
Job started at Tue Aug 20 23:44:42 PDT 2019
[RESOURCES] There are too many total processes running: 42!
[RESOURCES] There are too many total processes running: 55!
[RESOURCES] There are too many total processes running: 40!
[RESOURCES] There are too many total processes running: 40!
[RESOURCES] There are too many total processes running: 38!
[RESOURCES] There are too many total processes running: 46!
[RESOURCES] There are too many total processes running: 38!
[RESOURCES] There are too many total processes running: 44!
Running patch plausibility analysis under Java-7 on the patch generated by Nopol for Bugs.jar::Commons-Math-38983e82::7
patch_plausibility.py script started at Tue Aug 20 23:47:36 PDT 2019
Switched to branch 'bugs-dot-jar_MATH-288_38983e82'
Reinitialized existing Git repository in /tmp/Nopol_Bugs.jar_Commons-Math_38983e82/.git/
Checking patch src/main/java/org/apache/commons/math/ode/nonstiff/GraggBulirschStoerIntegrator.java...
Applied patch src/main/java/org/apache/commons/math/ode/nonstiff/GraggBulirschStoerIntegrator.java cleanly.
Checkout Bugs.jar_Commons-Math_38983e82
Apply patch ...
Compile Bugs.jar_Commons-Math_38983e82
Run tests on Bugs.jar_Commons-Math_38983e82
patch_plausibility.py script finished at Tue Aug 20 23:48:18 PDT 2019
Job finished at Tue Aug 20 23:48:18 PDT 2019
DONE!
