PID: 11278
honu.cs.washington.edu
Job started at Tue Aug 20 23:46:34 PDT 2019
[RESOURCES] There are too many total processes running: 39!
[RESOURCES] There are too many total processes running: 42!
[RESOURCES] There are too many total processes running: 45!
[RESOURCES] There are too many total processes running: 42!
[RESOURCES] There are too many total processes running: 42!
[RESOURCES] There are too many total processes running: 43!
[RESOURCES] There are too many total processes running: 40!
[RESOURCES] There are too many total processes running: 40!
[RESOURCES] There are too many total processes running: 44!
Running patch plausibility analysis under Java-7 on the patch generated by Nopol for IntroClassJava::digits-6e464f2b5ba1d5ad3d4fc366e7d7712b424aabd8b41ca36257115a16416d202feb27397a413d04944c9ac76976fa8ff8ae646144855e08791ebf9593d1caaaca-004::7
patch_plausibility.py script started at Tue Aug 20 23:49:21 PDT 2019
Initialized empty Git repository in /tmp/Nopol_IntroClassJava_digits_6e464f2b5ba1d5ad3d4fc366e7d7712b424aabd8b41ca36257115a16416d202feb27397a413d04944c9ac76976fa8ff8ae646144855e08791ebf9593d1caaaca-004/.git/
Checking patch src/main/java/introclassJava/digits_6e464f2b_004.java...
Applied patch src/main/java/introclassJava/digits_6e464f2b_004.java cleanly.
There was no 'Please refer to (.*) for the individual test results.' in the maven log file!
Checkout IntroClassJava_digits_6e464f2b5ba1d5ad3d4fc366e7d7712b424aabd8b41ca36257115a16416d202feb27397a413d04944c9ac76976fa8ff8ae646144855e08791ebf9593d1caaaca-004
Apply patch ...
Compile IntroClassJava_digits_6e464f2b5ba1d5ad3d4fc366e7d7712b424aabd8b41ca36257115a16416d202feb27397a413d04944c9ac76976fa8ff8ae646144855e08791ebf9593d1caaaca-004
Run tests on IntroClassJava_digits_6e464f2b5ba1d5ad3d4fc366e7d7712b424aabd8b41ca36257115a16416d202feb27397a413d04944c9ac76976fa8ff8ae646144855e08791ebf9593d1caaaca-004
patch_plausibility.py script finished at Tue Aug 20 23:49:37 PDT 2019
Job finished at Tue Aug 20 23:49:37 PDT 2019
DONE!
