PID: 25806
honu.cs.washington.edu
Job started at Wed Aug 21 00:01:19 PDT 2019
Running patch plausibility analysis under Java-7 on the patch generated by Kali for Bears::traccar-traccar-255051210-255052458::0
patch_plausibility.py script started at Wed Aug 21 00:01:19 PDT 2019
Previous HEAD position was 19a81c1fd Bug commit from SzFMV2018-Tavasz/AutomatedCar This commit is based on the source code from the following commit: http://github.com/SzFMV2018-Tavasz/AutomatedCar/commit/4efc1e696af816519a2d0d5d52b7deb11240dcc2 The mentioned commit triggered the following Travis build: http://travis-ci.org/SzFMV2018-Tavasz/AutomatedCar/builds/351742666.
Switched to branch 'traccar-traccar-255051210-255052458'
Note: checking out 'ef7e5ae214656aace0cc5aa6c1aa0c251eb1753b'.

You are in 'detached HEAD' state. You can look around, make experimental
changes and commit them, and you can discard any commits you make in this
state without impacting any branches by performing another checkout.

If you want to create a new branch to retain commits you create, you may
do so (now or later) by using -b with the checkout command again. Example:

  git checkout -b <new-branch-name>

HEAD is now at ef7e5ae21 Bug commit from traccar/traccar This commit is based on the source code from the following commit: http://github.com/traccar/traccar/commit/df53571ab09afb15888462dbbed2c3d58759c55a The mentioned commit triggered the following Travis build: http://travis-ci.org/traccar/traccar/builds/255051210.
Reinitialized existing Git repository in /tmp/Kali_Bears_traccar-traccar_255051210-255052458/.git/
Checking patch src/org/traccar/BaseProtocolDecoder.java...
Applied patch src/org/traccar/BaseProtocolDecoder.java cleanly.
There was no 'Please refer to (.*) for the individual test results.' in the maven log file!
Checkout Bears_traccar-traccar_255051210-255052458
Apply patch ...
Compile Bears_traccar-traccar_255051210-255052458
Run tests on Bears_traccar-traccar_255051210-255052458
patch_plausibility.py script finished at Wed Aug 21 00:02:32 PDT 2019
Job finished at Wed Aug 21 00:02:32 PDT 2019
DONE!
