PID: 25235
honu.cs.washington.edu
Job started at Tue Aug 20 23:51:42 PDT 2019
[RESOURCES] There are too many total processes running: 42!
[RESOURCES] There are too many total processes running: 40!
[RESOURCES] There are too many total processes running: 47!
[RESOURCES] There are too many total processes running: 44!
[RESOURCES] There are too many total processes running: 44!
[RESOURCES] There are too many total processes running: 45!
[RESOURCES] There are too many total processes running: 42!
[RESOURCES] There are too many total processes running: 42!
[RESOURCES] There are too many total processes running: 38!
Running patch plausibility analysis under Java-7 on the patch generated by DynaMoth for Bugs.jar::Commons-Math-5b9302d5::7
patch_plausibility.py script started at Tue Aug 20 23:54:31 PDT 2019
Switched to branch 'bugs-dot-jar_MATH-778_5b9302d5'
Reinitialized existing Git repository in /tmp/DynaMoth_Bugs.jar_Commons-Math_5b9302d5/.git/
Checking patch src/main/java/org/apache/commons/math3/optimization/direct/BOBYQAOptimizer.java...
Applied patch src/main/java/org/apache/commons/math3/optimization/direct/BOBYQAOptimizer.java cleanly.
Checkout Bugs.jar_Commons-Math_5b9302d5
Apply patch ...
Compile Bugs.jar_Commons-Math_5b9302d5
Run tests on Bugs.jar_Commons-Math_5b9302d5
patch_plausibility.py script finished at Tue Aug 20 23:57:21 PDT 2019
Job finished at Tue Aug 20 23:57:21 PDT 2019
DONE!
