PID: 12389
honu.cs.washington.edu
Job started at Wed Aug 21 13:32:11 PDT 2019
[RESOURCES] There are too many total processes running: 39!
[RESOURCES] There are too many total processes running: 42!
[RESOURCES] There are too many total processes running: 40!
[RESOURCES] There are too many total processes running: 38!
[RESOURCES] There are too many total processes running: 47!
[RESOURCES] There are too many total processes running: 44!
[RESOURCES] There are too many total processes running: 39!
[RESOURCES] There are too many total processes running: 44!
[RESOURCES] There are too many total processes running: 42!
[RESOURCES] There are too many total processes running: 48!
[RESOURCES] There are too many total processes running: 52!
[RESOURCES] There are too many total processes running: 44!
[RESOURCES] There are too many total processes running: 50!
[RESOURCES] There are too many total processes running: 43!
[RESOURCES] There are too many total processes running: 51!
Running patch plausibility analysis under Java-8 on the patch generated by Nopol for IntroClassJava::median-1bf73a9ca02e8d64fd54aaf8de9ad5d029ebfff775224c3f5b010db80793ea8698863524436d122a100abc08c3486a795eb1caf39f78fc55d3948124861669ac-003::7
patch_plausibility.py script started at Wed Aug 21 13:36:46 PDT 2019
Initialized empty Git repository in /tmp/Nopol_IntroClassJava_median_1bf73a9ca02e8d64fd54aaf8de9ad5d029ebfff775224c3f5b010db80793ea8698863524436d122a100abc08c3486a795eb1caf39f78fc55d3948124861669ac-003/.git/
Checking patch src/main/java/introclassJava/median_1bf73a9c_003.java...
Applied patch src/main/java/introclassJava/median_1bf73a9c_003.java cleanly.
There was no 'Please refer to (.*) for the individual test results.' in the maven log file!
Checkout IntroClassJava_median_1bf73a9ca02e8d64fd54aaf8de9ad5d029ebfff775224c3f5b010db80793ea8698863524436d122a100abc08c3486a795eb1caf39f78fc55d3948124861669ac-003
Apply patch ...
Compile IntroClassJava_median_1bf73a9ca02e8d64fd54aaf8de9ad5d029ebfff775224c3f5b010db80793ea8698863524436d122a100abc08c3486a795eb1caf39f78fc55d3948124861669ac-003
Run tests on IntroClassJava_median_1bf73a9ca02e8d64fd54aaf8de9ad5d029ebfff775224c3f5b010db80793ea8698863524436d122a100abc08c3486a795eb1caf39f78fc55d3948124861669ac-003
patch_plausibility.py script finished at Wed Aug 21 13:36:56 PDT 2019
Job finished at Wed Aug 21 13:36:56 PDT 2019
DONE!
