PID: 40881
honu.cs.washington.edu
Job started at Wed Aug 21 13:34:14 PDT 2019
[RESOURCES] There are too many total processes running: 46!
[RESOURCES] There are too many total processes running: 46!
[RESOURCES] There are too many total processes running: 41!
[RESOURCES] There are too many total processes running: 39!
Running patch plausibility analysis under Java-8 on the patch generated by Nopol for IntroClassJava::median-3cf6d33ab0357953aa5826c67dc74c4aa483f16ef04c973a68d58cda6f19ea712954b24f366f880b9c18b628c6605eabc4d3e80dc4aa120fac80fe680e2e708f-007::7
patch_plausibility.py script started at Wed Aug 21 13:35:26 PDT 2019
Initialized empty Git repository in /tmp/Nopol_IntroClassJava_median_3cf6d33ab0357953aa5826c67dc74c4aa483f16ef04c973a68d58cda6f19ea712954b24f366f880b9c18b628c6605eabc4d3e80dc4aa120fac80fe680e2e708f-007/.git/
Checking patch src/main/java/introclassJava/median_3cf6d33a_007.java...
Applied patch src/main/java/introclassJava/median_3cf6d33a_007.java cleanly.
There was no 'Please refer to (.*) for the individual test results.' in the maven log file!
Checkout IntroClassJava_median_3cf6d33ab0357953aa5826c67dc74c4aa483f16ef04c973a68d58cda6f19ea712954b24f366f880b9c18b628c6605eabc4d3e80dc4aa120fac80fe680e2e708f-007
Apply patch ...
Compile IntroClassJava_median_3cf6d33ab0357953aa5826c67dc74c4aa483f16ef04c973a68d58cda6f19ea712954b24f366f880b9c18b628c6605eabc4d3e80dc4aa120fac80fe680e2e708f-007
Run tests on IntroClassJava_median_3cf6d33ab0357953aa5826c67dc74c4aa483f16ef04c973a68d58cda6f19ea712954b24f366f880b9c18b628c6605eabc4d3e80dc4aa120fac80fe680e2e708f-007
patch_plausibility.py script finished at Wed Aug 21 13:35:37 PDT 2019
Job finished at Wed Aug 21 13:35:37 PDT 2019
DONE!
