PID: 37220
honu.cs.washington.edu
Job started at Tue Aug 20 23:45:13 PDT 2019
[RESOURCES] There are too many total processes running: 39!
[RESOURCES] There are too many total processes running: 39!
[RESOURCES] There are too many total processes running: 44!
[RESOURCES] There are too many total processes running: 41!
[RESOURCES] There are too many total processes running: 56!
Running patch plausibility analysis under Java-7 on the patch generated by RSRepair for Bugs.jar::Commons-Math-8dd22390::0
patch_plausibility.py script started at Tue Aug 20 23:46:39 PDT 2019
Switched to branch 'bugs-dot-jar_MATH-338_8dd22390'
Reinitialized existing Git repository in /tmp/RSRepair_Bugs.jar_Commons-Math_8dd22390/.git/
Checking patch src/main/java/org/apache/commons/math/ode/nonstiff/AdamsMoultonIntegrator.java...
Applied patch src/main/java/org/apache/commons/math/ode/nonstiff/AdamsMoultonIntegrator.java cleanly.
There was no 'Please refer to (.*) for the individual test results.' in the maven log file!
Checkout Bugs.jar_Commons-Math_8dd22390
Apply patch ...
Compile Bugs.jar_Commons-Math_8dd22390
Run tests on Bugs.jar_Commons-Math_8dd22390
patch_plausibility.py script finished at Tue Aug 20 23:47:30 PDT 2019
Job finished at Tue Aug 20 23:47:30 PDT 2019
DONE!
