PID: 40217
honu.cs.washington.edu
Job started at Wed Aug 21 00:05:45 PDT 2019
[RESOURCES] There are too many total processes running: 40!
[RESOURCES] There are too many total processes running: 45!
[RESOURCES] There are too many total processes running: 40!
[RESOURCES] There are too many total processes running: 40!
[RESOURCES] There are too many total processes running: 41!
[RESOURCES] There are too many total processes running: 40!
Running patch plausibility analysis under Java-7 on the patch generated by jGenProg for Bugs.jar::Commons-Math-69273dca::0
patch_plausibility.py script started at Wed Aug 21 00:07:35 PDT 2019
Switched to branch 'bugs-dot-jar_MATH-727_69273dca'
Picked up JAVA_TOOL_OPTIONS: -XX:CICompilerCount=2 -XX:ParallelGCThreads=2 -XX:ConcGCThreads=2  
Reinitialized existing Git repository in /tmp/jGenProg_Bugs.jar_Commons-Math_69273dca/.git/
Checking patch src/main/java/org/apache/commons/math3/ode/nonstiff/RungeKuttaIntegrator.java...
Applied patch src/main/java/org/apache/commons/math3/ode/nonstiff/RungeKuttaIntegrator.java cleanly.
There was no 'Please refer to (.*) for the individual test results.' in the maven log file!
Checkout Bugs.jar_Commons-Math_69273dca
Apply patch ...
Get module information
Compile Bugs.jar_Commons-Math_69273dca
Run tests on Bugs.jar_Commons-Math_69273dca
patch_plausibility.py script finished at Wed Aug 21 00:11:54 PDT 2019
Job finished at Wed Aug 21 00:11:54 PDT 2019
DONE!
