PID: 33462
honu.cs.washington.edu
Job started at Wed Aug 21 13:13:06 PDT 2019
[RESOURCES] There are too many total processes running: 44!
[RESOURCES] There are too many total processes running: 48!
[RESOURCES] There are too many total processes running: 45!
[RESOURCES] There are too many total processes running: 55!
[RESOURCES] There are too many total processes running: 38!
[RESOURCES] There are too many total processes running: 42!
[RESOURCES] There are too many total processes running: 42!
[RESOURCES] There are too many total processes running: 43!
[RESOURCES] There are too many total processes running: 96!
Running patch plausibility analysis under Java-8 on the patch generated by jGenProg for Bears::traccar-traccar-188473748-188474474::0
patch_plausibility.py script started at Wed Aug 21 13:16:21 PDT 2019
Previous HEAD position was d58bd0f8f Changes in the tests This commit is based on the source code from the following commit: http://github.com/spring-projects/spring-data-commons/commit/1725cbaec18cb1a5c859f4d808a27840c4ffb1f6 The mentioned commit triggered the following Travis build: http://travis-ci.org/spring-projects/spring-data-commons/builds/263513297.
Switched to branch 'traccar-traccar-188473748-188474474'
Note: checking out '52dc890b7078c23045ee7873c6238227d1fc8f6b'.

You are in 'detached HEAD' state. You can look around, make experimental
changes and commit them, and you can discard any commits you make in this
state without impacting any branches by performing another checkout.

If you want to create a new branch to retain commits you create, you may
do so (now or later) by using -b with the checkout command again. Example:

  git checkout -b <new-branch-name>

HEAD is now at 52dc890b7 Bug commit from traccar/traccar This commit is based on the source code from the following commit: http://github.com/traccar/traccar/commit/e512848dc07145664f3c5d0adff7a9f88b2f17b6 The mentioned commit triggered the following Travis build: http://travis-ci.org/traccar/traccar/builds/188473748.
Picked up JAVA_TOOL_OPTIONS: -XX:CICompilerCount=2 -XX:ParallelGCThreads=2 -XX:ConcGCThreads=2  
Reinitialized existing Git repository in /tmp/jGenProg_Bears_traccar-traccar_188473748-188474474/.git/
Checking patch src/org/traccar/protocol/GoSafeProtocolDecoder.java...
Applied patch src/org/traccar/protocol/GoSafeProtocolDecoder.java cleanly.
There was no 'Please refer to (.*) for the individual test results.' in the maven log file!
Checkout Bears_traccar-traccar_188473748-188474474
Apply patch ...
Compile Bears_traccar-traccar_188473748-188474474
Run tests on Bears_traccar-traccar_188473748-188474474
patch_plausibility.py script finished at Wed Aug 21 13:17:50 PDT 2019
Job finished at Wed Aug 21 13:17:50 PDT 2019
DONE!
