PID: 36920
honu.cs.washington.edu
Job started at Tue Aug 20 23:38:56 PDT 2019
[RESOURCES] There are too many total processes running: 44!
[RESOURCES] There are too many total processes running: 41!
[RESOURCES] There are too many total processes running: 41!
[RESOURCES] There are too many total processes running: 42!
[RESOURCES] There are too many total processes running: 46!
[RESOURCES] There are too many total processes running: 55!
[RESOURCES] There are too many total processes running: 48!
[RESOURCES] There are too many total processes running: 40!
Running patch plausibility analysis under Java-7 on the patch generated by RSRepair for IntroClassJava::smallest-c868b30a4adebf62b0ed20170a14ee9e5f8bc62d827e9712294ffa4a10ab8423e3d903c29e2392c83963972019a470e667c1987e2547294d1e2d1df1db832912-000::0
patch_plausibility.py script started at Tue Aug 20 23:41:42 PDT 2019
Initialized empty Git repository in /tmp/RSRepair_IntroClassJava_smallest_c868b30a4adebf62b0ed20170a14ee9e5f8bc62d827e9712294ffa4a10ab8423e3d903c29e2392c83963972019a470e667c1987e2547294d1e2d1df1db832912-000/.git/
Checking patch src/main/java/introclassJava/smallest_c868b30a_000.java...
Applied patch src/main/java/introclassJava/smallest_c868b30a_000.java cleanly.
There was no 'Please refer to (.*) for the individual test results.' in the maven log file!
Checkout IntroClassJava_smallest_c868b30a4adebf62b0ed20170a14ee9e5f8bc62d827e9712294ffa4a10ab8423e3d903c29e2392c83963972019a470e667c1987e2547294d1e2d1df1db832912-000
Apply patch ...
Compile IntroClassJava_smallest_c868b30a4adebf62b0ed20170a14ee9e5f8bc62d827e9712294ffa4a10ab8423e3d903c29e2392c83963972019a470e667c1987e2547294d1e2d1df1db832912-000
Run tests on IntroClassJava_smallest_c868b30a4adebf62b0ed20170a14ee9e5f8bc62d827e9712294ffa4a10ab8423e3d903c29e2392c83963972019a470e667c1987e2547294d1e2d1df1db832912-000
patch_plausibility.py script finished at Tue Aug 20 23:42:09 PDT 2019
Job finished at Tue Aug 20 23:42:09 PDT 2019
DONE!
