PID: 30589
honu.cs.washington.edu
Job started at Wed Aug 21 00:26:22 PDT 2019
[RESOURCES] There are too many total processes running: 50!
[RESOURCES] There are too many total processes running: 42!
[RESOURCES] There are too many total processes running: 39!
[RESOURCES] There are too many total processes running: 41!
Running patch plausibility analysis under Java-7 on the patch generated by jGenProg for Bears::rkonovalov-jsonignore-442009574-442015798::0
patch_plausibility.py script started at Wed Aug 21 00:27:50 PDT 2019
Previous HEAD position was 1ee27edc2 Changes in the tests This commit is based on the source code from the following commit: http://github.com/julianps/modelmapper-module-vavr/commit/b358ccbacff0f311b46f6bdd0f7d4aca1b27a13f The mentioned commit triggered the following Travis build: http://travis-ci.org/julianps/modelmapper-module-vavr/builds/461240331.
Switched to branch 'rkonovalov-jsonignore-442009574-442015798'
Note: checking out 'c718cda2adb73be75eacb24a3206b7c1d4dd4996'.

You are in 'detached HEAD' state. You can look around, make experimental
changes and commit them, and you can discard any commits you make in this
state without impacting any branches by performing another checkout.

If you want to create a new branch to retain commits you create, you may
do so (now or later) by using -b with the checkout command again. Example:

  git checkout -b <new-branch-name>

HEAD is now at c718cda2a Changes in the tests This commit is based on the source code from the following commit: http://github.com/rkonovalov/jsonignore/commit/6332d138bad2ab898f1759eb65d5061681737f5d The mentioned commit triggered the following Travis build: http://travis-ci.org/rkonovalov/jsonignore/builds/442015798.
Picked up JAVA_TOOL_OPTIONS: -XX:CICompilerCount=2 -XX:ParallelGCThreads=2 -XX:ConcGCThreads=2  
Reinitialized existing Git repository in /tmp/jGenProg_Bears_rkonovalov-jsonignore_442009574-442015798/.git/
Checking patch src/main/java/com/json/ignore/JsonIgnoreFields.java...
Applied patch src/main/java/com/json/ignore/JsonIgnoreFields.java cleanly.
test has not returned a non-zero exit code but it has not executed any test case either!
Traceback (most recent call last):
  File "/scratch/rjust/critical_review_of_repair_them_all_data/plausibility/patch_plausibility.py", line 175, in <module>
    test, all_tests, failing_tests = utils.test(bugObj, CHECKOUT_DIR, java_home_dir, os.path.join(output_dir, "test.log"))
  File "/scratch/rjust/critical_review_of_repair_them_all_data/java_7_vs_java_8/utils.py", line 179, in test
    return ret, all_tests, failing_tests, trigger_tests
NameError: global name 'trigger_tests' is not defined
Checkout Bears_rkonovalov-jsonignore_442009574-442015798
Apply patch ...
Compile Bears_rkonovalov-jsonignore_442009574-442015798
Run tests on Bears_rkonovalov-jsonignore_442009574-442015798
patch_plausibility.py has failed!
