PID: 17882
honu.cs.washington.edu
Job started at Tue Aug 20 23:50:55 PDT 2019
Running patch plausibility analysis under Java-7 on the patch generated by Nopol for Bugs.jar::Commons-Math-bfbb156d::7
patch_plausibility.py script started at Tue Aug 20 23:50:55 PDT 2019
Switched to branch 'bugs-dot-jar_MATH-867_bfbb156d'
Reinitialized existing Git repository in /tmp/Nopol_Bugs.jar_Commons-Math_bfbb156d/.git/
<stdin>:30: trailing whitespace.
                    
<stdin>:47: trailing whitespace.
                            
Checking patch src/main/java/org/apache/commons/math3/optimization/direct/CMAESOptimizer.java...
Applied patch src/main/java/org/apache/commons/math3/optimization/direct/CMAESOptimizer.java cleanly.
warning: 2 lines add whitespace errors.
There was no 'Please refer to (.*) for the individual test results.' in the maven log file!
Checkout Bugs.jar_Commons-Math_bfbb156d
Apply patch ...
Compile Bugs.jar_Commons-Math_bfbb156d
Run tests on Bugs.jar_Commons-Math_bfbb156d
patch_plausibility.py script finished at Tue Aug 20 23:53:12 PDT 2019
Job finished at Tue Aug 20 23:53:12 PDT 2019
DONE!
