PID: 38520
honu.cs.washington.edu
Job started at Wed Aug 21 13:07:47 PDT 2019
[RESOURCES] There are too many total processes running: 38!
[RESOURCES] There are too many total processes running: 47!
[RESOURCES] There are too many total processes running: 41!
Running patch plausibility analysis under Java-8 on the patch generated by Kali for Bears::traccar-traccar-308288525-308872339::0
patch_plausibility.py script started at Wed Aug 21 13:08:31 PDT 2019
Previous HEAD position was 2972046ed Changes in the tests This commit is based on the source code from the following commit: http://github.com/traccar/traccar/commit/3aebd92cc3781b417ded6260d1300434b1418e7e The mentioned commit triggered the following Travis build: http://travis-ci.org/traccar/traccar/builds/273136493.
Switched to branch 'traccar-traccar-308288525-308872339'
Note: checking out '950628ea7fbbcbea32140dcac176fe7a93669b3a'.

You are in 'detached HEAD' state. You can look around, make experimental
changes and commit them, and you can discard any commits you make in this
state without impacting any branches by performing another checkout.

If you want to create a new branch to retain commits you create, you may
do so (now or later) by using -b with the checkout command again. Example:

  git checkout -b <new-branch-name>

HEAD is now at 950628ea7 Changes in the tests This commit is based on the source code from the following commit: http://github.com/traccar/traccar/commit/e12632548a71345acc0349ba9db1321cfa628911 The mentioned commit triggered the following Travis build: http://travis-ci.org/traccar/traccar/builds/308872339.
Reinitialized existing Git repository in /tmp/Kali_Bears_traccar-traccar_308288525-308872339/.git/
Checking patch src/org/traccar/protocol/TmgFrameDecoder.java...
Applied patch src/org/traccar/protocol/TmgFrameDecoder.java cleanly.
There was no 'Please refer to (.*) for the individual test results.' in the maven log file!
Checkout Bears_traccar-traccar_308288525-308872339
Apply patch ...
Compile Bears_traccar-traccar_308288525-308872339
Run tests on Bears_traccar-traccar_308288525-308872339
patch_plausibility.py script finished at Wed Aug 21 13:09:26 PDT 2019
Job finished at Wed Aug 21 13:09:26 PDT 2019
DONE!
