Picked up JAVA_TOOL_OPTIONS: -XX:CICompilerCount=2 -XX:ParallelGCThreads=2 -XX:ConcGCThreads=2 -Djdk.net.URLClassPath.disableClassPathURLCheck=true 
Picked up _JAVA_OPTIONS: -Djdk.net.URLClassPath.disableClassPathURLCheck=true
Apache Maven 3.5.0 (Red Hat 3.5.0-4.3)
Maven home: /opt/rh/rh-maven35/root/usr/share/maven
Java version: 1.7.0_80, vendor: Oracle Corporation
Java home: /scratch/rjust/projects/calling-bs/repair-them-all/RepairThemAll/jdks/jdk1.7.0_80/jre
Default locale: en_US, platform encoding: UTF-8
OS name: "linux", version: "4.14.132-1.el7.retpoline.x86_64", arch: "amd64", family: "unix"
[INFO] Scanning for projects...
[WARNING] The project org.apache.accumulo:accumulo-project:pom:1.5.2-SNAPSHOT uses prerequisites which is only intended for maven-plugin projects but not for non maven-plugin projects. For such purposes you should use the maven-enforcer-plugin. See https://maven.apache.org/enforcer/enforcer-rules/requireMavenVersion.html
[INFO] ------------------------------------------------------------------------
[INFO] Reactor Build Order:
[INFO] 
[INFO] Apache Accumulo Project
[INFO] Trace
[INFO] Fate
[INFO] Start
[INFO] Core
[INFO] Server
[INFO] Examples
[INFO] Simple Examples
[INFO] MiniCluster
[INFO] Testing
[INFO] Proxy
[INFO] Assemblies
[INFO] 
[INFO] ------------------------------------------------------------------------
[INFO] Building Apache Accumulo Project 1.5.2-SNAPSHOT
[INFO] ------------------------------------------------------------------------
[INFO] 
[INFO] --- maven-sortpom-plugin:2.1.0:verify (verify-sorted-pom) @ accumulo-project ---
[INFO] Verifying file /tmp/jGenProg_Bugs.jar_Accumulo_94c2a31f/pom.xml
[INFO] 
[INFO] --- maven-enforcer-plugin:1.0.1:enforce (enforce-mvn) @ accumulo-project ---
[INFO] Skipping Rule Enforcement.
[INFO] 
[INFO] --- mavanagaiata:0.6.1:commit (git-commit) @ accumulo-project ---
[INFO] 
[INFO] --- maven-remote-resources-plugin:1.4:process (default) @ accumulo-project ---
[INFO] 
[INFO] --- maven-dependency-plugin:2.8:copy-dependencies (copy-dependencies) @ accumulo-project ---
[INFO] 
[INFO] --- maven-site-plugin:3.3:attach-descriptor (attach-descriptor) @ accumulo-project ---
[INFO] 
[INFO] --- maven-failsafe-plugin:2.12.4:integration-test (run-integration-tests) @ accumulo-project ---
[INFO] Tests are skipped.
[INFO] 
[INFO] --- maven-failsafe-plugin:2.12.4:verify (verify-integration-tests) @ accumulo-project ---
[INFO] Tests are skipped.
[INFO] 
[INFO] --- maven-install-plugin:2.3.1:install (default-install) @ accumulo-project ---
[INFO] Installing /tmp/jGenProg_Bugs.jar_Accumulo_94c2a31f/pom.xml to /tmp/jGenProg_Bugs.jar_Accumulo_94c2a31f/.m2/org/apache/accumulo/accumulo-project/1.5.2-SNAPSHOT/accumulo-project-1.5.2-SNAPSHOT.pom
[INFO] Installing /tmp/jGenProg_Bugs.jar_Accumulo_94c2a31f/target/accumulo-project-1.5.2-SNAPSHOT-site.xml to /tmp/jGenProg_Bugs.jar_Accumulo_94c2a31f/.m2/org/apache/accumulo/accumulo-project/1.5.2-SNAPSHOT/accumulo-project-1.5.2-SNAPSHOT-site.xml
[INFO] 
[INFO] ------------------------------------------------------------------------
[INFO] Building Trace 1.5.2-SNAPSHOT
[INFO] ------------------------------------------------------------------------
[INFO] 
[INFO] --- maven-sortpom-plugin:2.1.0:verify (verify-sorted-pom) @ accumulo-trace ---
[INFO] Verifying file /tmp/jGenProg_Bugs.jar_Accumulo_94c2a31f/trace/pom.xml
[INFO] 
[INFO] --- maven-enforcer-plugin:1.0.1:enforce (enforce-mvn) @ accumulo-trace ---
[INFO] Skipping Rule Enforcement.
[INFO] 
[INFO] --- mavanagaiata:0.6.1:commit (git-commit) @ accumulo-trace ---
[INFO] 
[INFO] --- maven-remote-resources-plugin:1.4:process (default) @ accumulo-trace ---
[INFO] 
[INFO] --- maven-resources-plugin:2.6:resources (default-resources) @ accumulo-trace ---
[INFO] Using 'UTF-8' encoding to copy filtered resources.
[INFO] skip non existing resourceDirectory /tmp/jGenProg_Bugs.jar_Accumulo_94c2a31f/trace/src/main/resources
[INFO] Copying 3 resources
[INFO] 
[INFO] --- maven-compiler-plugin:2.5.1:compile (default-compile) @ accumulo-trace ---
[INFO] Nothing to compile - all classes are up to date
[INFO] 
[INFO] --- maven-resources-plugin:2.6:testResources (default-testResources) @ accumulo-trace ---
[INFO] Using 'UTF-8' encoding to copy filtered resources.
[INFO] skip non existing resourceDirectory /tmp/jGenProg_Bugs.jar_Accumulo_94c2a31f/trace/src/test/resources
[INFO] Copying 3 resources
[INFO] 
[INFO] --- maven-compiler-plugin:2.5.1:testCompile (default-testCompile) @ accumulo-trace ---
[INFO] Nothing to compile - all classes are up to date
[INFO] 
[INFO] --- maven-surefire-plugin:2.12.4:test (default-test) @ accumulo-trace ---
[INFO] Tests are skipped.
[INFO] 
[INFO] --- maven-dependency-plugin:2.8:copy-dependencies (copy-dependencies) @ accumulo-trace ---
[INFO] libthrift-0.9.0.jar already exists in destination.
[INFO] 
[INFO] --- maven-jar-plugin:2.4:jar (default-jar) @ accumulo-trace ---
[INFO] Building jar: /tmp/jGenProg_Bugs.jar_Accumulo_94c2a31f/trace/target/accumulo-trace-1.5.2-SNAPSHOT.jar
[INFO] 
[INFO] --- maven-site-plugin:3.3:attach-descriptor (attach-descriptor) @ accumulo-trace ---
[INFO] 
[INFO] --- maven-failsafe-plugin:2.12.4:integration-test (run-integration-tests) @ accumulo-trace ---
[INFO] Tests are skipped.
[INFO] 
[INFO] --- maven-failsafe-plugin:2.12.4:verify (verify-integration-tests) @ accumulo-trace ---
[INFO] Tests are skipped.
[INFO] 
[INFO] --- maven-install-plugin:2.3.1:install (default-install) @ accumulo-trace ---
[INFO] Installing /tmp/jGenProg_Bugs.jar_Accumulo_94c2a31f/trace/target/accumulo-trace-1.5.2-SNAPSHOT.jar to /tmp/jGenProg_Bugs.jar_Accumulo_94c2a31f/.m2/org/apache/accumulo/accumulo-trace/1.5.2-SNAPSHOT/accumulo-trace-1.5.2-SNAPSHOT.jar
[INFO] Installing /tmp/jGenProg_Bugs.jar_Accumulo_94c2a31f/trace/pom.xml to /tmp/jGenProg_Bugs.jar_Accumulo_94c2a31f/.m2/org/apache/accumulo/accumulo-trace/1.5.2-SNAPSHOT/accumulo-trace-1.5.2-SNAPSHOT.pom
[INFO] 
[INFO] ------------------------------------------------------------------------
[INFO] Building Fate 1.5.2-SNAPSHOT
[INFO] ------------------------------------------------------------------------
[INFO] 
[INFO] --- maven-sortpom-plugin:2.1.0:verify (verify-sorted-pom) @ accumulo-fate ---
[INFO] Verifying file /tmp/jGenProg_Bugs.jar_Accumulo_94c2a31f/fate/pom.xml
[INFO] 
[INFO] --- maven-enforcer-plugin:1.0.1:enforce (enforce-mvn) @ accumulo-fate ---
[INFO] Skipping Rule Enforcement.
[INFO] 
[INFO] --- mavanagaiata:0.6.1:commit (git-commit) @ accumulo-fate ---
[INFO] 
[INFO] --- maven-remote-resources-plugin:1.4:process (default) @ accumulo-fate ---
[INFO] 
[INFO] --- maven-resources-plugin:2.6:resources (default-resources) @ accumulo-fate ---
[INFO] Using 'UTF-8' encoding to copy filtered resources.
[INFO] skip non existing resourceDirectory /tmp/jGenProg_Bugs.jar_Accumulo_94c2a31f/fate/src/main/resources
[INFO] Copying 3 resources
[INFO] 
[INFO] --- maven-compiler-plugin:2.5.1:compile (default-compile) @ accumulo-fate ---
[INFO] Nothing to compile - all classes are up to date
[INFO] 
[INFO] --- maven-resources-plugin:2.6:testResources (default-testResources) @ accumulo-fate ---
[INFO] Using 'UTF-8' encoding to copy filtered resources.
[INFO] Copying 1 resource
[INFO] Copying 3 resources
[INFO] 
[INFO] --- maven-compiler-plugin:2.5.1:testCompile (default-testCompile) @ accumulo-fate ---
[INFO] Nothing to compile - all classes are up to date
[INFO] 
[INFO] --- maven-surefire-plugin:2.12.4:test (default-test) @ accumulo-fate ---
[INFO] Tests are skipped.
[INFO] 
[INFO] --- maven-dependency-plugin:2.8:copy-dependencies (copy-dependencies) @ accumulo-fate ---
[INFO] guava-14.0.1.jar already exists in destination.
[INFO] 
[INFO] --- maven-jar-plugin:2.4:jar (default-jar) @ accumulo-fate ---
[INFO] Building jar: /tmp/jGenProg_Bugs.jar_Accumulo_94c2a31f/fate/target/accumulo-fate-1.5.2-SNAPSHOT.jar
[INFO] 
[INFO] --- maven-site-plugin:3.3:attach-descriptor (attach-descriptor) @ accumulo-fate ---
[INFO] 
[INFO] --- maven-failsafe-plugin:2.12.4:integration-test (run-integration-tests) @ accumulo-fate ---
[INFO] Tests are skipped.
[INFO] 
[INFO] --- maven-failsafe-plugin:2.12.4:verify (verify-integration-tests) @ accumulo-fate ---
[INFO] Tests are skipped.
[INFO] 
[INFO] --- maven-install-plugin:2.3.1:install (default-install) @ accumulo-fate ---
[INFO] Installing /tmp/jGenProg_Bugs.jar_Accumulo_94c2a31f/fate/target/accumulo-fate-1.5.2-SNAPSHOT.jar to /tmp/jGenProg_Bugs.jar_Accumulo_94c2a31f/.m2/org/apache/accumulo/accumulo-fate/1.5.2-SNAPSHOT/accumulo-fate-1.5.2-SNAPSHOT.jar
[INFO] Installing /tmp/jGenProg_Bugs.jar_Accumulo_94c2a31f/fate/pom.xml to /tmp/jGenProg_Bugs.jar_Accumulo_94c2a31f/.m2/org/apache/accumulo/accumulo-fate/1.5.2-SNAPSHOT/accumulo-fate-1.5.2-SNAPSHOT.pom
[INFO] 
[INFO] ------------------------------------------------------------------------
[INFO] Building Start 1.5.2-SNAPSHOT
[INFO] ------------------------------------------------------------------------
[INFO] 
[INFO] --- maven-sortpom-plugin:2.1.0:verify (verify-sorted-pom) @ accumulo-start ---
[INFO] Verifying file /tmp/jGenProg_Bugs.jar_Accumulo_94c2a31f/start/pom.xml
[INFO] 
[INFO] --- maven-enforcer-plugin:1.0.1:enforce (enforce-mvn) @ accumulo-start ---
[INFO] Skipping Rule Enforcement.
[INFO] 
[INFO] --- mavanagaiata:0.6.1:commit (git-commit) @ accumulo-start ---
[INFO] 
[INFO] --- maven-remote-resources-plugin:1.4:process (default) @ accumulo-start ---
[INFO] 
[INFO] --- maven-resources-plugin:2.6:resources (default-resources) @ accumulo-start ---
[INFO] Using 'UTF-8' encoding to copy filtered resources.
[INFO] skip non existing resourceDirectory /tmp/jGenProg_Bugs.jar_Accumulo_94c2a31f/start/src/main/resources
[INFO] Copying 3 resources
[INFO] 
[INFO] --- maven-compiler-plugin:2.5.1:compile (default-compile) @ accumulo-start ---
[INFO] Nothing to compile - all classes are up to date
[INFO] 
[INFO] --- maven-resources-plugin:2.6:testResources (default-testResources) @ accumulo-start ---
[INFO] Using 'UTF-8' encoding to copy filtered resources.
[INFO] Copying 6 resources
[INFO] Copying 3 resources
[INFO] 
[INFO] --- maven-compiler-plugin:2.5.1:testCompile (default-testCompile) @ accumulo-start ---
[INFO] Nothing to compile - all classes are up to date
[INFO] 
[INFO] --- maven-surefire-plugin:2.12.4:test (default-test) @ accumulo-start ---
[INFO] Tests are skipped.
[INFO] 
[INFO] --- maven-dependency-plugin:2.8:copy-dependencies (copy-dependencies) @ accumulo-start ---
[INFO] commons-vfs2-2.0.jar already exists in destination.
[INFO] 
[INFO] --- maven-jar-plugin:2.4:jar (default-jar) @ accumulo-start ---
[INFO] Building jar: /tmp/jGenProg_Bugs.jar_Accumulo_94c2a31f/start/target/accumulo-start-1.5.2-SNAPSHOT.jar
[INFO] 
[INFO] --- maven-site-plugin:3.3:attach-descriptor (attach-descriptor) @ accumulo-start ---
[INFO] 
[INFO] --- maven-failsafe-plugin:2.12.4:integration-test (run-integration-tests) @ accumulo-start ---
[INFO] Tests are skipped.
[INFO] 
[INFO] --- maven-failsafe-plugin:2.12.4:verify (verify-integration-tests) @ accumulo-start ---
[INFO] Tests are skipped.
[INFO] 
[INFO] --- maven-install-plugin:2.3.1:install (default-install) @ accumulo-start ---
[INFO] Installing /tmp/jGenProg_Bugs.jar_Accumulo_94c2a31f/start/target/accumulo-start-1.5.2-SNAPSHOT.jar to /tmp/jGenProg_Bugs.jar_Accumulo_94c2a31f/.m2/org/apache/accumulo/accumulo-start/1.5.2-SNAPSHOT/accumulo-start-1.5.2-SNAPSHOT.jar
[INFO] Installing /tmp/jGenProg_Bugs.jar_Accumulo_94c2a31f/start/pom.xml to /tmp/jGenProg_Bugs.jar_Accumulo_94c2a31f/.m2/org/apache/accumulo/accumulo-start/1.5.2-SNAPSHOT/accumulo-start-1.5.2-SNAPSHOT.pom
[INFO] 
[INFO] ------------------------------------------------------------------------
[INFO] Building Core 1.5.2-SNAPSHOT
[INFO] ------------------------------------------------------------------------
[INFO] 
[INFO] --- maven-sortpom-plugin:2.1.0:verify (verify-sorted-pom) @ accumulo-core ---
[INFO] Verifying file /tmp/jGenProg_Bugs.jar_Accumulo_94c2a31f/core/pom.xml
[INFO] 
[INFO] --- maven-enforcer-plugin:1.0.1:enforce (enforce-mvn) @ accumulo-core ---
[INFO] Skipping Rule Enforcement.
[INFO] 
[INFO] --- mavanagaiata:0.6.1:commit (git-commit) @ accumulo-core ---
[INFO] 
[INFO] --- maven-resources-plugin:2.6:copy-resources (prepare-filtered-java-source) @ accumulo-core ---
[INFO] Using 'UTF-8' encoding to copy filtered resources.
[INFO] Copying 1 resource
[INFO] 
[INFO] --- build-helper-maven-plugin:1.8:add-source (add-filtered-java-source) @ accumulo-core ---
[INFO] Source directory: /tmp/jGenProg_Bugs.jar_Accumulo_94c2a31f/core/target/filtered-java-src added.
[INFO] 
[INFO] --- maven-remote-resources-plugin:1.4:process (default) @ accumulo-core ---
[INFO] 
[INFO] --- maven-resources-plugin:2.6:resources (default-resources) @ accumulo-core ---
[INFO] Using 'UTF-8' encoding to copy filtered resources.
[INFO] Copying 1 resource
[INFO] Copying 3 resources
[INFO] 
[INFO] --- maven-compiler-plugin:2.5.1:compile (default-compile) @ accumulo-core ---
[INFO] Compiling 2 source files to /tmp/jGenProg_Bugs.jar_Accumulo_94c2a31f/core/target/classes
[INFO] 
[INFO] --- maven-resources-plugin:2.6:testResources (default-testResources) @ accumulo-core ---
[INFO] Using 'UTF-8' encoding to copy filtered resources.
[INFO] Copying 6 resources
[INFO] Copying 3 resources
[INFO] 
[INFO] --- maven-compiler-plugin:2.5.1:testCompile (default-testCompile) @ accumulo-core ---
[INFO] Nothing to compile - all classes are up to date
[INFO] 
[INFO] --- maven-surefire-plugin:2.12.4:test (default-test) @ accumulo-core ---
[INFO] Tests are skipped.
[INFO] 
[INFO] --- maven-dependency-plugin:2.8:copy-dependencies (copy-dependencies) @ accumulo-core ---
[INFO] Copying accumulo-fate-1.5.2-SNAPSHOT.jar to /tmp/jGenProg_Bugs.jar_Accumulo_94c2a31f/lib/accumulo-fate.jar
[INFO] Copying accumulo-trace-1.5.2-SNAPSHOT.jar to /tmp/jGenProg_Bugs.jar_Accumulo_94c2a31f/lib/accumulo-trace.jar
[INFO] Copying accumulo-start-1.5.2-SNAPSHOT.jar to /tmp/jGenProg_Bugs.jar_Accumulo_94c2a31f/lib/accumulo-start.jar
[INFO] commons-math-2.1.jar already exists in destination.
[INFO] libthrift-0.9.0.jar already exists in destination.
[INFO] guava-14.0.1.jar already exists in destination.
[INFO] jline-1.0.jar already exists in destination.
[INFO] commons-vfs2-2.0.jar already exists in destination.
[INFO] jcommander-1.30.jar already exists in destination.
[INFO] 
[INFO] --- maven-jar-plugin:2.4:jar (default-jar) @ accumulo-core ---
[INFO] Building jar: /tmp/jGenProg_Bugs.jar_Accumulo_94c2a31f/core/target/accumulo-core-1.5.2-SNAPSHOT.jar
[INFO] 
[INFO] --- maven-site-plugin:3.3:attach-descriptor (attach-descriptor) @ accumulo-core ---
[INFO] 
[INFO] --- maven-failsafe-plugin:2.12.4:integration-test (run-integration-tests) @ accumulo-core ---
[INFO] Tests are skipped.
[INFO] 
[INFO] --- maven-failsafe-plugin:2.12.4:verify (verify-integration-tests) @ accumulo-core ---
[INFO] Tests are skipped.
[INFO] 
[INFO] --- maven-install-plugin:2.3.1:install (default-install) @ accumulo-core ---
[INFO] Installing /tmp/jGenProg_Bugs.jar_Accumulo_94c2a31f/core/target/accumulo-core-1.5.2-SNAPSHOT.jar to /tmp/jGenProg_Bugs.jar_Accumulo_94c2a31f/.m2/org/apache/accumulo/accumulo-core/1.5.2-SNAPSHOT/accumulo-core-1.5.2-SNAPSHOT.jar
[INFO] Installing /tmp/jGenProg_Bugs.jar_Accumulo_94c2a31f/core/pom.xml to /tmp/jGenProg_Bugs.jar_Accumulo_94c2a31f/.m2/org/apache/accumulo/accumulo-core/1.5.2-SNAPSHOT/accumulo-core-1.5.2-SNAPSHOT.pom
[INFO] 
[INFO] ------------------------------------------------------------------------
[INFO] Building Server 1.5.2-SNAPSHOT
[INFO] ------------------------------------------------------------------------
[INFO] 
[INFO] --- maven-sortpom-plugin:2.1.0:verify (verify-sorted-pom) @ accumulo-server ---
[INFO] Verifying file /tmp/jGenProg_Bugs.jar_Accumulo_94c2a31f/server/pom.xml
[INFO] 
[INFO] --- maven-enforcer-plugin:1.0.1:enforce (enforce-mvn) @ accumulo-server ---
[INFO] Skipping Rule Enforcement.
[INFO] 
[INFO] --- mavanagaiata:0.6.1:commit (git-commit) @ accumulo-server ---
[INFO] 
[INFO] --- maven-remote-resources-plugin:1.4:process (default) @ accumulo-server ---
[INFO] 
[INFO] --- maven-resources-plugin:2.6:resources (default-resources) @ accumulo-server ---
[INFO] Using 'UTF-8' encoding to copy filtered resources.
[INFO] Copying 35 resources
[INFO] Copying 3 resources
[INFO] 
[INFO] --- maven-compiler-plugin:2.5.1:compile (default-compile) @ accumulo-server ---
[INFO] Compiling 1 source file to /tmp/jGenProg_Bugs.jar_Accumulo_94c2a31f/server/target/classes
[INFO] 
[INFO] --- maven-resources-plugin:2.6:testResources (default-testResources) @ accumulo-server ---
[INFO] Using 'UTF-8' encoding to copy filtered resources.
[INFO] Copying 1 resource
[INFO] Copying 3 resources
[INFO] 
[INFO] --- maven-compiler-plugin:2.5.1:testCompile (default-testCompile) @ accumulo-server ---
[INFO] Nothing to compile - all classes are up to date
[INFO] 
[INFO] --- maven-surefire-plugin:2.12.4:test (default-test) @ accumulo-server ---
[INFO] Tests are skipped.
[INFO] 
[INFO] --- maven-dependency-plugin:2.8:copy-dependencies (copy-dependencies) @ accumulo-server ---
[INFO] Copying accumulo-core-1.5.2-SNAPSHOT.jar to /tmp/jGenProg_Bugs.jar_Accumulo_94c2a31f/lib/accumulo-core.jar
[INFO] accumulo-fate-1.5.2-SNAPSHOT.jar already exists in destination.
[INFO] accumulo-trace-1.5.2-SNAPSHOT.jar already exists in destination.
[INFO] accumulo-start-1.5.2-SNAPSHOT.jar already exists in destination.
[INFO] libthrift-0.9.0.jar already exists in destination.
[INFO] gson-2.2.2.jar already exists in destination.
[INFO] guava-14.0.1.jar already exists in destination.
[INFO] jetty-6.1.26.jar already exists in destination.
[INFO] jline-1.0.jar already exists in destination.
[INFO] jcommander-1.30.jar already exists in destination.
[INFO] 
[INFO] --- maven-jar-plugin:2.4:jar (default-jar) @ accumulo-server ---
[INFO] Building jar: /tmp/jGenProg_Bugs.jar_Accumulo_94c2a31f/server/target/accumulo-server-1.5.2-SNAPSHOT.jar
[INFO] 
[INFO] --- maven-site-plugin:3.3:attach-descriptor (attach-descriptor) @ accumulo-server ---
[INFO] 
[INFO] --- maven-failsafe-plugin:2.12.4:integration-test (run-integration-tests) @ accumulo-server ---
[INFO] Tests are skipped.
[INFO] 
[INFO] --- maven-failsafe-plugin:2.12.4:verify (verify-integration-tests) @ accumulo-server ---
[INFO] Tests are skipped.
[INFO] 
[INFO] --- maven-install-plugin:2.3.1:install (default-install) @ accumulo-server ---
[INFO] Installing /tmp/jGenProg_Bugs.jar_Accumulo_94c2a31f/server/target/accumulo-server-1.5.2-SNAPSHOT.jar to /tmp/jGenProg_Bugs.jar_Accumulo_94c2a31f/.m2/org/apache/accumulo/accumulo-server/1.5.2-SNAPSHOT/accumulo-server-1.5.2-SNAPSHOT.jar
[INFO] Installing /tmp/jGenProg_Bugs.jar_Accumulo_94c2a31f/server/pom.xml to /tmp/jGenProg_Bugs.jar_Accumulo_94c2a31f/.m2/org/apache/accumulo/accumulo-server/1.5.2-SNAPSHOT/accumulo-server-1.5.2-SNAPSHOT.pom
[INFO] 
[INFO] ------------------------------------------------------------------------
[INFO] Building Examples 1.5.2-SNAPSHOT
[INFO] ------------------------------------------------------------------------
[INFO] 
[INFO] --- maven-sortpom-plugin:2.1.0:verify (verify-sorted-pom) @ accumulo-examples ---
[INFO] Verifying file /tmp/jGenProg_Bugs.jar_Accumulo_94c2a31f/examples/pom.xml
[INFO] 
[INFO] --- maven-enforcer-plugin:1.0.1:enforce (enforce-mvn) @ accumulo-examples ---
[INFO] Skipping Rule Enforcement.
[INFO] 
[INFO] --- mavanagaiata:0.6.1:commit (git-commit) @ accumulo-examples ---
[INFO] 
[INFO] --- maven-remote-resources-plugin:1.4:process (default) @ accumulo-examples ---
[INFO] 
[INFO] --- maven-dependency-plugin:2.8:copy-dependencies (copy-dependencies) @ accumulo-examples ---
[INFO] 
[INFO] --- maven-site-plugin:3.3:attach-descriptor (attach-descriptor) @ accumulo-examples ---
[INFO] 
[INFO] --- maven-failsafe-plugin:2.12.4:integration-test (run-integration-tests) @ accumulo-examples ---
[INFO] Tests are skipped.
[INFO] 
[INFO] --- maven-failsafe-plugin:2.12.4:verify (verify-integration-tests) @ accumulo-examples ---
[INFO] Tests are skipped.
[INFO] 
[INFO] --- maven-install-plugin:2.3.1:install (default-install) @ accumulo-examples ---
[INFO] Installing /tmp/jGenProg_Bugs.jar_Accumulo_94c2a31f/examples/pom.xml to /tmp/jGenProg_Bugs.jar_Accumulo_94c2a31f/.m2/org/apache/accumulo/accumulo-examples/1.5.2-SNAPSHOT/accumulo-examples-1.5.2-SNAPSHOT.pom
[INFO] 
[INFO] ------------------------------------------------------------------------
[INFO] Building Simple Examples 1.5.2-SNAPSHOT
[INFO] ------------------------------------------------------------------------
[INFO] 
[INFO] --- maven-sortpom-plugin:2.1.0:verify (verify-sorted-pom) @ accumulo-examples-simple ---
[INFO] Verifying file /tmp/jGenProg_Bugs.jar_Accumulo_94c2a31f/examples/simple/pom.xml
[INFO] 
[INFO] --- maven-enforcer-plugin:1.0.1:enforce (enforce-mvn) @ accumulo-examples-simple ---
[INFO] Skipping Rule Enforcement.
[INFO] 
[INFO] --- mavanagaiata:0.6.1:commit (git-commit) @ accumulo-examples-simple ---
[INFO] 
[INFO] --- maven-remote-resources-plugin:1.4:process (default) @ accumulo-examples-simple ---
[INFO] 
[INFO] --- maven-resources-plugin:2.6:resources (default-resources) @ accumulo-examples-simple ---
[INFO] Using 'UTF-8' encoding to copy filtered resources.
[INFO] skip non existing resourceDirectory /tmp/jGenProg_Bugs.jar_Accumulo_94c2a31f/examples/simple/src/main/resources
[INFO] Copying 3 resources
[INFO] 
[INFO] --- maven-compiler-plugin:2.5.1:compile (default-compile) @ accumulo-examples-simple ---
[INFO] Nothing to compile - all classes are up to date
[INFO] 
[INFO] --- maven-resources-plugin:2.6:testResources (default-testResources) @ accumulo-examples-simple ---
[INFO] Using 'UTF-8' encoding to copy filtered resources.
[INFO] Copying 1 resource
[INFO] Copying 3 resources
[INFO] 
[INFO] --- maven-compiler-plugin:2.5.1:testCompile (default-testCompile) @ accumulo-examples-simple ---
[INFO] Nothing to compile - all classes are up to date
[INFO] 
[INFO] --- maven-surefire-plugin:2.12.4:test (default-test) @ accumulo-examples-simple ---
[INFO] Tests are skipped.
[INFO] 
[INFO] --- maven-dependency-plugin:2.8:copy-dependencies (copy-dependencies) @ accumulo-examples-simple ---
[INFO] jcommander-1.30.jar already exists in destination.
[INFO] accumulo-core-1.5.2-SNAPSHOT.jar already exists in destination.
[INFO] 
[INFO] --- maven-jar-plugin:2.4:jar (default-jar) @ accumulo-examples-simple ---
[INFO] Building jar: /tmp/jGenProg_Bugs.jar_Accumulo_94c2a31f/examples/simple/target/accumulo-examples-simple-1.5.2-SNAPSHOT.jar
[INFO] 
[INFO] --- maven-site-plugin:3.2:attach-descriptor (attach-descriptor) @ accumulo-examples-simple ---
[INFO] 
[INFO] --- maven-failsafe-plugin:2.12.4:integration-test (run-integration-tests) @ accumulo-examples-simple ---
[INFO] Tests are skipped.
[INFO] 
[INFO] --- maven-failsafe-plugin:2.12.4:verify (verify-integration-tests) @ accumulo-examples-simple ---
[INFO] Tests are skipped.
[INFO] 
[INFO] --- maven-install-plugin:2.3.1:install (default-install) @ accumulo-examples-simple ---
[INFO] Installing /tmp/jGenProg_Bugs.jar_Accumulo_94c2a31f/examples/simple/target/accumulo-examples-simple-1.5.2-SNAPSHOT.jar to /tmp/jGenProg_Bugs.jar_Accumulo_94c2a31f/.m2/org/apache/accumulo/accumulo-examples-simple/1.5.2-SNAPSHOT/accumulo-examples-simple-1.5.2-SNAPSHOT.jar
[INFO] Installing /tmp/jGenProg_Bugs.jar_Accumulo_94c2a31f/examples/simple/pom.xml to /tmp/jGenProg_Bugs.jar_Accumulo_94c2a31f/.m2/org/apache/accumulo/accumulo-examples-simple/1.5.2-SNAPSHOT/accumulo-examples-simple-1.5.2-SNAPSHOT.pom
[INFO] 
[INFO] ------------------------------------------------------------------------
[INFO] Building MiniCluster 1.5.2-SNAPSHOT
[INFO] ------------------------------------------------------------------------
[INFO] 
[INFO] --- maven-sortpom-plugin:2.1.0:verify (verify-sorted-pom) @ accumulo-minicluster ---
[INFO] Verifying file /tmp/jGenProg_Bugs.jar_Accumulo_94c2a31f/minicluster/pom.xml
[INFO] 
[INFO] --- maven-enforcer-plugin:1.0.1:enforce (enforce-mvn) @ accumulo-minicluster ---
[INFO] Skipping Rule Enforcement.
[INFO] 
[INFO] --- mavanagaiata:0.6.1:commit (git-commit) @ accumulo-minicluster ---
[INFO] 
[INFO] --- maven-remote-resources-plugin:1.4:process (default) @ accumulo-minicluster ---
[INFO] 
[INFO] --- maven-resources-plugin:2.6:resources (default-resources) @ accumulo-minicluster ---
[INFO] Using 'UTF-8' encoding to copy filtered resources.
[INFO] skip non existing resourceDirectory /tmp/jGenProg_Bugs.jar_Accumulo_94c2a31f/minicluster/src/main/resources
[INFO] Copying 3 resources
[INFO] 
[INFO] --- maven-compiler-plugin:2.5.1:compile (default-compile) @ accumulo-minicluster ---
[INFO] Compiling 1 source file to /tmp/jGenProg_Bugs.jar_Accumulo_94c2a31f/minicluster/target/classes
[INFO] 
[INFO] --- maven-resources-plugin:2.6:testResources (default-testResources) @ accumulo-minicluster ---
[INFO] Using 'UTF-8' encoding to copy filtered resources.
[INFO] Copying 2 resources
[INFO] Copying 3 resources
[INFO] 
[INFO] --- maven-compiler-plugin:2.5.1:testCompile (default-testCompile) @ accumulo-minicluster ---
[INFO] Nothing to compile - all classes are up to date
[INFO] 
[INFO] --- maven-surefire-plugin:2.12.4:test (default-test) @ accumulo-minicluster ---
[INFO] Tests are skipped.
[INFO] 
[INFO] --- maven-dependency-plugin:2.8:copy-dependencies (copy-dependencies) @ accumulo-minicluster ---
[INFO] Copying accumulo-server-1.5.2-SNAPSHOT.jar to /tmp/jGenProg_Bugs.jar_Accumulo_94c2a31f/lib/accumulo-server.jar
[INFO] accumulo-start-1.5.2-SNAPSHOT.jar already exists in destination.
[INFO] guava-14.0.1.jar already exists in destination.
[INFO] accumulo-core-1.5.2-SNAPSHOT.jar already exists in destination.
[INFO] jcommander-1.30.jar already exists in destination.
[INFO] 
[INFO] --- maven-jar-plugin:2.4:jar (default-jar) @ accumulo-minicluster ---
[INFO] Building jar: /tmp/jGenProg_Bugs.jar_Accumulo_94c2a31f/minicluster/target/accumulo-minicluster-1.5.2-SNAPSHOT.jar
[INFO] 
[INFO] --- maven-site-plugin:3.3:attach-descriptor (attach-descriptor) @ accumulo-minicluster ---
[INFO] 
[INFO] --- maven-failsafe-plugin:2.12.4:integration-test (run-integration-tests) @ accumulo-minicluster ---
[INFO] Tests are skipped.
[INFO] 
[INFO] --- maven-failsafe-plugin:2.12.4:verify (verify-integration-tests) @ accumulo-minicluster ---
[INFO] Tests are skipped.
[INFO] 
[INFO] --- maven-install-plugin:2.3.1:install (default-install) @ accumulo-minicluster ---
[INFO] Installing /tmp/jGenProg_Bugs.jar_Accumulo_94c2a31f/minicluster/target/accumulo-minicluster-1.5.2-SNAPSHOT.jar to /tmp/jGenProg_Bugs.jar_Accumulo_94c2a31f/.m2/org/apache/accumulo/accumulo-minicluster/1.5.2-SNAPSHOT/accumulo-minicluster-1.5.2-SNAPSHOT.jar
[INFO] Installing /tmp/jGenProg_Bugs.jar_Accumulo_94c2a31f/minicluster/pom.xml to /tmp/jGenProg_Bugs.jar_Accumulo_94c2a31f/.m2/org/apache/accumulo/accumulo-minicluster/1.5.2-SNAPSHOT/accumulo-minicluster-1.5.2-SNAPSHOT.pom
[INFO] 
[INFO] ------------------------------------------------------------------------
[INFO] Building Testing 1.5.2-SNAPSHOT
[INFO] ------------------------------------------------------------------------
[INFO] 
[INFO] --- maven-sortpom-plugin:2.1.0:verify (verify-sorted-pom) @ accumulo-test ---
[INFO] Verifying file /tmp/jGenProg_Bugs.jar_Accumulo_94c2a31f/test/pom.xml
[INFO] 
[INFO] --- maven-enforcer-plugin:1.0.1:enforce (enforce-mvn) @ accumulo-test ---
[INFO] Skipping Rule Enforcement.
[INFO] 
[INFO] --- mavanagaiata:0.6.1:commit (git-commit) @ accumulo-test ---
[INFO] 
[INFO] --- maven-remote-resources-plugin:1.4:process (default) @ accumulo-test ---
[INFO] 
[INFO] --- maven-resources-plugin:2.6:resources (default-resources) @ accumulo-test ---
[INFO] Using 'UTF-8' encoding to copy filtered resources.
[INFO] Copying 2 resources
[INFO] Copying 3 resources
[INFO] 
[INFO] --- maven-compiler-plugin:2.5.1:compile (default-compile) @ accumulo-test ---
[INFO] Compiling 1 source file to /tmp/jGenProg_Bugs.jar_Accumulo_94c2a31f/test/target/classes
[INFO] 
[INFO] --- maven-resources-plugin:2.6:testResources (default-testResources) @ accumulo-test ---
[INFO] Using 'UTF-8' encoding to copy filtered resources.
[INFO] Copying 8 resources
[INFO] Copying 3 resources
[INFO] 
[INFO] --- maven-compiler-plugin:2.5.1:testCompile (default-testCompile) @ accumulo-test ---
[INFO] Nothing to compile - all classes are up to date
[INFO] 
[INFO] --- maven-surefire-plugin:2.12.4:test (default-test) @ accumulo-test ---
[INFO] Tests are skipped.
[INFO] 
[INFO] --- maven-dependency-plugin:2.8:copy-dependencies (copy-dependencies) @ accumulo-test ---
[INFO] Copying accumulo-minicluster-1.5.2-SNAPSHOT.jar to /tmp/jGenProg_Bugs.jar_Accumulo_94c2a31f/lib/accumulo-minicluster.jar
[INFO] accumulo-fate-1.5.2-SNAPSHOT.jar already exists in destination.
[INFO] accumulo-trace-1.5.2-SNAPSHOT.jar already exists in destination.
[INFO] accumulo-start-1.5.2-SNAPSHOT.jar already exists in destination.
[INFO] libthrift-0.9.0.jar already exists in destination.
[INFO] accumulo-server-1.5.2-SNAPSHOT.jar already exists in destination.
[INFO] jline-1.0.jar already exists in destination.
[INFO] accumulo-core-1.5.2-SNAPSHOT.jar already exists in destination.
[INFO] jcommander-1.30.jar already exists in destination.
[INFO] 
[INFO] --- maven-jar-plugin:2.4:jar (default-jar) @ accumulo-test ---
[INFO] Building jar: /tmp/jGenProg_Bugs.jar_Accumulo_94c2a31f/test/target/accumulo-test-1.5.2-SNAPSHOT.jar
[INFO] 
[INFO] --- maven-site-plugin:3.3:attach-descriptor (attach-descriptor) @ accumulo-test ---
[INFO] 
[INFO] --- maven-failsafe-plugin:2.12.4:integration-test (run-integration-tests) @ accumulo-test ---
[INFO] Tests are skipped.
[INFO] 
[INFO] --- maven-failsafe-plugin:2.12.4:verify (verify-integration-tests) @ accumulo-test ---
[INFO] Tests are skipped.
[INFO] 
[INFO] --- maven-install-plugin:2.3.1:install (default-install) @ accumulo-test ---
[INFO] Installing /tmp/jGenProg_Bugs.jar_Accumulo_94c2a31f/test/target/accumulo-test-1.5.2-SNAPSHOT.jar to /tmp/jGenProg_Bugs.jar_Accumulo_94c2a31f/.m2/org/apache/accumulo/accumulo-test/1.5.2-SNAPSHOT/accumulo-test-1.5.2-SNAPSHOT.jar
[INFO] Installing /tmp/jGenProg_Bugs.jar_Accumulo_94c2a31f/test/pom.xml to /tmp/jGenProg_Bugs.jar_Accumulo_94c2a31f/.m2/org/apache/accumulo/accumulo-test/1.5.2-SNAPSHOT/accumulo-test-1.5.2-SNAPSHOT.pom
[INFO] 
[INFO] ------------------------------------------------------------------------
[INFO] Building Proxy 1.5.2-SNAPSHOT
[INFO] ------------------------------------------------------------------------
[INFO] 
[INFO] --- maven-sortpom-plugin:2.1.0:verify (verify-sorted-pom) @ accumulo-proxy ---
[INFO] Verifying file /tmp/jGenProg_Bugs.jar_Accumulo_94c2a31f/proxy/pom.xml
[INFO] 
[INFO] --- maven-enforcer-plugin:1.0.1:enforce (enforce-mvn) @ accumulo-proxy ---
[INFO] Skipping Rule Enforcement.
[INFO] 
[INFO] --- mavanagaiata:0.6.1:commit (git-commit) @ accumulo-proxy ---
[INFO] 
[INFO] --- maven-remote-resources-plugin:1.4:process (default) @ accumulo-proxy ---
[INFO] 
[INFO] --- maven-resources-plugin:2.6:resources (default-resources) @ accumulo-proxy ---
[INFO] Using 'UTF-8' encoding to copy filtered resources.
[INFO] skip non existing resourceDirectory /tmp/jGenProg_Bugs.jar_Accumulo_94c2a31f/proxy/src/main/resources
[INFO] Copying 3 resources
[INFO] 
[INFO] --- maven-compiler-plugin:2.5.1:compile (default-compile) @ accumulo-proxy ---
[INFO] Nothing to compile - all classes are up to date
[INFO] 
[INFO] --- maven-resources-plugin:2.6:testResources (default-testResources) @ accumulo-proxy ---
[INFO] Using 'UTF-8' encoding to copy filtered resources.
[INFO] Copying 1 resource
[INFO] Copying 3 resources
[INFO] 
[INFO] --- maven-compiler-plugin:2.5.1:testCompile (default-testCompile) @ accumulo-proxy ---
[INFO] Nothing to compile - all classes are up to date
[INFO] 
[INFO] --- maven-surefire-plugin:2.12.4:test (default-test) @ accumulo-proxy ---
[INFO] Tests are skipped.
[INFO] 
[INFO] --- maven-dependency-plugin:2.8:copy-dependencies (copy-dependencies) @ accumulo-proxy ---
[INFO] libthrift-0.9.0.jar already exists in destination.
[INFO] accumulo-server-1.5.2-SNAPSHOT.jar already exists in destination.
[INFO] guava-14.0.1.jar already exists in destination.
[INFO] accumulo-minicluster-1.5.2-SNAPSHOT.jar already exists in destination.
[INFO] accumulo-core-1.5.2-SNAPSHOT.jar already exists in destination.
[INFO] jcommander-1.30.jar already exists in destination.
[INFO] 
[INFO] --- maven-jar-plugin:2.4:jar (default-jar) @ accumulo-proxy ---
[INFO] Building jar: /tmp/jGenProg_Bugs.jar_Accumulo_94c2a31f/proxy/target/accumulo-proxy-1.5.2-SNAPSHOT.jar
[INFO] 
[INFO] --- maven-site-plugin:3.3:attach-descriptor (attach-descriptor) @ accumulo-proxy ---
[INFO] 
[INFO] --- maven-failsafe-plugin:2.12.4:integration-test (run-integration-tests) @ accumulo-proxy ---
[INFO] Tests are skipped.
[INFO] 
[INFO] --- maven-failsafe-plugin:2.12.4:verify (verify-integration-tests) @ accumulo-proxy ---
[INFO] Tests are skipped.
[INFO] 
[INFO] --- maven-install-plugin:2.3.1:install (default-install) @ accumulo-proxy ---
[INFO] Installing /tmp/jGenProg_Bugs.jar_Accumulo_94c2a31f/proxy/target/accumulo-proxy-1.5.2-SNAPSHOT.jar to /tmp/jGenProg_Bugs.jar_Accumulo_94c2a31f/.m2/org/apache/accumulo/accumulo-proxy/1.5.2-SNAPSHOT/accumulo-proxy-1.5.2-SNAPSHOT.jar
[INFO] Installing /tmp/jGenProg_Bugs.jar_Accumulo_94c2a31f/proxy/pom.xml to /tmp/jGenProg_Bugs.jar_Accumulo_94c2a31f/.m2/org/apache/accumulo/accumulo-proxy/1.5.2-SNAPSHOT/accumulo-proxy-1.5.2-SNAPSHOT.pom
[INFO] 
[INFO] ------------------------------------------------------------------------
[INFO] Building Assemblies 1.5.2-SNAPSHOT
[INFO] ------------------------------------------------------------------------
[INFO] 
[INFO] --- maven-sortpom-plugin:2.1.0:verify (verify-sorted-pom) @ accumulo ---
[INFO] Verifying file /tmp/jGenProg_Bugs.jar_Accumulo_94c2a31f/assemble/pom.xml
[INFO] 
[INFO] --- maven-enforcer-plugin:1.0.1:enforce (enforce-mvn) @ accumulo ---
[INFO] Skipping Rule Enforcement.
[INFO] 
[INFO] --- mavanagaiata:0.6.1:commit (git-commit) @ accumulo ---
[INFO] 
[INFO] --- maven-remote-resources-plugin:1.4:process (default) @ accumulo ---
[INFO] 
[INFO] --- maven-dependency-plugin:2.8:copy-dependencies (copy-dependencies) @ accumulo ---
[INFO] Copying accumulo-examples-simple-1.5.2-SNAPSHOT.jar to /tmp/jGenProg_Bugs.jar_Accumulo_94c2a31f/lib/accumulo-examples-simple.jar
[INFO] Copying accumulo-test-1.5.2-SNAPSHOT.jar to /tmp/jGenProg_Bugs.jar_Accumulo_94c2a31f/lib/accumulo-test.jar
[INFO] Copying accumulo-proxy-1.5.2-SNAPSHOT.jar to /tmp/jGenProg_Bugs.jar_Accumulo_94c2a31f/lib/accumulo-proxy.jar
[INFO] accumulo-fate-1.5.2-SNAPSHOT.jar already exists in destination.
[INFO] accumulo-trace-1.5.2-SNAPSHOT.jar already exists in destination.
[INFO] accumulo-start-1.5.2-SNAPSHOT.jar already exists in destination.
[INFO] accumulo-server-1.5.2-SNAPSHOT.jar already exists in destination.
[INFO] accumulo-minicluster-1.5.2-SNAPSHOT.jar already exists in destination.
[INFO] accumulo-core-1.5.2-SNAPSHOT.jar already exists in destination.
[INFO] 
[INFO] >>> exec-maven-plugin:1.2.1:java (config-webpage) > validate @ accumulo >>>
[INFO] 
[INFO] --- maven-sortpom-plugin:2.1.0:verify (verify-sorted-pom) @ accumulo ---
[INFO] Verifying file /tmp/jGenProg_Bugs.jar_Accumulo_94c2a31f/assemble/pom.xml
[INFO] 
[INFO] --- maven-enforcer-plugin:1.0.1:enforce (enforce-mvn) @ accumulo ---
[INFO] Skipping Rule Enforcement.
[INFO] 
[INFO] --- mavanagaiata:0.6.1:commit (git-commit) @ accumulo ---
[INFO] 
[INFO] <<< exec-maven-plugin:1.2.1:java (config-webpage) < validate @ accumulo <<<
[INFO] 
[INFO] 
[INFO] --- exec-maven-plugin:1.2.1:java (config-webpage) @ accumulo ---
[INFO] 
[INFO] --- maven-site-plugin:3.3:attach-descriptor (attach-descriptor) @ accumulo ---
[INFO] 
[INFO] --- maven-failsafe-plugin:2.12.4:integration-test (run-integration-tests) @ accumulo ---
[INFO] Tests are skipped.
[INFO] 
[INFO] --- maven-failsafe-plugin:2.12.4:verify (verify-integration-tests) @ accumulo ---
[INFO] Tests are skipped.
[INFO] 
[INFO] --- maven-install-plugin:2.3.1:install (default-install) @ accumulo ---
[INFO] Installing /tmp/jGenProg_Bugs.jar_Accumulo_94c2a31f/assemble/pom.xml to /tmp/jGenProg_Bugs.jar_Accumulo_94c2a31f/.m2/org/apache/accumulo/accumulo/1.5.2-SNAPSHOT/accumulo-1.5.2-SNAPSHOT.pom
[INFO] ------------------------------------------------------------------------
[INFO] Reactor Summary:
[INFO] 
[INFO] Apache Accumulo Project ............................ SUCCESS [  5.158 s]
[INFO] Trace .............................................. SUCCESS [  1.288 s]
[INFO] Fate ............................................... SUCCESS [  0.473 s]
[INFO] Start .............................................. SUCCESS [  1.317 s]
[INFO] Core ............................................... SUCCESS [  6.894 s]
[INFO] Server ............................................. SUCCESS [  2.243 s]
[INFO] Examples ........................................... SUCCESS [  0.058 s]
[INFO] Simple Examples .................................... SUCCESS [  1.035 s]
[INFO] MiniCluster ........................................ SUCCESS [  0.920 s]
[INFO] Testing ............................................ SUCCESS [  1.437 s]
[INFO] Proxy .............................................. SUCCESS [  3.273 s]
[INFO] Assemblies ......................................... SUCCESS [  0.840 s]
[INFO] ------------------------------------------------------------------------
[INFO] BUILD SUCCESS
[INFO] ------------------------------------------------------------------------
[INFO] Total time: 25.833 s
[INFO] Finished at: 2019-08-20T23:30:38-07:00
[INFO] Final Memory: 51M/1800M
[INFO] ------------------------------------------------------------------------
