PID: 35712
honu.cs.washington.edu
Job started at Tue Aug 20 23:26:39 PDT 2019
[RESOURCES] There are too many total processes running: 43!
[RESOURCES] There are too many total processes running: 48!
[RESOURCES] There are too many total processes running: 53!
[RESOURCES] There are too many total processes running: 42!
[RESOURCES] There are too many total processes running: 39!
[RESOURCES] There are too many total processes running: 44!
[RESOURCES] There are too many total processes running: 46!
[RESOURCES] There are too many total processes running: 41!
Running patch plausibility analysis under Java-7 on the patch generated by jGenProg for Bugs.jar::Accumulo-94c2a31f::0
patch_plausibility.py script started at Tue Aug 20 23:29:15 PDT 2019
Switched to branch 'bugs-dot-jar_ACCUMULO-3055_94c2a31f'
Picked up JAVA_TOOL_OPTIONS: -XX:CICompilerCount=2 -XX:ParallelGCThreads=2 -XX:ConcGCThreads=2  
Reinitialized existing Git repository in /tmp/jGenProg_Bugs.jar_Accumulo_94c2a31f/.git/
Checking patch minicluster/src/main/java/org/apache/accumulo/minicluster/MiniAccumuloCluster.java...
Applied patch minicluster/src/main/java/org/apache/accumulo/minicluster/MiniAccumuloCluster.java cleanly.
There was no 'Please refer to (.*) for the individual test results.' in the maven log file!
Checkout Bugs.jar_Accumulo_94c2a31f
Apply patch ...
Compile top-level project
Get module information
Compile Bugs.jar_Accumulo_94c2a31f
Run tests on Bugs.jar_Accumulo_94c2a31f
patch_plausibility.py script finished at Tue Aug 20 23:31:12 PDT 2019
Job finished at Tue Aug 20 23:31:12 PDT 2019
DONE!
