PID: 32185
honu.cs.washington.edu
Job started at Wed Aug 21 13:01:07 PDT 2019
Running patch plausibility analysis under Java-8 on the patch generated by jGenProg for Bears::traccar-traccar-269449386-269490884::0
patch_plausibility.py script started at Wed Aug 21 13:01:07 PDT 2019
Previous HEAD position was fcce805ea Changes in the tests This commit is based on the source code from the following commit: http://github.com/dungba88/libra/commit/fbe5d265849641ee3e49f5ffe81db87534525859 The mentioned commit triggered the following Travis build: http://travis-ci.org/dungba88/libra/builds/436524727.
Switched to branch 'traccar-traccar-269449386-269490884'
Note: checking out 'cc2e8df6174ebd8a5b5ce8fb066240d98c7a14cd'.

You are in 'detached HEAD' state. You can look around, make experimental
changes and commit them, and you can discard any commits you make in this
state without impacting any branches by performing another checkout.

If you want to create a new branch to retain commits you create, you may
do so (now or later) by using -b with the checkout command again. Example:

  git checkout -b <new-branch-name>

HEAD is now at cc2e8df61 Changes in the tests This commit is based on the source code from the following commit: http://github.com/traccar/traccar/commit/2ff8f21543727590a0f66adc9fc72b0dd6b5e2c9 The mentioned commit triggered the following Travis build: http://travis-ci.org/traccar/traccar/builds/269490884.
Picked up JAVA_TOOL_OPTIONS: -XX:CICompilerCount=2 -XX:ParallelGCThreads=2 -XX:ConcGCThreads=2  
Reinitialized existing Git repository in /tmp/jGenProg_Bears_traccar-traccar_269449386-269490884/.git/
Checking patch src/b/src/org/traccar/protocol/Gt06ProtocolDecoder.java...
error: src/b/src/org/traccar/protocol/Gt06ProtocolDecoder.java: No such file or directory
`patch` has failed!
Traceback (most recent call last):
  File "/scratch/rjust/critical_review_of_repair_them_all_data/plausibility/patch_plausibility.py", line 161, in <module>
    die("`patch` has failed!\n")
  File "/scratch/rjust/critical_review_of_repair_them_all_data/plausibility/patch_plausibility.py", line 104, in die
    utils.die(msg=msg, checkout_dir=CHECKOUT_DIR)
  File "/scratch/rjust/critical_review_of_repair_them_all_data/java_7_vs_java_8/utils.py", line 35, in die
    sys.exit(1)
SystemExit: 1
Checkout Bears_traccar-traccar_269449386-269490884
Apply patch ...
patch_plausibility.py has failed!
