PID: 1806
honu.cs.washington.edu
Job started at Wed Aug 21 13:37:15 PDT 2019
Running patch plausibility analysis under Java-8 on the patch generated by jMutRepair for IntroClassJava::median-6e464f2b5ba1d5ad3d4fc366e7d7712b424aabd8b41ca36257115a16416d202feb27397a413d04944c9ac76976fa8ff8ae646144855e08791ebf9593d1caaaca-003::0
patch_plausibility.py script started at Wed Aug 21 13:37:15 PDT 2019
Initialized empty Git repository in /tmp/jMutRepair_IntroClassJava_median_6e464f2b5ba1d5ad3d4fc366e7d7712b424aabd8b41ca36257115a16416d202feb27397a413d04944c9ac76976fa8ff8ae646144855e08791ebf9593d1caaaca-003/.git/
<stdin>:8: trailing whitespace.
        } else if ((b.value >= a.value && b.value < c.value) 
Checking patch src/main/java/b/src/main/java/introclassJava/median_6e464f2b_003.java...
error: src/main/java/b/src/main/java/introclassJava/median_6e464f2b_003.java: No such file or directory
`patch` has failed!
Traceback (most recent call last):
  File "/scratch/rjust/critical_review_of_repair_them_all_data/plausibility/patch_plausibility.py", line 161, in <module>
    die("`patch` has failed!\n")
  File "/scratch/rjust/critical_review_of_repair_them_all_data/plausibility/patch_plausibility.py", line 104, in die
    utils.die(msg=msg, checkout_dir=CHECKOUT_DIR)
  File "/scratch/rjust/critical_review_of_repair_them_all_data/java_7_vs_java_8/utils.py", line 35, in die
    sys.exit(1)
SystemExit: 1
Checkout IntroClassJava_median_6e464f2b5ba1d5ad3d4fc366e7d7712b424aabd8b41ca36257115a16416d202feb27397a413d04944c9ac76976fa8ff8ae646144855e08791ebf9593d1caaaca-003
Apply patch ...
patch_plausibility.py has failed!
