PID: 36745
honu.cs.washington.edu
Job started at Tue Aug 20 23:42:18 PDT 2019
[RESOURCES] There are too many total processes running: 42!
Running patch plausibility analysis under Java-7 on the patch generated by jGenProg for Bears::traccar-traccar-198464113-198488474::0
patch_plausibility.py script started at Tue Aug 20 23:42:43 PDT 2019
Previous HEAD position was 52dc890b7 Bug commit from traccar/traccar This commit is based on the source code from the following commit: http://github.com/traccar/traccar/commit/e512848dc07145664f3c5d0adff7a9f88b2f17b6 The mentioned commit triggered the following Travis build: http://travis-ci.org/traccar/traccar/builds/188473748.
Switched to branch 'traccar-traccar-198464113-198488474'
Note: checking out '7ebf957c8e34155a00158091cbaab9a2d4d5fc43'.

You are in 'detached HEAD' state. You can look around, make experimental
changes and commit them, and you can discard any commits you make in this
state without impacting any branches by performing another checkout.

If you want to create a new branch to retain commits you create, you may
do so (now or later) by using -b with the checkout command again. Example:

  git checkout -b <new-branch-name>

HEAD is now at 7ebf957c8 Changes in the tests This commit is based on the source code from the following commit: http://github.com/traccar/traccar/commit/1909b845a8c77a2463c0ad8d4c1952b8c0852ae2 The mentioned commit triggered the following Travis build: http://travis-ci.org/traccar/traccar/builds/198488474.
Picked up JAVA_TOOL_OPTIONS: -XX:CICompilerCount=2 -XX:ParallelGCThreads=2 -XX:ConcGCThreads=2  
Reinitialized existing Git repository in /tmp/jGenProg_Bears_traccar-traccar_198464113-198488474/.git/
Checking patch src/org/traccar/protocol/Gl200ProtocolDecoder.java...
Applied patch src/org/traccar/protocol/Gl200ProtocolDecoder.java cleanly.
There was no 'Please refer to (.*) for the individual test results.' in the maven log file!
Checkout Bears_traccar-traccar_198464113-198488474
Apply patch ...
Compile Bears_traccar-traccar_198464113-198488474
Run tests on Bears_traccar-traccar_198464113-198488474
patch_plausibility.py script finished at Tue Aug 20 23:44:01 PDT 2019
Job finished at Tue Aug 20 23:44:01 PDT 2019
DONE!
