PID: 39131
honu.cs.washington.edu
Job started at Tue Aug 20 23:05:31 PDT 2019
[RESOURCES] There are too many total processes running: 41!
[RESOURCES] There are too many total processes running: 41!
[RESOURCES] There are too many total processes running: 46!
Running patch plausibility analysis under Java-7 on the patch generated by Nopol for Bugs.jar::Commons-Math-26a61077::7
patch_plausibility.py script started at Tue Aug 20 23:06:09 PDT 2019
Switched to branch 'bugs-dot-jar_MATH-519_26a61077'
Reinitialized existing Git repository in /tmp/Nopol_Bugs.jar_Commons-Math_26a61077/.git/
Checking patch src/main/java/org/apache/commons/math/analysis/function/Gaussian.java...
Applied patch src/main/java/org/apache/commons/math/analysis/function/Gaussian.java cleanly.
There was no 'Please refer to (.*) for the individual test results.' in the maven log file!
Checkout Bugs.jar_Commons-Math_26a61077
Apply patch ...
Compile Bugs.jar_Commons-Math_26a61077
Run tests on Bugs.jar_Commons-Math_26a61077
patch_plausibility.py script finished at Tue Aug 20 23:07:24 PDT 2019
Job finished at Tue Aug 20 23:07:24 PDT 2019
DONE!
