PID: 37805
honu.cs.washington.edu
Job started at Tue Aug 20 23:59:11 PDT 2019
Running patch plausibility analysis under Java-7 on the patch generated by Cardumen for Bears::traccar-traccar-237845618-237846623::0
patch_plausibility.py script started at Tue Aug 20 23:59:11 PDT 2019
Previous HEAD position was 578222a36 Changes in the tests This commit is based on the source code from the following commit: http://github.com/traccar/traccar/commit/819bca366f89f237f19e52b7a916895ed1761fb9 The mentioned commit triggered the following Travis build: http://travis-ci.org/traccar/traccar/builds/268530427.
Switched to branch 'traccar-traccar-237845618-237846623'
Note: checking out '2a0f8f1cdae9823d168d68ffaf7fda001ab874e3'.

You are in 'detached HEAD' state. You can look around, make experimental
changes and commit them, and you can discard any commits you make in this
state without impacting any branches by performing another checkout.

If you want to create a new branch to retain commits you create, you may
do so (now or later) by using -b with the checkout command again. Example:

  git checkout -b <new-branch-name>

HEAD is now at 2a0f8f1cd Changes in the tests This commit is based on the source code from the following commit: http://github.com/traccar/traccar/commit/c3be37febe85bbaa69b7112f6d9a04b19b8b9253 The mentioned commit triggered the following Travis build: http://travis-ci.org/traccar/traccar/builds/237846623.
Picked up JAVA_TOOL_OPTIONS: -XX:CICompilerCount=2 -XX:ParallelGCThreads=2 -XX:ConcGCThreads=2  
Reinitialized existing Git repository in /tmp/Cardumen_Bears_traccar-traccar_237845618-237846623/.git/
Checking patch src/org/traccar/protocol/WatchProtocolDecoder.java...
Applied patch src/org/traccar/protocol/WatchProtocolDecoder.java cleanly.
There was no 'Please refer to (.*) for the individual test results.' in the maven log file!
Checkout Bears_traccar-traccar_237845618-237846623
Apply patch ...
Compile Bears_traccar-traccar_237845618-237846623
Run tests on Bears_traccar-traccar_237845618-237846623
patch_plausibility.py script finished at Wed Aug 21 00:00:30 PDT 2019
Job finished at Wed Aug 21 00:00:31 PDT 2019
DONE!
