PID: 16665
honu.cs.washington.edu
Job started at Tue Aug 20 23:18:23 PDT 2019
[RESOURCES] There are too many total processes running: 46!
[RESOURCES] There are too many total processes running: 41!
[RESOURCES] There are too many total processes running: 42!
[RESOURCES] There are too many total processes running: 45!
[RESOURCES] There are too many total processes running: 47!
[RESOURCES] There are too many total processes running: 40!
Running patch plausibility analysis under Java-7 on the patch generated by GenProg for IntroClassJava::smallest-88394fc00b7053b386e97564e28ef68421ae09c0baeaf887bba7e254f452419783ed8f774bff3c0c7d23bdc8f6c1443fb47c7af97323d4d3d63cc088d3b6841a-003::0
patch_plausibility.py script started at Tue Aug 20 23:20:37 PDT 2019
Initialized empty Git repository in /tmp/GenProg_IntroClassJava_smallest_88394fc00b7053b386e97564e28ef68421ae09c0baeaf887bba7e254f452419783ed8f774bff3c0c7d23bdc8f6c1443fb47c7af97323d4d3d63cc088d3b6841a-003/.git/
Checking patch src/main/java/introclassJava/smallest_88394fc0_003.java...
Applied patch src/main/java/introclassJava/smallest_88394fc0_003.java cleanly.
There was no 'Please refer to (.*) for the individual test results.' in the maven log file!
Checkout IntroClassJava_smallest_88394fc00b7053b386e97564e28ef68421ae09c0baeaf887bba7e254f452419783ed8f774bff3c0c7d23bdc8f6c1443fb47c7af97323d4d3d63cc088d3b6841a-003
Apply patch ...
Compile IntroClassJava_smallest_88394fc00b7053b386e97564e28ef68421ae09c0baeaf887bba7e254f452419783ed8f774bff3c0c7d23bdc8f6c1443fb47c7af97323d4d3d63cc088d3b6841a-003
Run tests on IntroClassJava_smallest_88394fc00b7053b386e97564e28ef68421ae09c0baeaf887bba7e254f452419783ed8f774bff3c0c7d23bdc8f6c1443fb47c7af97323d4d3d63cc088d3b6841a-003
patch_plausibility.py script finished at Tue Aug 20 23:21:16 PDT 2019
Job finished at Tue Aug 20 23:21:16 PDT 2019
DONE!
