PID: 14402
honu.cs.washington.edu
Job started at Wed Aug 21 12:59:40 PDT 2019
[RESOURCES] There are too many total processes running: 56!
[RESOURCES] There are too many total processes running: 38!
[RESOURCES] There are too many total processes running: 43!
[RESOURCES] There are too many total processes running: 45!
Running patch plausibility analysis under Java-8 on the patch generated by DynaMoth for Bugs.jar::Commons-Math-faa77857::7
patch_plausibility.py script started at Wed Aug 21 13:00:56 PDT 2019
Switched to branch 'bugs-dot-jar_MATH-716_faa77857'
Reinitialized existing Git repository in /tmp/DynaMoth_Bugs.jar_Commons-Math_faa77857/.git/
Checking patch src/main/java/org/apache/commons/math/optimization/direct/BOBYQAOptimizer.java...
Applied patch src/main/java/org/apache/commons/math/optimization/direct/BOBYQAOptimizer.java cleanly.
Checkout Bugs.jar_Commons-Math_faa77857
Apply patch ...
Compile Bugs.jar_Commons-Math_faa77857
Run tests on Bugs.jar_Commons-Math_faa77857
patch_plausibility.py script finished at Wed Aug 21 13:02:23 PDT 2019
Job finished at Wed Aug 21 13:02:23 PDT 2019
DONE!
