PID: 24399
honu.cs.washington.edu
Job started at Wed Aug 21 13:09:39 PDT 2019
[RESOURCES] There are too many total processes running: 43!
[RESOURCES] There are too many total processes running: 47!
[RESOURCES] There are too many total processes running: 38!
[RESOURCES] There are too many total processes running: 38!
[RESOURCES] There are too many total processes running: 39!
[RESOURCES] There are too many total processes running: 52!
Running patch plausibility analysis under Java-8 on the patch generated by Kali for Bugs.jar::Wicket-f539c18c::0
patch_plausibility.py script started at Wed Aug 21 13:11:35 PDT 2019
Switched to branch 'bugs-dot-jar_WICKET-5656_f539c18c'
Reinitialized existing Git repository in /tmp/Kali_Bugs.jar_Wicket_f539c18c/.git/
Checking patch wicket-bean-validation/src/main/java/org/apache/wicket/bean/validation/PropertyValidator.java...
Applied patch wicket-bean-validation/src/main/java/org/apache/wicket/bean/validation/PropertyValidator.java cleanly.
Checkout Bugs.jar_Wicket_f539c18c
Apply patch ...
Compile Bugs.jar_Wicket_f539c18c
Run tests on Bugs.jar_Wicket_f539c18c
patch_plausibility.py script finished at Wed Aug 21 13:14:35 PDT 2019
Job finished at Wed Aug 21 13:14:35 PDT 2019
DONE!
