PID: 11457
honu.cs.washington.edu
Job started at Wed Aug 21 12:46:02 PDT 2019
Running patch plausibility analysis under Java-8 on the patch generated by jMutRepair for Bugs.jar::Flink-8dc70f2e::0
patch_plausibility.py script started at Wed Aug 21 12:46:02 PDT 2019
Switched to branch 'bugs-dot-jar_FLINK-3052_8dc70f2e'
Picked up JAVA_TOOL_OPTIONS: -XX:CICompilerCount=2 -XX:ParallelGCThreads=2 -XX:ConcGCThreads=2  
Reinitialized existing Git repository in /tmp/jMutRepair_Bugs.jar_Flink_8dc70f2e/.git/
error: corrupt patch at line 4
`patch` has failed!
Traceback (most recent call last):
  File "/scratch/rjust/critical_review_of_repair_them_all_data/plausibility/patch_plausibility.py", line 161, in <module>
    die("`patch` has failed!\n")
  File "/scratch/rjust/critical_review_of_repair_them_all_data/plausibility/patch_plausibility.py", line 104, in die
    utils.die(msg=msg, checkout_dir=CHECKOUT_DIR)
  File "/scratch/rjust/critical_review_of_repair_them_all_data/java_7_vs_java_8/utils.py", line 35, in die
    sys.exit(1)
SystemExit: 1
Checkout Bugs.jar_Flink_8dc70f2e
Apply patch ...
Compile top-level project
Get module information
patch_plausibility.py has failed!
