Picked up JAVA_TOOL_OPTIONS: -XX:CICompilerCount=2 -XX:ParallelGCThreads=2 -XX:ConcGCThreads=2 -Djdk.net.URLClassPath.disableClassPathURLCheck=true 
Picked up _JAVA_OPTIONS: -Djdk.net.URLClassPath.disableClassPathURLCheck=true
Apache Maven 3.5.0 (Red Hat 3.5.0-4.3)
Maven home: /opt/rh/rh-maven35/root/usr/share/maven
Java version: 1.8.0_181, vendor: Oracle Corporation
Java home: /scratch/rjust/projects/calling-bs/repair-them-all/RepairThemAll/jdks/jdk1.8.0_181/jre
Default locale: en_US, platform encoding: UTF-8
OS name: "linux", version: "4.14.132-1.el7.retpoline.x86_64", arch: "amd64", family: "unix"
[INFO] Scanning for projects...
[WARNING] 
[WARNING] Some problems were encountered while building the effective model for org.apache.commons:commons-math:jar:2.1-SNAPSHOT
[WARNING] 'build.plugins.plugin.version' for org.apache.maven.plugins:maven-idea-plugin is missing. @ org.apache.commons:commons-parent:12, /tmp/jGenProg_Bugs.jar_Commons-Math_f6dd42b4/.m2/org/apache/commons/commons-parent/12/commons-parent-12.pom, line 266, column 15
[WARNING] The expression ${pom.version} is deprecated. Please use ${project.version} instead.
[WARNING] 
[WARNING] It is highly recommended to fix these problems because they threaten the stability of your build.
[WARNING] 
[WARNING] For this reason, future Maven versions might no longer support building such malformed projects.
[WARNING] 
[INFO] 
[INFO] ------------------------------------------------------------------------
[INFO] Building Commons Math 2.1-SNAPSHOT
[INFO] ------------------------------------------------------------------------
[INFO] 
[INFO] --- maven-antrun-plugin:1.3:run (javadoc.resources) @ commons-math ---
[INFO] Executing tasks
[INFO] Executed tasks
[INFO] 
[INFO] --- maven-resources-plugin:2.6:resources (default-resources) @ commons-math ---
[INFO] Using 'UTF-8' encoding to copy filtered resources.
[INFO] Copying 2 resources to META-INF
[INFO] 
[INFO] --- maven-compiler-plugin:2.0.2:compile (default-compile) @ commons-math ---
[INFO] Compiling 1 source file to /tmp/jGenProg_Bugs.jar_Commons-Math_f6dd42b4/target/classes
[INFO] 
[INFO] --- maven-bundle-plugin:1.4.0:manifest (bundle-manifest) @ commons-math ---
[INFO] 
[INFO] --- maven-resources-plugin:2.6:testResources (default-testResources) @ commons-math ---
[INFO] Using 'UTF-8' encoding to copy filtered resources.
[INFO] Copying 11 resources
[INFO] 
[INFO] --- maven-compiler-plugin:2.0.2:testCompile (default-testCompile) @ commons-math ---
[INFO] Nothing to compile - all classes are up to date
[INFO] 
[INFO] --- maven-surefire-plugin:2.4.3:test (default-test) @ commons-math ---
[INFO] Tests are skipped.
[INFO] 
[INFO] --- maven-jar-plugin:2.2:jar (default-jar) @ commons-math ---
[INFO] Downloading: https://repo.maven.apache.org/maven2/org/apache/maven/maven-archiver/2.3/maven-archiver-2.3.pom
[INFO] Downloaded: https://repo.maven.apache.org/maven2/org/apache/maven/maven-archiver/2.3/maven-archiver-2.3.pom (3.7 kB at 14 kB/s)
[INFO] Downloading: https://repo.maven.apache.org/maven2/org/codehaus/plexus/plexus-archiver/1.0-alpha-9/plexus-archiver-1.0-alpha-9.pom
[INFO] Downloaded: https://repo.maven.apache.org/maven2/org/codehaus/plexus/plexus-archiver/1.0-alpha-9/plexus-archiver-1.0-alpha-9.pom (1.8 kB at 164 kB/s)
[INFO] Downloading: https://repo.maven.apache.org/maven2/org/codehaus/plexus/plexus-components/1.1.9/plexus-components-1.1.9.pom
[INFO] Downloaded: https://repo.maven.apache.org/maven2/org/codehaus/plexus/plexus-components/1.1.9/plexus-components-1.1.9.pom (2.4 kB at 304 kB/s)
[INFO] Downloading: https://repo.maven.apache.org/maven2/org/codehaus/plexus/plexus-container-default/1.0-alpha-15/plexus-container-default-1.0-alpha-15.pom
[INFO] Downloaded: https://repo.maven.apache.org/maven2/org/codehaus/plexus/plexus-container-default/1.0-alpha-15/plexus-container-default-1.0-alpha-15.pom (1.7 kB at 244 kB/s)
[INFO] Downloading: https://repo.maven.apache.org/maven2/org/codehaus/plexus/plexus-containers/1.0-alpha-15/plexus-containers-1.0-alpha-15.pom
[INFO] Downloaded: https://repo.maven.apache.org/maven2/org/codehaus/plexus/plexus-containers/1.0-alpha-15/plexus-containers-1.0-alpha-15.pom (1.9 kB at 210 kB/s)
[INFO] Downloading: https://repo.maven.apache.org/maven2/org/codehaus/plexus/plexus-component-api/1.0-alpha-15/plexus-component-api-1.0-alpha-15.pom
[INFO] Downloaded: https://repo.maven.apache.org/maven2/org/codehaus/plexus/plexus-component-api/1.0-alpha-15/plexus-component-api-1.0-alpha-15.pom (948 B at 105 kB/s)
[INFO] Downloading: https://repo.maven.apache.org/maven2/org/codehaus/plexus/plexus-classworlds/1.2-alpha-6/plexus-classworlds-1.2-alpha-6.pom
[INFO] Downloaded: https://repo.maven.apache.org/maven2/org/codehaus/plexus/plexus-classworlds/1.2-alpha-6/plexus-classworlds-1.2-alpha-6.pom (2.4 kB at 198 kB/s)
[INFO] Downloading: https://repo.maven.apache.org/maven2/org/codehaus/plexus/plexus-io/1.0-alpha-1/plexus-io-1.0-alpha-1.pom
[INFO] Downloaded: https://repo.maven.apache.org/maven2/org/codehaus/plexus/plexus-io/1.0-alpha-1/plexus-io-1.0-alpha-1.pom (1.3 kB at 161 kB/s)
[INFO] Downloading: https://repo.maven.apache.org/maven2/org/codehaus/plexus/plexus-component-api/1.0-alpha-16/plexus-component-api-1.0-alpha-16.pom
[INFO] Downloaded: https://repo.maven.apache.org/maven2/org/codehaus/plexus/plexus-component-api/1.0-alpha-16/plexus-component-api-1.0-alpha-16.pom (2.2 kB at 277 kB/s)
[INFO] Downloading: https://repo.maven.apache.org/maven2/org/codehaus/plexus/plexus-containers/1.0-alpha-16/plexus-containers-1.0-alpha-16.pom
[INFO] Downloaded: https://repo.maven.apache.org/maven2/org/codehaus/plexus/plexus-containers/1.0-alpha-16/plexus-containers-1.0-alpha-16.pom (1.9 kB at 236 kB/s)
[INFO] Downloading: https://repo.maven.apache.org/maven2/org/codehaus/plexus/plexus-utils/1.4.9/plexus-utils-1.4.9.pom
[INFO] Downloaded: https://repo.maven.apache.org/maven2/org/codehaus/plexus/plexus-utils/1.4.9/plexus-utils-1.4.9.pom (2.3 kB at 287 kB/s)
[INFO] Building jar: /tmp/jGenProg_Bugs.jar_Commons-Math_f6dd42b4/target/commons-math-2.1-SNAPSHOT.jar
[INFO] 
[INFO] --- maven-install-plugin:2.3:install (default-install) @ commons-math ---
[INFO] Installing /tmp/jGenProg_Bugs.jar_Commons-Math_f6dd42b4/target/commons-math-2.1-SNAPSHOT.jar to /tmp/jGenProg_Bugs.jar_Commons-Math_f6dd42b4/.m2/org/apache/commons/commons-math/2.1-SNAPSHOT/commons-math-2.1-SNAPSHOT.jar
[INFO] Installing /tmp/jGenProg_Bugs.jar_Commons-Math_f6dd42b4/pom.xml to /tmp/jGenProg_Bugs.jar_Commons-Math_f6dd42b4/.m2/org/apache/commons/commons-math/2.1-SNAPSHOT/commons-math-2.1-SNAPSHOT.pom
[INFO] ------------------------------------------------------------------------
[INFO] BUILD SUCCESS
[INFO] ------------------------------------------------------------------------
[INFO] Total time: 3.469 s
[INFO] Finished at: 2019-08-21T13:04:54-07:00
[INFO] Final Memory: 29M/1150M
[INFO] ------------------------------------------------------------------------
