PID: 1000
honu.cs.washington.edu
Job started at Tue Aug 20 23:36:38 PDT 2019
[RESOURCES] There are too many total processes running: 52!
Running patch plausibility analysis under Java-7 on the patch generated by Kali for Bears::spring-projects-spring-data-commons-263410130-263513297::0
patch_plausibility.py script started at Tue Aug 20 23:36:50 PDT 2019
Previous HEAD position was 52dc890b7 Bug commit from traccar/traccar This commit is based on the source code from the following commit: http://github.com/traccar/traccar/commit/e512848dc07145664f3c5d0adff7a9f88b2f17b6 The mentioned commit triggered the following Travis build: http://travis-ci.org/traccar/traccar/builds/188473748.
Switched to branch 'spring-projects-spring-data-commons-263410130-263513297'
Note: checking out 'd58bd0f8f9aeb28ff8c40303727bcb44b69c6254'.

You are in 'detached HEAD' state. You can look around, make experimental
changes and commit them, and you can discard any commits you make in this
state without impacting any branches by performing another checkout.

If you want to create a new branch to retain commits you create, you may
do so (now or later) by using -b with the checkout command again. Example:

  git checkout -b <new-branch-name>

HEAD is now at d58bd0f8f Changes in the tests This commit is based on the source code from the following commit: http://github.com/spring-projects/spring-data-commons/commit/1725cbaec18cb1a5c859f4d808a27840c4ffb1f6 The mentioned commit triggered the following Travis build: http://travis-ci.org/spring-projects/spring-data-commons/builds/263513297.
Reinitialized existing Git repository in /tmp/Kali_Bears_spring-projects-spring-data-commons_263410130-263513297/.git/
Checking patch java/org/springframework/data/util/ParameterizedTypeInformation.java...
error: java/org/springframework/data/util/ParameterizedTypeInformation.java: No such file or directory
`patch` has failed!
Traceback (most recent call last):
  File "/scratch/rjust/critical_review_of_repair_them_all_data/plausibility/patch_plausibility.py", line 161, in <module>
    die("`patch` has failed!\n")
  File "/scratch/rjust/critical_review_of_repair_them_all_data/plausibility/patch_plausibility.py", line 104, in die
    utils.die(msg=msg, checkout_dir=CHECKOUT_DIR)
  File "/scratch/rjust/critical_review_of_repair_them_all_data/java_7_vs_java_8/utils.py", line 35, in die
    sys.exit(1)
SystemExit: 1
Checkout Bears_spring-projects-spring-data-commons_263410130-263513297
Apply patch ...
patch_plausibility.py has failed!
