PID: 8848
honu.cs.washington.edu
Job started at Wed Aug 21 12:49:09 PDT 2019
Running patch plausibility analysis under Java-8 on the patch generated by Arja for Bears::SzFMV2018-Tavasz-AutomatedCar-351742666-351759763::0
patch_plausibility.py script started at Wed Aug 21 12:49:09 PDT 2019
Previous HEAD position was 2fcfe080f Changes in the tests This commit is based on the source code from the following commit: http://github.com/traccar/traccar/commit/1771c22baca9c43556e5cfc4ec705d0a071a78e8 The mentioned commit triggered the following Travis build: http://travis-ci.org/traccar/traccar/builds/316639485.
Switched to branch 'SzFMV2018-Tavasz-AutomatedCar-351742666-351759763'
Note: checking out '19a81c1fd63ce486f7560d275afa4e65fdb57bef'.

You are in 'detached HEAD' state. You can look around, make experimental
changes and commit them, and you can discard any commits you make in this
state without impacting any branches by performing another checkout.

If you want to create a new branch to retain commits you create, you may
do so (now or later) by using -b with the checkout command again. Example:

  git checkout -b <new-branch-name>

HEAD is now at 19a81c1fd Bug commit from SzFMV2018-Tavasz/AutomatedCar This commit is based on the source code from the following commit: http://github.com/SzFMV2018-Tavasz/AutomatedCar/commit/4efc1e696af816519a2d0d5d52b7deb11240dcc2 The mentioned commit triggered the following Travis build: http://travis-ci.org/SzFMV2018-Tavasz/AutomatedCar/builds/351742666.
Reinitialized existing Git repository in /tmp/Arja_Bears_SzFMV2018-Tavasz-AutomatedCar_351742666-351759763/.git/
Checking patch src/main/java/hu/oe/nik/szfmv/visualization/Dashboard.java...
Applied patch src/main/java/hu/oe/nik/szfmv/visualization/Dashboard.java cleanly.
There was no 'Please refer to (.*) for the individual test results.' in the maven log file!
Checkout Bears_SzFMV2018-Tavasz-AutomatedCar_351742666-351759763
Apply patch ...
Compile Bears_SzFMV2018-Tavasz-AutomatedCar_351742666-351759763
Run tests on Bears_SzFMV2018-Tavasz-AutomatedCar_351742666-351759763
patch_plausibility.py script finished at Wed Aug 21 12:49:26 PDT 2019
Job finished at Wed Aug 21 12:49:26 PDT 2019
DONE!
