PID: 7689
honu.cs.washington.edu
Job started at Wed Aug 21 13:46:08 PDT 2019
[RESOURCES] There are too many total processes running: 42!
[RESOURCES] There are too many total processes running: 38!
Running patch plausibility analysis under Java-8 on the patch generated by Nopol for Bugs.jar::Flink-5dfc897b::7
patch_plausibility.py script started at Wed Aug 21 13:46:44 PDT 2019
Switched to branch 'bugs-dot-jar_FLINK-2817_5dfc897b'
Reinitialized existing Git repository in /tmp/Nopol_Bugs.jar_Flink_5dfc897b/.git/
<stdin>:18: trailing whitespace.
				
Checking patch flink-staging/flink-streaming/flink-streaming-core/src/main/java/org/apache/flink/streaming/api/functions/source/FileMonitoringFunction.java...
Applied patch flink-staging/flink-streaming/flink-streaming-core/src/main/java/org/apache/flink/streaming/api/functions/source/FileMonitoringFunction.java cleanly.
warning: 1 line adds whitespace errors.
test has not returned a non-zero exit code but it has not executed any test case either!
Traceback (most recent call last):
  File "/scratch/rjust/critical_review_of_repair_them_all_data/plausibility/patch_plausibility.py", line 177, in <module>
    die()
  File "/scratch/rjust/critical_review_of_repair_them_all_data/plausibility/patch_plausibility.py", line 104, in die
    utils.die(msg=msg, checkout_dir=CHECKOUT_DIR)
  File "/scratch/rjust/critical_review_of_repair_them_all_data/java_7_vs_java_8/utils.py", line 35, in die
    sys.exit(1)
SystemExit: 1
Checkout Bugs.jar_Flink_5dfc897b
Apply patch ...
Compile Bugs.jar_Flink_5dfc897b
Run tests on Bugs.jar_Flink_5dfc897b
patch_plausibility.py has failed!
