PID: 26419
honu.cs.washington.edu
Job started at Tue Aug 20 23:51:49 PDT 2019
[RESOURCES] There are too many total processes running: 40!
[RESOURCES] There are too many total processes running: 42!
[RESOURCES] There are too many total processes running: 41!
[RESOURCES] There are too many total processes running: 51!
Running patch plausibility analysis under Java-7 on the patch generated by Nopol for IntroClassJava::smallest-ea67b84145a12733c524b716da44f36a42cf815013d14cafbd2a66a5a4c8b5a99022c355960cd62ca71a640315747cd604afdfa9ec753d1739c686734b2798a7-003::7
patch_plausibility.py script started at Tue Aug 20 23:52:58 PDT 2019
Initialized empty Git repository in /tmp/Nopol_IntroClassJava_smallest_ea67b84145a12733c524b716da44f36a42cf815013d14cafbd2a66a5a4c8b5a99022c355960cd62ca71a640315747cd604afdfa9ec753d1739c686734b2798a7-003/.git/
Checking patch src/main/java/introclassJava/smallest_ea67b841_003.java...
Applied patch src/main/java/introclassJava/smallest_ea67b841_003.java cleanly.
There was no 'Please refer to (.*) for the individual test results.' in the maven log file!
Checkout IntroClassJava_smallest_ea67b84145a12733c524b716da44f36a42cf815013d14cafbd2a66a5a4c8b5a99022c355960cd62ca71a640315747cd604afdfa9ec753d1739c686734b2798a7-003
Apply patch ...
Compile IntroClassJava_smallest_ea67b84145a12733c524b716da44f36a42cf815013d14cafbd2a66a5a4c8b5a99022c355960cd62ca71a640315747cd604afdfa9ec753d1739c686734b2798a7-003
Run tests on IntroClassJava_smallest_ea67b84145a12733c524b716da44f36a42cf815013d14cafbd2a66a5a4c8b5a99022c355960cd62ca71a640315747cd604afdfa9ec753d1739c686734b2798a7-003
patch_plausibility.py script finished at Tue Aug 20 23:53:09 PDT 2019
Job finished at Tue Aug 20 23:53:09 PDT 2019
DONE!
