PID: 14299
honu.cs.washington.edu
Job started at Tue Aug 20 23:50:33 PDT 2019
[RESOURCES] There are too many total processes running: 43!
[RESOURCES] There are too many total processes running: 40!
[RESOURCES] There are too many total processes running: 54!
[RESOURCES] There are too many total processes running: 46!
[RESOURCES] There are too many total processes running: 42!
Running patch plausibility analysis under Java-7 on the patch generated by DynaMoth for Bugs.jar::Commons-Math-607c9ec6::7
patch_plausibility.py script started at Tue Aug 20 23:52:10 PDT 2019
Switched to branch 'bugs-dot-jar_MATH-812_607c9ec6'
Reinitialized existing Git repository in /tmp/DynaMoth_Bugs.jar_Commons-Math_607c9ec6/.git/
Checking patch src/main/java/org/apache/commons/math3/optimization/direct/BOBYQAOptimizer.java...
Applied patch src/main/java/org/apache/commons/math3/optimization/direct/BOBYQAOptimizer.java cleanly.
Checkout Bugs.jar_Commons-Math_607c9ec6
Apply patch ...
Compile Bugs.jar_Commons-Math_607c9ec6
Run tests on Bugs.jar_Commons-Math_607c9ec6
patch_plausibility.py script finished at Tue Aug 20 23:54:01 PDT 2019
Job finished at Tue Aug 20 23:54:01 PDT 2019
DONE!
