PID: 23669
honu.cs.washington.edu
Job started at Tue Aug 20 23:51:32 PDT 2019
[RESOURCES] There are too many total processes running: 41!
[RESOURCES] There are too many total processes running: 49!
Running patch plausibility analysis under Java-7 on the patch generated by jGenProg for Bugs.jar::Commons-Math-5fe9b36c::0
patch_plausibility.py script started at Tue Aug 20 23:51:56 PDT 2019
Switched to branch 'bugs-dot-jar_MATH-414_5fe9b36c'
Picked up JAVA_TOOL_OPTIONS: -XX:CICompilerCount=2 -XX:ParallelGCThreads=2 -XX:ConcGCThreads=2  
Reinitialized existing Git repository in /tmp/jGenProg_Bugs.jar_Commons-Math_5fe9b36c/.git/
Checking patch src/main/java/org/apache/commons/math/util/ContinuedFraction.java...
Applied patch src/main/java/org/apache/commons/math/util/ContinuedFraction.java cleanly.
There was no 'Please refer to (.*) for the individual test results.' in the maven log file!
Checkout Bugs.jar_Commons-Math_5fe9b36c
Apply patch ...
Get module information
Compile Bugs.jar_Commons-Math_5fe9b36c
Run tests on Bugs.jar_Commons-Math_5fe9b36c
patch_plausibility.py script finished at Tue Aug 20 23:53:08 PDT 2019
Job finished at Tue Aug 20 23:53:08 PDT 2019
DONE!
