PID: 8605
honu.cs.washington.edu
Job started at Tue Aug 20 23:43:18 PDT 2019
[RESOURCES] There are too many total processes running: 44!
[RESOURCES] There are too many total processes running: 62!
[RESOURCES] There are too many total processes running: 40!
[RESOURCES] There are too many total processes running: 48!
[RESOURCES] There are too many total processes running: 56!
Running patch plausibility analysis under Java-7 on the patch generated by Kali for Bugs.jar::Accumulo-cd7feb4d::0
patch_plausibility.py script started at Tue Aug 20 23:45:01 PDT 2019
Switched to branch 'bugs-dot-jar_ACCUMULO-189_cd7feb4d'
Reinitialized existing Git repository in /tmp/Kali_Bugs.jar_Accumulo_cd7feb4d/.git/
Checking patch src/core/src/main/java/org/apache/accumulo/core/iterators/user/RegExFilter.java...
Applied patch src/core/src/main/java/org/apache/accumulo/core/iterators/user/RegExFilter.java cleanly.
There was no 'Please refer to (.*) for the individual test results.' in the maven log file!
Checkout Bugs.jar_Accumulo_cd7feb4d
Apply patch ...
Compile Bugs.jar_Accumulo_cd7feb4d
Run tests on Bugs.jar_Accumulo_cd7feb4d
patch_plausibility.py script finished at Tue Aug 20 23:45:59 PDT 2019
Job finished at Tue Aug 20 23:45:59 PDT 2019
DONE!
