PID: 9356
honu.cs.washington.edu
Job started at Tue Aug 20 23:43:22 PDT 2019
[RESOURCES] There are too many total processes running: 60!
[RESOURCES] There are too many total processes running: 52!
[RESOURCES] There are too many total processes running: 40!
[RESOURCES] There are too many total processes running: 46!
Running patch plausibility analysis under Java-7 on the patch generated by Kali for Bugs.jar::Commons-Math-cc4ab51e::0
patch_plausibility.py script started at Tue Aug 20 23:44:57 PDT 2019
Switched to branch 'bugs-dot-jar_MATH-1136_cc4ab51e'
Reinitialized existing Git repository in /tmp/Kali_Bugs.jar_Commons-Math_cc4ab51e/.git/
Checking patch src/main/java/org/apache/commons/math3/distribution/SaddlePointExpansion.java...
Applied patch src/main/java/org/apache/commons/math3/distribution/SaddlePointExpansion.java cleanly.
There was no 'Please refer to (.*) for the individual test results.' in the maven log file!
Checkout Bugs.jar_Commons-Math_cc4ab51e
Apply patch ...
Compile Bugs.jar_Commons-Math_cc4ab51e
Run tests on Bugs.jar_Commons-Math_cc4ab51e
patch_plausibility.py script finished at Tue Aug 20 23:49:20 PDT 2019
Job finished at Tue Aug 20 23:49:20 PDT 2019
DONE!
