PID: 9558
honu.cs.washington.edu
Job started at Wed Aug 21 14:02:33 PDT 2019
[RESOURCES] There are too many total processes running: 38!
[RESOURCES] There are too many threads running: 3068!
[RESOURCES] There are too many threads running: 3215!
[RESOURCES] There are too many threads running: 3052!
[RESOURCES] There are too many threads running: 3001!
Running patch plausibility analysis under Java-8 on the patch generated by RSRepair for IntroClassJava::smallest-6aaeaf2ffb623b5736c0c0b9e8a1a3b080e8aef14d963d899eb3e4073245ad1171e26fb2a64fb88db6e40aa59e894a55eac832e38d444755cb3b6ad10ba74c62-001::0
patch_plausibility.py script started at Wed Aug 21 14:04:21 PDT 2019
Initialized empty Git repository in /tmp/RSRepair_IntroClassJava_smallest_6aaeaf2ffb623b5736c0c0b9e8a1a3b080e8aef14d963d899eb3e4073245ad1171e26fb2a64fb88db6e40aa59e894a55eac832e38d444755cb3b6ad10ba74c62-001/.git/
Checking patch src/main/java/introclassJava/smallest_6aaeaf2f_001.java...
Applied patch src/main/java/introclassJava/smallest_6aaeaf2f_001.java cleanly.
There was no 'Please refer to (.*) for the individual test results.' in the maven log file!
Checkout IntroClassJava_smallest_6aaeaf2ffb623b5736c0c0b9e8a1a3b080e8aef14d963d899eb3e4073245ad1171e26fb2a64fb88db6e40aa59e894a55eac832e38d444755cb3b6ad10ba74c62-001
Apply patch ...
Compile IntroClassJava_smallest_6aaeaf2ffb623b5736c0c0b9e8a1a3b080e8aef14d963d899eb3e4073245ad1171e26fb2a64fb88db6e40aa59e894a55eac832e38d444755cb3b6ad10ba74c62-001
Run tests on IntroClassJava_smallest_6aaeaf2ffb623b5736c0c0b9e8a1a3b080e8aef14d963d899eb3e4073245ad1171e26fb2a64fb88db6e40aa59e894a55eac832e38d444755cb3b6ad10ba74c62-001
patch_plausibility.py script finished at Wed Aug 21 14:04:47 PDT 2019
Job finished at Wed Aug 21 14:04:47 PDT 2019
DONE!
