PID: 11361
honu.cs.washington.edu
Job started at Wed Aug 21 12:46:02 PDT 2019
Running patch plausibility analysis under Java-8 on the patch generated by Cardumen for Bears::danfickle-openhtmltopdf-445988164-446994292::0
patch_plausibility.py script started at Wed Aug 21 12:46:02 PDT 2019
Previous HEAD position was 578222a36 Changes in the tests This commit is based on the source code from the following commit: http://github.com/traccar/traccar/commit/819bca366f89f237f19e52b7a916895ed1761fb9 The mentioned commit triggered the following Travis build: http://travis-ci.org/traccar/traccar/builds/268530427.
Switched to branch 'danfickle-openhtmltopdf-445988164-446994292'
Note: checking out '1032fc6cfe758e0c634d2ed42b4cf9516905ff80'.

You are in 'detached HEAD' state. You can look around, make experimental
changes and commit them, and you can discard any commits you make in this
state without impacting any branches by performing another checkout.

If you want to create a new branch to retain commits you create, you may
do so (now or later) by using -b with the checkout command again. Example:

  git checkout -b <new-branch-name>

HEAD is now at 1032fc6cf Changes in the tests This commit is based on the source code from the following commit: http://github.com/danfickle/openhtmltopdf/commit/586693546977cbda9fcc2d611388b4d0b6800fdc The mentioned commit triggered the following Travis build: http://travis-ci.org/danfickle/openhtmltopdf/builds/446994292.
Picked up JAVA_TOOL_OPTIONS: -XX:CICompilerCount=2 -XX:ParallelGCThreads=2 -XX:ConcGCThreads=2  
Reinitialized existing Git repository in /tmp/Cardumen_Bears_danfickle-openhtmltopdf_445988164-446994292/.git/
Checking patch openhtmltopdf-examples/src/main/java/com/openhtmltopdf/visualtest/VisualTester.java...
Applied patch openhtmltopdf-examples/src/main/java/com/openhtmltopdf/visualtest/VisualTester.java cleanly.
Checkout Bears_danfickle-openhtmltopdf_445988164-446994292
Apply patch ...
Compile Bears_danfickle-openhtmltopdf_445988164-446994292
Run tests on Bears_danfickle-openhtmltopdf_445988164-446994292
patch_plausibility.py script finished at Wed Aug 21 12:49:14 PDT 2019
Job finished at Wed Aug 21 12:49:14 PDT 2019
DONE!
