PID: 22993
honu.cs.washington.edu
Job started at Tue Aug 20 23:32:13 PDT 2019
[RESOURCES] There are too many total processes running: 48!
[RESOURCES] There are too many total processes running: 53!
[RESOURCES] There are too many total processes running: 38!
[RESOURCES] There are too many total processes running: 54!
[RESOURCES] There are too many total processes running: 50!
[RESOURCES] There are too many total processes running: 38!
[RESOURCES] There are too many total processes running: 39!
[RESOURCES] There are too many total processes running: 46!
[RESOURCES] There are too many total processes running: 40!
[RESOURCES] There are too many total processes running: 49!
Running patch plausibility analysis under Java-7 on the patch generated by Nopol for IntroClassJava::median-3b2376ab97bb5d1a5dbbf2b45cf062db320757549c761936d19df05e856de894e45695014cd8063cdc22148b13fa1803b3c9e77356931d66f4fbec0efacf7829-003::7
patch_plausibility.py script started at Tue Aug 20 23:35:47 PDT 2019
Initialized empty Git repository in /tmp/Nopol_IntroClassJava_median_3b2376ab97bb5d1a5dbbf2b45cf062db320757549c761936d19df05e856de894e45695014cd8063cdc22148b13fa1803b3c9e77356931d66f4fbec0efacf7829-003/.git/
Checking patch src/main/java/introclassJava/median_3b2376ab_003.java...
Applied patch src/main/java/introclassJava/median_3b2376ab_003.java cleanly.
There was no 'Please refer to (.*) for the individual test results.' in the maven log file!
Checkout IntroClassJava_median_3b2376ab97bb5d1a5dbbf2b45cf062db320757549c761936d19df05e856de894e45695014cd8063cdc22148b13fa1803b3c9e77356931d66f4fbec0efacf7829-003
Apply patch ...
Compile IntroClassJava_median_3b2376ab97bb5d1a5dbbf2b45cf062db320757549c761936d19df05e856de894e45695014cd8063cdc22148b13fa1803b3c9e77356931d66f4fbec0efacf7829-003
Run tests on IntroClassJava_median_3b2376ab97bb5d1a5dbbf2b45cf062db320757549c761936d19df05e856de894e45695014cd8063cdc22148b13fa1803b3c9e77356931d66f4fbec0efacf7829-003
patch_plausibility.py script finished at Tue Aug 20 23:36:00 PDT 2019
Job finished at Tue Aug 20 23:36:00 PDT 2019
DONE!
