PID: 8874
honu.cs.washington.edu
Job started at Wed Aug 21 13:57:36 PDT 2019
[RESOURCES] There are too many total processes running: 38!
[RESOURCES] There are too many total processes running: 45!
Running patch plausibility analysis under Java-8 on the patch generated by Kali for Bugs.jar::Flink-5dfc897b::0
patch_plausibility.py script started at Wed Aug 21 13:58:03 PDT 2019
Already on 'bugs-dot-jar_FLINK-2817_5dfc897b'
Reinitialized existing Git repository in /tmp/Kali_Bugs.jar_Flink_5dfc897b/.git/
Checking patch flink-streaming-core/src/main/java/org/apache/flink/streaming/api/functions/source/FileMonitoringFunction.java...
error: flink-streaming-core/src/main/java/org/apache/flink/streaming/api/functions/source/FileMonitoringFunction.java: No such file or directory
`patch` has failed!
Traceback (most recent call last):
  File "/scratch/rjust/critical_review_of_repair_them_all_data/plausibility/patch_plausibility.py", line 161, in <module>
    die("`patch` has failed!\n")
  File "/scratch/rjust/critical_review_of_repair_them_all_data/plausibility/patch_plausibility.py", line 104, in die
    utils.die(msg=msg, checkout_dir=CHECKOUT_DIR)
  File "/scratch/rjust/critical_review_of_repair_them_all_data/java_7_vs_java_8/utils.py", line 35, in die
    sys.exit(1)
SystemExit: 1
Checkout Bugs.jar_Flink_5dfc897b
Apply patch ...
patch_plausibility.py has failed!
