PID: 13582
honu.cs.washington.edu
Job started at Wed Aug 21 12:49:24 PDT 2019
[RESOURCES] There are too many total processes running: 41!
[RESOURCES] There are too many total processes running: 43!
[RESOURCES] There are too many total processes running: 51!
[RESOURCES] There are too many total processes running: 43!
[RESOURCES] There are too many total processes running: 48!
[RESOURCES] There are too many total processes running: 55!
[RESOURCES] There are too many total processes running: 50!
Running patch plausibility analysis under Java-8 on the patch generated by Nopol for Bugs.jar::Commons-Math-63a48705::7
patch_plausibility.py script started at Wed Aug 21 12:51:47 PDT 2019
Switched to branch 'bugs-dot-jar_MATH-835_63a48705'
Reinitialized existing Git repository in /tmp/Nopol_Bugs.jar_Commons-Math_63a48705/.git/
Checking patch src/main/java/org/apache/commons/math3/optimization/direct/BOBYQAOptimizer.java...
Applied patch src/main/java/org/apache/commons/math3/optimization/direct/BOBYQAOptimizer.java cleanly.
Checkout Bugs.jar_Commons-Math_63a48705
Apply patch ...
Compile Bugs.jar_Commons-Math_63a48705
Run tests on Bugs.jar_Commons-Math_63a48705
patch_plausibility.py script finished at Wed Aug 21 12:53:47 PDT 2019
Job finished at Wed Aug 21 12:53:48 PDT 2019
DONE!
