PID: 26660
honu.cs.washington.edu
Job started at Wed Aug 21 12:47:32 PDT 2019
[RESOURCES] There are too many total processes running: 58!
[RESOURCES] There are too many total processes running: 48!
[RESOURCES] There are too many total processes running: 50!
[RESOURCES] There are too many total processes running: 49!
[RESOURCES] There are too many total processes running: 42!
[RESOURCES] There are too many total processes running: 38!
[RESOURCES] There are too many total processes running: 45!
Running patch plausibility analysis under Java-8 on the patch generated by jKali for Bugs.jar::Commons-Math-faf99727::0
patch_plausibility.py script started at Wed Aug 21 12:50:09 PDT 2019
Switched to branch 'bugs-dot-jar_MATH-1096_faf99727'
Picked up JAVA_TOOL_OPTIONS: -XX:CICompilerCount=2 -XX:ParallelGCThreads=2 -XX:ConcGCThreads=2  
Reinitialized existing Git repository in /tmp/jKali_Bugs.jar_Commons-Math_faf99727/.git/
Checking patch src/main/java/org/apache/commons/math3/geometry/enclosing/WelzlEncloser.java...
Applied patch src/main/java/org/apache/commons/math3/geometry/enclosing/WelzlEncloser.java cleanly.
Checkout Bugs.jar_Commons-Math_faf99727
Apply patch ...
Get module information
Compile Bugs.jar_Commons-Math_faf99727
Run tests on Bugs.jar_Commons-Math_faf99727
patch_plausibility.py script finished at Wed Aug 21 12:54:07 PDT 2019
Job finished at Wed Aug 21 12:54:07 PDT 2019
DONE!
