PID: 16960
honu.cs.washington.edu
Job started at Wed Aug 21 00:38:52 PDT 2019
Running patch plausibility analysis under Java-7 on the patch generated by Nopol for Bears::vkostyukov-la4j-414793864-436911083::7
patch_plausibility.py script started at Wed Aug 21 00:38:53 PDT 2019
Previous HEAD position was ef7e5ae21 Bug commit from traccar/traccar This commit is based on the source code from the following commit: http://github.com/traccar/traccar/commit/df53571ab09afb15888462dbbed2c3d58759c55a The mentioned commit triggered the following Travis build: http://travis-ci.org/traccar/traccar/builds/255051210.
Switched to branch 'vkostyukov-la4j-414793864-436911083'
Note: checking out 'c58be8d8d003f6df8c6a61dc99cd21a869935587'.

You are in 'detached HEAD' state. You can look around, make experimental
changes and commit them, and you can discard any commits you make in this
state without impacting any branches by performing another checkout.

If you want to create a new branch to retain commits you create, you may
do so (now or later) by using -b with the checkout command again. Example:

  git checkout -b <new-branch-name>

HEAD is now at c58be8d8d Changes in the tests This commit is based on the source code from the following commit: http://github.com/vkostyukov/la4j/commit/1229fcf1bec83b678ae8655fac893dc14b8e70ec The mentioned commit triggered the following Travis build: http://travis-ci.org/vkostyukov/la4j/builds/436911083.
Reinitialized existing Git repository in /tmp/Nopol_Bears_vkostyukov-la4j_414793864-436911083/.git/
Checking patch src/main/java/org/la4j/Vector.java...
Applied patch src/main/java/org/la4j/Vector.java cleanly.
There was no 'Please refer to (.*) for the individual test results.' in the maven log file!
Checkout Bears_vkostyukov-la4j_414793864-436911083
Apply patch ...
Compile Bears_vkostyukov-la4j_414793864-436911083
Run tests on Bears_vkostyukov-la4j_414793864-436911083
patch_plausibility.py script finished at Wed Aug 21 00:39:28 PDT 2019
Job finished at Wed Aug 21 00:39:28 PDT 2019
DONE!
