PID: 30147
honu.cs.washington.edu
Job started at Tue Aug 20 23:08:08 PDT 2019
[RESOURCES] There are too many total processes running: 55!
[RESOURCES] There are too many total processes running: 53!
[RESOURCES] There are too many total processes running: 41!
[RESOURCES] There are too many total processes running: 46!
[RESOURCES] There are too many total processes running: 56!
[RESOURCES] There are too many total processes running: 41!
[RESOURCES] There are too many total processes running: 46!
[RESOURCES] There are too many total processes running: 46!
[RESOURCES] There are too many total processes running: 43!
[RESOURCES] There are too many total processes running: 49!
[RESOURCES] There are too many total processes running: 44!
[RESOURCES] There are too many total processes running: 51!
[RESOURCES] There are too many total processes running: 45!
[RESOURCES] There are too many total processes running: 42!
[RESOURCES] There are too many total processes running: 39!
[RESOURCES] There are too many total processes running: 40!
[RESOURCES] There are too many total processes running: 48!
[RESOURCES] There are too many total processes running: 49!
[RESOURCES] There are too many total processes running: 43!
[RESOURCES] There are too many total processes running: 55!
[RESOURCES] There are too many total processes running: 39!
[RESOURCES] There are too many total processes running: 40!
[RESOURCES] There are too many total processes running: 42!
[RESOURCES] There are too many total processes running: 46!
[RESOURCES] There are too many total processes running: 46!
[RESOURCES] There are too many total processes running: 46!
[RESOURCES] There are too many total processes running: 38!
[RESOURCES] There are too many total processes running: 38!
Running patch plausibility analysis under Java-7 on the patch generated by DynaMoth for Bugs.jar::Commons-Math-cedf0d27::7
patch_plausibility.py script started at Tue Aug 20 23:18:00 PDT 2019
Switched to branch 'bugs-dot-jar_MATH-929_cedf0d27'
Reinitialized existing Git repository in /tmp/DynaMoth_Bugs.jar_Commons-Math_cedf0d27/.git/
Checking patch src/main/java/org/apache/commons/math3/optimization/direct/BOBYQAOptimizer.java...
Applied patch src/main/java/org/apache/commons/math3/optimization/direct/BOBYQAOptimizer.java cleanly.
Checkout Bugs.jar_Commons-Math_cedf0d27
Apply patch ...
Compile Bugs.jar_Commons-Math_cedf0d27
Run tests on Bugs.jar_Commons-Math_cedf0d27
patch_plausibility.py script finished at Tue Aug 20 23:21:04 PDT 2019
Job finished at Tue Aug 20 23:21:04 PDT 2019
DONE!
