PID: 39990
honu.cs.washington.edu
Job started at Tue Aug 20 23:05:35 PDT 2019
[RESOURCES] There are too many total processes running: 42!
[RESOURCES] There are too many total processes running: 59!
[RESOURCES] There are too many total processes running: 48!
[RESOURCES] There are too many total processes running: 45!
[RESOURCES] There are too many total processes running: 42!
[RESOURCES] There are too many total processes running: 58!
[RESOURCES] There are too many total processes running: 38!
[RESOURCES] There are too many total processes running: 52!
[RESOURCES] There are too many total processes running: 51!
[RESOURCES] There are too many total processes running: 41!
[RESOURCES] There are too many total processes running: 45!
Running patch plausibility analysis under Java-7 on the patch generated by Nopol for Bugs.jar::Commons-Math-63a48705::7
patch_plausibility.py script started at Tue Aug 20 23:09:12 PDT 2019
Switched to branch 'bugs-dot-jar_MATH-835_63a48705'
Reinitialized existing Git repository in /tmp/Nopol_Bugs.jar_Commons-Math_63a48705/.git/
Checking patch src/main/java/org/apache/commons/math3/optimization/direct/BOBYQAOptimizer.java...
Applied patch src/main/java/org/apache/commons/math3/optimization/direct/BOBYQAOptimizer.java cleanly.
Checkout Bugs.jar_Commons-Math_63a48705
Apply patch ...
Compile Bugs.jar_Commons-Math_63a48705
Run tests on Bugs.jar_Commons-Math_63a48705
patch_plausibility.py script finished at Tue Aug 20 23:11:42 PDT 2019
Job finished at Tue Aug 20 23:11:42 PDT 2019
DONE!
