PID: 30493
honu.cs.washington.edu
Job started at Tue Aug 20 23:23:19 PDT 2019
[RESOURCES] There are too many total processes running: 53!
[RESOURCES] There are too many total processes running: 47!
[RESOURCES] There are too many total processes running: 48!
Running patch plausibility analysis under Java-7 on the patch generated by GenProg for Bugs.jar::Commons-Math-596ccd59::0
patch_plausibility.py script started at Tue Aug 20 23:24:17 PDT 2019
Switched to branch 'bugs-dot-jar_MATH-1165_596ccd59'
Reinitialized existing Git repository in /tmp/GenProg_Bugs.jar_Commons-Math_596ccd59/.git/
Checking patch src/main/java/org/apache/commons/math3/ml/clustering/FuzzyKMeansClusterer.java...
Applied patch src/main/java/org/apache/commons/math3/ml/clustering/FuzzyKMeansClusterer.java cleanly.
There was no 'Please refer to (.*) for the individual test results.' in the maven log file!
Checkout Bugs.jar_Commons-Math_596ccd59
Apply patch ...
Compile Bugs.jar_Commons-Math_596ccd59
Run tests on Bugs.jar_Commons-Math_596ccd59
patch_plausibility.py script finished at Tue Aug 20 23:28:34 PDT 2019
Job finished at Tue Aug 20 23:28:34 PDT 2019
DONE!
