PID: 28330
honu.cs.washington.edu
Job started at Tue Aug 20 23:41:33 PDT 2019
[RESOURCES] There are too many total processes running: 38!
[RESOURCES] There are too many total processes running: 47!
[RESOURCES] There are too many total processes running: 48!
Running patch plausibility analysis under Java-7 on the patch generated by Arja for Bugs.jar::Jackrabbit-Oak-5286861d::0
patch_plausibility.py script started at Tue Aug 20 23:42:40 PDT 2019
Switched to branch 'bugs-dot-jar_OAK-1122_5286861d'
Reinitialized existing Git repository in /tmp/Arja_Bugs.jar_Jackrabbit-Oak_5286861d/.git/
Checking patch oak-mk/src/main/java/org/apache/jackrabbit/mk/core/MicroKernelImpl.java...
Applied patch oak-mk/src/main/java/org/apache/jackrabbit/mk/core/MicroKernelImpl.java cleanly.
There was no 'Please refer to (.*) for the individual test results.' in the maven log file!
Checkout Bugs.jar_Jackrabbit-Oak_5286861d
Apply patch ...
Compile Bugs.jar_Jackrabbit-Oak_5286861d
Run tests on Bugs.jar_Jackrabbit-Oak_5286861d
patch_plausibility.py script finished at Tue Aug 20 23:44:50 PDT 2019
Job finished at Tue Aug 20 23:44:50 PDT 2019
DONE!
