PID: 38843
honu.cs.washington.edu
Job started at Tue Aug 20 23:33:29 PDT 2019
[RESOURCES] There are too many total processes running: 45!
[RESOURCES] There are too many total processes running: 45!
[RESOURCES] There are too many total processes running: 56!
[RESOURCES] There are too many total processes running: 40!
[RESOURCES] There are too many total processes running: 43!
[RESOURCES] There are too many total processes running: 38!
[RESOURCES] There are too many total processes running: 45!
[RESOURCES] There are too many total processes running: 41!
Running patch plausibility analysis under Java-7 on the patch generated by Nopol for Bugs.jar::Commons-Math-b55e0206::7
patch_plausibility.py script started at Tue Aug 20 23:36:06 PDT 2019
Switched to branch 'bugs-dot-jar_MATH-865_b55e0206'
Reinitialized existing Git repository in /tmp/Nopol_Bugs.jar_Commons-Math_b55e0206/.git/
Checking patch src/main/java/org/apache/commons/math3/optimization/direct/BOBYQAOptimizer.java...
Applied patch src/main/java/org/apache/commons/math3/optimization/direct/BOBYQAOptimizer.java cleanly.
Checkout Bugs.jar_Commons-Math_b55e0206
Apply patch ...
Compile Bugs.jar_Commons-Math_b55e0206
Run tests on Bugs.jar_Commons-Math_b55e0206
patch_plausibility.py script finished at Tue Aug 20 23:38:46 PDT 2019
Job finished at Tue Aug 20 23:38:46 PDT 2019
DONE!
