PID: 35551
honu.cs.washington.edu
Job started at Wed Aug 21 13:56:39 PDT 2019
[RESOURCES] There are too many total processes running: 45!
[RESOURCES] There are too many total processes running: 45!
Running patch plausibility analysis under Java-8 on the patch generated by jKali for Bugs.jar::Commons-Math-596ccd59::0
patch_plausibility.py script started at Wed Aug 21 13:57:29 PDT 2019
Switched to branch 'bugs-dot-jar_MATH-1165_596ccd59'
Picked up JAVA_TOOL_OPTIONS: -XX:CICompilerCount=2 -XX:ParallelGCThreads=2 -XX:ConcGCThreads=2  
Reinitialized existing Git repository in /tmp/jKali_Bugs.jar_Commons-Math_596ccd59/.git/
Checking patch src/main/java/org/apache/commons/math3/ml/clustering/FuzzyKMeansClusterer.java...
Applied patch src/main/java/org/apache/commons/math3/ml/clustering/FuzzyKMeansClusterer.java cleanly.
There was no 'Please refer to (.*) for the individual test results.' in the maven log file!
Checkout Bugs.jar_Commons-Math_596ccd59
Apply patch ...
Get module information
Compile Bugs.jar_Commons-Math_596ccd59
Run tests on Bugs.jar_Commons-Math_596ccd59
patch_plausibility.py script finished at Wed Aug 21 14:01:35 PDT 2019
Job finished at Wed Aug 21 14:01:35 PDT 2019
DONE!
