PID: 26848
honu.cs.washington.edu
Job started at Tue Aug 20 23:04:42 PDT 2019
[RESOURCES] There are too many total processes running: 56!
[RESOURCES] There are too many total processes running: 41!
[RESOURCES] There are too many total processes running: 45!
[RESOURCES] There are too many total processes running: 54!
[RESOURCES] There are too many total processes running: 40!
Running patch plausibility analysis under Java-7 on the patch generated by DynaMoth for Bugs.jar::Logging-Log4J2-a523dcd5::7
patch_plausibility.py script started at Tue Aug 20 23:06:12 PDT 2019
Switched to branch 'bugs-dot-jar_LOG4J2-1406_a523dcd5'
Reinitialized existing Git repository in /tmp/DynaMoth_Bugs.jar_Logging-Log4J2_a523dcd5/.git/
Checking patch log4j-api/src/main/java/org/apache/logging/log4j/spi/Provider.java...
Applied patch log4j-api/src/main/java/org/apache/logging/log4j/spi/Provider.java cleanly.
Checkout Bugs.jar_Logging-Log4J2_a523dcd5
Apply patch ...
Compile Bugs.jar_Logging-Log4J2_a523dcd5
Run tests on Bugs.jar_Logging-Log4J2_a523dcd5
patch_plausibility.py script finished at Tue Aug 20 23:09:48 PDT 2019
Job finished at Tue Aug 20 23:09:48 PDT 2019
DONE!
