PID: 27013
honu.cs.washington.edu
Job started at Tue Aug 20 23:32:36 PDT 2019
[RESOURCES] There are too many total processes running: 38!
[RESOURCES] There are too many total processes running: 47!
[RESOURCES] There are too many total processes running: 42!
[RESOURCES] There are too many total processes running: 43!
[RESOURCES] There are too many total processes running: 45!
[RESOURCES] There are too many total processes running: 46!
[RESOURCES] There are too many total processes running: 40!
[RESOURCES] There are too many total processes running: 51!
[RESOURCES] There are too many total processes running: 48!
[RESOURCES] There are too many total processes running: 38!
[RESOURCES] There are too many total processes running: 53!
[RESOURCES] There are too many total processes running: 47!
Running patch plausibility analysis under Java-7 on the patch generated by jKali for IntroClassJava::smallest-88394fc00b7053b386e97564e28ef68421ae09c0baeaf887bba7e254f452419783ed8f774bff3c0c7d23bdc8f6c1443fb47c7af97323d4d3d63cc088d3b6841a-002::0
patch_plausibility.py script started at Tue Aug 20 23:37:10 PDT 2019
Initialized empty Git repository in /tmp/jKali_IntroClassJava_smallest_88394fc00b7053b386e97564e28ef68421ae09c0baeaf887bba7e254f452419783ed8f774bff3c0c7d23bdc8f6c1443fb47c7af97323d4d3d63cc088d3b6841a-002/.git/
Checking patch src/main/java/introclassJava/smallest_88394fc0_002.java...
Applied patch src/main/java/introclassJava/smallest_88394fc0_002.java cleanly.
There was no 'Please refer to (.*) for the individual test results.' in the maven log file!
Checkout IntroClassJava_smallest_88394fc00b7053b386e97564e28ef68421ae09c0baeaf887bba7e254f452419783ed8f774bff3c0c7d23bdc8f6c1443fb47c7af97323d4d3d63cc088d3b6841a-002
Apply patch ...
Compile IntroClassJava_smallest_88394fc00b7053b386e97564e28ef68421ae09c0baeaf887bba7e254f452419783ed8f774bff3c0c7d23bdc8f6c1443fb47c7af97323d4d3d63cc088d3b6841a-002
Run tests on IntroClassJava_smallest_88394fc00b7053b386e97564e28ef68421ae09c0baeaf887bba7e254f452419783ed8f774bff3c0c7d23bdc8f6c1443fb47c7af97323d4d3d63cc088d3b6841a-002
patch_plausibility.py script finished at Tue Aug 20 23:37:25 PDT 2019
Job finished at Tue Aug 20 23:37:25 PDT 2019
DONE!
