PID: 30313
honu.cs.washington.edu
Job started at Wed Aug 21 00:13:58 PDT 2019
[RESOURCES] There are too many total processes running: 39!
[RESOURCES] There are too many total processes running: 47!
[RESOURCES] There are too many total processes running: 48!
Running patch plausibility analysis under Java-7 on the patch generated by jKali for Bugs.jar::Commons-Math-a7363a2a::0
patch_plausibility.py script started at Wed Aug 21 00:15:01 PDT 2019
Switched to branch 'bugs-dot-jar_MATH-1135_a7363a2a'
Picked up JAVA_TOOL_OPTIONS: -XX:CICompilerCount=2 -XX:ParallelGCThreads=2 -XX:ConcGCThreads=2  
Reinitialized existing Git repository in /tmp/jKali_Bugs.jar_Commons-Math_a7363a2a/.git/
Checking patch src/main/java/org/apache/commons/math3/geometry/euclidean/twod/hull/MonotoneChain.java...
Applied patch src/main/java/org/apache/commons/math3/geometry/euclidean/twod/hull/MonotoneChain.java cleanly.
There was no 'Please refer to (.*) for the individual test results.' in the maven log file!
Checkout Bugs.jar_Commons-Math_a7363a2a
Apply patch ...
Get module information
Compile Bugs.jar_Commons-Math_a7363a2a
Run tests on Bugs.jar_Commons-Math_a7363a2a
patch_plausibility.py script finished at Wed Aug 21 00:19:11 PDT 2019
Job finished at Wed Aug 21 00:19:11 PDT 2019
DONE!
