PID: 39723
honu.cs.washington.edu
Job started at Wed Aug 21 12:48:33 PDT 2019
[RESOURCES] There are too many total processes running: 45!
[RESOURCES] There are too many total processes running: 39!
[RESOURCES] There are too many total processes running: 39!
[RESOURCES] There are too many total processes running: 49!
[RESOURCES] There are too many total processes running: 52!
[RESOURCES] There are too many total processes running: 57!
[RESOURCES] There are too many total processes running: 48!
[RESOURCES] There are too many total processes running: 46!
[RESOURCES] There are too many total processes running: 47!
[RESOURCES] There are too many total processes running: 47!
[RESOURCES] There are too many total processes running: 62!
[RESOURCES] There are too many total processes running: 43!
[RESOURCES] There are too many total processes running: 49!
[RESOURCES] There are too many total processes running: 51!
[RESOURCES] There are too many total processes running: 39!
[RESOURCES] There are too many total processes running: 45!
[RESOURCES] There are too many total processes running: 40!
[RESOURCES] There are too many total processes running: 39!
[RESOURCES] There are too many total processes running: 38!
Running patch plausibility analysis under Java-8 on the patch generated by jMutRepair for IntroClassJava::median-36d8008b13f6475ca8fa4553fea10042b0a6c623665065672051445c3464d61b29b47cb66321844a0264505a0f5ccf5aa6de072aa266b5a8b0cf13198380a389-000::0
patch_plausibility.py script started at Wed Aug 21 12:55:34 PDT 2019
Initialized empty Git repository in /tmp/jMutRepair_IntroClassJava_median_36d8008b13f6475ca8fa4553fea10042b0a6c623665065672051445c3464d61b29b47cb66321844a0264505a0f5ccf5aa6de072aa266b5a8b0cf13198380a389-000/.git/
Checking patch src/main/java/b/src/main/java/introclassJava/median_36d8008b_000.java...
error: src/main/java/b/src/main/java/introclassJava/median_36d8008b_000.java: No such file or directory
`patch` has failed!
Traceback (most recent call last):
  File "/scratch/rjust/critical_review_of_repair_them_all_data/plausibility/patch_plausibility.py", line 161, in <module>
    die("`patch` has failed!\n")
  File "/scratch/rjust/critical_review_of_repair_them_all_data/plausibility/patch_plausibility.py", line 104, in die
    utils.die(msg=msg, checkout_dir=CHECKOUT_DIR)
  File "/scratch/rjust/critical_review_of_repair_them_all_data/java_7_vs_java_8/utils.py", line 35, in die
    sys.exit(1)
SystemExit: 1
Checkout IntroClassJava_median_36d8008b13f6475ca8fa4553fea10042b0a6c623665065672051445c3464d61b29b47cb66321844a0264505a0f5ccf5aa6de072aa266b5a8b0cf13198380a389-000
Apply patch ...
patch_plausibility.py has failed!
