PID: 19445
honu.cs.washington.edu
Job started at Wed Aug 21 13:46:54 PDT 2019
[RESOURCES] There are too many total processes running: 39!
[RESOURCES] There are too many total processes running: 40!
[RESOURCES] There are too many total processes running: 39!
[RESOURCES] There are too many total processes running: 53!
[RESOURCES] There are too many total processes running: 41!
[RESOURCES] There are too many total processes running: 41!
[RESOURCES] There are too many total processes running: 49!
[RESOURCES] There are too many total processes running: 46!
[RESOURCES] There are too many total processes running: 46!
Running patch plausibility analysis under Java-8 on the patch generated by DynaMoth for Bugs.jar::Commons-Math-185e3033::7
patch_plausibility.py script started at Wed Aug 21 13:49:52 PDT 2019
Switched to branch 'bugs-dot-jar_MATH-927_185e3033'
Reinitialized existing Git repository in /tmp/DynaMoth_Bugs.jar_Commons-Math_185e3033/.git/
Checking patch src/main/java/org/apache/commons/math3/optimization/direct/BOBYQAOptimizer.java...
Applied patch src/main/java/org/apache/commons/math3/optimization/direct/BOBYQAOptimizer.java cleanly.
Checkout Bugs.jar_Commons-Math_185e3033
Apply patch ...
Compile Bugs.jar_Commons-Math_185e3033
Run tests on Bugs.jar_Commons-Math_185e3033
patch_plausibility.py script finished at Wed Aug 21 13:52:30 PDT 2019
Job finished at Wed Aug 21 13:52:30 PDT 2019
DONE!
