PID: 20538
honu.cs.washington.edu
Job started at Tue Aug 20 23:04:11 PDT 2019
[RESOURCES] There are too many total processes running: 40!
[RESOURCES] There are too many total processes running: 57!
[RESOURCES] There are too many total processes running: 47!
[RESOURCES] There are too many total processes running: 38!
[RESOURCES] There are too many total processes running: 40!
[RESOURCES] There are too many total processes running: 45!
[RESOURCES] There are too many total processes running: 46!
[RESOURCES] There are too many total processes running: 40!
[RESOURCES] There are too many total processes running: 61!
[RESOURCES] There are too many total processes running: 48!
[RESOURCES] There are too many total processes running: 39!
[RESOURCES] There are too many total processes running: 55!
[RESOURCES] There are too many total processes running: 57!
[RESOURCES] There are too many total processes running: 50!
[RESOURCES] There are too many total processes running: 39!
[RESOURCES] There are too many total processes running: 38!
[RESOURCES] There are too many total processes running: 42!
[RESOURCES] There are too many total processes running: 46!
[RESOURCES] There are too many total processes running: 44!
[RESOURCES] There are too many total processes running: 39!
Running patch plausibility analysis under Java-7 on the patch generated by jMutRepair for Bears::traccar-traccar-273118899-273136493::0
patch_plausibility.py script started at Tue Aug 20 23:11:07 PDT 2019
Previous HEAD position was 7ebf957c8 Changes in the tests This commit is based on the source code from the following commit: http://github.com/traccar/traccar/commit/1909b845a8c77a2463c0ad8d4c1952b8c0852ae2 The mentioned commit triggered the following Travis build: http://travis-ci.org/traccar/traccar/builds/198488474.
Switched to branch 'traccar-traccar-273118899-273136493'
Note: checking out '2972046ed84143bc7281c1731bc57c0b3632f2b7'.

You are in 'detached HEAD' state. You can look around, make experimental
changes and commit them, and you can discard any commits you make in this
state without impacting any branches by performing another checkout.

If you want to create a new branch to retain commits you create, you may
do so (now or later) by using -b with the checkout command again. Example:

  git checkout -b <new-branch-name>

HEAD is now at 2972046ed Changes in the tests This commit is based on the source code from the following commit: http://github.com/traccar/traccar/commit/3aebd92cc3781b417ded6260d1300434b1418e7e The mentioned commit triggered the following Travis build: http://travis-ci.org/traccar/traccar/builds/273136493.
Picked up JAVA_TOOL_OPTIONS: -XX:CICompilerCount=2 -XX:ParallelGCThreads=2 -XX:ConcGCThreads=2  
Reinitialized existing Git repository in /tmp/jMutRepair_Bears_traccar-traccar_273118899-273136493/.git/
Checking patch src/org/traccar/protocol/EelinkProtocolDecoder.java...
Applied patch src/org/traccar/protocol/EelinkProtocolDecoder.java cleanly.
There was no 'Please refer to (.*) for the individual test results.' in the maven log file!
Checkout Bears_traccar-traccar_273118899-273136493
Apply patch ...
Compile Bears_traccar-traccar_273118899-273136493
Run tests on Bears_traccar-traccar_273118899-273136493
patch_plausibility.py script finished at Tue Aug 20 23:12:48 PDT 2019
Job finished at Tue Aug 20 23:12:48 PDT 2019
DONE!
