PID: 5278
honu.cs.washington.edu
Job started at Tue Aug 20 23:02:57 PDT 2019
[RESOURCES] There are too many total processes running: 59!
[RESOURCES] There are too many total processes running: 46!
[RESOURCES] There are too many total processes running: 43!
[RESOURCES] There are too many total processes running: 43!
Running patch plausibility analysis under Java-7 on the patch generated by DynaMoth for Bugs.jar::Commons-Math-645d642b::7
patch_plausibility.py script started at Tue Aug 20 23:04:12 PDT 2019
Switched to branch 'bugs-dot-jar_MATH-705_645d642b'
Reinitialized existing Git repository in /tmp/DynaMoth_Bugs.jar_Commons-Math_645d642b/.git/
Checking patch src/main/java/org/apache/commons/math/optimization/direct/BOBYQAOptimizer.java...
Applied patch src/main/java/org/apache/commons/math/optimization/direct/BOBYQAOptimizer.java cleanly.
Checkout Bugs.jar_Commons-Math_645d642b
Apply patch ...
Compile Bugs.jar_Commons-Math_645d642b
Run tests on Bugs.jar_Commons-Math_645d642b
patch_plausibility.py script finished at Tue Aug 20 23:06:04 PDT 2019
Job finished at Tue Aug 20 23:06:04 PDT 2019
DONE!
