PID: 28267
honu.cs.washington.edu
Job started at Wed Aug 21 13:12:46 PDT 2019
[RESOURCES] There are too many total processes running: 48!
[RESOURCES] There are too many total processes running: 40!
[RESOURCES] There are too many total processes running: 43!
[RESOURCES] There are too many total processes running: 40!
[RESOURCES] There are too many total processes running: 47!
Running patch plausibility analysis under Java-8 on the patch generated by DynaMoth for Bugs.jar::Wicket-b672cb2d::7
patch_plausibility.py script started at Wed Aug 21 13:14:23 PDT 2019
Switched to branch 'bugs-dot-jar_WICKET-4509_b672cb2d'
Reinitialized existing Git repository in /tmp/DynaMoth_Bugs.jar_Wicket_b672cb2d/.git/
Checking patch wicket-util/src/main/java/org/apache/wicket/util/license/ApacheLicenseHeaderTestCase.java...
Applied patch wicket-util/src/main/java/org/apache/wicket/util/license/ApacheLicenseHeaderTestCase.java cleanly.
Checkout Bugs.jar_Wicket_b672cb2d
Apply patch ...
Compile Bugs.jar_Wicket_b672cb2d
Run tests on Bugs.jar_Wicket_b672cb2d
patch_plausibility.py script finished at Wed Aug 21 13:17:16 PDT 2019
Job finished at Wed Aug 21 13:17:16 PDT 2019
DONE!
