PID: 2937
honu.cs.washington.edu
Job started at Wed Aug 21 00:02:40 PDT 2019
[RESOURCES] There are too many total processes running: 44!
[RESOURCES] There are too many total processes running: 48!
[RESOURCES] There are too many total processes running: 44!
[RESOURCES] There are too many total processes running: 39!
Running patch plausibility analysis under Java-7 on the patch generated by jMutRepair for Bugs.jar::Commons-Math-9e0c5ad4::0
patch_plausibility.py script started at Wed Aug 21 00:03:58 PDT 2019
Switched to branch 'bugs-dot-jar_MATH-1283_9e0c5ad4'
Picked up JAVA_TOOL_OPTIONS: -XX:CICompilerCount=2 -XX:ParallelGCThreads=2 -XX:ConcGCThreads=2  
Reinitialized existing Git repository in /tmp/jMutRepair_Bugs.jar_Commons-Math_9e0c5ad4/.git/
Skipped patch '/tmp/jMutRepair_Bug_dot_jar_Commons-Math_9e0c5ad4/src/main/java/org/apache/commons/math4/special/Gammajava'.
Checkout Bugs.jar_Commons-Math_9e0c5ad4
Apply patch ...
Get module information
Compile Bugs.jar_Commons-Math_9e0c5ad4
Run tests on Bugs.jar_Commons-Math_9e0c5ad4
patch_plausibility.py script finished at Wed Aug 21 00:08:01 PDT 2019
Job finished at Wed Aug 21 00:08:01 PDT 2019
DONE!
