Picked up JAVA_TOOL_OPTIONS: -XX:CICompilerCount=2 -XX:ParallelGCThreads=2 -XX:ConcGCThreads=2 -Djdk.net.URLClassPath.disableClassPathURLCheck=true 
Picked up _JAVA_OPTIONS: -Djdk.net.URLClassPath.disableClassPathURLCheck=true
Apache Maven 3.5.0 (Red Hat 3.5.0-4.3)
Maven home: /opt/rh/rh-maven35/root/usr/share/maven
Java version: 1.7.0_80, vendor: Oracle Corporation
Java home: /scratch/rjust/projects/calling-bs/repair-them-all/RepairThemAll/jdks/jdk1.7.0_80/jre
Default locale: en_US, platform encoding: UTF-8
OS name: "linux", version: "4.14.132-1.el7.retpoline.x86_64", arch: "amd64", family: "unix"
[INFO] Scanning for projects...
[INFO] ------------------------------------------------------------------------
[INFO] Reactor Build Order:
[INFO] 
[INFO] accumulo
[INFO] cloudtrace
[INFO] accumulo-start
[INFO] accumulo-core
[INFO] accumulo-server
[INFO] accumulo-examples
[INFO] accumulo-assemble
[INFO] 
[INFO] ------------------------------------------------------------------------
[INFO] Building accumulo 1.5.0-incubating-SNAPSHOT
[INFO] ------------------------------------------------------------------------
[INFO] 
[INFO] --- maven-enforcer-plugin:1.0.1:enforce (enforce-mvn) @ accumulo ---
[INFO] Skipping Rule Enforcement.
[INFO] 
[INFO] --- maven-remote-resources-plugin:1.2.1:process (default) @ accumulo ---
[INFO] 
[INFO] --- maven-dependency-plugin:2.3:copy-dependencies (copy-dependencies) @ accumulo ---
[INFO] 
[INFO] --- maven-site-plugin:3.0:attach-descriptor (attach-descriptor) @ accumulo ---
[INFO] 
[INFO] --- maven-install-plugin:2.3.1:install (default-install) @ accumulo ---
[INFO] Installing /tmp/jGenProg_Bugs.jar_Accumulo_3d55560a/pom.xml to /tmp/jGenProg_Bugs.jar_Accumulo_3d55560a/.m2/org/apache/accumulo/accumulo/1.5.0-incubating-SNAPSHOT/accumulo-1.5.0-incubating-SNAPSHOT.pom
[INFO] 
[INFO] ------------------------------------------------------------------------
[INFO] Building cloudtrace 1.5.0-incubating-SNAPSHOT
[INFO] ------------------------------------------------------------------------
[INFO] 
[INFO] --- maven-enforcer-plugin:1.0.1:enforce (enforce-mvn) @ cloudtrace ---
[INFO] Skipping Rule Enforcement.
[INFO] 
[INFO] --- maven-remote-resources-plugin:1.2.1:process (default) @ cloudtrace ---
[INFO] 
[INFO] --- maven-resources-plugin:2.5:resources (default-resources) @ cloudtrace ---
[debug] execute contextualize
[INFO] Using 'UTF-8' encoding to copy filtered resources.
[INFO] skip non existing resourceDirectory /tmp/jGenProg_Bugs.jar_Accumulo_3d55560a/src/trace/src/main/resources
[INFO] Copying 3 resources
[INFO] 
[INFO] --- maven-dependency-plugin:2.3:copy-dependencies (copy-dependencies) @ cloudtrace ---
[INFO] log4j-1.2.16.jar already exists in destination.
[INFO] libthrift-0.6.1.jar already exists in destination.
[INFO] 
[INFO] --- maven-compiler-plugin:2.3.2:compile (default-compile) @ cloudtrace ---
[INFO] Nothing to compile - all classes are up to date
[INFO] 
[INFO] --- maven-resources-plugin:2.5:testResources (default-testResources) @ cloudtrace ---
[debug] execute contextualize
[INFO] Using 'UTF-8' encoding to copy filtered resources.
[INFO] skip non existing resourceDirectory /tmp/jGenProg_Bugs.jar_Accumulo_3d55560a/src/trace/src/test/resources
[INFO] Copying 3 resources
[INFO] 
[INFO] --- maven-compiler-plugin:2.3.2:testCompile (default-testCompile) @ cloudtrace ---
[INFO] Nothing to compile - all classes are up to date
[INFO] 
[INFO] --- maven-surefire-plugin:2.9:test (default-test) @ cloudtrace ---
[INFO] Tests are skipped.
[INFO] 
[INFO] --- maven-jar-plugin:2.3.1:jar (default-jar) @ cloudtrace ---
[INFO] Building jar: /tmp/jGenProg_Bugs.jar_Accumulo_3d55560a/lib/cloudtrace-1.5.0-incubating-SNAPSHOT.jar
[INFO] 
[INFO] --- maven-site-plugin:3.0:attach-descriptor (attach-descriptor) @ cloudtrace ---
[INFO] 
[INFO] --- maven-install-plugin:2.3.1:install (default-install) @ cloudtrace ---
[INFO] Installing /tmp/jGenProg_Bugs.jar_Accumulo_3d55560a/lib/cloudtrace-1.5.0-incubating-SNAPSHOT.jar to /tmp/jGenProg_Bugs.jar_Accumulo_3d55560a/.m2/org/apache/accumulo/cloudtrace/1.5.0-incubating-SNAPSHOT/cloudtrace-1.5.0-incubating-SNAPSHOT.jar
[INFO] Installing /tmp/jGenProg_Bugs.jar_Accumulo_3d55560a/src/trace/pom.xml to /tmp/jGenProg_Bugs.jar_Accumulo_3d55560a/.m2/org/apache/accumulo/cloudtrace/1.5.0-incubating-SNAPSHOT/cloudtrace-1.5.0-incubating-SNAPSHOT.pom
[INFO] 
[INFO] ------------------------------------------------------------------------
[INFO] Building accumulo-start 1.5.0-incubating-SNAPSHOT
[INFO] ------------------------------------------------------------------------
[INFO] 
[INFO] --- maven-enforcer-plugin:1.0.1:enforce (enforce-mvn) @ accumulo-start ---
[INFO] Skipping Rule Enforcement.
[INFO] 
[INFO] --- maven-remote-resources-plugin:1.2.1:process (default) @ accumulo-start ---
[INFO] 
[INFO] --- maven-resources-plugin:2.5:resources (default-resources) @ accumulo-start ---
[debug] execute contextualize
[INFO] Using 'UTF-8' encoding to copy filtered resources.
[INFO] skip non existing resourceDirectory /tmp/jGenProg_Bugs.jar_Accumulo_3d55560a/src/start/src/main/resources
[INFO] Copying 3 resources
[INFO] 
[INFO] --- maven-dependency-plugin:2.3:copy-dependencies (copy-dependencies) @ accumulo-start ---
[INFO] commons-jci-core-1.0.jar already exists in destination.
[INFO] commons-io-1.4.jar already exists in destination.
[INFO] log4j-1.2.16.jar already exists in destination.
[INFO] commons-logging-api-1.0.4.jar already exists in destination.
[INFO] commons-logging-1.0.4.jar already exists in destination.
[INFO] commons-jci-fam-1.0.jar already exists in destination.
[INFO] 
[INFO] --- maven-compiler-plugin:2.3.2:compile (default-compile) @ accumulo-start ---
[INFO] Nothing to compile - all classes are up to date
[INFO] 
[INFO] --- maven-resources-plugin:2.5:testResources (default-testResources) @ accumulo-start ---
[debug] execute contextualize
[INFO] Using 'UTF-8' encoding to copy filtered resources.
[INFO] Copying 3 resources
[INFO] Copying 3 resources
[INFO] 
[INFO] --- maven-compiler-plugin:2.3.2:testCompile (default-testCompile) @ accumulo-start ---
[INFO] Nothing to compile - all classes are up to date
[INFO] 
[INFO] --- maven-surefire-plugin:2.9:test (default-test) @ accumulo-start ---
[INFO] Tests are skipped.
[INFO] 
[INFO] --- maven-jar-plugin:2.3.1:jar (default-jar) @ accumulo-start ---
[INFO] Building jar: /tmp/jGenProg_Bugs.jar_Accumulo_3d55560a/lib/accumulo-start-1.5.0-incubating-SNAPSHOT.jar
[INFO] 
[INFO] --- maven-site-plugin:3.0:attach-descriptor (attach-descriptor) @ accumulo-start ---
[INFO] 
[INFO] --- maven-install-plugin:2.3.1:install (default-install) @ accumulo-start ---
[INFO] Installing /tmp/jGenProg_Bugs.jar_Accumulo_3d55560a/lib/accumulo-start-1.5.0-incubating-SNAPSHOT.jar to /tmp/jGenProg_Bugs.jar_Accumulo_3d55560a/.m2/org/apache/accumulo/accumulo-start/1.5.0-incubating-SNAPSHOT/accumulo-start-1.5.0-incubating-SNAPSHOT.jar
[INFO] Installing /tmp/jGenProg_Bugs.jar_Accumulo_3d55560a/src/start/pom.xml to /tmp/jGenProg_Bugs.jar_Accumulo_3d55560a/.m2/org/apache/accumulo/accumulo-start/1.5.0-incubating-SNAPSHOT/accumulo-start-1.5.0-incubating-SNAPSHOT.pom
[INFO] 
[INFO] ------------------------------------------------------------------------
[INFO] Building accumulo-core 1.5.0-incubating-SNAPSHOT
[INFO] ------------------------------------------------------------------------
[INFO] 
[INFO] --- maven-enforcer-plugin:1.0.1:enforce (enforce-mvn) @ accumulo-core ---
[INFO] Skipping Rule Enforcement.
[INFO] 
[INFO] --- exec-maven-plugin:1.2:exec (generate-core-thrift) @ accumulo-core ---
thrift is not available
[INFO] 
[INFO] --- maven-remote-resources-plugin:1.2.1:process (default) @ accumulo-core ---
[INFO] 
[INFO] --- maven-resources-plugin:2.5:resources (default-resources) @ accumulo-core ---
[debug] execute contextualize
[INFO] Using 'UTF-8' encoding to copy filtered resources.
[INFO] Copying 1 resource
[INFO] Copying 3 resources
[INFO] 
[INFO] --- maven-dependency-plugin:2.3:copy-dependencies (copy-dependencies) @ accumulo-core ---
[INFO] commons-collections-3.2.jar already exists in destination.
[INFO] commons-lang-2.4.jar already exists in destination.
[INFO] log4j-1.2.16.jar already exists in destination.
[INFO] jline-0.9.94.jar already exists in destination.
[INFO] libthrift-0.6.1.jar already exists in destination.
[INFO] 
[INFO] --- maven-compiler-plugin:2.3.2:compile (default-compile) @ accumulo-core ---
[INFO] Compiling 1 source file to /tmp/jGenProg_Bugs.jar_Accumulo_3d55560a/src/core/target/classes
[INFO] 
[INFO] --- maven-resources-plugin:2.5:testResources (default-testResources) @ accumulo-core ---
[debug] execute contextualize
[INFO] Using 'UTF-8' encoding to copy filtered resources.
[INFO] Copying 2 resources
[INFO] Copying 3 resources
[INFO] 
[INFO] --- maven-compiler-plugin:2.3.2:testCompile (default-testCompile) @ accumulo-core ---
[INFO] Nothing to compile - all classes are up to date
[INFO] 
[INFO] --- maven-surefire-plugin:2.9:test (default-test) @ accumulo-core ---
[INFO] Tests are skipped.
[INFO] 
[INFO] --- maven-jar-plugin:2.3.1:jar (default-jar) @ accumulo-core ---
[INFO] Building jar: /tmp/jGenProg_Bugs.jar_Accumulo_3d55560a/lib/accumulo-core-1.5.0-incubating-SNAPSHOT.jar
[INFO] 
[INFO] --- maven-site-plugin:3.0:attach-descriptor (attach-descriptor) @ accumulo-core ---
[INFO] 
[INFO] --- maven-install-plugin:2.3.1:install (default-install) @ accumulo-core ---
[INFO] Installing /tmp/jGenProg_Bugs.jar_Accumulo_3d55560a/lib/accumulo-core-1.5.0-incubating-SNAPSHOT.jar to /tmp/jGenProg_Bugs.jar_Accumulo_3d55560a/.m2/org/apache/accumulo/accumulo-core/1.5.0-incubating-SNAPSHOT/accumulo-core-1.5.0-incubating-SNAPSHOT.jar
[INFO] Installing /tmp/jGenProg_Bugs.jar_Accumulo_3d55560a/src/core/pom.xml to /tmp/jGenProg_Bugs.jar_Accumulo_3d55560a/.m2/org/apache/accumulo/accumulo-core/1.5.0-incubating-SNAPSHOT/accumulo-core-1.5.0-incubating-SNAPSHOT.pom
[INFO] 
[INFO] ------------------------------------------------------------------------
[INFO] Building accumulo-server 1.5.0-incubating-SNAPSHOT
[INFO] ------------------------------------------------------------------------
[INFO] 
[INFO] --- maven-enforcer-plugin:1.0.1:enforce (enforce-mvn) @ accumulo-server ---
[INFO] Skipping Rule Enforcement.
[INFO] 
[INFO] --- maven-remote-resources-plugin:1.2.1:process (default) @ accumulo-server ---
[INFO] 
[INFO] --- maven-resources-plugin:2.5:resources (default-resources) @ accumulo-server ---
[debug] execute contextualize
[INFO] Using 'UTF-8' encoding to copy filtered resources.
[INFO] Copying 37 resources
[INFO] Copying 3 resources
[INFO] 
[INFO] --- maven-dependency-plugin:2.3:copy-dependencies (copy-dependencies) @ accumulo-server ---
[INFO] commons-lang-2.4.jar already exists in destination.
[INFO] commons-io-1.4.jar already exists in destination.
[INFO] log4j-1.2.16.jar already exists in destination.
[INFO] commons-configuration-1.5.jar already exists in destination.
[INFO] jline-0.9.94.jar already exists in destination.
[INFO] 
[INFO] --- maven-compiler-plugin:2.3.2:compile (default-compile) @ accumulo-server ---
[INFO] Nothing to compile - all classes are up to date
[INFO] 
[INFO] --- maven-resources-plugin:2.5:testResources (default-testResources) @ accumulo-server ---
[debug] execute contextualize
[INFO] Using 'UTF-8' encoding to copy filtered resources.
[INFO] skip non existing resourceDirectory /tmp/jGenProg_Bugs.jar_Accumulo_3d55560a/src/server/src/test/resources
[INFO] Copying 3 resources
[INFO] 
[INFO] --- maven-compiler-plugin:2.3.2:testCompile (default-testCompile) @ accumulo-server ---
[INFO] Nothing to compile - all classes are up to date
[INFO] 
[INFO] --- maven-surefire-plugin:2.9:test (default-test) @ accumulo-server ---
[INFO] Tests are skipped.
[INFO] 
[INFO] --- maven-jar-plugin:2.3.1:jar (default-jar) @ accumulo-server ---
[INFO] Building jar: /tmp/jGenProg_Bugs.jar_Accumulo_3d55560a/lib/accumulo-server-1.5.0-incubating-SNAPSHOT.jar
[INFO] 
[INFO] --- maven-site-plugin:3.0:attach-descriptor (attach-descriptor) @ accumulo-server ---
[INFO] 
[INFO] --- maven-install-plugin:2.3.1:install (default-install) @ accumulo-server ---
[INFO] Installing /tmp/jGenProg_Bugs.jar_Accumulo_3d55560a/lib/accumulo-server-1.5.0-incubating-SNAPSHOT.jar to /tmp/jGenProg_Bugs.jar_Accumulo_3d55560a/.m2/org/apache/accumulo/accumulo-server/1.5.0-incubating-SNAPSHOT/accumulo-server-1.5.0-incubating-SNAPSHOT.jar
[INFO] Installing /tmp/jGenProg_Bugs.jar_Accumulo_3d55560a/src/server/pom.xml to /tmp/jGenProg_Bugs.jar_Accumulo_3d55560a/.m2/org/apache/accumulo/accumulo-server/1.5.0-incubating-SNAPSHOT/accumulo-server-1.5.0-incubating-SNAPSHOT.pom
[INFO] 
[INFO] ------------------------------------------------------------------------
[INFO] Building accumulo-examples 1.5.0-incubating-SNAPSHOT
[INFO] ------------------------------------------------------------------------
[INFO] 
[INFO] --- maven-enforcer-plugin:1.0.1:enforce (enforce-mvn) @ accumulo-examples ---
[INFO] Skipping Rule Enforcement.
[INFO] 
[INFO] --- maven-remote-resources-plugin:1.2.1:process (default) @ accumulo-examples ---
[INFO] 
[INFO] --- maven-resources-plugin:2.5:resources (default-resources) @ accumulo-examples ---
[debug] execute contextualize
[INFO] Using 'UTF-8' encoding to copy filtered resources.
[INFO] skip non existing resourceDirectory /tmp/jGenProg_Bugs.jar_Accumulo_3d55560a/src/examples/src/main/resources
[INFO] Copying 3 resources
[INFO] 
[INFO] --- maven-dependency-plugin:2.3:copy-dependencies (copy-dependencies) @ accumulo-examples ---
[INFO] 
[INFO] --- maven-compiler-plugin:2.3.2:compile (default-compile) @ accumulo-examples ---
[INFO] Nothing to compile - all classes are up to date
[INFO] 
[INFO] --- maven-resources-plugin:2.5:testResources (default-testResources) @ accumulo-examples ---
[debug] execute contextualize
[INFO] Using 'UTF-8' encoding to copy filtered resources.
[INFO] skip non existing resourceDirectory /tmp/jGenProg_Bugs.jar_Accumulo_3d55560a/src/examples/src/test/resources
[INFO] Copying 3 resources
[INFO] 
[INFO] --- maven-compiler-plugin:2.3.2:testCompile (default-testCompile) @ accumulo-examples ---
[INFO] Nothing to compile - all classes are up to date
[INFO] 
[INFO] --- maven-surefire-plugin:2.9:test (default-test) @ accumulo-examples ---
[INFO] Tests are skipped.
[INFO] 
[INFO] --- maven-jar-plugin:2.3.1:jar (default-jar) @ accumulo-examples ---
[INFO] Building jar: /tmp/jGenProg_Bugs.jar_Accumulo_3d55560a/lib/accumulo-examples-1.5.0-incubating-SNAPSHOT.jar
[INFO] 
[INFO] --- maven-site-plugin:3.0:attach-descriptor (attach-descriptor) @ accumulo-examples ---
[INFO] 
[INFO] --- maven-install-plugin:2.3.1:install (default-install) @ accumulo-examples ---
[INFO] Installing /tmp/jGenProg_Bugs.jar_Accumulo_3d55560a/lib/accumulo-examples-1.5.0-incubating-SNAPSHOT.jar to /tmp/jGenProg_Bugs.jar_Accumulo_3d55560a/.m2/org/apache/accumulo/accumulo-examples/1.5.0-incubating-SNAPSHOT/accumulo-examples-1.5.0-incubating-SNAPSHOT.jar
[INFO] Installing /tmp/jGenProg_Bugs.jar_Accumulo_3d55560a/src/examples/pom.xml to /tmp/jGenProg_Bugs.jar_Accumulo_3d55560a/.m2/org/apache/accumulo/accumulo-examples/1.5.0-incubating-SNAPSHOT/accumulo-examples-1.5.0-incubating-SNAPSHOT.pom
[INFO] 
[INFO] ------------------------------------------------------------------------
[INFO] Building accumulo-assemble 1.5.0-incubating-SNAPSHOT
[INFO] ------------------------------------------------------------------------
[INFO] 
[INFO] --- maven-enforcer-plugin:1.0.1:enforce (enforce-mvn) @ accumulo-assemble ---
[INFO] Skipping Rule Enforcement.
[INFO] 
[INFO] --- maven-remote-resources-plugin:1.2.1:process (default) @ accumulo-assemble ---
[INFO] 
[INFO] --- maven-dependency-plugin:2.3:copy-dependencies (copy-dependencies) @ accumulo-assemble ---
[INFO] 
[INFO] --- exec-maven-plugin:1.2:exec (user-manual) @ accumulo-assemble ---
[INFO] 
[INFO] --- maven-site-plugin:3.0:attach-descriptor (attach-descriptor) @ accumulo-assemble ---
[INFO] 
[INFO] --- exec-maven-plugin:1.2:exec (config webpage) @ accumulo-assemble ---
Picked up JAVA_TOOL_OPTIONS: -XX:CICompilerCount=2 -XX:ParallelGCThreads=2 -XX:ConcGCThreads=2 -Djdk.net.URLClassPath.disableClassPathURLCheck=true -XX:CICompilerCount=2 -XX:ParallelGCThreads=2 -XX:ConcGCThreads=2 -Djdk.net.URLClassPath.disableClassPathURLCheck=true 
Picked up _JAVA_OPTIONS: -Djdk.net.URLClassPath.disableClassPathURLCheck=true
[INFO] 
[INFO] --- maven-assembly-plugin:2.2.1:single (distro-assembly) @ accumulo-assemble ---
[INFO] Reading assembly descriptor: src/assemble/dist.xml
[INFO] Building tar : /tmp/jGenProg_Bugs.jar_Accumulo_3d55560a/src/assemble/target/accumulo-assemble-1.5.0-incubating-SNAPSHOT-dist.tar.gz
[INFO] 
[INFO] --- maven-install-plugin:2.3.1:install (default-install) @ accumulo-assemble ---
[INFO] Installing /tmp/jGenProg_Bugs.jar_Accumulo_3d55560a/src/assemble/pom.xml to /tmp/jGenProg_Bugs.jar_Accumulo_3d55560a/.m2/org/apache/accumulo/accumulo-assemble/1.5.0-incubating-SNAPSHOT/accumulo-assemble-1.5.0-incubating-SNAPSHOT.pom
[INFO] Installing /tmp/jGenProg_Bugs.jar_Accumulo_3d55560a/src/assemble/target/accumulo-assemble-1.5.0-incubating-SNAPSHOT-dist.tar.gz to /tmp/jGenProg_Bugs.jar_Accumulo_3d55560a/.m2/org/apache/accumulo/accumulo-assemble/1.5.0-incubating-SNAPSHOT/accumulo-assemble-1.5.0-incubating-SNAPSHOT-dist.tar.gz
[INFO] ------------------------------------------------------------------------
[INFO] Reactor Summary:
[INFO] 
[INFO] accumulo ........................................... SUCCESS [  3.590 s]
[INFO] cloudtrace ......................................... SUCCESS [  1.647 s]
[INFO] accumulo-start ..................................... SUCCESS [  0.581 s]
[INFO] accumulo-core ...................................... SUCCESS [  3.726 s]
[INFO] accumulo-server .................................... SUCCESS [  1.584 s]
[INFO] accumulo-examples .................................. SUCCESS [  0.409 s]
[INFO] accumulo-assemble .................................. SUCCESS [  8.080 s]
[INFO] ------------------------------------------------------------------------
[INFO] BUILD SUCCESS
[INFO] ------------------------------------------------------------------------
[INFO] Total time: 20.186 s
[INFO] Finished at: 2019-08-21T00:18:20-07:00
[INFO] Final Memory: 43M/2545M
[INFO] ------------------------------------------------------------------------
