PID: 25477
honu.cs.washington.edu
Job started at Wed Aug 21 00:16:34 PDT 2019
[RESOURCES] There are too many total processes running: 42!
Running patch plausibility analysis under Java-7 on the patch generated by jGenProg for Bugs.jar::Accumulo-3d55560a::0
patch_plausibility.py script started at Wed Aug 21 00:17:00 PDT 2019
Already on 'bugs-dot-jar_ACCUMULO-218_3d55560a'
Picked up JAVA_TOOL_OPTIONS: -XX:CICompilerCount=2 -XX:ParallelGCThreads=2 -XX:ConcGCThreads=2  
Reinitialized existing Git repository in /tmp/jGenProg_Bugs.jar_Accumulo_3d55560a/.git/
Checking patch src/core/src/main/java/org/apache/accumulo/core/client/mock/MockTable.java...
Applied patch src/core/src/main/java/org/apache/accumulo/core/client/mock/MockTable.java cleanly.
There was no 'Please refer to (.*) for the individual test results.' in the maven log file!
Checkout Bugs.jar_Accumulo_3d55560a
Apply patch ...
Compile top-level project
Get module information
Compile Bugs.jar_Accumulo_3d55560a
Run tests on Bugs.jar_Accumulo_3d55560a
patch_plausibility.py script finished at Wed Aug 21 00:18:46 PDT 2019
Job finished at Wed Aug 21 00:18:46 PDT 2019
DONE!
