PID: 3660
honu.cs.washington.edu
Job started at Wed Aug 21 13:24:58 PDT 2019
[RESOURCES] There are too many total processes running: 41!
[RESOURCES] There are too many total processes running: 44!
[RESOURCES] There are too many total processes running: 57!
[RESOURCES] There are too many total processes running: 45!
Running patch plausibility analysis under Java-8 on the patch generated by jMutRepair for IntroClassJava::smallest-15cb07a72bc49f3f4b4a1000410c388b4d03b9f36236365ba4b611ca0617243b6de4e2e0868abf9ccb667e5ff71ccd3ce631cd59fcf13ee22addabf66c1824fa-007::0
patch_plausibility.py script started at Wed Aug 21 13:26:12 PDT 2019
Initialized empty Git repository in /tmp/jMutRepair_IntroClassJava_smallest_15cb07a72bc49f3f4b4a1000410c388b4d03b9f36236365ba4b611ca0617243b6de4e2e0868abf9ccb667e5ff71ccd3ce631cd59fcf13ee22addabf66c1824fa-007/.git/
<stdin>:8: trailing whitespace.
        if (frst.value < scnd.value && frst.value < thrd.value 
Checking patch src/main/java/b/src/main/java/introclassJava/smallest_15cb07a7_007.java...
error: src/main/java/b/src/main/java/introclassJava/smallest_15cb07a7_007.java: No such file or directory
`patch` has failed!
Traceback (most recent call last):
  File "/scratch/rjust/critical_review_of_repair_them_all_data/plausibility/patch_plausibility.py", line 161, in <module>
    die("`patch` has failed!\n")
  File "/scratch/rjust/critical_review_of_repair_them_all_data/plausibility/patch_plausibility.py", line 104, in die
    utils.die(msg=msg, checkout_dir=CHECKOUT_DIR)
  File "/scratch/rjust/critical_review_of_repair_them_all_data/java_7_vs_java_8/utils.py", line 35, in die
    sys.exit(1)
SystemExit: 1
Checkout IntroClassJava_smallest_15cb07a72bc49f3f4b4a1000410c388b4d03b9f36236365ba4b611ca0617243b6de4e2e0868abf9ccb667e5ff71ccd3ce631cd59fcf13ee22addabf66c1824fa-007
Apply patch ...
patch_plausibility.py has failed!
