PID: 38602
honu.cs.washington.edu
Job started at Wed Aug 21 13:31:07 PDT 2019
[RESOURCES] There are too many total processes running: 39!
[RESOURCES] There are too many total processes running: 43!
[RESOURCES] There are too many total processes running: 39!
[RESOURCES] There are too many total processes running: 44!
[RESOURCES] There are too many total processes running: 45!
[RESOURCES] There are too many total processes running: 40!
[RESOURCES] There are too many total processes running: 45!
[RESOURCES] There are too many total processes running: 49!
[RESOURCES] There are too many total processes running: 49!
[RESOURCES] There are too many total processes running: 45!
[RESOURCES] There are too many total processes running: 38!
[RESOURCES] There are too many total processes running: 43!
Running patch plausibility analysis under Java-8 on the patch generated by DynaMoth for Bugs.jar::Commons-Math-c979a6f0::7
patch_plausibility.py script started at Wed Aug 21 13:35:24 PDT 2019
Switched to branch 'bugs-dot-jar_MATH-1045_c979a6f0'
Reinitialized existing Git repository in /tmp/DynaMoth_Bugs.jar_Commons-Math_c979a6f0/.git/
Checking patch src/main/java/org/apache/commons/math3/optimization/direct/BOBYQAOptimizer.java...
Applied patch src/main/java/org/apache/commons/math3/optimization/direct/BOBYQAOptimizer.java cleanly.
Checkout Bugs.jar_Commons-Math_c979a6f0
Apply patch ...
Compile Bugs.jar_Commons-Math_c979a6f0
Run tests on Bugs.jar_Commons-Math_c979a6f0
patch_plausibility.py script finished at Wed Aug 21 13:38:36 PDT 2019
Job finished at Wed Aug 21 13:38:36 PDT 2019
DONE!
