PID: 27018
honu.cs.washington.edu
Job started at Tue Aug 20 23:19:24 PDT 2019
[RESOURCES] There are too many total processes running: 40!
[RESOURCES] There are too many total processes running: 43!
[RESOURCES] There are too many total processes running: 62!
Running patch plausibility analysis under Java-7 on the patch generated by jGenProg for Bugs.jar::Commons-Math-c44bfe00::0
patch_plausibility.py script started at Tue Aug 20 23:20:41 PDT 2019
Switched to branch 'bugs-dot-jar_MATH-1226_c44bfe00'
Picked up JAVA_TOOL_OPTIONS: -XX:CICompilerCount=2 -XX:ParallelGCThreads=2 -XX:ConcGCThreads=2  
Reinitialized existing Git repository in /tmp/jGenProg_Bugs.jar_Commons-Math_c44bfe00/.git/
Checking patch src/main/java/org/apache/commons/math4/analysis/solvers/BracketingNthOrderBrentSolver.java...
Applied patch src/main/java/org/apache/commons/math4/analysis/solvers/BracketingNthOrderBrentSolver.java cleanly.
There was no 'Please refer to (.*) for the individual test results.' in the maven log file!
Checkout Bugs.jar_Commons-Math_c44bfe00
Apply patch ...
Get module information
Compile Bugs.jar_Commons-Math_c44bfe00
Run tests on Bugs.jar_Commons-Math_c44bfe00
patch_plausibility.py script finished at Tue Aug 20 23:25:04 PDT 2019
Job finished at Tue Aug 20 23:25:04 PDT 2019
DONE!
