PID: 11319
honu.cs.washington.edu
Job started at Tue Aug 20 23:37:03 PDT 2019
[RESOURCES] There are too many total processes running: 40!
[RESOURCES] There are too many total processes running: 38!
[RESOURCES] There are too many total processes running: 69!
[RESOURCES] There are too many total processes running: 41!
[RESOURCES] There are too many total processes running: 52!
[RESOURCES] There are too many total processes running: 41!
[RESOURCES] There are too many total processes running: 38!
[RESOURCES] There are too many total processes running: 62!
Running patch plausibility analysis under Java-7 on the patch generated by DynaMoth for Bugs.jar::Logging-Log4J2-86d8944f::7
patch_plausibility.py script started at Tue Aug 20 23:39:54 PDT 2019
Switched to branch 'bugs-dot-jar_LOG4J2-1061_86d8944f'
Reinitialized existing Git repository in /tmp/DynaMoth_Bugs.jar_Logging-Log4J2_86d8944f/.git/
Checking patch log4j-api/src/main/java/org/apache/logging/log4j/spi/Provider.java...
Applied patch log4j-api/src/main/java/org/apache/logging/log4j/spi/Provider.java cleanly.
Checkout Bugs.jar_Logging-Log4J2_86d8944f
Apply patch ...
Compile Bugs.jar_Logging-Log4J2_86d8944f
Run tests on Bugs.jar_Logging-Log4J2_86d8944f
patch_plausibility.py script finished at Tue Aug 20 23:42:46 PDT 2019
Job finished at Tue Aug 20 23:42:46 PDT 2019
DONE!
