PID: 1635
honu.cs.washington.edu
Job started at Tue Aug 20 23:53:13 PDT 2019
[RESOURCES] There are too many total processes running: 39!
[RESOURCES] There are too many total processes running: 48!
[RESOURCES] There are too many total processes running: 41!
[RESOURCES] There are too many total processes running: 51!
[RESOURCES] There are too many total processes running: 42!
Running patch plausibility analysis under Java-7 on the patch generated by Kali for Bears::julianps-modelmapper-module-vavr-441307573-461240331::0
patch_plausibility.py script started at Tue Aug 20 23:54:31 PDT 2019
Previous HEAD position was f9d2b5531 Changes in the tests This commit is based on the source code from the following commit: http://github.com/traccar/traccar/commit/ee2fbc5cb8bb5dc017eed3db3785fb8c2166df67 The mentioned commit triggered the following Travis build: http://travis-ci.org/traccar/traccar/builds/322428590.
Switched to branch 'julianps-modelmapper-module-vavr-441307573-461240331'
Note: checking out '1ee27edc23418777cab93a12d9319acdf475098d'.

You are in 'detached HEAD' state. You can look around, make experimental
changes and commit them, and you can discard any commits you make in this
state without impacting any branches by performing another checkout.

If you want to create a new branch to retain commits you create, you may
do so (now or later) by using -b with the checkout command again. Example:

  git checkout -b <new-branch-name>

HEAD is now at 1ee27edc2 Changes in the tests This commit is based on the source code from the following commit: http://github.com/julianps/modelmapper-module-vavr/commit/b358ccbacff0f311b46f6bdd0f7d4aca1b27a13f The mentioned commit triggered the following Travis build: http://travis-ci.org/julianps/modelmapper-module-vavr/builds/461240331.
Reinitialized existing Git repository in /tmp/Kali_Bears_julianps-modelmapper-module-vavr_441307573-461240331/.git/
Checking patch src/main/java/com/github/julianps/modelmapper/VavrModule.java...
Applied patch src/main/java/com/github/julianps/modelmapper/VavrModule.java cleanly.
test has not returned a non-zero exit code but it has not executed any test case either!
Traceback (most recent call last):
  File "/scratch/rjust/critical_review_of_repair_them_all_data/plausibility/patch_plausibility.py", line 175, in <module>
    test, all_tests, failing_tests = utils.test(bugObj, CHECKOUT_DIR, java_home_dir, os.path.join(output_dir, "test.log"))
  File "/scratch/rjust/critical_review_of_repair_them_all_data/java_7_vs_java_8/utils.py", line 179, in test
    return ret, all_tests, failing_tests, trigger_tests
NameError: global name 'trigger_tests' is not defined
Checkout Bears_julianps-modelmapper-module-vavr_441307573-461240331
Apply patch ...
Compile Bears_julianps-modelmapper-module-vavr_441307573-461240331
Run tests on Bears_julianps-modelmapper-module-vavr_441307573-461240331
patch_plausibility.py has failed!
