Picked up JAVA_TOOL_OPTIONS: -XX:CICompilerCount=2 -XX:ParallelGCThreads=2 -XX:ConcGCThreads=2 -Djdk.net.URLClassPath.disableClassPathURLCheck=true 
Picked up _JAVA_OPTIONS: -Djdk.net.URLClassPath.disableClassPathURLCheck=true
[INFO] Scanning for projects...
[INFO] 
[INFO] [1m------------------------------------------------------------------------[m
[INFO] [1mBuilding smallest-dedc2a7c919835ade6d92729cfb18fc71addf6dcdf36ce26ca8b1e3d3aea81bad974c61b96fd71537e95a6aac4582d5b08f9fd8057ce40fb18fb5df37d86b70d-000 0.0.1-SNAPSHOT[m
[INFO] [1m------------------------------------------------------------------------[m
[INFO] 
[INFO] [1m--- [0;32mmaven-resources-plugin:2.6:resources[m [1m(default-resources)[m @ [36mintroclassJava[0;1m ---[m
[WARNING] Using platform encoding (UTF-8 actually) to copy filtered resources, i.e. build is platform dependent!
[INFO] skip non existing resourceDirectory /tmp/Nopol_IntroClassJava_smallest_dedc2a7c919835ade6d92729cfb18fc71addf6dcdf36ce26ca8b1e3d3aea81bad974c61b96fd71537e95a6aac4582d5b08f9fd8057ce40fb18fb5df37d86b70d-000/src/main/resources
[INFO] 
[INFO] [1m--- [0;32mmaven-compiler-plugin:3.1:compile[m [1m(default-compile)[m @ [36mintroclassJava[0;1m ---[m
[INFO] Changes detected - recompiling the module!
[WARNING] File encoding has not been set, using platform encoding UTF-8, i.e. build is platform dependent!
[INFO] Compiling 1 source file to /tmp/Nopol_IntroClassJava_smallest_dedc2a7c919835ade6d92729cfb18fc71addf6dcdf36ce26ca8b1e3d3aea81bad974c61b96fd71537e95a6aac4582d5b08f9fd8057ce40fb18fb5df37d86b70d-000/target/classes
[INFO] 
[INFO] [1m--- [0;32mmaven-resources-plugin:2.6:testResources[m [1m(default-testResources)[m @ [36mintroclassJava[0;1m ---[m
[WARNING] Using platform encoding (UTF-8 actually) to copy filtered resources, i.e. build is platform dependent!
[INFO] skip non existing resourceDirectory /tmp/Nopol_IntroClassJava_smallest_dedc2a7c919835ade6d92729cfb18fc71addf6dcdf36ce26ca8b1e3d3aea81bad974c61b96fd71537e95a6aac4582d5b08f9fd8057ce40fb18fb5df37d86b70d-000/src/test/resources
[INFO] 
[INFO] [1m--- [0;32mmaven-compiler-plugin:3.1:testCompile[m [1m(default-testCompile)[m @ [36mintroclassJava[0;1m ---[m
[INFO] Changes detected - recompiling the module!
[WARNING] File encoding has not been set, using platform encoding UTF-8, i.e. build is platform dependent!
[INFO] Compiling 2 source files to /tmp/Nopol_IntroClassJava_smallest_dedc2a7c919835ade6d92729cfb18fc71addf6dcdf36ce26ca8b1e3d3aea81bad974c61b96fd71537e95a6aac4582d5b08f9fd8057ce40fb18fb5df37d86b70d-000/target/test-classes
[INFO] 
[INFO] [1m--- [0;32mmaven-surefire-plugin:2.12.4:test[m [1m(default-test)[m @ [36mintroclassJava[0;1m ---[m
[INFO] Tests are skipped.
[INFO] [1m------------------------------------------------------------------------[m
[INFO] [1;32mBUILD SUCCESS[m
[INFO] [1m------------------------------------------------------------------------[m
[INFO] Total time: 2.580 s
[INFO] Finished at: 2019-08-21T00:02:12-07:00
[INFO] Final Memory: 28M/1427M
[INFO] [1m------------------------------------------------------------------------[m
