PID: 23615
honu.cs.washington.edu
Job started at Wed Aug 21 00:13:23 PDT 2019
[RESOURCES] There are too many total processes running: 38!
[RESOURCES] There are too many total processes running: 41!
[RESOURCES] There are too many total processes running: 42!
[RESOURCES] There are too many total processes running: 42!
[RESOURCES] There are too many total processes running: 44!
[RESOURCES] There are too many total processes running: 40!
Running patch plausibility analysis under Java-7 on the patch generated by Kali for Bears::SzFMV2018-Tavasz-AutomatedCar-351742666-351759763::0
patch_plausibility.py script started at Wed Aug 21 00:15:37 PDT 2019
Previous HEAD position was 7a1217f18 Changes in the tests This commit is based on the source code from the following commit: http://github.com/traccar/traccar/commit/c53feac38ec149fed84121704c620503bf1f7820 The mentioned commit triggered the following Travis build: http://travis-ci.org/traccar/traccar/builds/212061222.
Switched to branch 'SzFMV2018-Tavasz-AutomatedCar-351742666-351759763'
Note: checking out '19a81c1fd63ce486f7560d275afa4e65fdb57bef'.

You are in 'detached HEAD' state. You can look around, make experimental
changes and commit them, and you can discard any commits you make in this
state without impacting any branches by performing another checkout.

If you want to create a new branch to retain commits you create, you may
do so (now or later) by using -b with the checkout command again. Example:

  git checkout -b <new-branch-name>

HEAD is now at 19a81c1fd Bug commit from SzFMV2018-Tavasz/AutomatedCar This commit is based on the source code from the following commit: http://github.com/SzFMV2018-Tavasz/AutomatedCar/commit/4efc1e696af816519a2d0d5d52b7deb11240dcc2 The mentioned commit triggered the following Travis build: http://travis-ci.org/SzFMV2018-Tavasz/AutomatedCar/builds/351742666.
Reinitialized existing Git repository in /tmp/Kali_Bears_SzFMV2018-Tavasz-AutomatedCar_351742666-351759763/.git/
Checking patch src/main/java/hu/oe/nik/szfmv/visualization/Dashboard.java...
Applied patch src/main/java/hu/oe/nik/szfmv/visualization/Dashboard.java cleanly.
test has not returned a non-zero exit code but it has not executed any test case either!
Traceback (most recent call last):
  File "/scratch/rjust/critical_review_of_repair_them_all_data/plausibility/patch_plausibility.py", line 175, in <module>
    test, all_tests, failing_tests = utils.test(bugObj, CHECKOUT_DIR, java_home_dir, os.path.join(output_dir, "test.log"))
  File "/scratch/rjust/critical_review_of_repair_them_all_data/java_7_vs_java_8/utils.py", line 179, in test
    return ret, all_tests, failing_tests, trigger_tests
NameError: global name 'trigger_tests' is not defined
Checkout Bears_SzFMV2018-Tavasz-AutomatedCar_351742666-351759763
Apply patch ...
Compile Bears_SzFMV2018-Tavasz-AutomatedCar_351742666-351759763
Run tests on Bears_SzFMV2018-Tavasz-AutomatedCar_351742666-351759763
patch_plausibility.py has failed!
