PID: 35483
honu.cs.washington.edu
Job started at Wed Aug 21 00:20:30 PDT 2019
[RESOURCES] There are too many total processes running: 53!
Running patch plausibility analysis under Java-7 on the patch generated by Arja for Bugs.jar::Commons-Math-328513f3::0
patch_plausibility.py script started at Wed Aug 21 00:20:46 PDT 2019
Switched to branch 'bugs-dot-jar_MATH-555_328513f3'
Reinitialized existing Git repository in /tmp/Arja_Bugs.jar_Commons-Math_328513f3/.git/
Checking patch src/main/java/org/apache/commons/math/util/MathUtils.java...
Checking patch src/main/java/org/apache/commons/math/optimization/direct/CMAESOptimizer.java...
Applied patch src/main/java/org/apache/commons/math/util/MathUtils.java cleanly.
Applied patch src/main/java/org/apache/commons/math/optimization/direct/CMAESOptimizer.java cleanly.
There was no 'Please refer to (.*) for the individual test results.' in the maven log file!
Checkout Bugs.jar_Commons-Math_328513f3
Apply patch ...
Compile Bugs.jar_Commons-Math_328513f3
Run tests on Bugs.jar_Commons-Math_328513f3
patch_plausibility.py script finished at Wed Aug 21 00:22:01 PDT 2019
Job finished at Wed Aug 21 00:22:01 PDT 2019
DONE!
