PID: 515
honu.cs.washington.edu
Job started at Tue Aug 20 23:56:07 PDT 2019
Running patch plausibility analysis under Java-7 on the patch generated by jGenProg for Bugs.jar::Jackrabbit-Oak-5449bf39::0
patch_plausibility.py script started at Tue Aug 20 23:56:08 PDT 2019
Switched to branch 'bugs-dot-jar_OAK-296_5449bf39'
Picked up JAVA_TOOL_OPTIONS: -XX:CICompilerCount=2 -XX:ParallelGCThreads=2 -XX:ConcGCThreads=2  
Reinitialized existing Git repository in /tmp/jGenProg_Bugs.jar_Jackrabbit-Oak_5449bf39/.git/
Checking patch oak-commons/src/main/java/org/apache/jackrabbit/oak/commons/PathUtils.java...
Applied patch oak-commons/src/main/java/org/apache/jackrabbit/oak/commons/PathUtils.java cleanly.
There was no 'Please refer to (.*) for the individual test results.' in the maven log file!
Checkout Bugs.jar_Jackrabbit-Oak_5449bf39
Apply patch ...
Compile top-level project
Get module information
Compile Bugs.jar_Jackrabbit-Oak_5449bf39
Run tests on Bugs.jar_Jackrabbit-Oak_5449bf39
patch_plausibility.py script finished at Tue Aug 20 23:57:35 PDT 2019
Job finished at Tue Aug 20 23:57:35 PDT 2019
DONE!
