PID: 29506
honu.cs.washington.edu
Job started at Wed Aug 21 00:23:11 PDT 2019
[RESOURCES] There are too many threads running: 3016!
[RESOURCES] There are too many total processes running: 39!
[RESOURCES] There are too many total processes running: 61!
[RESOURCES] There are too many total processes running: 43!
Running patch plausibility analysis under Java-7 on the patch generated by Kali for Bugs.jar::Jackrabbit-Oak-0fa892b3::0
patch_plausibility.py script started at Wed Aug 21 00:24:33 PDT 2019
Switched to branch 'bugs-dot-jar_OAK-2389_0fa892b3'
Reinitialized existing Git repository in /tmp/Kali_Bugs.jar_Jackrabbit-Oak_0fa892b3/.git/
Checking patch oak-commons/src/main/java/org/apache/jackrabbit/oak/commons/json/JsopBuilder.java...
Applied patch oak-commons/src/main/java/org/apache/jackrabbit/oak/commons/json/JsopBuilder.java cleanly.
There was no 'Please refer to (.*) for the individual test results.' in the maven log file!
Checkout Bugs.jar_Jackrabbit-Oak_0fa892b3
Apply patch ...
Compile Bugs.jar_Jackrabbit-Oak_0fa892b3
Run tests on Bugs.jar_Jackrabbit-Oak_0fa892b3
patch_plausibility.py script finished at Wed Aug 21 00:26:55 PDT 2019
Job finished at Wed Aug 21 00:26:55 PDT 2019
DONE!
