PID: 37334
honu.cs.washington.edu
Job started at Wed Aug 21 13:27:51 PDT 2019
[RESOURCES] There are too many total processes running: 43!
[RESOURCES] There are too many total processes running: 49!
[RESOURCES] There are too many total processes running: 42!
[RESOURCES] There are too many total processes running: 38!
[RESOURCES] There are too many total processes running: 45!
[RESOURCES] There are too many total processes running: 50!
[RESOURCES] There are too many total processes running: 47!
[RESOURCES] There are too many total processes running: 39!
[RESOURCES] There are too many total processes running: 104!
Running patch plausibility analysis under Java-8 on the patch generated by DynaMoth for Bugs.jar::Commons-Math-ebadb558::7
patch_plausibility.py script started at Wed Aug 21 13:31:03 PDT 2019
Switched to branch 'bugs-dot-jar_MATH-779_ebadb558'
Reinitialized existing Git repository in /tmp/DynaMoth_Bugs.jar_Commons-Math_ebadb558/.git/
Checking patch src/main/java/org/apache/commons/math3/optimization/direct/BOBYQAOptimizer.java...
Applied patch src/main/java/org/apache/commons/math3/optimization/direct/BOBYQAOptimizer.java cleanly.
Checkout Bugs.jar_Commons-Math_ebadb558
Apply patch ...
Compile Bugs.jar_Commons-Math_ebadb558
Run tests on Bugs.jar_Commons-Math_ebadb558
patch_plausibility.py script finished at Wed Aug 21 13:33:05 PDT 2019
Job finished at Wed Aug 21 13:33:05 PDT 2019
DONE!
