PID: 39296
honu.cs.washington.edu
Job started at Tue Aug 20 23:23:58 PDT 2019
[RESOURCES] There are too many total processes running: 53!
Running patch plausibility analysis under Java-7 on the patch generated by GenProg for Bugs.jar::Commons-Math-69273dca::0
patch_plausibility.py script started at Tue Aug 20 23:24:08 PDT 2019
Switched to branch 'bugs-dot-jar_MATH-727_69273dca'
Reinitialized existing Git repository in /tmp/GenProg_Bugs.jar_Commons-Math_69273dca/.git/
Checking patch src/main/java/org/apache/commons/math3/ode/nonstiff/RungeKuttaIntegrator.java...
Checking patch src/main/java/org/apache/commons/math3/util/FastMath.java...
Applied patch src/main/java/org/apache/commons/math3/ode/nonstiff/RungeKuttaIntegrator.java cleanly.
Applied patch src/main/java/org/apache/commons/math3/util/FastMath.java cleanly.
There was no 'Please refer to (.*) for the individual test results.' in the maven log file!
Checkout Bugs.jar_Commons-Math_69273dca
Apply patch ...
Compile Bugs.jar_Commons-Math_69273dca
Run tests on Bugs.jar_Commons-Math_69273dca
patch_plausibility.py script finished at Tue Aug 20 23:28:28 PDT 2019
Job finished at Tue Aug 20 23:28:28 PDT 2019
DONE!
