Picked up JAVA_TOOL_OPTIONS: -XX:CICompilerCount=2 -XX:ParallelGCThreads=2 -XX:ConcGCThreads=2 -Djdk.net.URLClassPath.disableClassPathURLCheck=true 
Picked up _JAVA_OPTIONS: -Djdk.net.URLClassPath.disableClassPathURLCheck=true
Apache Maven 3.5.0 (Red Hat 3.5.0-4.3)
Maven home: /opt/rh/rh-maven35/root/usr/share/maven
Java version: 1.7.0_80, vendor: Oracle Corporation
Java home: /scratch/rjust/projects/calling-bs/repair-them-all/RepairThemAll/jdks/jdk1.7.0_80/jre
Default locale: en_US, platform encoding: UTF-8
OS name: "linux", version: "4.14.132-1.el7.retpoline.x86_64", arch: "amd64", family: "unix"
[INFO] Scanning for projects...
[INFO] ------------------------------------------------------------------------
[INFO] Reactor Build Order:
[INFO] 
[INFO] Oak Parent POM
[INFO] Oak Microkernel
[INFO] Oak Core
[INFO] Oak JCR Binding
[INFO] Oak Runnable Jar
[INFO] Oak Integration Tests for JCR
[INFO] Oak Integration Tests for MicroKernel implementations
[INFO] Oak Integration Tests
[INFO] Oak Benchmark
[INFO] Jackrabbit Oak
[INFO] 
[INFO] ------------------------------------------------------------------------
[INFO] Building Oak Parent POM 0.2-SNAPSHOT
[INFO] ------------------------------------------------------------------------
[INFO] 
[INFO] --- maven-remote-resources-plugin:1.2.1:process (default) @ oak-parent ---
[INFO] 
[INFO] --- maven-site-plugin:3.0:attach-descriptor (attach-descriptor) @ oak-parent ---
[INFO] 
[INFO] --- maven-install-plugin:2.3.1:install (default-install) @ oak-parent ---
[INFO] Installing /tmp/NPEFix_Bugs.jar_Jackrabbit-Oak_668f08f2/oak-parent/pom.xml to /tmp/NPEFix_Bugs.jar_Jackrabbit-Oak_668f08f2/.m2/org/apache/jackrabbit/oak-parent/0.2-SNAPSHOT/oak-parent-0.2-SNAPSHOT.pom
[INFO] 
[INFO] ------------------------------------------------------------------------
[INFO] Building Oak Microkernel 0.2-SNAPSHOT
[INFO] ------------------------------------------------------------------------
[INFO] 
[INFO] --- maven-remote-resources-plugin:1.2.1:process (default) @ oak-mk ---
[INFO] 
[INFO] --- maven-resources-plugin:2.5:resources (default-resources) @ oak-mk ---
[debug] execute contextualize
[INFO] Using 'UTF-8' encoding to copy filtered resources.
[INFO] skip non existing resourceDirectory /tmp/NPEFix_Bugs.jar_Jackrabbit-Oak_668f08f2/oak-mk/src/main/resources
[INFO] Copying 3 resources
[INFO] 
[INFO] --- maven-compiler-plugin:2.3.2:compile (default-compile) @ oak-mk ---
[INFO] Compiling 1 source file to /tmp/NPEFix_Bugs.jar_Jackrabbit-Oak_668f08f2/oak-mk/target/classes
[INFO] 
[INFO] --- maven-resources-plugin:2.5:testResources (default-testResources) @ oak-mk ---
[debug] execute contextualize
[INFO] Using 'UTF-8' encoding to copy filtered resources.
[INFO] Copying 1 resource
[INFO] Copying 3 resources
[INFO] 
[INFO] --- maven-compiler-plugin:2.3.2:testCompile (default-testCompile) @ oak-mk ---
[INFO] Nothing to compile - all classes are up to date
[INFO] 
[INFO] --- maven-surefire-plugin:2.9:test (default-test) @ oak-mk ---
[INFO] Tests are skipped.
[INFO] 
[INFO] --- maven-jar-plugin:2.3.1:jar (default-jar) @ oak-mk ---
[INFO] Building jar: /tmp/NPEFix_Bugs.jar_Jackrabbit-Oak_668f08f2/oak-mk/target/oak-mk-0.2-SNAPSHOT.jar
[INFO] 
[INFO] --- maven-site-plugin:3.0:attach-descriptor (attach-descriptor) @ oak-mk ---
[INFO] 
[INFO] --- maven-install-plugin:2.3.1:install (default-install) @ oak-mk ---
[INFO] Installing /tmp/NPEFix_Bugs.jar_Jackrabbit-Oak_668f08f2/oak-mk/target/oak-mk-0.2-SNAPSHOT.jar to /tmp/NPEFix_Bugs.jar_Jackrabbit-Oak_668f08f2/.m2/org/apache/jackrabbit/oak-mk/0.2-SNAPSHOT/oak-mk-0.2-SNAPSHOT.jar
[INFO] Installing /tmp/NPEFix_Bugs.jar_Jackrabbit-Oak_668f08f2/oak-mk/pom.xml to /tmp/NPEFix_Bugs.jar_Jackrabbit-Oak_668f08f2/.m2/org/apache/jackrabbit/oak-mk/0.2-SNAPSHOT/oak-mk-0.2-SNAPSHOT.pom
[INFO] 
[INFO] ------------------------------------------------------------------------
[INFO] Building Oak Core 0.2-SNAPSHOT
[INFO] ------------------------------------------------------------------------
[INFO] 
[INFO] --- maven-remote-resources-plugin:1.2.1:process (default) @ oak-core ---
[INFO] 
[INFO] --- maven-resources-plugin:2.5:resources (default-resources) @ oak-core ---
[debug] execute contextualize
[INFO] Using 'UTF-8' encoding to copy filtered resources.
[INFO] Copying 17 resources
[INFO] Copying 3 resources
[INFO] 
[INFO] --- maven-compiler-plugin:2.3.2:compile (default-compile) @ oak-core ---
[INFO] Compiling 1 source file to /tmp/NPEFix_Bugs.jar_Jackrabbit-Oak_668f08f2/oak-core/target/classes
[INFO] 
[INFO] --- maven-resources-plugin:2.5:testResources (default-testResources) @ oak-core ---
[debug] execute contextualize
[INFO] Using 'UTF-8' encoding to copy filtered resources.
[INFO] Copying 3 resources
[INFO] Copying 3 resources
[INFO] 
[INFO] --- maven-compiler-plugin:2.3.2:testCompile (default-testCompile) @ oak-core ---
[INFO] Nothing to compile - all classes are up to date
[INFO] 
[INFO] --- maven-surefire-plugin:2.9:test (default-test) @ oak-core ---
[INFO] Tests are skipped.
[INFO] 
[INFO] --- maven-jar-plugin:2.3.1:jar (default-jar) @ oak-core ---
[INFO] Building jar: /tmp/NPEFix_Bugs.jar_Jackrabbit-Oak_668f08f2/oak-core/target/oak-core-0.2-SNAPSHOT.jar
[INFO] 
[INFO] --- maven-site-plugin:3.0:attach-descriptor (attach-descriptor) @ oak-core ---
[INFO] 
[INFO] --- maven-install-plugin:2.3.1:install (default-install) @ oak-core ---
[INFO] Installing /tmp/NPEFix_Bugs.jar_Jackrabbit-Oak_668f08f2/oak-core/target/oak-core-0.2-SNAPSHOT.jar to /tmp/NPEFix_Bugs.jar_Jackrabbit-Oak_668f08f2/.m2/org/apache/jackrabbit/oak-core/0.2-SNAPSHOT/oak-core-0.2-SNAPSHOT.jar
[INFO] Installing /tmp/NPEFix_Bugs.jar_Jackrabbit-Oak_668f08f2/oak-core/pom.xml to /tmp/NPEFix_Bugs.jar_Jackrabbit-Oak_668f08f2/.m2/org/apache/jackrabbit/oak-core/0.2-SNAPSHOT/oak-core-0.2-SNAPSHOT.pom
[INFO] 
[INFO] ------------------------------------------------------------------------
[INFO] Building Oak JCR Binding 0.2-SNAPSHOT
[INFO] ------------------------------------------------------------------------
[INFO] 
[INFO] --- maven-remote-resources-plugin:1.2.1:process (default) @ oak-jcr ---
[INFO] 
[INFO] --- maven-resources-plugin:2.5:resources (default-resources) @ oak-jcr ---
[debug] execute contextualize
[INFO] Using 'UTF-8' encoding to copy filtered resources.
[INFO] Copying 1 resource
[INFO] Copying 3 resources
[INFO] 
[INFO] --- maven-compiler-plugin:2.3.2:compile (default-compile) @ oak-jcr ---
[INFO] Nothing to compile - all classes are up to date
[INFO] 
[INFO] --- maven-resources-plugin:2.5:testResources (default-testResources) @ oak-jcr ---
[debug] execute contextualize
[INFO] Using 'UTF-8' encoding to copy filtered resources.
[INFO] skip non existing resourceDirectory /tmp/NPEFix_Bugs.jar_Jackrabbit-Oak_668f08f2/oak-jcr/src/test/resources
[INFO] Copying 3 resources
[INFO] 
[INFO] --- maven-compiler-plugin:2.3.2:testCompile (default-testCompile) @ oak-jcr ---
[INFO] Nothing to compile - all classes are up to date
[INFO] 
[INFO] --- maven-surefire-plugin:2.9:test (default-test) @ oak-jcr ---
[INFO] Tests are skipped.
[INFO] 
[INFO] --- maven-jar-plugin:2.3.1:jar (default-jar) @ oak-jcr ---
[INFO] Building jar: /tmp/NPEFix_Bugs.jar_Jackrabbit-Oak_668f08f2/oak-jcr/target/oak-jcr-0.2-SNAPSHOT.jar
[INFO] 
[INFO] --- maven-site-plugin:3.0:attach-descriptor (attach-descriptor) @ oak-jcr ---
[INFO] 
[INFO] --- maven-install-plugin:2.3.1:install (default-install) @ oak-jcr ---
[INFO] Installing /tmp/NPEFix_Bugs.jar_Jackrabbit-Oak_668f08f2/oak-jcr/target/oak-jcr-0.2-SNAPSHOT.jar to /tmp/NPEFix_Bugs.jar_Jackrabbit-Oak_668f08f2/.m2/org/apache/jackrabbit/oak-jcr/0.2-SNAPSHOT/oak-jcr-0.2-SNAPSHOT.jar
[INFO] Installing /tmp/NPEFix_Bugs.jar_Jackrabbit-Oak_668f08f2/oak-jcr/pom.xml to /tmp/NPEFix_Bugs.jar_Jackrabbit-Oak_668f08f2/.m2/org/apache/jackrabbit/oak-jcr/0.2-SNAPSHOT/oak-jcr-0.2-SNAPSHOT.pom
[INFO] 
[INFO] ------------------------------------------------------------------------
[INFO] Building Oak Runnable Jar 0.2-SNAPSHOT
[INFO] ------------------------------------------------------------------------
[INFO] 
[INFO] --- maven-remote-resources-plugin:1.2.1:process (default) @ oak-run ---
[INFO] 
[INFO] --- maven-resources-plugin:2.5:resources (default-resources) @ oak-run ---
[debug] execute contextualize
[INFO] Using 'UTF-8' encoding to copy filtered resources.
[INFO] skip non existing resourceDirectory /tmp/NPEFix_Bugs.jar_Jackrabbit-Oak_668f08f2/oak-run/src/main/resources
[INFO] Copying 3 resources
[INFO] 
[INFO] --- maven-compiler-plugin:2.3.2:compile (default-compile) @ oak-run ---
[INFO] Nothing to compile - all classes are up to date
[INFO] 
[INFO] --- maven-resources-plugin:2.5:testResources (default-testResources) @ oak-run ---
[debug] execute contextualize
[INFO] Using 'UTF-8' encoding to copy filtered resources.
[INFO] skip non existing resourceDirectory /tmp/NPEFix_Bugs.jar_Jackrabbit-Oak_668f08f2/oak-run/src/test/resources
[INFO] Copying 3 resources
[INFO] 
[INFO] --- maven-compiler-plugin:2.3.2:testCompile (default-testCompile) @ oak-run ---
[INFO] No sources to compile
[INFO] 
[INFO] --- maven-surefire-plugin:2.9:test (default-test) @ oak-run ---
[INFO] Tests are skipped.
[INFO] 
[INFO] --- maven-jar-plugin:2.3.1:jar (default-jar) @ oak-run ---
[INFO] Building jar: /tmp/NPEFix_Bugs.jar_Jackrabbit-Oak_668f08f2/oak-run/target/oak-run-0.2-SNAPSHOT.jar
[INFO] 
[INFO] --- maven-site-plugin:3.0:attach-descriptor (attach-descriptor) @ oak-run ---
[INFO] 
[INFO] --- maven-shade-plugin:1.6:shade (default) @ oak-run ---
[INFO] Including org.apache.jackrabbit:oak-jcr:jar:0.2-SNAPSHOT in the shaded jar.
[INFO] Including javax.jcr:jcr:jar:2.0 in the shaded jar.
[INFO] Including org.apache.jackrabbit:oak-core:jar:0.2-SNAPSHOT in the shaded jar.
[INFO] Including org.apache.jackrabbit:oak-mk:jar:0.2-SNAPSHOT in the shaded jar.
[INFO] Including org.apache.jackrabbit:jackrabbit-api:jar:2.4.0 in the shaded jar.
[INFO] Including org.apache.jackrabbit:jackrabbit-jcr-commons:jar:2.4.0 in the shaded jar.
[INFO] Including commons-collections:commons-collections:jar:3.2.1 in the shaded jar.
[INFO] Including org.slf4j:slf4j-api:jar:1.6.4 in the shaded jar.
[INFO] Including org.slf4j:jcl-over-slf4j:jar:1.6.4 in the shaded jar.
[INFO] Including org.apache.jackrabbit:jackrabbit-jcr-server:jar:2.4.0 in the shaded jar.
[INFO] Including org.apache.jackrabbit:jackrabbit-spi-commons:jar:2.4.0 in the shaded jar.
[INFO] Including org.apache.jackrabbit:jackrabbit-spi:jar:2.4.0 in the shaded jar.
[INFO] Including commons-io:commons-io:jar:1.4 in the shaded jar.
[INFO] Including org.apache.jackrabbit:jackrabbit-webdav:jar:2.4.0 in the shaded jar.
[INFO] Including commons-httpclient:commons-httpclient:jar:3.0 in the shaded jar.
[INFO] Including commons-codec:commons-codec:jar:1.2 in the shaded jar.
[INFO] Including org.apache.tika:tika-core:jar:1.0 in the shaded jar.
[INFO] Including commons-fileupload:commons-fileupload:jar:1.2.1 in the shaded jar.
[INFO] Including org.eclipse.jetty:jetty-servlet:jar:8.1.2.v20120308 in the shaded jar.
[INFO] Including org.eclipse.jetty:jetty-security:jar:8.1.2.v20120308 in the shaded jar.
[INFO] Including org.eclipse.jetty:jetty-server:jar:8.1.2.v20120308 in the shaded jar.
[INFO] Including org.eclipse.jetty.orbit:javax.servlet:jar:3.0.0.v201112011016 in the shaded jar.
[INFO] Including org.eclipse.jetty:jetty-continuation:jar:8.1.2.v20120308 in the shaded jar.
[INFO] Including org.eclipse.jetty:jetty-http:jar:8.1.2.v20120308 in the shaded jar.
[INFO] Including org.eclipse.jetty:jetty-io:jar:8.1.2.v20120308 in the shaded jar.
[INFO] Including org.eclipse.jetty:jetty-util:jar:8.1.2.v20120308 in the shaded jar.
[INFO] Including ch.qos.logback:logback-classic:jar:1.0.1 in the shaded jar.
[INFO] Including ch.qos.logback:logback-core:jar:1.0.1 in the shaded jar.
[INFO] Replacing original artifact with shaded artifact.
[INFO] Replacing /tmp/NPEFix_Bugs.jar_Jackrabbit-Oak_668f08f2/oak-run/target/oak-run-0.2-SNAPSHOT.jar with /tmp/NPEFix_Bugs.jar_Jackrabbit-Oak_668f08f2/oak-run/target/oak-run-0.2-SNAPSHOT-shaded.jar
[INFO] 
[INFO] --- maven-install-plugin:2.3.1:install (default-install) @ oak-run ---
[INFO] Installing /tmp/NPEFix_Bugs.jar_Jackrabbit-Oak_668f08f2/oak-run/target/oak-run-0.2-SNAPSHOT.jar to /tmp/NPEFix_Bugs.jar_Jackrabbit-Oak_668f08f2/.m2/org/apache/jackrabbit/oak-run/0.2-SNAPSHOT/oak-run-0.2-SNAPSHOT.jar
[INFO] Installing /tmp/NPEFix_Bugs.jar_Jackrabbit-Oak_668f08f2/oak-run/dependency-reduced-pom.xml to /tmp/NPEFix_Bugs.jar_Jackrabbit-Oak_668f08f2/.m2/org/apache/jackrabbit/oak-run/0.2-SNAPSHOT/oak-run-0.2-SNAPSHOT.pom
[INFO] 
[INFO] ------------------------------------------------------------------------
[INFO] Building Oak Integration Tests for JCR 0.2-SNAPSHOT
[INFO] ------------------------------------------------------------------------
[INFO] 
[INFO] --- maven-remote-resources-plugin:1.2.1:process (default) @ oak-it-jcr ---
[INFO] 
[INFO] --- maven-resources-plugin:2.5:resources (default-resources) @ oak-it-jcr ---
[debug] execute contextualize
[INFO] Using 'UTF-8' encoding to copy filtered resources.
[INFO] skip non existing resourceDirectory /tmp/NPEFix_Bugs.jar_Jackrabbit-Oak_668f08f2/oak-it/jcr/src/main/resources
[INFO] Copying 3 resources
[INFO] 
[INFO] --- maven-compiler-plugin:2.3.2:compile (default-compile) @ oak-it-jcr ---
[INFO] No sources to compile
[INFO] 
[INFO] --- maven-resources-plugin:2.5:testResources (default-testResources) @ oak-it-jcr ---
[debug] execute contextualize
[INFO] Using 'UTF-8' encoding to copy filtered resources.
[INFO] Copying 2 resources
[INFO] Copying 3 resources
[INFO] 
[INFO] --- maven-compiler-plugin:2.3.2:testCompile (default-testCompile) @ oak-it-jcr ---
[INFO] Nothing to compile - all classes are up to date
[INFO] 
[INFO] --- maven-surefire-plugin:2.9:test (default-test) @ oak-it-jcr ---
[INFO] Tests are skipped.
[INFO] 
[INFO] --- maven-jar-plugin:2.3.1:jar (default-jar) @ oak-it-jcr ---
[INFO] Building jar: /tmp/NPEFix_Bugs.jar_Jackrabbit-Oak_668f08f2/oak-it/jcr/target/oak-it-jcr-0.2-SNAPSHOT.jar
[INFO] 
[INFO] --- maven-site-plugin:3.0:attach-descriptor (attach-descriptor) @ oak-it-jcr ---
[INFO] 
[INFO] --- maven-failsafe-plugin:2.12:integration-test (default) @ oak-it-jcr ---
[INFO] Tests are skipped.
[INFO] 
[INFO] --- maven-failsafe-plugin:2.12:verify (default) @ oak-it-jcr ---
[INFO] Tests are skipped.
[INFO] 
[INFO] --- maven-install-plugin:2.3.1:install (default-install) @ oak-it-jcr ---
[INFO] Installing /tmp/NPEFix_Bugs.jar_Jackrabbit-Oak_668f08f2/oak-it/jcr/target/oak-it-jcr-0.2-SNAPSHOT.jar to /tmp/NPEFix_Bugs.jar_Jackrabbit-Oak_668f08f2/.m2/org/apache/jackrabbit/oak-it-jcr/0.2-SNAPSHOT/oak-it-jcr-0.2-SNAPSHOT.jar
[INFO] Installing /tmp/NPEFix_Bugs.jar_Jackrabbit-Oak_668f08f2/oak-it/jcr/pom.xml to /tmp/NPEFix_Bugs.jar_Jackrabbit-Oak_668f08f2/.m2/org/apache/jackrabbit/oak-it-jcr/0.2-SNAPSHOT/oak-it-jcr-0.2-SNAPSHOT.pom
[INFO] 
[INFO] ------------------------------------------------------------------------
[INFO] Building Oak Integration Tests for MicroKernel implementations 0.2-SNAPSHOT
[INFO] ------------------------------------------------------------------------
[INFO] 
[INFO] --- maven-remote-resources-plugin:1.2.1:process (default) @ oak-it-mk ---
[INFO] 
[INFO] --- maven-resources-plugin:2.5:resources (default-resources) @ oak-it-mk ---
[debug] execute contextualize
[INFO] Using 'UTF-8' encoding to copy filtered resources.
[INFO] skip non existing resourceDirectory /tmp/NPEFix_Bugs.jar_Jackrabbit-Oak_668f08f2/oak-it/mk/src/main/resources
[INFO] Copying 3 resources
[INFO] 
[INFO] --- maven-compiler-plugin:2.3.2:compile (default-compile) @ oak-it-mk ---
[INFO] No sources to compile
[INFO] 
[INFO] --- maven-resources-plugin:2.5:testResources (default-testResources) @ oak-it-mk ---
[debug] execute contextualize
[INFO] Using 'UTF-8' encoding to copy filtered resources.
[INFO] Copying 1 resource
[INFO] Copying 3 resources
[INFO] 
[INFO] --- maven-compiler-plugin:2.3.2:testCompile (default-testCompile) @ oak-it-mk ---
[INFO] No sources to compile
[INFO] 
[INFO] --- maven-surefire-plugin:2.9:test (default-test) @ oak-it-mk ---
[INFO] Tests are skipped.
[INFO] 
[INFO] --- maven-jar-plugin:2.3.1:jar (default-jar) @ oak-it-mk ---
[INFO] Building jar: /tmp/NPEFix_Bugs.jar_Jackrabbit-Oak_668f08f2/oak-it/mk/target/oak-it-mk-0.2-SNAPSHOT.jar
[INFO] 
[INFO] --- maven-site-plugin:3.0:attach-descriptor (attach-descriptor) @ oak-it-mk ---
[INFO] 
[INFO] --- maven-failsafe-plugin:2.12:integration-test (default) @ oak-it-mk ---
[INFO] Tests are skipped.
[INFO] 
[INFO] --- maven-failsafe-plugin:2.12:verify (default) @ oak-it-mk ---
[INFO] Tests are skipped.
[INFO] 
[INFO] --- maven-install-plugin:2.3.1:install (default-install) @ oak-it-mk ---
[INFO] Installing /tmp/NPEFix_Bugs.jar_Jackrabbit-Oak_668f08f2/oak-it/mk/target/oak-it-mk-0.2-SNAPSHOT.jar to /tmp/NPEFix_Bugs.jar_Jackrabbit-Oak_668f08f2/.m2/org/apache/jackrabbit/oak-it-mk/0.2-SNAPSHOT/oak-it-mk-0.2-SNAPSHOT.jar
[INFO] Installing /tmp/NPEFix_Bugs.jar_Jackrabbit-Oak_668f08f2/oak-it/mk/pom.xml to /tmp/NPEFix_Bugs.jar_Jackrabbit-Oak_668f08f2/.m2/org/apache/jackrabbit/oak-it-mk/0.2-SNAPSHOT/oak-it-mk-0.2-SNAPSHOT.pom
[INFO] 
[INFO] ------------------------------------------------------------------------
[INFO] Building Oak Integration Tests 0.2-SNAPSHOT
[INFO] ------------------------------------------------------------------------
[INFO] 
[INFO] --- maven-remote-resources-plugin:1.2.1:process (default) @ oak-it ---
[INFO] 
[INFO] --- maven-site-plugin:3.0:attach-descriptor (attach-descriptor) @ oak-it ---
[INFO] 
[INFO] --- maven-install-plugin:2.3.1:install (default-install) @ oak-it ---
[INFO] Installing /tmp/NPEFix_Bugs.jar_Jackrabbit-Oak_668f08f2/oak-it/pom.xml to /tmp/NPEFix_Bugs.jar_Jackrabbit-Oak_668f08f2/.m2/org/apache/jackrabbit/oak-it/0.2-SNAPSHOT/oak-it-0.2-SNAPSHOT.pom
[INFO] 
[INFO] ------------------------------------------------------------------------
[INFO] Building Oak Benchmark 0.2-SNAPSHOT
[INFO] ------------------------------------------------------------------------
[INFO] 
[INFO] --- maven-remote-resources-plugin:1.2.1:process (default) @ oak-bench ---
[INFO] 
[INFO] --- maven-resources-plugin:2.5:resources (default-resources) @ oak-bench ---
[debug] execute contextualize
[INFO] Using 'UTF-8' encoding to copy filtered resources.
[INFO] skip non existing resourceDirectory /tmp/NPEFix_Bugs.jar_Jackrabbit-Oak_668f08f2/oak-bench/src/main/resources
[INFO] Copying 3 resources
[INFO] 
[INFO] --- maven-compiler-plugin:2.3.2:compile (default-compile) @ oak-bench ---
[INFO] No sources to compile
[INFO] 
[INFO] --- maven-resources-plugin:2.5:testResources (default-testResources) @ oak-bench ---
[debug] execute contextualize
[INFO] Using 'UTF-8' encoding to copy filtered resources.
[INFO] skip non existing resourceDirectory /tmp/NPEFix_Bugs.jar_Jackrabbit-Oak_668f08f2/oak-bench/src/test/resources
[INFO] Copying 3 resources
[INFO] 
[INFO] --- maven-compiler-plugin:2.3.2:testCompile (default-testCompile) @ oak-bench ---
[INFO] No sources to compile
[INFO] 
[INFO] --- maven-surefire-plugin:2.9:test (default-test) @ oak-bench ---
[INFO] Tests are skipped.
[INFO] 
[INFO] --- maven-jar-plugin:2.3.1:jar (default-jar) @ oak-bench ---
[INFO] Building jar: /tmp/NPEFix_Bugs.jar_Jackrabbit-Oak_668f08f2/oak-bench/target/oak-bench-0.2-SNAPSHOT.jar
[INFO] 
[INFO] --- maven-site-plugin:3.0:attach-descriptor (attach-descriptor) @ oak-bench ---
[INFO] 
[INFO] --- maven-install-plugin:2.3.1:install (default-install) @ oak-bench ---
[INFO] Installing /tmp/NPEFix_Bugs.jar_Jackrabbit-Oak_668f08f2/oak-bench/target/oak-bench-0.2-SNAPSHOT.jar to /tmp/NPEFix_Bugs.jar_Jackrabbit-Oak_668f08f2/.m2/org/apache/jackrabbit/oak-bench/0.2-SNAPSHOT/oak-bench-0.2-SNAPSHOT.jar
[INFO] Installing /tmp/NPEFix_Bugs.jar_Jackrabbit-Oak_668f08f2/oak-bench/pom.xml to /tmp/NPEFix_Bugs.jar_Jackrabbit-Oak_668f08f2/.m2/org/apache/jackrabbit/oak-bench/0.2-SNAPSHOT/oak-bench-0.2-SNAPSHOT.pom
[INFO] 
[INFO] ------------------------------------------------------------------------
[INFO] Building Jackrabbit Oak 0.2-SNAPSHOT
[INFO] ------------------------------------------------------------------------
[INFO] 
[INFO] --- maven-remote-resources-plugin:1.2.1:process (default) @ jackrabbit-oak ---
[INFO] 
[INFO] --- maven-site-plugin:3.0:attach-descriptor (attach-descriptor) @ jackrabbit-oak ---
[INFO] 
[INFO] --- maven-install-plugin:2.3.1:install (default-install) @ jackrabbit-oak ---
[INFO] Installing /tmp/NPEFix_Bugs.jar_Jackrabbit-Oak_668f08f2/pom.xml to /tmp/NPEFix_Bugs.jar_Jackrabbit-Oak_668f08f2/.m2/org/apache/jackrabbit/jackrabbit-oak/0.2-SNAPSHOT/jackrabbit-oak-0.2-SNAPSHOT.pom
[INFO] ------------------------------------------------------------------------
[INFO] Reactor Summary:
[INFO] 
[INFO] Oak Parent POM ..................................... SUCCESS [  1.953 s]
[INFO] Oak Microkernel .................................... SUCCESS [  1.971 s]
[INFO] Oak Core ........................................... SUCCESS [  1.079 s]
[INFO] Oak JCR Binding .................................... SUCCESS [  0.471 s]
[INFO] Oak Runnable Jar ................................... SUCCESS [  3.401 s]
[INFO] Oak Integration Tests for JCR ...................... SUCCESS [  0.387 s]
[INFO] Oak Integration Tests for MicroKernel implementations SUCCESS [  0.118 s]
[INFO] Oak Integration Tests .............................. SUCCESS [  0.020 s]
[INFO] Oak Benchmark ...................................... SUCCESS [  0.099 s]
[INFO] Jackrabbit Oak ..................................... SUCCESS [  0.018 s]
[INFO] ------------------------------------------------------------------------
[INFO] BUILD SUCCESS
[INFO] ------------------------------------------------------------------------
[INFO] Total time: 9.853 s
[INFO] Finished at: 2019-08-21T00:24:28-07:00
[INFO] Final Memory: 48M/1800M
[INFO] ------------------------------------------------------------------------
