PID: 24751
honu.cs.washington.edu
Job started at Wed Aug 21 00:22:49 PDT 2019
[RESOURCES] There are too many total processes running: 50!
[RESOURCES] There are too many threads running: 3089!
Running patch plausibility analysis under Java-7 on the patch generated by NPEFix for Bugs.jar::Jackrabbit-Oak-668f08f2::0
patch_plausibility.py script started at Wed Aug 21 00:23:25 PDT 2019
Switched to branch 'bugs-dot-jar_OAK-43_668f08f2'
Picked up JAVA_TOOL_OPTIONS: -XX:CICompilerCount=2 -XX:ParallelGCThreads=2 -XX:ConcGCThreads=2  
Reinitialized existing Git repository in /tmp/NPEFix_Bugs.jar_Jackrabbit-Oak_668f08f2/.git/
<stdin>:21: trailing whitespace.
                
<stdin>:37: trailing whitespace.
                
Checking patch oak-mk/src/main/java/org/apache/jackrabbit/mk/store/DefaultRevisionStore.java...
Applied patch oak-mk/src/main/java/org/apache/jackrabbit/mk/store/DefaultRevisionStore.java cleanly.
warning: 2 lines add whitespace errors.
There was no 'Please refer to (.*) for the individual test results.' in the maven log file!
Checkout Bugs.jar_Jackrabbit-Oak_668f08f2
Apply patch ...
Compile top-level project
Get module information
Compile Bugs.jar_Jackrabbit-Oak_668f08f2
Run tests on Bugs.jar_Jackrabbit-Oak_668f08f2
patch_plausibility.py script finished at Wed Aug 21 00:24:45 PDT 2019
Job finished at Wed Aug 21 00:24:45 PDT 2019
DONE!
