PID: 5742
honu.cs.washington.edu
Job started at Wed Aug 21 00:30:10 PDT 2019
Running patch plausibility analysis under Java-7 on the patch generated by RSRepair for QuixBugs::QUICKSORT-::0
patch_plausibility.py script started at Wed Aug 21 00:30:10 PDT 2019
Initialized empty Git repository in /tmp/RSRepair_QuixBugs_QUICKSORT_/.git/
Checking patch src/main/java/QUICKSORT.java...
Applied patch src/main/java/QUICKSORT.java cleanly.
compile has failed!
Traceback (most recent call last):
  File "/scratch/rjust/critical_review_of_repair_them_all_data/plausibility/patch_plausibility.py", line 169, in <module>
    die()
  File "/scratch/rjust/critical_review_of_repair_them_all_data/plausibility/patch_plausibility.py", line 104, in die
    utils.die(msg=msg, checkout_dir=CHECKOUT_DIR)
  File "/scratch/rjust/critical_review_of_repair_them_all_data/java_7_vs_java_8/utils.py", line 35, in die
    sys.exit(1)
SystemExit: 1
Checkout QuixBugs_QUICKSORT_
Apply patch ...
Compile QuixBugs_QUICKSORT_
patch_plausibility.py has failed!
