PID: 38083
honu.cs.washington.edu
Job started at Tue Aug 20 23:05:27 PDT 2019
[RESOURCES] There are too many total processes running: 47!
[RESOURCES] There are too many total processes running: 47!
[RESOURCES] There are too many total processes running: 48!
Running patch plausibility analysis under Java-7 on the patch generated by Nopol for Bugs.jar::Logging-Log4J2-7bb1ad47::7
patch_plausibility.py script started at Tue Aug 20 23:06:08 PDT 2019
Switched to branch 'bugs-dot-jar_LOG4J2-811_7bb1ad47'
Reinitialized existing Git repository in /tmp/Nopol_Bugs.jar_Logging-Log4J2_7bb1ad47/.git/
Checking patch log4j-api/src/main/java/org/apache/logging/log4j/simple/SimpleLogger.java...
Applied patch log4j-api/src/main/java/org/apache/logging/log4j/simple/SimpleLogger.java cleanly.
There was no 'Please refer to (.*) for the individual test results.' in the maven log file!
Checkout Bugs.jar_Logging-Log4J2_7bb1ad47
Apply patch ...
Compile Bugs.jar_Logging-Log4J2_7bb1ad47
Run tests on Bugs.jar_Logging-Log4J2_7bb1ad47
patch_plausibility.py script finished at Tue Aug 20 23:08:49 PDT 2019
Job finished at Tue Aug 20 23:08:49 PDT 2019
DONE!
