PID: 31368
honu.cs.washington.edu
Job started at Wed Aug 21 13:27:22 PDT 2019
[RESOURCES] There are too many total processes running: 41!
[RESOURCES] There are too many total processes running: 46!
[RESOURCES] There are too many total processes running: 42!
[RESOURCES] There are too many total processes running: 54!
Running patch plausibility analysis under Java-8 on the patch generated by Nopol for Bugs.jar::Commons-Math-ce126bdb::7
patch_plausibility.py script started at Wed Aug 21 13:28:54 PDT 2019
Switched to branch 'bugs-dot-jar_MATH-899_ce126bdb'
Reinitialized existing Git repository in /tmp/Nopol_Bugs.jar_Commons-Math_ce126bdb/.git/
Checking patch src/main/java/org/apache/commons/math3/optimization/direct/BOBYQAOptimizer.java...
Applied patch src/main/java/org/apache/commons/math3/optimization/direct/BOBYQAOptimizer.java cleanly.
Checkout Bugs.jar_Commons-Math_ce126bdb
Apply patch ...
Compile Bugs.jar_Commons-Math_ce126bdb
Run tests on Bugs.jar_Commons-Math_ce126bdb
patch_plausibility.py script finished at Wed Aug 21 13:31:00 PDT 2019
Job finished at Wed Aug 21 13:31:00 PDT 2019
DONE!
