PID: 5634
honu.cs.washington.edu
Job started at Wed Aug 21 13:57:24 PDT 2019
[RESOURCES] There are too many total processes running: 43!
[RESOURCES] There are too many total processes running: 39!
[RESOURCES] There are too many total processes running: 40!
[RESOURCES] There are too many total processes running: 47!
[RESOURCES] There are too many total processes running: 50!
[RESOURCES] There are too many total processes running: 40!
Running patch plausibility analysis under Java-8 on the patch generated by DynaMoth for Bugs.jar::Commons-Math-2a9cbbab::7
patch_plausibility.py script started at Wed Aug 21 13:59:26 PDT 2019
Switched to branch 'bugs-dot-jar_MATH-880_2a9cbbab'
Reinitialized existing Git repository in /tmp/DynaMoth_Bugs.jar_Commons-Math_2a9cbbab/.git/
Checking patch src/main/java/org/apache/commons/math3/optimization/direct/BOBYQAOptimizer.java...
Applied patch src/main/java/org/apache/commons/math3/optimization/direct/BOBYQAOptimizer.java cleanly.
Checkout Bugs.jar_Commons-Math_2a9cbbab
Apply patch ...
Compile Bugs.jar_Commons-Math_2a9cbbab
Run tests on Bugs.jar_Commons-Math_2a9cbbab
patch_plausibility.py script finished at Wed Aug 21 14:01:15 PDT 2019
Job finished at Wed Aug 21 14:01:15 PDT 2019
DONE!
