PID: 6625
honu.cs.washington.edu
Job started at Wed Aug 21 12:51:43 PDT 2019
[RESOURCES] There are too many total processes running: 45!
[RESOURCES] There are too many total processes running: 48!
[RESOURCES] There are too many total processes running: 42!
[RESOURCES] There are too many total processes running: 47!
[RESOURCES] There are too many total processes running: 46!
[RESOURCES] There are too many total processes running: 46!
Running patch plausibility analysis under Java-8 on the patch generated by Nopol for Bugs.jar::Commons-Math-607c9ec6::7
patch_plausibility.py script started at Wed Aug 21 12:53:49 PDT 2019
Switched to branch 'bugs-dot-jar_MATH-812_607c9ec6'
Reinitialized existing Git repository in /tmp/Nopol_Bugs.jar_Commons-Math_607c9ec6/.git/
Checking patch src/main/java/org/apache/commons/math3/optimization/direct/BOBYQAOptimizer.java...
Applied patch src/main/java/org/apache/commons/math3/optimization/direct/BOBYQAOptimizer.java cleanly.
Checkout Bugs.jar_Commons-Math_607c9ec6
Apply patch ...
Compile Bugs.jar_Commons-Math_607c9ec6
Run tests on Bugs.jar_Commons-Math_607c9ec6
patch_plausibility.py script finished at Wed Aug 21 12:55:21 PDT 2019
Job finished at Wed Aug 21 12:55:21 PDT 2019
DONE!
