PID: 21902
honu.cs.washington.edu
Job started at Wed Aug 21 13:35:37 PDT 2019
[RESOURCES] There are too many total processes running: 53!
[RESOURCES] There are too many total processes running: 41!
[RESOURCES] There are too many total processes running: 42!
[RESOURCES] There are too many total processes running: 39!
[RESOURCES] There are too many total processes running: 42!
[RESOURCES] There are too many total processes running: 45!
[RESOURCES] There are too many total processes running: 38!
[RESOURCES] There are too many total processes running: 49!
[RESOURCES] There are too many total processes running: 41!
Running patch plausibility analysis under Java-8 on the patch generated by DynaMoth for Bugs.jar::Wicket-a382917f::7
patch_plausibility.py script started at Wed Aug 21 13:38:35 PDT 2019
Switched to branch 'bugs-dot-jar_WICKET-5442_a382917f'
Reinitialized existing Git repository in /tmp/DynaMoth_Bugs.jar_Wicket_a382917f/.git/
Checking patch wicket-util/src/main/java/org/apache/wicket/util/license/ApacheLicenseHeaderTestCase.java...
Applied patch wicket-util/src/main/java/org/apache/wicket/util/license/ApacheLicenseHeaderTestCase.java cleanly.
Checkout Bugs.jar_Wicket_a382917f
Apply patch ...
Compile Bugs.jar_Wicket_a382917f
Run tests on Bugs.jar_Wicket_a382917f
patch_plausibility.py script finished at Wed Aug 21 13:41:49 PDT 2019
Job finished at Wed Aug 21 13:41:49 PDT 2019
DONE!
