PID: 14452
honu.cs.washington.edu
Job started at Tue Aug 20 23:40:23 PDT 2019
Running patch plausibility analysis under Java-7 on the patch generated by Arja for Bears::traccar-traccar-269449386-269490884::0
patch_plausibility.py script started at Tue Aug 20 23:40:23 PDT 2019
Previous HEAD position was 2972046ed Changes in the tests This commit is based on the source code from the following commit: http://github.com/traccar/traccar/commit/3aebd92cc3781b417ded6260d1300434b1418e7e The mentioned commit triggered the following Travis build: http://travis-ci.org/traccar/traccar/builds/273136493.
Switched to branch 'traccar-traccar-269449386-269490884'
Note: checking out 'cc2e8df6174ebd8a5b5ce8fb066240d98c7a14cd'.

You are in 'detached HEAD' state. You can look around, make experimental
changes and commit them, and you can discard any commits you make in this
state without impacting any branches by performing another checkout.

If you want to create a new branch to retain commits you create, you may
do so (now or later) by using -b with the checkout command again. Example:

  git checkout -b <new-branch-name>

HEAD is now at cc2e8df61 Changes in the tests This commit is based on the source code from the following commit: http://github.com/traccar/traccar/commit/2ff8f21543727590a0f66adc9fc72b0dd6b5e2c9 The mentioned commit triggered the following Travis build: http://travis-ci.org/traccar/traccar/builds/269490884.
Reinitialized existing Git repository in /tmp/Arja_Bears_traccar-traccar_269449386-269490884/.git/
Checking patch src/org/traccar/protocol/Gt06ProtocolDecoder.java...
Applied patch src/org/traccar/protocol/Gt06ProtocolDecoder.java cleanly.
There was no 'Please refer to (.*) for the individual test results.' in the maven log file!
Checkout Bears_traccar-traccar_269449386-269490884
Apply patch ...
Compile Bears_traccar-traccar_269449386-269490884
Run tests on Bears_traccar-traccar_269449386-269490884
patch_plausibility.py script finished at Tue Aug 20 23:41:37 PDT 2019
Job finished at Tue Aug 20 23:41:37 PDT 2019
DONE!
