PID: 10476
honu.cs.washington.edu
Job started at Wed Aug 21 13:22:47 PDT 2019
[RESOURCES] There are too many total processes running: 41!
Running patch plausibility analysis under Java-8 on the patch generated by GenProg for Bugs.jar::Commons-Math-2a6c6409::0
patch_plausibility.py script started at Wed Aug 21 13:23:01 PDT 2019
Switched to branch 'bugs-dot-jar_MATH-1115_2a6c6409'
Reinitialized existing Git repository in /tmp/GenProg_Bugs.jar_Commons-Math_2a6c6409/.git/
Checking patch src/main/java/org/apache/commons/math3/exception/util/ExceptionContext.java...
Checking patch src/main/java/org/apache/commons/math3/geometry/euclidean/twod/PolygonsSet.java...
Checking patch src/main/java/org/apache/commons/math3/geometry/partitioning/utilities/OrderedTuple.java...
Checking patch src/main/java/org/apache/commons/math3/geometry/euclidean/threed/PolyhedronsSet.java...
Checking patch src/main/java/org/apache/commons/math3/geometry/partitioning/BSPTree.java...
Applied patch src/main/java/org/apache/commons/math3/exception/util/ExceptionContext.java cleanly.
Applied patch src/main/java/org/apache/commons/math3/geometry/euclidean/twod/PolygonsSet.java cleanly.
Applied patch src/main/java/org/apache/commons/math3/geometry/partitioning/utilities/OrderedTuple.java cleanly.
Applied patch src/main/java/org/apache/commons/math3/geometry/euclidean/threed/PolyhedronsSet.java cleanly.
Applied patch src/main/java/org/apache/commons/math3/geometry/partitioning/BSPTree.java cleanly.
Checkout Bugs.jar_Commons-Math_2a6c6409
Apply patch ...
Compile Bugs.jar_Commons-Math_2a6c6409
Run tests on Bugs.jar_Commons-Math_2a6c6409
patch_plausibility.py script finished at Wed Aug 21 13:27:06 PDT 2019
Job finished at Wed Aug 21 13:27:06 PDT 2019
DONE!
