PID: 1621
honu.cs.washington.edu
Job started at Tue Aug 20 23:12:55 PDT 2019
[RESOURCES] There are too many total processes running: 47!
[RESOURCES] There are too many total processes running: 38!
[RESOURCES] There are too many total processes running: 44!
[RESOURCES] There are too many total processes running: 57!
[RESOURCES] There are too many total processes running: 38!
[RESOURCES] There are too many total processes running: 41!
[RESOURCES] There are too many total processes running: 47!
Running patch plausibility analysis under Java-7 on the patch generated by Arja for Bugs.jar::Jackrabbit-Oak-ffa818f3::0
patch_plausibility.py script started at Tue Aug 20 23:15:29 PDT 2019
Switched to branch 'bugs-dot-jar_OAK-539_ffa818f3'
Reinitialized existing Git repository in /tmp/Arja_Bugs.jar_Jackrabbit-Oak_ffa818f3/.git/
Checking patch oak-mk/src/main/java/org/apache/jackrabbit/mk/model/Id.java...
Checking patch oak-mk/src/main/java/org/apache/jackrabbit/mk/util/StringUtils.java...
Applied patch oak-mk/src/main/java/org/apache/jackrabbit/mk/model/Id.java cleanly.
Applied patch oak-mk/src/main/java/org/apache/jackrabbit/mk/util/StringUtils.java cleanly.
Checkout Bugs.jar_Jackrabbit-Oak_ffa818f3
Apply patch ...
Compile Bugs.jar_Jackrabbit-Oak_ffa818f3
Run tests on Bugs.jar_Jackrabbit-Oak_ffa818f3
patch_plausibility.py script finished at Tue Aug 20 23:17:03 PDT 2019
Job finished at Tue Aug 20 23:17:03 PDT 2019
DONE!
