PID: 32944
honu.cs.washington.edu
Job started at Wed Aug 21 14:04:00 PDT 2019
Running patch plausibility analysis under Java-8 on the patch generated by jGenProg for Bears::traccar-traccar-216100740-216167822::0
patch_plausibility.py script started at Wed Aug 21 14:04:00 PDT 2019
Previous HEAD position was 7ebf957c8 Changes in the tests This commit is based on the source code from the following commit: http://github.com/traccar/traccar/commit/1909b845a8c77a2463c0ad8d4c1952b8c0852ae2 The mentioned commit triggered the following Travis build: http://travis-ci.org/traccar/traccar/builds/198488474.
Switched to branch 'traccar-traccar-216100740-216167822'
Note: checking out 'ca8bac276a5008f950c6625d5812fb8994dced42'.

You are in 'detached HEAD' state. You can look around, make experimental
changes and commit them, and you can discard any commits you make in this
state without impacting any branches by performing another checkout.

If you want to create a new branch to retain commits you create, you may
do so (now or later) by using -b with the checkout command again. Example:

  git checkout -b <new-branch-name>

HEAD is now at ca8bac276 Changes in the tests This commit is based on the source code from the following commit: http://github.com/traccar/traccar/commit/9879e67c1f522fe6940b7a3ca5fde5c93875dcfb The mentioned commit triggered the following Travis build: http://travis-ci.org/traccar/traccar/builds/216167822.
Picked up JAVA_TOOL_OPTIONS: -XX:CICompilerCount=2 -XX:ParallelGCThreads=2 -XX:ConcGCThreads=2  
Reinitialized existing Git repository in /tmp/jGenProg_Bears_traccar-traccar_216100740-216167822/.git/
Checking patch src/org/traccar/helper/PatternBuilder.java...
Applied patch src/org/traccar/helper/PatternBuilder.java cleanly.
There was no 'Please refer to (.*) for the individual test results.' in the maven log file!
Checkout Bears_traccar-traccar_216100740-216167822
Apply patch ...
Compile Bears_traccar-traccar_216100740-216167822
Run tests on Bears_traccar-traccar_216100740-216167822
patch_plausibility.py script finished at Wed Aug 21 14:05:09 PDT 2019
Job finished at Wed Aug 21 14:05:09 PDT 2019
DONE!
