PID: 20113
honu.cs.washington.edu
Job started at Wed Aug 21 12:56:19 PDT 2019
[RESOURCES] There are too many total processes running: 50!
[RESOURCES] There are too many total processes running: 48!
[RESOURCES] There are too many total processes running: 40!
[RESOURCES] There are too many total processes running: 43!
[RESOURCES] There are too many total processes running: 38!
[RESOURCES] There are too many total processes running: 52!
[RESOURCES] There are too many total processes running: 47!
Running patch plausibility analysis under Java-8 on the patch generated by Nopol for Bugs.jar::Commons-Math-f64b6a90::7
patch_plausibility.py script started at Wed Aug 21 12:58:17 PDT 2019
Switched to branch 'bugs-dot-jar_MATH-738_f64b6a90'
Reinitialized existing Git repository in /tmp/Nopol_Bugs.jar_Commons-Math_f64b6a90/.git/
Checking patch src/main/java/org/apache/commons/math3/optimization/direct/BOBYQAOptimizer.java...
Applied patch src/main/java/org/apache/commons/math3/optimization/direct/BOBYQAOptimizer.java cleanly.
Checkout Bugs.jar_Commons-Math_f64b6a90
Apply patch ...
Compile Bugs.jar_Commons-Math_f64b6a90
Run tests on Bugs.jar_Commons-Math_f64b6a90
patch_plausibility.py script finished at Wed Aug 21 13:00:29 PDT 2019
Job finished at Wed Aug 21 13:00:29 PDT 2019
DONE!
