PID: 7361
honu.cs.washington.edu
Job started at Tue Aug 20 23:59:54 PDT 2019
[RESOURCES] There are too many total processes running: 40!
[RESOURCES] There are too many total processes running: 46!
[RESOURCES] There are too many total processes running: 43!
[RESOURCES] There are too many total processes running: 46!
[RESOURCES] There are too many total processes running: 54!
[RESOURCES] There are too many total processes running: 38!
[RESOURCES] There are too many total processes running: 42!
[RESOURCES] There are too many total processes running: 47!
[RESOURCES] There are too many total processes running: 45!
[RESOURCES] There are too many total processes running: 49!
[RESOURCES] There are too many total processes running: 39!
[RESOURCES] There are too many total processes running: 38!
Running patch plausibility analysis under Java-7 on the patch generated by jGenProg for IntroClassJava::digits-c5d8f924b86adfeafa7f520559aeb8bd0c3c178efe2500c4054c5ce51bcdbfc2da2e3d9fd5c73f559a7cb6c3b3555b04646111404744496cbcf31caa90e5beb4-003::0
patch_plausibility.py script started at Wed Aug 21 00:04:19 PDT 2019
Initialized empty Git repository in /tmp/jGenProg_IntroClassJava_digits_c5d8f924b86adfeafa7f520559aeb8bd0c3c178efe2500c4054c5ce51bcdbfc2da2e3d9fd5c73f559a7cb6c3b3555b04646111404744496cbcf31caa90e5beb4-003/.git/
Checking patch src/main/java/introclassJava/digits_c5d8f924_003.java...
Applied patch src/main/java/introclassJava/digits_c5d8f924_003.java cleanly.
There was no 'Please refer to (.*) for the individual test results.' in the maven log file!
Checkout IntroClassJava_digits_c5d8f924b86adfeafa7f520559aeb8bd0c3c178efe2500c4054c5ce51bcdbfc2da2e3d9fd5c73f559a7cb6c3b3555b04646111404744496cbcf31caa90e5beb4-003
Apply patch ...
Compile IntroClassJava_digits_c5d8f924b86adfeafa7f520559aeb8bd0c3c178efe2500c4054c5ce51bcdbfc2da2e3d9fd5c73f559a7cb6c3b3555b04646111404744496cbcf31caa90e5beb4-003
Run tests on IntroClassJava_digits_c5d8f924b86adfeafa7f520559aeb8bd0c3c178efe2500c4054c5ce51bcdbfc2da2e3d9fd5c73f559a7cb6c3b3555b04646111404744496cbcf31caa90e5beb4-003
patch_plausibility.py script finished at Wed Aug 21 00:04:39 PDT 2019
Job finished at Wed Aug 21 00:04:39 PDT 2019
DONE!
