PID: 20888
honu.cs.washington.edu
Job started at Tue Aug 20 23:47:27 PDT 2019
[RESOURCES] There are too many total processes running: 42!
[RESOURCES] There are too many total processes running: 40!
[RESOURCES] There are too many total processes running: 44!
[RESOURCES] There are too many total processes running: 41!
[RESOURCES] There are too many total processes running: 43!
[RESOURCES] There are too many total processes running: 42!
[RESOURCES] There are too many total processes running: 38!
[RESOURCES] There are too many total processes running: 45!
[RESOURCES] There are too many total processes running: 45!
[RESOURCES] There are too many total processes running: 42!
Running patch plausibility analysis under Java-7 on the patch generated by DynaMoth for Bugs.jar::Wicket-e93fdd5a::7
patch_plausibility.py script started at Tue Aug 20 23:51:03 PDT 2019
Switched to branch 'bugs-dot-jar_WICKET-5838_e93fdd5a'
Reinitialized existing Git repository in /tmp/DynaMoth_Bugs.jar_Wicket_e93fdd5a/.git/
Checking patch wicket-util/src/main/java/org/apache/wicket/util/license/ApacheLicenseHeaderTestCase.java...
Applied patch wicket-util/src/main/java/org/apache/wicket/util/license/ApacheLicenseHeaderTestCase.java cleanly.
Checkout Bugs.jar_Wicket_e93fdd5a
Apply patch ...
Compile Bugs.jar_Wicket_e93fdd5a
Run tests on Bugs.jar_Wicket_e93fdd5a
patch_plausibility.py script finished at Tue Aug 20 23:54:07 PDT 2019
Job finished at Tue Aug 20 23:54:07 PDT 2019
DONE!
