PID: 27745
honu.cs.washington.edu
Job started at Wed Aug 21 13:24:03 PDT 2019
[RESOURCES] There are too many total processes running: 43!
[RESOURCES] There are too many total processes running: 53!
[RESOURCES] There are too many total processes running: 38!
Running patch plausibility analysis under Java-8 on the patch generated by Kali for Bears::spring-projects-spring-data-commons-185852074-193313389::0
patch_plausibility.py script started at Wed Aug 21 13:25:16 PDT 2019
Previous HEAD position was ef7e5ae21 Bug commit from traccar/traccar This commit is based on the source code from the following commit: http://github.com/traccar/traccar/commit/df53571ab09afb15888462dbbed2c3d58759c55a The mentioned commit triggered the following Travis build: http://travis-ci.org/traccar/traccar/builds/255051210.
Switched to branch 'spring-projects-spring-data-commons-185852074-193313389'
Note: checking out '52067710a99e37f9f2e311c8e6458b2f4d06df98'.

You are in 'detached HEAD' state. You can look around, make experimental
changes and commit them, and you can discard any commits you make in this
state without impacting any branches by performing another checkout.

If you want to create a new branch to retain commits you create, you may
do so (now or later) by using -b with the checkout command again. Example:

  git checkout -b <new-branch-name>

HEAD is now at 52067710a Changes in the tests This commit is based on the source code from the following commit: http://github.com/spring-projects/spring-data-commons/commit/cdbd0720836779e332384e1bcec244c3f645af65 The mentioned commit triggered the following Travis build: http://travis-ci.org/spring-projects/spring-data-commons/builds/193313389.
Reinitialized existing Git repository in /tmp/Kali_Bears_spring-projects-spring-data-commons_185852074-193313389/.git/
Checking patch java/org/springframework/data/auditing/IsNewAwareAuditingHandler.java...
error: java/org/springframework/data/auditing/IsNewAwareAuditingHandler.java: No such file or directory
`patch` has failed!
Traceback (most recent call last):
  File "/scratch/rjust/critical_review_of_repair_them_all_data/plausibility/patch_plausibility.py", line 161, in <module>
    die("`patch` has failed!\n")
  File "/scratch/rjust/critical_review_of_repair_them_all_data/plausibility/patch_plausibility.py", line 104, in die
    utils.die(msg=msg, checkout_dir=CHECKOUT_DIR)
  File "/scratch/rjust/critical_review_of_repair_them_all_data/java_7_vs_java_8/utils.py", line 35, in die
    sys.exit(1)
SystemExit: 1
Checkout Bears_spring-projects-spring-data-commons_185852074-193313389
Apply patch ...
patch_plausibility.py has failed!
