PID: 26790
honu.cs.washington.edu
Job started at Wed Aug 21 00:34:10 PDT 2019
[RESOURCES] There are too many total processes running: 39!
[RESOURCES] There are too many total processes running: 41!
[RESOURCES] There are too many total processes running: 39!
[RESOURCES] There are too many total processes running: 49!
[RESOURCES] There are too many total processes running: 39!
[RESOURCES] There are too many total processes running: 41!
[RESOURCES] There are too many total processes running: 43!
[RESOURCES] There are too many total processes running: 42!
[RESOURCES] There are too many total processes running: 38!
[RESOURCES] There are too many total processes running: 42!
Running patch plausibility analysis under Java-7 on the patch generated by jGenProg for Bugs.jar::Commons-Math-2123f780::0
patch_plausibility.py script started at Wed Aug 21 00:38:01 PDT 2019
Switched to branch 'bugs-dot-jar_MATH-618_2123f780'
Picked up JAVA_TOOL_OPTIONS: -XX:CICompilerCount=2 -XX:ParallelGCThreads=2 -XX:ConcGCThreads=2  
Reinitialized existing Git repository in /tmp/jGenProg_Bugs.jar_Commons-Math_2123f780/.git/
Checking patch src/main/java/org/apache/commons/math/complex/Complex.java...
Applied patch src/main/java/org/apache/commons/math/complex/Complex.java cleanly.
There was no 'Please refer to (.*) for the individual test results.' in the maven log file!
Checkout Bugs.jar_Commons-Math_2123f780
Apply patch ...
Get module information
Compile Bugs.jar_Commons-Math_2123f780
Run tests on Bugs.jar_Commons-Math_2123f780
patch_plausibility.py script finished at Wed Aug 21 00:39:19 PDT 2019
Job finished at Wed Aug 21 00:39:19 PDT 2019
DONE!
