PID: 4651
honu.cs.washington.edu
Job started at Wed Aug 21 13:28:29 PDT 2019
[RESOURCES] There are too many total processes running: 48!
[RESOURCES] There are too many total processes running: 45!
[RESOURCES] There are too many total processes running: 43!
Running patch plausibility analysis under Java-8 on the patch generated by DynaMoth for Bugs.jar::Jackrabbit-Oak-93c1aa40::7
patch_plausibility.py script started at Wed Aug 21 13:29:18 PDT 2019
Switched to branch 'bugs-dot-jar_OAK-1959_93c1aa40'
Reinitialized existing Git repository in /tmp/DynaMoth_Bugs.jar_Jackrabbit-Oak_93c1aa40/.git/
Checking patch oak-core/src/main/java/org/apache/jackrabbit/oak/plugins/index/AsyncIndexUpdate.java...
Applied patch oak-core/src/main/java/org/apache/jackrabbit/oak/plugins/index/AsyncIndexUpdate.java cleanly.
There was no 'Please refer to (.*) for the individual test results.' in the maven log file!
Checkout Bugs.jar_Jackrabbit-Oak_93c1aa40
Apply patch ...
Compile Bugs.jar_Jackrabbit-Oak_93c1aa40
Run tests on Bugs.jar_Jackrabbit-Oak_93c1aa40
patch_plausibility.py script finished at Wed Aug 21 13:34:33 PDT 2019
Job finished at Wed Aug 21 13:34:33 PDT 2019
DONE!
