PID: 27720
honu.cs.washington.edu
Job started at Wed Aug 21 12:53:42 PDT 2019
[RESOURCES] There are too many total processes running: 40!
[RESOURCES] There are too many total processes running: 44!
[RESOURCES] There are too many total processes running: 48!
[RESOURCES] There are too many total processes running: 43!
[RESOURCES] There are too many total processes running: 52!
[RESOURCES] There are too many total processes running: 40!
Running patch plausibility analysis under Java-8 on the patch generated by Cardumen for QuixBugs::DEPTH_FIRST_SEARCH-::0
patch_plausibility.py script started at Wed Aug 21 12:55:29 PDT 2019
Initialized empty Git repository in /tmp/Cardumen_QuixBugs_DEPTH_FIRST_SEARCH_/.git/
Checking patch src/main/java/DEPTH_FIRST_SEARCH.java...
Applied patch src/main/java/DEPTH_FIRST_SEARCH.java cleanly.
There was no 'Please refer to (.*) for the individual test results.' in the maven log file!
Checkout QuixBugs_DEPTH_FIRST_SEARCH_
Apply patch ...
Compile QuixBugs_DEPTH_FIRST_SEARCH_
Run tests on QuixBugs_DEPTH_FIRST_SEARCH_
patch_plausibility.py script finished at Wed Aug 21 12:55:40 PDT 2019
Job finished at Wed Aug 21 12:55:40 PDT 2019
DONE!
