PID: 13893
honu.cs.washington.edu
Job started at Wed Aug 21 13:05:43 PDT 2019
[RESOURCES] There are too many total processes running: 50!
[RESOURCES] There are too many total processes running: 40!
Running patch plausibility analysis under Java-8 on the patch generated by Arja for Bugs.jar::Commons-Math-59a0da9c::0
patch_plausibility.py script started at Wed Aug 21 13:06:19 PDT 2019
Switched to branch 'bugs-dot-jar_MATH-293_59a0da9c'
Reinitialized existing Git repository in /tmp/Arja_Bugs.jar_Commons-Math_59a0da9c/.git/
Checking patch src/main/java/org/apache/commons/math/optimization/linear/SimplexSolver.java...
Checking patch src/main/java/org/apache/commons/math/ode/nonstiff/GraggBulirschStoerIntegrator.java...
Applied patch src/main/java/org/apache/commons/math/optimization/linear/SimplexSolver.java cleanly.
Applied patch src/main/java/org/apache/commons/math/ode/nonstiff/GraggBulirschStoerIntegrator.java cleanly.
There was no 'Please refer to (.*) for the individual test results.' in the maven log file!
Checkout Bugs.jar_Commons-Math_59a0da9c
Apply patch ...
Compile Bugs.jar_Commons-Math_59a0da9c
Run tests on Bugs.jar_Commons-Math_59a0da9c
patch_plausibility.py script finished at Wed Aug 21 13:06:56 PDT 2019
Job finished at Wed Aug 21 13:06:56 PDT 2019
DONE!
