Picked up JAVA_TOOL_OPTIONS: -XX:CICompilerCount=2 -XX:ParallelGCThreads=2 -XX:ConcGCThreads=2 -Djdk.net.URLClassPath.disableClassPathURLCheck=true 
Picked up _JAVA_OPTIONS: -Djdk.net.URLClassPath.disableClassPathURLCheck=true
Apache Maven 3.5.0 (Red Hat 3.5.0-4.3)
Maven home: /opt/rh/rh-maven35/root/usr/share/maven
Java version: 1.8.0_181, vendor: Oracle Corporation
Java home: /scratch/rjust/projects/calling-bs/repair-them-all/RepairThemAll/jdks/jdk1.8.0_181/jre
Default locale: en_US, platform encoding: UTF-8
OS name: "linux", version: "4.14.132-1.el7.retpoline.x86_64", arch: "amd64", family: "unix"
[INFO] Scanning for projects...
[WARNING] 
[WARNING] Some problems were encountered while building the effective model for org.apache.accumulo:cloudtrace:jar:1.4.0-incubating-SNAPSHOT
[WARNING] 'build.plugins.plugin.version' for org.apache.maven.plugins:maven-compiler-plugin is missing. @ org.apache.accumulo:accumulo:1.4.0-incubating-SNAPSHOT, /tmp/Kali_Bugs.jar_Accumulo_cd7feb4d/pom.xml, line 161, column 15
[WARNING] 'build.plugins.plugin.version' for org.apache.maven.plugins:maven-surefire-plugin is missing. @ org.apache.accumulo:accumulo:1.4.0-incubating-SNAPSHOT, /tmp/Kali_Bugs.jar_Accumulo_cd7feb4d/pom.xml, line 188, column 15
[WARNING] 'build.plugins.plugin.version' for org.apache.maven.plugins:maven-jar-plugin is missing. @ org.apache.accumulo:accumulo:1.4.0-incubating-SNAPSHOT, /tmp/Kali_Bugs.jar_Accumulo_cd7feb4d/pom.xml, line 122, column 15
[WARNING] 'build.plugins.plugin.version' for org.apache.maven.plugins:maven-clean-plugin is missing. @ org.apache.accumulo:accumulo:1.4.0-incubating-SNAPSHOT, /tmp/Kali_Bugs.jar_Accumulo_cd7feb4d/pom.xml, line 74, column 15
[WARNING] 
[WARNING] Some problems were encountered while building the effective model for org.apache.accumulo:accumulo-core:jar:1.4.0-incubating-SNAPSHOT
[WARNING] 'build.plugins.plugin.version' for org.apache.maven.plugins:maven-compiler-plugin is missing. @ org.apache.accumulo:accumulo:1.4.0-incubating-SNAPSHOT, /tmp/Kali_Bugs.jar_Accumulo_cd7feb4d/pom.xml, line 161, column 15
[WARNING] 'build.plugins.plugin.version' for org.apache.maven.plugins:maven-surefire-plugin is missing. @ org.apache.accumulo:accumulo:1.4.0-incubating-SNAPSHOT, /tmp/Kali_Bugs.jar_Accumulo_cd7feb4d/pom.xml, line 188, column 15
[WARNING] 'build.plugins.plugin.version' for org.apache.maven.plugins:maven-jar-plugin is missing. @ org.apache.accumulo:accumulo-core:[unknown-version], /tmp/Kali_Bugs.jar_Accumulo_cd7feb4d/src/core/pom.xml, line 61, column 15
[WARNING] 'build.plugins.plugin.version' for org.apache.maven.plugins:maven-clean-plugin is missing. @ org.apache.accumulo:accumulo:1.4.0-incubating-SNAPSHOT, /tmp/Kali_Bugs.jar_Accumulo_cd7feb4d/pom.xml, line 74, column 15
[WARNING] 
[WARNING] Some problems were encountered while building the effective model for org.apache.accumulo:accumulo-server:jar:1.4.0-incubating-SNAPSHOT
[WARNING] 'build.plugins.plugin.version' for org.apache.maven.plugins:maven-compiler-plugin is missing. @ org.apache.accumulo:accumulo:1.4.0-incubating-SNAPSHOT, /tmp/Kali_Bugs.jar_Accumulo_cd7feb4d/pom.xml, line 161, column 15
[WARNING] 'build.plugins.plugin.version' for org.apache.maven.plugins:maven-surefire-plugin is missing. @ org.apache.accumulo:accumulo:1.4.0-incubating-SNAPSHOT, /tmp/Kali_Bugs.jar_Accumulo_cd7feb4d/pom.xml, line 188, column 15
[WARNING] 'build.plugins.plugin.version' for org.apache.maven.plugins:maven-jar-plugin is missing. @ org.apache.accumulo:accumulo-server:[unknown-version], /tmp/Kali_Bugs.jar_Accumulo_cd7feb4d/src/server/pom.xml, line 34, column 15
[WARNING] 'build.plugins.plugin.version' for org.apache.maven.plugins:maven-clean-plugin is missing. @ org.apache.accumulo:accumulo:1.4.0-incubating-SNAPSHOT, /tmp/Kali_Bugs.jar_Accumulo_cd7feb4d/pom.xml, line 74, column 15
[WARNING] 
[WARNING] Some problems were encountered while building the effective model for org.apache.accumulo:accumulo-start:jar:1.4.0-incubating-SNAPSHOT
[WARNING] 'build.plugins.plugin.version' for org.apache.maven.plugins:maven-compiler-plugin is missing. @ org.apache.accumulo:accumulo:1.4.0-incubating-SNAPSHOT, /tmp/Kali_Bugs.jar_Accumulo_cd7feb4d/pom.xml, line 161, column 15
[WARNING] 'build.plugins.plugin.version' for org.apache.maven.plugins:maven-surefire-plugin is missing. @ org.apache.accumulo:accumulo:1.4.0-incubating-SNAPSHOT, /tmp/Kali_Bugs.jar_Accumulo_cd7feb4d/pom.xml, line 188, column 15
[WARNING] 'build.plugins.plugin.version' for org.apache.maven.plugins:maven-jar-plugin is missing. @ org.apache.accumulo:accumulo-start:[unknown-version], /tmp/Kali_Bugs.jar_Accumulo_cd7feb4d/src/start/pom.xml, line 34, column 15
[WARNING] 'build.plugins.plugin.version' for org.apache.maven.plugins:maven-clean-plugin is missing. @ org.apache.accumulo:accumulo:1.4.0-incubating-SNAPSHOT, /tmp/Kali_Bugs.jar_Accumulo_cd7feb4d/pom.xml, line 74, column 15
[WARNING] 
[WARNING] Some problems were encountered while building the effective model for org.apache.accumulo:accumulo-examples:jar:1.4.0-incubating-SNAPSHOT
[WARNING] 'build.plugins.plugin.version' for org.apache.maven.plugins:maven-compiler-plugin is missing. @ org.apache.accumulo:accumulo:1.4.0-incubating-SNAPSHOT, /tmp/Kali_Bugs.jar_Accumulo_cd7feb4d/pom.xml, line 161, column 15
[WARNING] 'build.plugins.plugin.version' for org.apache.maven.plugins:maven-surefire-plugin is missing. @ org.apache.accumulo:accumulo:1.4.0-incubating-SNAPSHOT, /tmp/Kali_Bugs.jar_Accumulo_cd7feb4d/pom.xml, line 188, column 15
[WARNING] 'build.plugins.plugin.version' for org.apache.maven.plugins:maven-jar-plugin is missing. @ org.apache.accumulo:accumulo:1.4.0-incubating-SNAPSHOT, /tmp/Kali_Bugs.jar_Accumulo_cd7feb4d/pom.xml, line 122, column 15
[WARNING] 'build.plugins.plugin.version' for org.apache.maven.plugins:maven-clean-plugin is missing. @ org.apache.accumulo:accumulo:1.4.0-incubating-SNAPSHOT, /tmp/Kali_Bugs.jar_Accumulo_cd7feb4d/pom.xml, line 74, column 15
[WARNING] 
[WARNING] Some problems were encountered while building the effective model for org.apache.accumulo:accumulo:pom:1.4.0-incubating-SNAPSHOT
[WARNING] 'build.plugins.plugin.version' for org.apache.maven.plugins:maven-compiler-plugin is missing. @ line 161, column 15
[WARNING] 'build.plugins.plugin.version' for org.apache.maven.plugins:maven-surefire-plugin is missing. @ line 188, column 15
[WARNING] 'build.plugins.plugin.version' for org.apache.maven.plugins:maven-jar-plugin is missing. @ line 122, column 15
[WARNING] 'build.plugins.plugin.version' for org.apache.maven.plugins:maven-clean-plugin is missing. @ line 74, column 15
[WARNING] 
[WARNING] It is highly recommended to fix these problems because they threaten the stability of your build.
[WARNING] 
[WARNING] For this reason, future Maven versions might no longer support building such malformed projects.
[WARNING] 
[INFO] ------------------------------------------------------------------------
[INFO] Reactor Build Order:
[INFO] 
[INFO] accumulo
[INFO] cloudtrace
[INFO] accumulo-start
[INFO] accumulo-core
[INFO] accumulo-server
[INFO] accumulo-examples
[INFO] 
[INFO] ------------------------------------------------------------------------
[INFO] Building accumulo 1.4.0-incubating-SNAPSHOT
[INFO] ------------------------------------------------------------------------
[INFO] 
[INFO] --- maven-enforcer-plugin:1.0-beta-1:enforce (enforce-mvn) @ accumulo ---
[INFO] Downloading: https://repo.maven.apache.org/maven2/org/apache/maven/enforcer/enforcer-api/1.0-beta-1/enforcer-api-1.0-beta-1.pom
[INFO] Downloaded: https://repo.maven.apache.org/maven2/org/apache/maven/enforcer/enforcer-api/1.0-beta-1/enforcer-api-1.0-beta-1.pom (3.3 kB at 7.1 kB/s)
[INFO] Downloading: https://repo.maven.apache.org/maven2/org/apache/maven/enforcer/enforcer-rules/1.0-beta-1/enforcer-rules-1.0-beta-1.pom
[INFO] Downloaded: https://repo.maven.apache.org/maven2/org/apache/maven/enforcer/enforcer-rules/1.0-beta-1/enforcer-rules-1.0-beta-1.pom (4.2 kB at 278 kB/s)
[INFO] Skipping Rule Enforcement.
[INFO] 
[INFO] --- maven-dependency-plugin:2.8:copy-dependencies (copy-dependencies) @ accumulo ---
[INFO] 
[INFO] --- exec-maven-plugin:1.2:exec (user-manual) @ accumulo ---
[INFO] Downloading: https://repo.maven.apache.org/maven2/org/apache/commons/commons-exec/1.0.1/commons-exec-1.0.1.pom
[INFO] Downloaded: https://repo.maven.apache.org/maven2/org/apache/commons/commons-exec/1.0.1/commons-exec-1.0.1.pom (7.2 kB at 450 kB/s)
This is pdfTeX, Version 3.14159265-2.6-1.40.19 (TeX Live 2018) (preloaded format=pdflatex)
 restricted \write18 enabled.
entering extended mode
(./accumulo_user_manual.tex
LaTeX2e <2018-12-01>
(/usr/local/texlive/2018/texmf-dist/tex/latex/base/report.cls
Document Class: report 2018/09/03 v1.4i Standard LaTeX document class
(/usr/local/texlive/2018/texmf-dist/tex/latex/base/size11.clo))
(/usr/local/texlive/2018/texmf-dist/tex/latex/base/alltt.sty)
(/usr/local/texlive/2018/texmf-dist/tex/latex/multirow/multirow.sty)
(/usr/local/texlive/2018/texmf-dist/tex/latex/graphics/graphicx.sty
(/usr/local/texlive/2018/texmf-dist/tex/latex/graphics/keyval.sty)
(/usr/local/texlive/2018/texmf-dist/tex/latex/graphics/graphics.sty
(/usr/local/texlive/2018/texmf-dist/tex/latex/graphics/trig.sty)
(/usr/local/texlive/2018/texmf-dist/tex/latex/graphics-cfg/graphics.cfg)
(/usr/local/texlive/2018/texmf-dist/tex/latex/graphics-def/pdftex.def)))
(/usr/local/texlive/2018/texmf-dist/tex/latex/base/fontenc.sty
(/usr/local/texlive/2018/texmf-dist/tex/latex/base/t1enc.def))
(/usr/local/texlive/2018/texmf-dist/tex/latex/parskip/parskip.sty
(/usr/local/texlive/2018/texmf-dist/tex/latex/oberdiek/kvoptions.sty
(/usr/local/texlive/2018/texmf-dist/tex/generic/oberdiek/ltxcmds.sty)
(/usr/local/texlive/2018/texmf-dist/tex/generic/oberdiek/kvsetkeys.sty
(/usr/local/texlive/2018/texmf-dist/tex/generic/oberdiek/infwarerr.sty)
(/usr/local/texlive/2018/texmf-dist/tex/generic/oberdiek/etexcmds.sty
(/usr/local/texlive/2018/texmf-dist/tex/generic/oberdiek/ifluatex.sty))))
(/usr/local/texlive/2018/texmf-dist/tex/latex/etoolbox/etoolbox.sty))
(/usr/local/texlive/2018/texmf-dist/tex/latex/hyperref/hyperref.sty
(/usr/local/texlive/2018/texmf-dist/tex/generic/oberdiek/hobsub-hyperref.sty
(/usr/local/texlive/2018/texmf-dist/tex/generic/oberdiek/hobsub-generic.sty))
(/usr/local/texlive/2018/texmf-dist/tex/generic/ifxetex/ifxetex.sty)
(/usr/local/texlive/2018/texmf-dist/tex/latex/oberdiek/auxhook.sty)
(/usr/local/texlive/2018/texmf-dist/tex/latex/hyperref/pd1enc.def)
(/usr/local/texlive/2018/texmf-dist/tex/latex/latexconfig/hyperref.cfg)
(/usr/local/texlive/2018/texmf-dist/tex/latex/url/url.sty))
(/usr/local/texlive/2018/texmf-dist/tex/latex/hyperref/hpdftex.def
(/usr/local/texlive/2018/texmf-dist/tex/latex/oberdiek/rerunfilecheck.sty))
No file accumulo_user_manual.aux.
(/usr/local/texlive/2018/texmf-dist/tex/context/base/mkii/supp-pdf.mkii
[Loading MPS to PDF converter (version 2006.09.02).]
) (/usr/local/texlive/2018/texmf-dist/tex/latex/oberdiek/epstopdf-base.sty
(/usr/local/texlive/2018/texmf-dist/tex/latex/oberdiek/grfext.sty)
(/usr/local/texlive/2018/texmf-dist/tex/latex/latexconfig/epstopdf-sys.cfg))
(/usr/local/texlive/2018/texmf-dist/tex/latex/hyperref/nameref.sty
(/usr/local/texlive/2018/texmf-dist/tex/generic/oberdiek/gettitlestring.sty))

LaTeX Warning: No \author given.

[1{/usr/local/texlive/2018/texmf-var/fonts/map/pdftex/updmap/pdftex.map}]pdfTeX
 warning (ext4): destination with the same identifier (name{page.1}) has been a
lready used, duplicate ignored
<to be read again> 
                   \relax 
l.42 \include{chapters/introduction}
                                     [1] (./chapters/introduction.tex
Chapter 1.
) [2] (./chapters/design.tex
Chapter 2.
[3] [4] [5 <./images/data_distribution.png>] [6]) [7 <./images/failure_handling
.png (PNG copy)>] (./chapters/shell.tex
Chapter 3.
(/usr/local/texlive/2018/texmf-dist/tex/latex/txfonts/t1txtt.fd) [8] [9])
[10] (./chapters/clients.tex
Chapter 4.
[11] [12] (/usr/local/texlive/2018/texmf-dist/tex/latex/base/omscmr.fd)
Overfull \hbox (48.45232pt too wide) in paragraph at lines 135--137
\T1/txtt/m/n/10.95 src/examples/src/main/java/org/apache/accumulo/examples/isol
ation/InterferenceTest.java 
[13]) [14] (./chapters/table_configuration.tex
Chapter 5.
[15]
Overfull \hbox (26.06111pt too wide) in paragraph at lines 108--108
[]\T1/txtt/m/n/10 user@myinstance mytable> config -t mytable -s table.constrain
t.1=com.test.ExampleConstraint[] 

Overfull \hbox (26.06111pt too wide) in paragraph at lines 108--108
[]\T1/txtt/m/n/10 user@myinstance mytable> config -t mytable -s table.constrain
t.2=com.test.AnotherConstraint[] 

Overfull \hbox (126.66458pt too wide) in paragraph at lines 111--114
\T1/cmr/m/n/10.95 New con-straints can be cre-ated by writ-ing a Java class tha
t im-ple-ments the org.apache.accumulo.core.constraints.Constraint
[16] [17] [18]
Overfull \hbox (36.56108pt too wide) in paragraph at lines 269--269
[]\T1/txtt/m/n/10 user@myinstance filtertest> setiter -t filtertest -scan -minc
 -majc -p 10 -n myfilter -ageoff[] 

Overfull \hbox (477.5598pt too wide) in paragraph at lines 269--269
[]\T1/txtt/m/n/10 ----------> set org.apache.accumulo.core.iterators.user.AgeOf
fFilter parameter negate, default false keeps k/v that pass accept method, true
 rejects k/v that pass accept method:[] 

Overfull \hbox (162.56071pt too wide) in paragraph at lines 269--269
[]\T1/txtt/m/n/10 ----------> set org.apache.accumulo.core.iterators.user.AgeOf
fFilter parameter ttl, time to live (milliseconds): 3000[] 

Overfull \hbox (514.3097pt too wide) in paragraph at lines 269--269
[]\T1/txtt/m/n/10 ----------> set org.apache.accumulo.core.iterators.user.AgeOf
fFilter parameter currentTime, if set, use the given value as the absolute time
 in milliseconds as the current time of day:[] 
[19]
Overfull \hbox (136.31079pt too wide) in paragraph at lines 293--293
[]\T1/txtt/m/n/10 table    | table.iterator.majc.myfilter .............. | 10,o
rg.apache.accumulo.core.iterators.user.AgeOffFilter[] 

Overfull \hbox (141.56078pt too wide) in paragraph at lines 293--293
[]\T1/txtt/m/n/10 table    | table.iterator.majc.vers .................. | 20,o
rg.apache.accumulo.core.iterators.VersioningIterator[] 

Overfull \hbox (136.31079pt too wide) in paragraph at lines 293--293
[]\T1/txtt/m/n/10 table    | table.iterator.minc.myfilter .............. | 10,o
rg.apache.accumulo.core.iterators.user.AgeOffFilter[] 

Overfull \hbox (141.56078pt too wide) in paragraph at lines 293--293
[]\T1/txtt/m/n/10 table    | table.iterator.minc.vers .................. | 20,o
rg.apache.accumulo.core.iterators.VersioningIterator[] 

Overfull \hbox (136.31079pt too wide) in paragraph at lines 293--293
[]\T1/txtt/m/n/10 table    | table.iterator.scan.myfilter .............. | 10,o
rg.apache.accumulo.core.iterators.user.AgeOffFilter[] 

Overfull \hbox (141.56078pt too wide) in paragraph at lines 293--293
[]\T1/txtt/m/n/10 table    | table.iterator.scan.vers .................. | 20,o
rg.apache.accumulo.core.iterators.VersioningIterator[] 
[20]
Overfull \hbox (17.64691pt too wide) in paragraph at lines 355--357
\T1/cmr/m/n/10.95 accumulo/src/examples/main/java/org/apache/accumulo/examples/
combiner/StatsCombiner.java 

Overfull \hbox (8.21118pt too wide) in paragraph at lines 376--376
[]\T1/txtt/m/n/10.95 table.cache.block.enable: Determines whether file (data) b
lock cache is enabled.[] 
[21] [22] [23] [24] [25]) [26] (./chapters/table_design.tex
Chapter 6.
[27] [28] [29] [30] [31] [32]) [33] (./chapters/high_speed_ingest.tex
Chapter 7.
[34] [35]) [36] (./chapters/analytics.tex
Chapter 8.
[37] [38] [39]) [40] (./chapters/security.tex
Chapter 9.
[41] [42]
Overfull \hbox (31.3111pt too wide) in paragraph at lines 124--124
[]\T1/txtt/m/n/10 config -t table -s table.constraint.1=org.apache.accumulo.cor
e.security.VisibilityConstraint[] 
[43]) [44] (./chapters/administration.tex
Chapter 10.
[45]
Overfull \hbox (3.49286pt too wide) in paragraph at lines 56--63
\T1/cmr/m/n/10.95 Accumulo re-quires HDFS and ZooKeeper to be con-fig-ured and 
run-ning be-fore start-ing. Password-
[46] [47] [48]) [49] (./appendices/shell_commands.tex
Appendix A.

Overfull \hbox (13.95992pt too wide) in paragraph at lines 41--41
[]      \T1/txtt/m/n/10.95 -sf,--splits-file <filename>file with newline separa
ted list of rows to add[] 
[50]
Overfull \hbox (36.95485pt too wide) in paragraph at lines 71--71
[]    \T1/txtt/m/n/10.95 usage: clonetable <current table name> <new table name
> [-?] [-e <arg>] [-nf] [-s[] 

Overfull \hbox (13.95992pt too wide) in paragraph at lines 75--75
[]      \T1/txtt/m/n/10.95 -e,--exclude <arg>  properties that should not be co
pied from source table.[] 

Overfull \hbox (25.45738pt too wide) in paragraph at lines 78--78
[]      \T1/txtt/m/n/10.95 -s,--set <arg>  set initial properties before the ta
ble comes online. Expects[] 
[51]
Overfull \hbox (25.45738pt too wide) in paragraph at lines 89--89
[]    \T1/txtt/m/n/10.95 usage: compact [-?] [-b <arg>] [-e <arg>] [-nf] [-p <p
attern> | -t <tableName>][] 

Overfull \hbox (19.70865pt too wide) in paragraph at lines 91--91
[]    \T1/txtt/m/n/10.95 description: sets all tablets for a table to major com
pact as soon as possible[] 

Overfull \hbox (8.21118pt too wide) in paragraph at lines 103--103
[]    \T1/txtt/m/n/10.95 usage: config [-?] [-d <property> | -f <string> | -s <
property=value>] [-np][] 
[52]
Overfull \hbox (31.20612pt too wide) in paragraph at lines 127--127
[]      \T1/txtt/m/n/10.95 -evc,--enable-visibility-constraint  prevents users 
from writing data they can[] 

Overfull \hbox (25.45738pt too wide) in paragraph at lines 130--130
[]      \T1/txtt/m/n/10.95 -ndi,--no-default-iterators  prevents creation of th
e normal default iterator[] 

Overfull \hbox (31.20612pt too wide) in paragraph at lines 142--142
[]      \T1/txtt/m/n/10.95 -s,--scan-authorizations <comma-separated-authorizat
ions>  scan authorizations[] 

Overfull \hbox (36.95485pt too wide) in paragraph at lines 156--156
[]      \T1/txtt/m/n/10.95 -l,--authorization-label <expression>  formatted aut
horization label expression[] 
[53]
Overfull \hbox (8.21118pt too wide) in paragraph at lines 178--178
[]      \T1/txtt/m/n/10.95 -c,--columns <<columnfamily>[:<columnqualifier>]>  c
omma-separated columns[] 

Overfull \hbox (31.20612pt too wide) in paragraph at lines 182--182
[]      \T1/txtt/m/n/10.95 -s,--scan-authorizations <comma-separated-authorizat
ions>  scan authorizations[] 

Overfull \hbox (31.20612pt too wide) in paragraph at lines 191--191
[]    \T1/txtt/m/n/10.95 Note that rows matching the start row ARE NOT deleted,
 but rows matching the end[] 

Overfull \hbox (2.46245pt too wide) in paragraph at lines 205--205
[]    \T1/txtt/m/n/10.95 description: deletes a table-specific scan iterator so
 it is no longer used[] 
[54]
Overfull \hbox (31.20612pt too wide) in paragraph at lines 241--241
[]    \T1/txtt/m/n/10.95 description: Prints how much space is used by files re
ferenced by a table.  When[] 
[55]
Overfull \hbox (13.95992pt too wide) in paragraph at lines 252--252
[]    \T1/txtt/m/n/10.95 description: searches each row, column family, column 
qualifier and value, in[] 

Overfull \hbox (8.21118pt too wide) in paragraph at lines 256--256
[]      \T1/txtt/m/n/10.95 -c,--columns <<columnfamily>[:<columnqualifier>]>  c
omma-separated columns[] 

Overfull \hbox (31.20612pt too wide) in paragraph at lines 260--260
[]      \T1/txtt/m/n/10.95 -s,--scan-authorizations <comma-separated-authorizat
ions>  scan authorizations[] 

Overfull \hbox (13.95992pt too wide) in paragraph at lines 280--280
[]    \T1/txtt/m/n/10.95 usage: flush [-?] [-b <arg>] [-e <arg>] [-p <pattern> 
| -t <tableName>]  [-w][] 
[56]
Overfull \hbox (8.21118pt too wide) in paragraph at lines 294--294
[]      \T1/txtt/m/n/10.95 -f,--formatter <className>  fully qualified name of 
formatter class to use[] 

Overfull \hbox (31.20612pt too wide) in paragraph at lines 315--315
[]    \T1/txtt/m/n/10.95 description: retrieves the current split points for ta
blets in the current table[] 

Overfull \hbox (8.21118pt too wide) in paragraph at lines 325--325
[]    \T1/txtt/m/n/10.95 usage: grant <permission> [-?] -p <pattern> | -s | -t 
<table>  -u <username>[] 
[57]
Overfull \hbox (19.70865pt too wide) in paragraph at lines 338--338
[]    \T1/txtt/m/n/10.95 description: searches each row, column family, column 
qualifier and value in a[] 

Overfull \hbox (8.21118pt too wide) in paragraph at lines 343--343
[]      \T1/txtt/m/n/10.95 -c,--columns <<columnfamily>[:<columnqualifier>]>  c
omma-separated columns[] 

Overfull \hbox (31.20612pt too wide) in paragraph at lines 347--347
[]      \T1/txtt/m/n/10.95 -s,--scan-authorizations <comma-separated-authorizat
ions>  scan authorizations[] 
[58]
Overfull \hbox (36.95485pt too wide) in paragraph at lines 369--369
[]    \T1/txtt/m/n/10.95 description: bulk imports an entire directory of data 
files to the current table.[] 

Overfull \hbox (36.95485pt too wide) in paragraph at lines 382--382
[]    \T1/txtt/m/n/10.95 usage: insert <row> <colfamily> <colqualifier> <value>
 [-?] [-l <expression>] [-t[] 

Overfull \hbox (36.95485pt too wide) in paragraph at lines 386--386
[]      \T1/txtt/m/n/10.95 -l,--authorization-label <expression>  formatted aut
horization label expression[] 

Overfull \hbox (54.20105pt too wide) in paragraph at lines 393--393
[]           \T1/txtt/m/n/10.95 org.apache.accumulo.core.client.admin.ActiveSca
n javadoc for more information[] 

Overfull \hbox (13.95992pt too wide) in paragraph at lines 397--397
[]      \T1/txtt/m/n/10.95 -ts,--tabletServer <tablet server>  list scans for a
 specific tablet server[] 
[59]
Overfull \hbox (2.46245pt too wide) in paragraph at lines 412--412
[]      \T1/txtt/m/n/10.95 -be,--begin-exclusive  make start row exclusive, by 
defaults it inclusive[] 

Overfull \hbox (31.20612pt too wide) in paragraph at lines 415--415
[]      \T1/txtt/m/n/10.95 -s,--scan-authorizations <comma-separated-authorizat
ions>  scan authorizations[] 

Overfull \hbox (8.21118pt too wide) in paragraph at lines 426--426
[]      \T1/txtt/m/n/10.95 -f,--force  merge small tablets to large tablets, ev
en if it goes over the[] 
[60]
Overfull \hbox (25.45738pt too wide) in paragraph at lines 485--485
[]    \T1/txtt/m/n/10.95 usage: scan [-?] [-b <start-row>] [-c <<columnfamily>[
:<columnqualifier>]>] [-e[] 
[61]
Overfull \hbox (8.21118pt too wide) in paragraph at lines 491--491
[]      \T1/txtt/m/n/10.95 -c,--columns <<columnfamily>[:<columnqualifier>]>  c
omma-separated columns[] 

Overfull \hbox (31.20612pt too wide) in paragraph at lines 495--495
[]      \T1/txtt/m/n/10.95 -s,--scan-authorizations <comma-separated-authorizat
ions>  scan authorizations[] 

Overfull \hbox (31.20612pt too wide) in paragraph at lines 507--507
[]      \T1/txtt/m/n/10.95 -s,--scan-authorizations <comma-separated-authorizat
ions>  scan authorizations[] 

Overfull \hbox (36.95485pt too wide) in paragraph at lines 513--513
[]    \T1/txtt/m/n/10.95 usage: selectrow <row> [-?] [-np] [-s <comma-separated
-authorizations>] [-st] [-t[] 

Overfull \hbox (31.20612pt too wide) in paragraph at lines 518--518
[]      \T1/txtt/m/n/10.95 -s,--scan-authorizations <comma-separated-authorizat
ions>  scan authorizations[] 
[62]
Overfull \hbox (19.70865pt too wide) in paragraph at lines 536--536
[]    \T1/txtt/m/n/10.95 description: sets the locality groups for a given tabl
e (for binary or commas,[] 

Overfull \hbox (19.70865pt too wide) in paragraph at lines 543--543
[]    \T1/txtt/m/n/10.95 usage: setiter [-?] -ageoff | -agg | -class <name> | -
nolabel | -regex | -vers[] 

Overfull \hbox (8.21118pt too wide) in paragraph at lines 562--562
[]    \T1/txtt/m/n/10.95 usage: setscaniter [-?] -ageoff | -agg | -class <name>
 | -nolabel | -regex |[] 
[63] [64]) [65] (./accumulo_user_manual.aux (./chapters/introduction.aux)
(./chapters/design.aux) (./chapters/shell.aux) (./chapters/clients.aux)
(./chapters/table_configuration.aux) (./chapters/table_design.aux)
(./chapters/high_speed_ingest.aux) (./chapters/analytics.aux)
(./chapters/security.aux) (./chapters/administration.aux)
(./appendices/shell_commands.aux))

Package rerunfilecheck Warning: File `accumulo_user_manual.out' has changed.
(rerunfilecheck)                Rerun to get outlines right
(rerunfilecheck)                or use package `bookmark'.

 )
(see the transcript file for additional information){/usr/local/texlive/2018/te
xmf-dist/fonts/enc/dvips/cm-super/cm-super-t1.enc}</usr/local/texlive/2018/texm
f-dist/fonts/type1/public/amsfonts/cm/cmbx10.pfb></usr/local/texlive/2018/texmf
-dist/fonts/type1/public/amsfonts/cm/cmmi10.pfb></usr/local/texlive/2018/texmf-
dist/fonts/type1/public/amsfonts/cm/cmmi8.pfb></usr/local/texlive/2018/texmf-di
st/fonts/type1/public/amsfonts/cm/cmr10.pfb></usr/local/texlive/2018/texmf-dist
/fonts/type1/public/amsfonts/cm/cmr8.pfb></usr/local/texlive/2018/texmf-dist/fo
nts/type1/public/amsfonts/cm/cmsy10.pfb></usr/local/texlive/2018/texmf-dist/fon
ts/type1/public/cm-super/sfbx1095.pfb></usr/local/texlive/2018/texmf-dist/fonts
/type1/public/cm-super/sfbx1200.pfb></usr/local/texlive/2018/texmf-dist/fonts/t
ype1/public/cm-super/sfbx1440.pfb></usr/local/texlive/2018/texmf-dist/fonts/typ
e1/public/cm-super/sfbx2074.pfb></usr/local/texlive/2018/texmf-dist/fonts/type1
/public/cm-super/sfbx2488.pfb></usr/local/texlive/2018/texmf-dist/fonts/type1/p
ublic/cm-super/sfrm1095.pfb></usr/local/texlive/2018/texmf-dist/fonts/type1/pub
lic/cm-super/sfrm1200.pfb></usr/local/texlive/2018/texmf-dist/fonts/type1/publi
c/cm-super/sfrm1728.pfb></usr/local/texlive/2018/texmf-dist/fonts/type1/public/
cm-super/sfti1095.pfb></usr/local/texlive/2018/texmf-dist/fonts/type1/public/tx
fonts/t1xbtt.pfb></usr/local/texlive/2018/texmf-dist/fonts/type1/public/txfonts
/t1xtt.pfb>
Output written on accumulo_user_manual.pdf (66 pages, 434554 bytes).
Transcript written on accumulo_user_manual.log.
This is pdfTeX, Version 3.14159265-2.6-1.40.19 (TeX Live 2018) (preloaded format=pdflatex)
 restricted \write18 enabled.
entering extended mode
(./accumulo_user_manual.tex
LaTeX2e <2018-12-01>
(/usr/local/texlive/2018/texmf-dist/tex/latex/base/report.cls
Document Class: report 2018/09/03 v1.4i Standard LaTeX document class
(/usr/local/texlive/2018/texmf-dist/tex/latex/base/size11.clo))
(/usr/local/texlive/2018/texmf-dist/tex/latex/base/alltt.sty)
(/usr/local/texlive/2018/texmf-dist/tex/latex/multirow/multirow.sty)
(/usr/local/texlive/2018/texmf-dist/tex/latex/graphics/graphicx.sty
(/usr/local/texlive/2018/texmf-dist/tex/latex/graphics/keyval.sty)
(/usr/local/texlive/2018/texmf-dist/tex/latex/graphics/graphics.sty
(/usr/local/texlive/2018/texmf-dist/tex/latex/graphics/trig.sty)
(/usr/local/texlive/2018/texmf-dist/tex/latex/graphics-cfg/graphics.cfg)
(/usr/local/texlive/2018/texmf-dist/tex/latex/graphics-def/pdftex.def)))
(/usr/local/texlive/2018/texmf-dist/tex/latex/base/fontenc.sty
(/usr/local/texlive/2018/texmf-dist/tex/latex/base/t1enc.def))
(/usr/local/texlive/2018/texmf-dist/tex/latex/parskip/parskip.sty
(/usr/local/texlive/2018/texmf-dist/tex/latex/oberdiek/kvoptions.sty
(/usr/local/texlive/2018/texmf-dist/tex/generic/oberdiek/ltxcmds.sty)
(/usr/local/texlive/2018/texmf-dist/tex/generic/oberdiek/kvsetkeys.sty
(/usr/local/texlive/2018/texmf-dist/tex/generic/oberdiek/infwarerr.sty)
(/usr/local/texlive/2018/texmf-dist/tex/generic/oberdiek/etexcmds.sty
(/usr/local/texlive/2018/texmf-dist/tex/generic/oberdiek/ifluatex.sty))))
(/usr/local/texlive/2018/texmf-dist/tex/latex/etoolbox/etoolbox.sty))
(/usr/local/texlive/2018/texmf-dist/tex/latex/hyperref/hyperref.sty
(/usr/local/texlive/2018/texmf-dist/tex/generic/oberdiek/hobsub-hyperref.sty
(/usr/local/texlive/2018/texmf-dist/tex/generic/oberdiek/hobsub-generic.sty))
(/usr/local/texlive/2018/texmf-dist/tex/generic/ifxetex/ifxetex.sty)
(/usr/local/texlive/2018/texmf-dist/tex/latex/oberdiek/auxhook.sty)
(/usr/local/texlive/2018/texmf-dist/tex/latex/hyperref/pd1enc.def)
(/usr/local/texlive/2018/texmf-dist/tex/latex/latexconfig/hyperref.cfg)
(/usr/local/texlive/2018/texmf-dist/tex/latex/url/url.sty))
(/usr/local/texlive/2018/texmf-dist/tex/latex/hyperref/hpdftex.def
(/usr/local/texlive/2018/texmf-dist/tex/latex/oberdiek/rerunfilecheck.sty))
(./accumulo_user_manual.aux (./chapters/introduction.aux)
(./chapters/design.aux) (./chapters/shell.aux) (./chapters/clients.aux)
(./chapters/table_configuration.aux) (./chapters/table_design.aux)
(./chapters/high_speed_ingest.aux) (./chapters/analytics.aux)
(./chapters/security.aux) (./chapters/administration.aux)
(./appendices/shell_commands.aux))
(/usr/local/texlive/2018/texmf-dist/tex/context/base/mkii/supp-pdf.mkii
[Loading MPS to PDF converter (version 2006.09.02).]
) (/usr/local/texlive/2018/texmf-dist/tex/latex/oberdiek/epstopdf-base.sty
(/usr/local/texlive/2018/texmf-dist/tex/latex/oberdiek/grfext.sty)
(/usr/local/texlive/2018/texmf-dist/tex/latex/latexconfig/epstopdf-sys.cfg))
(/usr/local/texlive/2018/texmf-dist/tex/latex/hyperref/nameref.sty
(/usr/local/texlive/2018/texmf-dist/tex/generic/oberdiek/gettitlestring.sty))
(./accumulo_user_manual.out) (./accumulo_user_manual.out)

LaTeX Warning: No \author given.

[1{/usr/local/texlive/2018/texmf-var/fonts/map/pdftex/updmap/pdftex.map}]
(./accumulo_user_manual.tocpdfTeX warning (ext4): destination with the same ide
ntifier (name{page.1}) has been already used, duplicate ignored
<to be read again> 
                   \relax 
l.26 ...ine {5}Table Configuration}{15}{chapter.5}
                                                  % [1] [2]) [3]
(./chapters/introduction.tex
Chapter 1.
) [4] (./chapters/design.tex
Chapter 2.
[5] [6] [7 <./images/data_distribution.png>] [8]) [9 <./images/failure_handling
.png (PNG copy)>] (./chapters/shell.tex
Chapter 3.
(/usr/local/texlive/2018/texmf-dist/tex/latex/txfonts/t1txtt.fd) [10] [11])
[12] (./chapters/clients.tex
Chapter 4.
[13] [14] (/usr/local/texlive/2018/texmf-dist/tex/latex/base/omscmr.fd)
Overfull \hbox (48.45232pt too wide) in paragraph at lines 135--137
\T1/txtt/m/n/10.95 src/examples/src/main/java/org/apache/accumulo/examples/isol
ation/InterferenceTest.java 
[15]) [16] (./chapters/table_configuration.tex
Chapter 5.
[17]
Overfull \hbox (26.06111pt too wide) in paragraph at lines 108--108
[]\T1/txtt/m/n/10 user@myinstance mytable> config -t mytable -s table.constrain
t.1=com.test.ExampleConstraint[] 

Overfull \hbox (26.06111pt too wide) in paragraph at lines 108--108
[]\T1/txtt/m/n/10 user@myinstance mytable> config -t mytable -s table.constrain
t.2=com.test.AnotherConstraint[] 

Overfull \hbox (126.66458pt too wide) in paragraph at lines 111--114
\T1/cmr/m/n/10.95 New con-straints can be cre-ated by writ-ing a Java class tha
t im-ple-ments the org.apache.accumulo.core.constraints.Constraint
[18] [19] [20]
Overfull \hbox (36.56108pt too wide) in paragraph at lines 269--269
[]\T1/txtt/m/n/10 user@myinstance filtertest> setiter -t filtertest -scan -minc
 -majc -p 10 -n myfilter -ageoff[] 

Overfull \hbox (477.5598pt too wide) in paragraph at lines 269--269
[]\T1/txtt/m/n/10 ----------> set org.apache.accumulo.core.iterators.user.AgeOf
fFilter parameter negate, default false keeps k/v that pass accept method, true
 rejects k/v that pass accept method:[] 

Overfull \hbox (162.56071pt too wide) in paragraph at lines 269--269
[]\T1/txtt/m/n/10 ----------> set org.apache.accumulo.core.iterators.user.AgeOf
fFilter parameter ttl, time to live (milliseconds): 3000[] 

Overfull \hbox (514.3097pt too wide) in paragraph at lines 269--269
[]\T1/txtt/m/n/10 ----------> set org.apache.accumulo.core.iterators.user.AgeOf
fFilter parameter currentTime, if set, use the given value as the absolute time
 in milliseconds as the current time of day:[] 
[21]
Overfull \hbox (136.31079pt too wide) in paragraph at lines 293--293
[]\T1/txtt/m/n/10 table    | table.iterator.majc.myfilter .............. | 10,o
rg.apache.accumulo.core.iterators.user.AgeOffFilter[] 

Overfull \hbox (141.56078pt too wide) in paragraph at lines 293--293
[]\T1/txtt/m/n/10 table    | table.iterator.majc.vers .................. | 20,o
rg.apache.accumulo.core.iterators.VersioningIterator[] 

Overfull \hbox (136.31079pt too wide) in paragraph at lines 293--293
[]\T1/txtt/m/n/10 table    | table.iterator.minc.myfilter .............. | 10,o
rg.apache.accumulo.core.iterators.user.AgeOffFilter[] 

Overfull \hbox (141.56078pt too wide) in paragraph at lines 293--293
[]\T1/txtt/m/n/10 table    | table.iterator.minc.vers .................. | 20,o
rg.apache.accumulo.core.iterators.VersioningIterator[] 

Overfull \hbox (136.31079pt too wide) in paragraph at lines 293--293
[]\T1/txtt/m/n/10 table    | table.iterator.scan.myfilter .............. | 10,o
rg.apache.accumulo.core.iterators.user.AgeOffFilter[] 

Overfull \hbox (141.56078pt too wide) in paragraph at lines 293--293
[]\T1/txtt/m/n/10 table    | table.iterator.scan.vers .................. | 20,o
rg.apache.accumulo.core.iterators.VersioningIterator[] 
[22]
Overfull \hbox (17.64691pt too wide) in paragraph at lines 355--357
\T1/cmr/m/n/10.95 accumulo/src/examples/main/java/org/apache/accumulo/examples/
combiner/StatsCombiner.java 

Overfull \hbox (8.21118pt too wide) in paragraph at lines 376--376
[]\T1/txtt/m/n/10.95 table.cache.block.enable: Determines whether file (data) b
lock cache is enabled.[] 
[23] [24] [25] [26] [27]) [28] (./chapters/table_design.tex
Chapter 6.
[29] [30] [31] [32] [33] [34]) [35] (./chapters/high_speed_ingest.tex
Chapter 7.
[36] [37]) [38] (./chapters/analytics.tex
Chapter 8.
[39] [40] [41]) [42] (./chapters/security.tex
Chapter 9.
[43] [44]
Overfull \hbox (31.3111pt too wide) in paragraph at lines 124--124
[]\T1/txtt/m/n/10 config -t table -s table.constraint.1=org.apache.accumulo.cor
e.security.VisibilityConstraint[] 
[45]) [46] (./chapters/administration.tex
Chapter 10.
[47]
Overfull \hbox (3.49286pt too wide) in paragraph at lines 56--63
\T1/cmr/m/n/10.95 Accumulo re-quires HDFS and ZooKeeper to be con-fig-ured and 
run-ning be-fore start-ing. Password-
[48] [49] [50]) [51] (./appendices/shell_commands.tex
Appendix A.

Overfull \hbox (13.95992pt too wide) in paragraph at lines 41--41
[]      \T1/txtt/m/n/10.95 -sf,--splits-file <filename>file with newline separa
ted list of rows to add[] 
[52]
Overfull \hbox (36.95485pt too wide) in paragraph at lines 71--71
[]    \T1/txtt/m/n/10.95 usage: clonetable <current table name> <new table name
> [-?] [-e <arg>] [-nf] [-s[] 

Overfull \hbox (13.95992pt too wide) in paragraph at lines 75--75
[]      \T1/txtt/m/n/10.95 -e,--exclude <arg>  properties that should not be co
pied from source table.[] 

Overfull \hbox (25.45738pt too wide) in paragraph at lines 78--78
[]      \T1/txtt/m/n/10.95 -s,--set <arg>  set initial properties before the ta
ble comes online. Expects[] 
[53]
Overfull \hbox (25.45738pt too wide) in paragraph at lines 89--89
[]    \T1/txtt/m/n/10.95 usage: compact [-?] [-b <arg>] [-e <arg>] [-nf] [-p <p
attern> | -t <tableName>][] 

Overfull \hbox (19.70865pt too wide) in paragraph at lines 91--91
[]    \T1/txtt/m/n/10.95 description: sets all tablets for a table to major com
pact as soon as possible[] 

Overfull \hbox (8.21118pt too wide) in paragraph at lines 103--103
[]    \T1/txtt/m/n/10.95 usage: config [-?] [-d <property> | -f <string> | -s <
property=value>] [-np][] 
[54]
Overfull \hbox (31.20612pt too wide) in paragraph at lines 127--127
[]      \T1/txtt/m/n/10.95 -evc,--enable-visibility-constraint  prevents users 
from writing data they can[] 

Overfull \hbox (25.45738pt too wide) in paragraph at lines 130--130
[]      \T1/txtt/m/n/10.95 -ndi,--no-default-iterators  prevents creation of th
e normal default iterator[] 

Overfull \hbox (31.20612pt too wide) in paragraph at lines 142--142
[]      \T1/txtt/m/n/10.95 -s,--scan-authorizations <comma-separated-authorizat
ions>  scan authorizations[] 

Overfull \hbox (36.95485pt too wide) in paragraph at lines 156--156
[]      \T1/txtt/m/n/10.95 -l,--authorization-label <expression>  formatted aut
horization label expression[] 
[55]
Overfull \hbox (8.21118pt too wide) in paragraph at lines 178--178
[]      \T1/txtt/m/n/10.95 -c,--columns <<columnfamily>[:<columnqualifier>]>  c
omma-separated columns[] 

Overfull \hbox (31.20612pt too wide) in paragraph at lines 182--182
[]      \T1/txtt/m/n/10.95 -s,--scan-authorizations <comma-separated-authorizat
ions>  scan authorizations[] 

Overfull \hbox (31.20612pt too wide) in paragraph at lines 191--191
[]    \T1/txtt/m/n/10.95 Note that rows matching the start row ARE NOT deleted,
 but rows matching the end[] 

Overfull \hbox (2.46245pt too wide) in paragraph at lines 205--205
[]    \T1/txtt/m/n/10.95 description: deletes a table-specific scan iterator so
 it is no longer used[] 
[56]
Overfull \hbox (31.20612pt too wide) in paragraph at lines 241--241
[]    \T1/txtt/m/n/10.95 description: Prints how much space is used by files re
ferenced by a table.  When[] 
[57]
Overfull \hbox (13.95992pt too wide) in paragraph at lines 252--252
[]    \T1/txtt/m/n/10.95 description: searches each row, column family, column 
qualifier and value, in[] 

Overfull \hbox (8.21118pt too wide) in paragraph at lines 256--256
[]      \T1/txtt/m/n/10.95 -c,--columns <<columnfamily>[:<columnqualifier>]>  c
omma-separated columns[] 

Overfull \hbox (31.20612pt too wide) in paragraph at lines 260--260
[]      \T1/txtt/m/n/10.95 -s,--scan-authorizations <comma-separated-authorizat
ions>  scan authorizations[] 

Overfull \hbox (13.95992pt too wide) in paragraph at lines 280--280
[]    \T1/txtt/m/n/10.95 usage: flush [-?] [-b <arg>] [-e <arg>] [-p <pattern> 
| -t <tableName>]  [-w][] 
[58]
Overfull \hbox (8.21118pt too wide) in paragraph at lines 294--294
[]      \T1/txtt/m/n/10.95 -f,--formatter <className>  fully qualified name of 
formatter class to use[] 

Overfull \hbox (31.20612pt too wide) in paragraph at lines 315--315
[]    \T1/txtt/m/n/10.95 description: retrieves the current split points for ta
blets in the current table[] 

Overfull \hbox (8.21118pt too wide) in paragraph at lines 325--325
[]    \T1/txtt/m/n/10.95 usage: grant <permission> [-?] -p <pattern> | -s | -t 
<table>  -u <username>[] 
[59]
Overfull \hbox (19.70865pt too wide) in paragraph at lines 338--338
[]    \T1/txtt/m/n/10.95 description: searches each row, column family, column 
qualifier and value in a[] 

Overfull \hbox (8.21118pt too wide) in paragraph at lines 343--343
[]      \T1/txtt/m/n/10.95 -c,--columns <<columnfamily>[:<columnqualifier>]>  c
omma-separated columns[] 

Overfull \hbox (31.20612pt too wide) in paragraph at lines 347--347
[]      \T1/txtt/m/n/10.95 -s,--scan-authorizations <comma-separated-authorizat
ions>  scan authorizations[] 
[60]
Overfull \hbox (36.95485pt too wide) in paragraph at lines 369--369
[]    \T1/txtt/m/n/10.95 description: bulk imports an entire directory of data 
files to the current table.[] 

Overfull \hbox (36.95485pt too wide) in paragraph at lines 382--382
[]    \T1/txtt/m/n/10.95 usage: insert <row> <colfamily> <colqualifier> <value>
 [-?] [-l <expression>] [-t[] 

Overfull \hbox (36.95485pt too wide) in paragraph at lines 386--386
[]      \T1/txtt/m/n/10.95 -l,--authorization-label <expression>  formatted aut
horization label expression[] 

Overfull \hbox (54.20105pt too wide) in paragraph at lines 393--393
[]           \T1/txtt/m/n/10.95 org.apache.accumulo.core.client.admin.ActiveSca
n javadoc for more information[] 

Overfull \hbox (13.95992pt too wide) in paragraph at lines 397--397
[]      \T1/txtt/m/n/10.95 -ts,--tabletServer <tablet server>  list scans for a
 specific tablet server[] 
[61]
Overfull \hbox (2.46245pt too wide) in paragraph at lines 412--412
[]      \T1/txtt/m/n/10.95 -be,--begin-exclusive  make start row exclusive, by 
defaults it inclusive[] 

Overfull \hbox (31.20612pt too wide) in paragraph at lines 415--415
[]      \T1/txtt/m/n/10.95 -s,--scan-authorizations <comma-separated-authorizat
ions>  scan authorizations[] 

Overfull \hbox (8.21118pt too wide) in paragraph at lines 426--426
[]      \T1/txtt/m/n/10.95 -f,--force  merge small tablets to large tablets, ev
en if it goes over the[] 
[62]
Overfull \hbox (25.45738pt too wide) in paragraph at lines 485--485
[]    \T1/txtt/m/n/10.95 usage: scan [-?] [-b <start-row>] [-c <<columnfamily>[
:<columnqualifier>]>] [-e[] 
[63]
Overfull \hbox (8.21118pt too wide) in paragraph at lines 491--491
[]      \T1/txtt/m/n/10.95 -c,--columns <<columnfamily>[:<columnqualifier>]>  c
omma-separated columns[] 

Overfull \hbox (31.20612pt too wide) in paragraph at lines 495--495
[]      \T1/txtt/m/n/10.95 -s,--scan-authorizations <comma-separated-authorizat
ions>  scan authorizations[] 

Overfull \hbox (31.20612pt too wide) in paragraph at lines 507--507
[]      \T1/txtt/m/n/10.95 -s,--scan-authorizations <comma-separated-authorizat
ions>  scan authorizations[] 

Overfull \hbox (36.95485pt too wide) in paragraph at lines 513--513
[]    \T1/txtt/m/n/10.95 usage: selectrow <row> [-?] [-np] [-s <comma-separated
-authorizations>] [-st] [-t[] 

Overfull \hbox (31.20612pt too wide) in paragraph at lines 518--518
[]      \T1/txtt/m/n/10.95 -s,--scan-authorizations <comma-separated-authorizat
ions>  scan authorizations[] 
[64]
Overfull \hbox (19.70865pt too wide) in paragraph at lines 536--536
[]    \T1/txtt/m/n/10.95 description: sets the locality groups for a given tabl
e (for binary or commas,[] 

Overfull \hbox (19.70865pt too wide) in paragraph at lines 543--543
[]    \T1/txtt/m/n/10.95 usage: setiter [-?] -ageoff | -agg | -class <name> | -
nolabel | -regex | -vers[] 

Overfull \hbox (8.21118pt too wide) in paragraph at lines 562--562
[]    \T1/txtt/m/n/10.95 usage: setscaniter [-?] -ageoff | -agg | -class <name>
 | -nolabel | -regex |[] 
[65] [66]) [67] (./accumulo_user_manual.aux (./chapters/introduction.aux)
(./chapters/design.aux) (./chapters/shell.aux) (./chapters/clients.aux)
(./chapters/table_configuration.aux) (./chapters/table_design.aux)
(./chapters/high_speed_ingest.aux) (./chapters/analytics.aux)
(./chapters/security.aux) (./chapters/administration.aux)
(./appendices/shell_commands.aux)) )
(see the transcript file for additional information){/usr/local/texlive/2018/te
xmf-dist/fonts/enc/dvips/cm-super/cm-super-t1.enc}</usr/local/texlive/2018/texm
f-dist/fonts/type1/public/amsfonts/cm/cmbx10.pfb></usr/local/texlive/2018/texmf
-dist/fonts/type1/public/amsfonts/cm/cmmi10.pfb></usr/local/texlive/2018/texmf-
dist/fonts/type1/public/amsfonts/cm/cmmi8.pfb></usr/local/texlive/2018/texmf-di
st/fonts/type1/public/amsfonts/cm/cmr10.pfb></usr/local/texlive/2018/texmf-dist
/fonts/type1/public/amsfonts/cm/cmr8.pfb></usr/local/texlive/2018/texmf-dist/fo
nts/type1/public/amsfonts/cm/cmsy10.pfb></usr/local/texlive/2018/texmf-dist/fon
ts/type1/public/cm-super/sfbx1095.pfb></usr/local/texlive/2018/texmf-dist/fonts
/type1/public/cm-super/sfbx1200.pfb></usr/local/texlive/2018/texmf-dist/fonts/t
ype1/public/cm-super/sfbx1440.pfb></usr/local/texlive/2018/texmf-dist/fonts/typ
e1/public/cm-super/sfbx2074.pfb></usr/local/texlive/2018/texmf-dist/fonts/type1
/public/cm-super/sfbx2488.pfb></usr/local/texlive/2018/texmf-dist/fonts/type1/p
ublic/cm-super/sfrm1095.pfb></usr/local/texlive/2018/texmf-dist/fonts/type1/pub
lic/cm-super/sfrm1200.pfb></usr/local/texlive/2018/texmf-dist/fonts/type1/publi
c/cm-super/sfrm1728.pfb></usr/local/texlive/2018/texmf-dist/fonts/type1/public/
cm-super/sfti1095.pfb></usr/local/texlive/2018/texmf-dist/fonts/type1/public/tx
fonts/t1xbtt.pfb></usr/local/texlive/2018/texmf-dist/fonts/type1/public/txfonts
/t1xtt.pfb>
Output written on accumulo_user_manual.pdf (68 pages, 453411 bytes).
Transcript written on accumulo_user_manual.log.
This is pdfTeX, Version 3.14159265-2.6-1.40.19 (TeX Live 2018) (preloaded format=pdflatex)
 restricted \write18 enabled.
entering extended mode
(./accumulo_user_manual.tex
LaTeX2e <2018-12-01>
(/usr/local/texlive/2018/texmf-dist/tex/latex/base/report.cls
Document Class: report 2018/09/03 v1.4i Standard LaTeX document class
(/usr/local/texlive/2018/texmf-dist/tex/latex/base/size11.clo))
(/usr/local/texlive/2018/texmf-dist/tex/latex/base/alltt.sty)
(/usr/local/texlive/2018/texmf-dist/tex/latex/multirow/multirow.sty)
(/usr/local/texlive/2018/texmf-dist/tex/latex/graphics/graphicx.sty
(/usr/local/texlive/2018/texmf-dist/tex/latex/graphics/keyval.sty)
(/usr/local/texlive/2018/texmf-dist/tex/latex/graphics/graphics.sty
(/usr/local/texlive/2018/texmf-dist/tex/latex/graphics/trig.sty)
(/usr/local/texlive/2018/texmf-dist/tex/latex/graphics-cfg/graphics.cfg)
(/usr/local/texlive/2018/texmf-dist/tex/latex/graphics-def/pdftex.def)))
(/usr/local/texlive/2018/texmf-dist/tex/latex/base/fontenc.sty
(/usr/local/texlive/2018/texmf-dist/tex/latex/base/t1enc.def))
(/usr/local/texlive/2018/texmf-dist/tex/latex/parskip/parskip.sty
(/usr/local/texlive/2018/texmf-dist/tex/latex/oberdiek/kvoptions.sty
(/usr/local/texlive/2018/texmf-dist/tex/generic/oberdiek/ltxcmds.sty)
(/usr/local/texlive/2018/texmf-dist/tex/generic/oberdiek/kvsetkeys.sty
(/usr/local/texlive/2018/texmf-dist/tex/generic/oberdiek/infwarerr.sty)
(/usr/local/texlive/2018/texmf-dist/tex/generic/oberdiek/etexcmds.sty
(/usr/local/texlive/2018/texmf-dist/tex/generic/oberdiek/ifluatex.sty))))
(/usr/local/texlive/2018/texmf-dist/tex/latex/etoolbox/etoolbox.sty))
(/usr/local/texlive/2018/texmf-dist/tex/latex/hyperref/hyperref.sty
(/usr/local/texlive/2018/texmf-dist/tex/generic/oberdiek/hobsub-hyperref.sty
(/usr/local/texlive/2018/texmf-dist/tex/generic/oberdiek/hobsub-generic.sty))
(/usr/local/texlive/2018/texmf-dist/tex/generic/ifxetex/ifxetex.sty)
(/usr/local/texlive/2018/texmf-dist/tex/latex/oberdiek/auxhook.sty)
(/usr/local/texlive/2018/texmf-dist/tex/latex/hyperref/pd1enc.def)
(/usr/local/texlive/2018/texmf-dist/tex/latex/latexconfig/hyperref.cfg)
(/usr/local/texlive/2018/texmf-dist/tex/latex/url/url.sty))
(/usr/local/texlive/2018/texmf-dist/tex/latex/hyperref/hpdftex.def
(/usr/local/texlive/2018/texmf-dist/tex/latex/oberdiek/rerunfilecheck.sty))
(./accumulo_user_manual.aux (./chapters/introduction.aux)
(./chapters/design.aux) (./chapters/shell.aux) (./chapters/clients.aux)
(./chapters/table_configuration.aux) (./chapters/table_design.aux)
(./chapters/high_speed_ingest.aux) (./chapters/analytics.aux)
(./chapters/security.aux) (./chapters/administration.aux)
(./appendices/shell_commands.aux))
(/usr/local/texlive/2018/texmf-dist/tex/context/base/mkii/supp-pdf.mkii
[Loading MPS to PDF converter (version 2006.09.02).]
) (/usr/local/texlive/2018/texmf-dist/tex/latex/oberdiek/epstopdf-base.sty
(/usr/local/texlive/2018/texmf-dist/tex/latex/oberdiek/grfext.sty)
(/usr/local/texlive/2018/texmf-dist/tex/latex/latexconfig/epstopdf-sys.cfg))
(/usr/local/texlive/2018/texmf-dist/tex/latex/hyperref/nameref.sty
(/usr/local/texlive/2018/texmf-dist/tex/generic/oberdiek/gettitlestring.sty))
(./accumulo_user_manual.out) (./accumulo_user_manual.out)

LaTeX Warning: No \author given.

[1{/usr/local/texlive/2018/texmf-var/fonts/map/pdftex/updmap/pdftex.map}]
(./accumulo_user_manual.tocpdfTeX warning (ext4): destination with the same ide
ntifier (name{page.1}) has been already used, duplicate ignored
<to be read again> 
                   \relax 
l.26 ...ine {5}Table Configuration}{17}{chapter.5}
                                                  % [1] [2]) [3]
(./chapters/introduction.tex
Chapter 1.
) [4] (./chapters/design.tex
Chapter 2.
[5] [6] [7 <./images/data_distribution.png>] [8]) [9 <./images/failure_handling
.png (PNG copy)>] (./chapters/shell.tex
Chapter 3.
(/usr/local/texlive/2018/texmf-dist/tex/latex/txfonts/t1txtt.fd) [10] [11])
[12] (./chapters/clients.tex
Chapter 4.
[13] [14] (/usr/local/texlive/2018/texmf-dist/tex/latex/base/omscmr.fd)
Overfull \hbox (48.45232pt too wide) in paragraph at lines 135--137
\T1/txtt/m/n/10.95 src/examples/src/main/java/org/apache/accumulo/examples/isol
ation/InterferenceTest.java 
[15]) [16] (./chapters/table_configuration.tex
Chapter 5.
[17]
Overfull \hbox (26.06111pt too wide) in paragraph at lines 108--108
[]\T1/txtt/m/n/10 user@myinstance mytable> config -t mytable -s table.constrain
t.1=com.test.ExampleConstraint[] 

Overfull \hbox (26.06111pt too wide) in paragraph at lines 108--108
[]\T1/txtt/m/n/10 user@myinstance mytable> config -t mytable -s table.constrain
t.2=com.test.AnotherConstraint[] 

Overfull \hbox (126.66458pt too wide) in paragraph at lines 111--114
\T1/cmr/m/n/10.95 New con-straints can be cre-ated by writ-ing a Java class tha
t im-ple-ments the org.apache.accumulo.core.constraints.Constraint
[18] [19] [20]
Overfull \hbox (36.56108pt too wide) in paragraph at lines 269--269
[]\T1/txtt/m/n/10 user@myinstance filtertest> setiter -t filtertest -scan -minc
 -majc -p 10 -n myfilter -ageoff[] 

Overfull \hbox (477.5598pt too wide) in paragraph at lines 269--269
[]\T1/txtt/m/n/10 ----------> set org.apache.accumulo.core.iterators.user.AgeOf
fFilter parameter negate, default false keeps k/v that pass accept method, true
 rejects k/v that pass accept method:[] 

Overfull \hbox (162.56071pt too wide) in paragraph at lines 269--269
[]\T1/txtt/m/n/10 ----------> set org.apache.accumulo.core.iterators.user.AgeOf
fFilter parameter ttl, time to live (milliseconds): 3000[] 

Overfull \hbox (514.3097pt too wide) in paragraph at lines 269--269
[]\T1/txtt/m/n/10 ----------> set org.apache.accumulo.core.iterators.user.AgeOf
fFilter parameter currentTime, if set, use the given value as the absolute time
 in milliseconds as the current time of day:[] 
[21]
Overfull \hbox (136.31079pt too wide) in paragraph at lines 293--293
[]\T1/txtt/m/n/10 table    | table.iterator.majc.myfilter .............. | 10,o
rg.apache.accumulo.core.iterators.user.AgeOffFilter[] 

Overfull \hbox (141.56078pt too wide) in paragraph at lines 293--293
[]\T1/txtt/m/n/10 table    | table.iterator.majc.vers .................. | 20,o
rg.apache.accumulo.core.iterators.VersioningIterator[] 

Overfull \hbox (136.31079pt too wide) in paragraph at lines 293--293
[]\T1/txtt/m/n/10 table    | table.iterator.minc.myfilter .............. | 10,o
rg.apache.accumulo.core.iterators.user.AgeOffFilter[] 

Overfull \hbox (141.56078pt too wide) in paragraph at lines 293--293
[]\T1/txtt/m/n/10 table    | table.iterator.minc.vers .................. | 20,o
rg.apache.accumulo.core.iterators.VersioningIterator[] 

Overfull \hbox (136.31079pt too wide) in paragraph at lines 293--293
[]\T1/txtt/m/n/10 table    | table.iterator.scan.myfilter .............. | 10,o
rg.apache.accumulo.core.iterators.user.AgeOffFilter[] 

Overfull \hbox (141.56078pt too wide) in paragraph at lines 293--293
[]\T1/txtt/m/n/10 table    | table.iterator.scan.vers .................. | 20,o
rg.apache.accumulo.core.iterators.VersioningIterator[] 
[22]
Overfull \hbox (17.64691pt too wide) in paragraph at lines 355--357
\T1/cmr/m/n/10.95 accumulo/src/examples/main/java/org/apache/accumulo/examples/
combiner/StatsCombiner.java 

Overfull \hbox (8.21118pt too wide) in paragraph at lines 376--376
[]\T1/txtt/m/n/10.95 table.cache.block.enable: Determines whether file (data) b
lock cache is enabled.[] 
[23] [24] [25] [26] [27]) [28] (./chapters/table_design.tex
Chapter 6.
[29] [30] [31] [32] [33] [34]) [35] (./chapters/high_speed_ingest.tex
Chapter 7.
[36] [37]) [38] (./chapters/analytics.tex
Chapter 8.
[39] [40] [41]) [42] (./chapters/security.tex
Chapter 9.
[43] [44]
Overfull \hbox (31.3111pt too wide) in paragraph at lines 124--124
[]\T1/txtt/m/n/10 config -t table -s table.constraint.1=org.apache.accumulo.cor
e.security.VisibilityConstraint[] 
[45]) [46] (./chapters/administration.tex
Chapter 10.
[47]
Overfull \hbox (3.49286pt too wide) in paragraph at lines 56--63
\T1/cmr/m/n/10.95 Accumulo re-quires HDFS and ZooKeeper to be con-fig-ured and 
run-ning be-fore start-ing. Password-
[48] [49] [50]) [51] (./appendices/shell_commands.tex
Appendix A.

Overfull \hbox (13.95992pt too wide) in paragraph at lines 41--41
[]      \T1/txtt/m/n/10.95 -sf,--splits-file <filename>file with newline separa
ted list of rows to add[] 
[52]
Overfull \hbox (36.95485pt too wide) in paragraph at lines 71--71
[]    \T1/txtt/m/n/10.95 usage: clonetable <current table name> <new table name
> [-?] [-e <arg>] [-nf] [-s[] 

Overfull \hbox (13.95992pt too wide) in paragraph at lines 75--75
[]      \T1/txtt/m/n/10.95 -e,--exclude <arg>  properties that should not be co
pied from source table.[] 

Overfull \hbox (25.45738pt too wide) in paragraph at lines 78--78
[]      \T1/txtt/m/n/10.95 -s,--set <arg>  set initial properties before the ta
ble comes online. Expects[] 
[53]
Overfull \hbox (25.45738pt too wide) in paragraph at lines 89--89
[]    \T1/txtt/m/n/10.95 usage: compact [-?] [-b <arg>] [-e <arg>] [-nf] [-p <p
attern> | -t <tableName>][] 

Overfull \hbox (19.70865pt too wide) in paragraph at lines 91--91
[]    \T1/txtt/m/n/10.95 description: sets all tablets for a table to major com
pact as soon as possible[] 

Overfull \hbox (8.21118pt too wide) in paragraph at lines 103--103
[]    \T1/txtt/m/n/10.95 usage: config [-?] [-d <property> | -f <string> | -s <
property=value>] [-np][] 
[54]
Overfull \hbox (31.20612pt too wide) in paragraph at lines 127--127
[]      \T1/txtt/m/n/10.95 -evc,--enable-visibility-constraint  prevents users 
from writing data they can[] 

Overfull \hbox (25.45738pt too wide) in paragraph at lines 130--130
[]      \T1/txtt/m/n/10.95 -ndi,--no-default-iterators  prevents creation of th
e normal default iterator[] 

Overfull \hbox (31.20612pt too wide) in paragraph at lines 142--142
[]      \T1/txtt/m/n/10.95 -s,--scan-authorizations <comma-separated-authorizat
ions>  scan authorizations[] 

Overfull \hbox (36.95485pt too wide) in paragraph at lines 156--156
[]      \T1/txtt/m/n/10.95 -l,--authorization-label <expression>  formatted aut
horization label expression[] 
[55]
Overfull \hbox (8.21118pt too wide) in paragraph at lines 178--178
[]      \T1/txtt/m/n/10.95 -c,--columns <<columnfamily>[:<columnqualifier>]>  c
omma-separated columns[] 

Overfull \hbox (31.20612pt too wide) in paragraph at lines 182--182
[]      \T1/txtt/m/n/10.95 -s,--scan-authorizations <comma-separated-authorizat
ions>  scan authorizations[] 

Overfull \hbox (31.20612pt too wide) in paragraph at lines 191--191
[]    \T1/txtt/m/n/10.95 Note that rows matching the start row ARE NOT deleted,
 but rows matching the end[] 

Overfull \hbox (2.46245pt too wide) in paragraph at lines 205--205
[]    \T1/txtt/m/n/10.95 description: deletes a table-specific scan iterator so
 it is no longer used[] 
[56]
Overfull \hbox (31.20612pt too wide) in paragraph at lines 241--241
[]    \T1/txtt/m/n/10.95 description: Prints how much space is used by files re
ferenced by a table.  When[] 
[57]
Overfull \hbox (13.95992pt too wide) in paragraph at lines 252--252
[]    \T1/txtt/m/n/10.95 description: searches each row, column family, column 
qualifier and value, in[] 

Overfull \hbox (8.21118pt too wide) in paragraph at lines 256--256
[]      \T1/txtt/m/n/10.95 -c,--columns <<columnfamily>[:<columnqualifier>]>  c
omma-separated columns[] 

Overfull \hbox (31.20612pt too wide) in paragraph at lines 260--260
[]      \T1/txtt/m/n/10.95 -s,--scan-authorizations <comma-separated-authorizat
ions>  scan authorizations[] 

Overfull \hbox (13.95992pt too wide) in paragraph at lines 280--280
[]    \T1/txtt/m/n/10.95 usage: flush [-?] [-b <arg>] [-e <arg>] [-p <pattern> 
| -t <tableName>]  [-w][] 
[58]
Overfull \hbox (8.21118pt too wide) in paragraph at lines 294--294
[]      \T1/txtt/m/n/10.95 -f,--formatter <className>  fully qualified name of 
formatter class to use[] 

Overfull \hbox (31.20612pt too wide) in paragraph at lines 315--315
[]    \T1/txtt/m/n/10.95 description: retrieves the current split points for ta
blets in the current table[] 

Overfull \hbox (8.21118pt too wide) in paragraph at lines 325--325
[]    \T1/txtt/m/n/10.95 usage: grant <permission> [-?] -p <pattern> | -s | -t 
<table>  -u <username>[] 
[59]
Overfull \hbox (19.70865pt too wide) in paragraph at lines 338--338
[]    \T1/txtt/m/n/10.95 description: searches each row, column family, column 
qualifier and value in a[] 

Overfull \hbox (8.21118pt too wide) in paragraph at lines 343--343
[]      \T1/txtt/m/n/10.95 -c,--columns <<columnfamily>[:<columnqualifier>]>  c
omma-separated columns[] 

Overfull \hbox (31.20612pt too wide) in paragraph at lines 347--347
[]      \T1/txtt/m/n/10.95 -s,--scan-authorizations <comma-separated-authorizat
ions>  scan authorizations[] 
[60]
Overfull \hbox (36.95485pt too wide) in paragraph at lines 369--369
[]    \T1/txtt/m/n/10.95 description: bulk imports an entire directory of data 
files to the current table.[] 

Overfull \hbox (36.95485pt too wide) in paragraph at lines 382--382
[]    \T1/txtt/m/n/10.95 usage: insert <row> <colfamily> <colqualifier> <value>
 [-?] [-l <expression>] [-t[] 

Overfull \hbox (36.95485pt too wide) in paragraph at lines 386--386
[]      \T1/txtt/m/n/10.95 -l,--authorization-label <expression>  formatted aut
horization label expression[] 

Overfull \hbox (54.20105pt too wide) in paragraph at lines 393--393
[]           \T1/txtt/m/n/10.95 org.apache.accumulo.core.client.admin.ActiveSca
n javadoc for more information[] 

Overfull \hbox (13.95992pt too wide) in paragraph at lines 397--397
[]      \T1/txtt/m/n/10.95 -ts,--tabletServer <tablet server>  list scans for a
 specific tablet server[] 
[61]
Overfull \hbox (2.46245pt too wide) in paragraph at lines 412--412
[]      \T1/txtt/m/n/10.95 -be,--begin-exclusive  make start row exclusive, by 
defaults it inclusive[] 

Overfull \hbox (31.20612pt too wide) in paragraph at lines 415--415
[]      \T1/txtt/m/n/10.95 -s,--scan-authorizations <comma-separated-authorizat
ions>  scan authorizations[] 

Overfull \hbox (8.21118pt too wide) in paragraph at lines 426--426
[]      \T1/txtt/m/n/10.95 -f,--force  merge small tablets to large tablets, ev
en if it goes over the[] 
[62]
Overfull \hbox (25.45738pt too wide) in paragraph at lines 485--485
[]    \T1/txtt/m/n/10.95 usage: scan [-?] [-b <start-row>] [-c <<columnfamily>[
:<columnqualifier>]>] [-e[] 
[63]
Overfull \hbox (8.21118pt too wide) in paragraph at lines 491--491
[]      \T1/txtt/m/n/10.95 -c,--columns <<columnfamily>[:<columnqualifier>]>  c
omma-separated columns[] 

Overfull \hbox (31.20612pt too wide) in paragraph at lines 495--495
[]      \T1/txtt/m/n/10.95 -s,--scan-authorizations <comma-separated-authorizat
ions>  scan authorizations[] 

Overfull \hbox (31.20612pt too wide) in paragraph at lines 507--507
[]      \T1/txtt/m/n/10.95 -s,--scan-authorizations <comma-separated-authorizat
ions>  scan authorizations[] 

Overfull \hbox (36.95485pt too wide) in paragraph at lines 513--513
[]    \T1/txtt/m/n/10.95 usage: selectrow <row> [-?] [-np] [-s <comma-separated
-authorizations>] [-st] [-t[] 

Overfull \hbox (31.20612pt too wide) in paragraph at lines 518--518
[]      \T1/txtt/m/n/10.95 -s,--scan-authorizations <comma-separated-authorizat
ions>  scan authorizations[] 
[64]
Overfull \hbox (19.70865pt too wide) in paragraph at lines 536--536
[]    \T1/txtt/m/n/10.95 description: sets the locality groups for a given tabl
e (for binary or commas,[] 

Overfull \hbox (19.70865pt too wide) in paragraph at lines 543--543
[]    \T1/txtt/m/n/10.95 usage: setiter [-?] -ageoff | -agg | -class <name> | -
nolabel | -regex | -vers[] 

Overfull \hbox (8.21118pt too wide) in paragraph at lines 562--562
[]    \T1/txtt/m/n/10.95 usage: setscaniter [-?] -ageoff | -agg | -class <name>
 | -nolabel | -regex |[] 
[65] [66]) [67] (./accumulo_user_manual.aux (./chapters/introduction.aux)
(./chapters/design.aux) (./chapters/shell.aux) (./chapters/clients.aux)
(./chapters/table_configuration.aux) (./chapters/table_design.aux)
(./chapters/high_speed_ingest.aux) (./chapters/analytics.aux)
(./chapters/security.aux) (./chapters/administration.aux)
(./appendices/shell_commands.aux)) )
(see the transcript file for additional information){/usr/local/texlive/2018/te
xmf-dist/fonts/enc/dvips/cm-super/cm-super-t1.enc}</usr/local/texlive/2018/texm
f-dist/fonts/type1/public/amsfonts/cm/cmbx10.pfb></usr/local/texlive/2018/texmf
-dist/fonts/type1/public/amsfonts/cm/cmmi10.pfb></usr/local/texlive/2018/texmf-
dist/fonts/type1/public/amsfonts/cm/cmmi8.pfb></usr/local/texlive/2018/texmf-di
st/fonts/type1/public/amsfonts/cm/cmr10.pfb></usr/local/texlive/2018/texmf-dist
/fonts/type1/public/amsfonts/cm/cmr8.pfb></usr/local/texlive/2018/texmf-dist/fo
nts/type1/public/amsfonts/cm/cmsy10.pfb></usr/local/texlive/2018/texmf-dist/fon
ts/type1/public/cm-super/sfbx1095.pfb></usr/local/texlive/2018/texmf-dist/fonts
/type1/public/cm-super/sfbx1200.pfb></usr/local/texlive/2018/texmf-dist/fonts/t
ype1/public/cm-super/sfbx1440.pfb></usr/local/texlive/2018/texmf-dist/fonts/typ
e1/public/cm-super/sfbx2074.pfb></usr/local/texlive/2018/texmf-dist/fonts/type1
/public/cm-super/sfbx2488.pfb></usr/local/texlive/2018/texmf-dist/fonts/type1/p
ublic/cm-super/sfrm1095.pfb></usr/local/texlive/2018/texmf-dist/fonts/type1/pub
lic/cm-super/sfrm1200.pfb></usr/local/texlive/2018/texmf-dist/fonts/type1/publi
c/cm-super/sfrm1728.pfb></usr/local/texlive/2018/texmf-dist/fonts/type1/public/
cm-super/sfti1095.pfb></usr/local/texlive/2018/texmf-dist/fonts/type1/public/tx
fonts/t1xbtt.pfb></usr/local/texlive/2018/texmf-dist/fonts/type1/public/txfonts
/t1xtt.pfb>
Output written on accumulo_user_manual.pdf (68 pages, 453422 bytes).
Transcript written on accumulo_user_manual.log.
This is pdfTeX, Version 3.14159265-2.6-1.40.19 (TeX Live 2018) (preloaded format=pdflatex)
 restricted \write18 enabled.
entering extended mode
(./accumulo_user_manual.tex
LaTeX2e <2018-12-01>
(/usr/local/texlive/2018/texmf-dist/tex/latex/base/report.cls
Document Class: report 2018/09/03 v1.4i Standard LaTeX document class
(/usr/local/texlive/2018/texmf-dist/tex/latex/base/size11.clo))
(/usr/local/texlive/2018/texmf-dist/tex/latex/base/alltt.sty)
(/usr/local/texlive/2018/texmf-dist/tex/latex/multirow/multirow.sty)
(/usr/local/texlive/2018/texmf-dist/tex/latex/graphics/graphicx.sty
(/usr/local/texlive/2018/texmf-dist/tex/latex/graphics/keyval.sty)
(/usr/local/texlive/2018/texmf-dist/tex/latex/graphics/graphics.sty
(/usr/local/texlive/2018/texmf-dist/tex/latex/graphics/trig.sty)
(/usr/local/texlive/2018/texmf-dist/tex/latex/graphics-cfg/graphics.cfg)
(/usr/local/texlive/2018/texmf-dist/tex/latex/graphics-def/pdftex.def)))
(/usr/local/texlive/2018/texmf-dist/tex/latex/base/fontenc.sty
(/usr/local/texlive/2018/texmf-dist/tex/latex/base/t1enc.def))
(/usr/local/texlive/2018/texmf-dist/tex/latex/parskip/parskip.sty
(/usr/local/texlive/2018/texmf-dist/tex/latex/oberdiek/kvoptions.sty
(/usr/local/texlive/2018/texmf-dist/tex/generic/oberdiek/ltxcmds.sty)
(/usr/local/texlive/2018/texmf-dist/tex/generic/oberdiek/kvsetkeys.sty
(/usr/local/texlive/2018/texmf-dist/tex/generic/oberdiek/infwarerr.sty)
(/usr/local/texlive/2018/texmf-dist/tex/generic/oberdiek/etexcmds.sty
(/usr/local/texlive/2018/texmf-dist/tex/generic/oberdiek/ifluatex.sty))))
(/usr/local/texlive/2018/texmf-dist/tex/latex/etoolbox/etoolbox.sty))
(/usr/local/texlive/2018/texmf-dist/tex/latex/hyperref/hyperref.sty
(/usr/local/texlive/2018/texmf-dist/tex/generic/oberdiek/hobsub-hyperref.sty
(/usr/local/texlive/2018/texmf-dist/tex/generic/oberdiek/hobsub-generic.sty))
(/usr/local/texlive/2018/texmf-dist/tex/generic/ifxetex/ifxetex.sty)
(/usr/local/texlive/2018/texmf-dist/tex/latex/oberdiek/auxhook.sty)
(/usr/local/texlive/2018/texmf-dist/tex/latex/hyperref/pd1enc.def)
(/usr/local/texlive/2018/texmf-dist/tex/latex/latexconfig/hyperref.cfg)
(/usr/local/texlive/2018/texmf-dist/tex/latex/url/url.sty))
(/usr/local/texlive/2018/texmf-dist/tex/latex/hyperref/hpdftex.def
(/usr/local/texlive/2018/texmf-dist/tex/latex/oberdiek/rerunfilecheck.sty))
(./accumulo_user_manual.aux (./chapters/introduction.aux)
(./chapters/design.aux) (./chapters/shell.aux) (./chapters/clients.aux)
(./chapters/table_configuration.aux) (./chapters/table_design.aux)
(./chapters/high_speed_ingest.aux) (./chapters/analytics.aux)
(./chapters/security.aux) (./chapters/administration.aux)
(./appendices/shell_commands.aux))
(/usr/local/texlive/2018/texmf-dist/tex/context/base/mkii/supp-pdf.mkii
[Loading MPS to PDF converter (version 2006.09.02).]
) (/usr/local/texlive/2018/texmf-dist/tex/latex/oberdiek/epstopdf-base.sty
(/usr/local/texlive/2018/texmf-dist/tex/latex/oberdiek/grfext.sty)
(/usr/local/texlive/2018/texmf-dist/tex/latex/latexconfig/epstopdf-sys.cfg))
(/usr/local/texlive/2018/texmf-dist/tex/latex/hyperref/nameref.sty
(/usr/local/texlive/2018/texmf-dist/tex/generic/oberdiek/gettitlestring.sty))
(./accumulo_user_manual.out) (./accumulo_user_manual.out)

LaTeX Warning: No \author given.

[1{/usr/local/texlive/2018/texmf-var/fonts/map/pdftex/updmap/pdftex.map}]
(./accumulo_user_manual.tocpdfTeX warning (ext4): destination with the same ide
ntifier (name{page.1}) has been already used, duplicate ignored
<to be read again> 
                   \relax 
l.26 ...ine {5}Table Configuration}{17}{chapter.5}
                                                  % [1] [2]) [3]
(./chapters/introduction.tex
Chapter 1.
) [4] (./chapters/design.tex
Chapter 2.
[5] [6] [7 <./images/data_distribution.png>] [8]) [9 <./images/failure_handling
.png (PNG copy)>] (./chapters/shell.tex
Chapter 3.
(/usr/local/texlive/2018/texmf-dist/tex/latex/txfonts/t1txtt.fd) [10] [11])
[12] (./chapters/clients.tex
Chapter 4.
[13] [14] (/usr/local/texlive/2018/texmf-dist/tex/latex/base/omscmr.fd)
Overfull \hbox (48.45232pt too wide) in paragraph at lines 135--137
\T1/txtt/m/n/10.95 src/examples/src/main/java/org/apache/accumulo/examples/isol
ation/InterferenceTest.java 
[15]) [16] (./chapters/table_configuration.tex
Chapter 5.
[17]
Overfull \hbox (26.06111pt too wide) in paragraph at lines 108--108
[]\T1/txtt/m/n/10 user@myinstance mytable> config -t mytable -s table.constrain
t.1=com.test.ExampleConstraint[] 

Overfull \hbox (26.06111pt too wide) in paragraph at lines 108--108
[]\T1/txtt/m/n/10 user@myinstance mytable> config -t mytable -s table.constrain
t.2=com.test.AnotherConstraint[] 

Overfull \hbox (126.66458pt too wide) in paragraph at lines 111--114
\T1/cmr/m/n/10.95 New con-straints can be cre-ated by writ-ing a Java class tha
t im-ple-ments the org.apache.accumulo.core.constraints.Constraint
[18] [19] [20]
Overfull \hbox (36.56108pt too wide) in paragraph at lines 269--269
[]\T1/txtt/m/n/10 user@myinstance filtertest> setiter -t filtertest -scan -minc
 -majc -p 10 -n myfilter -ageoff[] 

Overfull \hbox (477.5598pt too wide) in paragraph at lines 269--269
[]\T1/txtt/m/n/10 ----------> set org.apache.accumulo.core.iterators.user.AgeOf
fFilter parameter negate, default false keeps k/v that pass accept method, true
 rejects k/v that pass accept method:[] 

Overfull \hbox (162.56071pt too wide) in paragraph at lines 269--269
[]\T1/txtt/m/n/10 ----------> set org.apache.accumulo.core.iterators.user.AgeOf
fFilter parameter ttl, time to live (milliseconds): 3000[] 

Overfull \hbox (514.3097pt too wide) in paragraph at lines 269--269
[]\T1/txtt/m/n/10 ----------> set org.apache.accumulo.core.iterators.user.AgeOf
fFilter parameter currentTime, if set, use the given value as the absolute time
 in milliseconds as the current time of day:[] 
[21]
Overfull \hbox (136.31079pt too wide) in paragraph at lines 293--293
[]\T1/txtt/m/n/10 table    | table.iterator.majc.myfilter .............. | 10,o
rg.apache.accumulo.core.iterators.user.AgeOffFilter[] 

Overfull \hbox (141.56078pt too wide) in paragraph at lines 293--293
[]\T1/txtt/m/n/10 table    | table.iterator.majc.vers .................. | 20,o
rg.apache.accumulo.core.iterators.VersioningIterator[] 

Overfull \hbox (136.31079pt too wide) in paragraph at lines 293--293
[]\T1/txtt/m/n/10 table    | table.iterator.minc.myfilter .............. | 10,o
rg.apache.accumulo.core.iterators.user.AgeOffFilter[] 

Overfull \hbox (141.56078pt too wide) in paragraph at lines 293--293
[]\T1/txtt/m/n/10 table    | table.iterator.minc.vers .................. | 20,o
rg.apache.accumulo.core.iterators.VersioningIterator[] 

Overfull \hbox (136.31079pt too wide) in paragraph at lines 293--293
[]\T1/txtt/m/n/10 table    | table.iterator.scan.myfilter .............. | 10,o
rg.apache.accumulo.core.iterators.user.AgeOffFilter[] 

Overfull \hbox (141.56078pt too wide) in paragraph at lines 293--293
[]\T1/txtt/m/n/10 table    | table.iterator.scan.vers .................. | 20,o
rg.apache.accumulo.core.iterators.VersioningIterator[] 
[22]
Overfull \hbox (17.64691pt too wide) in paragraph at lines 355--357
\T1/cmr/m/n/10.95 accumulo/src/examples/main/java/org/apache/accumulo/examples/
combiner/StatsCombiner.java 

Overfull \hbox (8.21118pt too wide) in paragraph at lines 376--376
[]\T1/txtt/m/n/10.95 table.cache.block.enable: Determines whether file (data) b
lock cache is enabled.[] 
[23] [24] [25] [26] [27]) [28] (./chapters/table_design.tex
Chapter 6.
[29] [30] [31] [32] [33] [34]) [35] (./chapters/high_speed_ingest.tex
Chapter 7.
[36] [37]) [38] (./chapters/analytics.tex
Chapter 8.
[39] [40] [41]) [42] (./chapters/security.tex
Chapter 9.
[43] [44]
Overfull \hbox (31.3111pt too wide) in paragraph at lines 124--124
[]\T1/txtt/m/n/10 config -t table -s table.constraint.1=org.apache.accumulo.cor
e.security.VisibilityConstraint[] 
[45]) [46] (./chapters/administration.tex
Chapter 10.
[47]
Overfull \hbox (3.49286pt too wide) in paragraph at lines 56--63
\T1/cmr/m/n/10.95 Accumulo re-quires HDFS and ZooKeeper to be con-fig-ured and 
run-ning be-fore start-ing. Password-
[48] [49] [50]) [51] (./appendices/shell_commands.tex
Appendix A.

Overfull \hbox (13.95992pt too wide) in paragraph at lines 41--41
[]      \T1/txtt/m/n/10.95 -sf,--splits-file <filename>file with newline separa
ted list of rows to add[] 
[52]
Overfull \hbox (36.95485pt too wide) in paragraph at lines 71--71
[]    \T1/txtt/m/n/10.95 usage: clonetable <current table name> <new table name
> [-?] [-e <arg>] [-nf] [-s[] 

Overfull \hbox (13.95992pt too wide) in paragraph at lines 75--75
[]      \T1/txtt/m/n/10.95 -e,--exclude <arg>  properties that should not be co
pied from source table.[] 

Overfull \hbox (25.45738pt too wide) in paragraph at lines 78--78
[]      \T1/txtt/m/n/10.95 -s,--set <arg>  set initial properties before the ta
ble comes online. Expects[] 
[53]
Overfull \hbox (25.45738pt too wide) in paragraph at lines 89--89
[]    \T1/txtt/m/n/10.95 usage: compact [-?] [-b <arg>] [-e <arg>] [-nf] [-p <p
attern> | -t <tableName>][] 

Overfull \hbox (19.70865pt too wide) in paragraph at lines 91--91
[]    \T1/txtt/m/n/10.95 description: sets all tablets for a table to major com
pact as soon as possible[] 

Overfull \hbox (8.21118pt too wide) in paragraph at lines 103--103
[]    \T1/txtt/m/n/10.95 usage: config [-?] [-d <property> | -f <string> | -s <
property=value>] [-np][] 
[54]
Overfull \hbox (31.20612pt too wide) in paragraph at lines 127--127
[]      \T1/txtt/m/n/10.95 -evc,--enable-visibility-constraint  prevents users 
from writing data they can[] 

Overfull \hbox (25.45738pt too wide) in paragraph at lines 130--130
[]      \T1/txtt/m/n/10.95 -ndi,--no-default-iterators  prevents creation of th
e normal default iterator[] 

Overfull \hbox (31.20612pt too wide) in paragraph at lines 142--142
[]      \T1/txtt/m/n/10.95 -s,--scan-authorizations <comma-separated-authorizat
ions>  scan authorizations[] 

Overfull \hbox (36.95485pt too wide) in paragraph at lines 156--156
[]      \T1/txtt/m/n/10.95 -l,--authorization-label <expression>  formatted aut
horization label expression[] 
[55]
Overfull \hbox (8.21118pt too wide) in paragraph at lines 178--178
[]      \T1/txtt/m/n/10.95 -c,--columns <<columnfamily>[:<columnqualifier>]>  c
omma-separated columns[] 

Overfull \hbox (31.20612pt too wide) in paragraph at lines 182--182
[]      \T1/txtt/m/n/10.95 -s,--scan-authorizations <comma-separated-authorizat
ions>  scan authorizations[] 

Overfull \hbox (31.20612pt too wide) in paragraph at lines 191--191
[]    \T1/txtt/m/n/10.95 Note that rows matching the start row ARE NOT deleted,
 but rows matching the end[] 

Overfull \hbox (2.46245pt too wide) in paragraph at lines 205--205
[]    \T1/txtt/m/n/10.95 description: deletes a table-specific scan iterator so
 it is no longer used[] 
[56]
Overfull \hbox (31.20612pt too wide) in paragraph at lines 241--241
[]    \T1/txtt/m/n/10.95 description: Prints how much space is used by files re
ferenced by a table.  When[] 
[57]
Overfull \hbox (13.95992pt too wide) in paragraph at lines 252--252
[]    \T1/txtt/m/n/10.95 description: searches each row, column family, column 
qualifier and value, in[] 

Overfull \hbox (8.21118pt too wide) in paragraph at lines 256--256
[]      \T1/txtt/m/n/10.95 -c,--columns <<columnfamily>[:<columnqualifier>]>  c
omma-separated columns[] 

Overfull \hbox (31.20612pt too wide) in paragraph at lines 260--260
[]      \T1/txtt/m/n/10.95 -s,--scan-authorizations <comma-separated-authorizat
ions>  scan authorizations[] 

Overfull \hbox (13.95992pt too wide) in paragraph at lines 280--280
[]    \T1/txtt/m/n/10.95 usage: flush [-?] [-b <arg>] [-e <arg>] [-p <pattern> 
| -t <tableName>]  [-w][] 
[58]
Overfull \hbox (8.21118pt too wide) in paragraph at lines 294--294
[]      \T1/txtt/m/n/10.95 -f,--formatter <className>  fully qualified name of 
formatter class to use[] 

Overfull \hbox (31.20612pt too wide) in paragraph at lines 315--315
[]    \T1/txtt/m/n/10.95 description: retrieves the current split points for ta
blets in the current table[] 

Overfull \hbox (8.21118pt too wide) in paragraph at lines 325--325
[]    \T1/txtt/m/n/10.95 usage: grant <permission> [-?] -p <pattern> | -s | -t 
<table>  -u <username>[] 
[59]
Overfull \hbox (19.70865pt too wide) in paragraph at lines 338--338
[]    \T1/txtt/m/n/10.95 description: searches each row, column family, column 
qualifier and value in a[] 

Overfull \hbox (8.21118pt too wide) in paragraph at lines 343--343
[]      \T1/txtt/m/n/10.95 -c,--columns <<columnfamily>[:<columnqualifier>]>  c
omma-separated columns[] 

Overfull \hbox (31.20612pt too wide) in paragraph at lines 347--347
[]      \T1/txtt/m/n/10.95 -s,--scan-authorizations <comma-separated-authorizat
ions>  scan authorizations[] 
[60]
Overfull \hbox (36.95485pt too wide) in paragraph at lines 369--369
[]    \T1/txtt/m/n/10.95 description: bulk imports an entire directory of data 
files to the current table.[] 

Overfull \hbox (36.95485pt too wide) in paragraph at lines 382--382
[]    \T1/txtt/m/n/10.95 usage: insert <row> <colfamily> <colqualifier> <value>
 [-?] [-l <expression>] [-t[] 

Overfull \hbox (36.95485pt too wide) in paragraph at lines 386--386
[]      \T1/txtt/m/n/10.95 -l,--authorization-label <expression>  formatted aut
horization label expression[] 

Overfull \hbox (54.20105pt too wide) in paragraph at lines 393--393
[]           \T1/txtt/m/n/10.95 org.apache.accumulo.core.client.admin.ActiveSca
n javadoc for more information[] 

Overfull \hbox (13.95992pt too wide) in paragraph at lines 397--397
[]      \T1/txtt/m/n/10.95 -ts,--tabletServer <tablet server>  list scans for a
 specific tablet server[] 
[61]
Overfull \hbox (2.46245pt too wide) in paragraph at lines 412--412
[]      \T1/txtt/m/n/10.95 -be,--begin-exclusive  make start row exclusive, by 
defaults it inclusive[] 

Overfull \hbox (31.20612pt too wide) in paragraph at lines 415--415
[]      \T1/txtt/m/n/10.95 -s,--scan-authorizations <comma-separated-authorizat
ions>  scan authorizations[] 

Overfull \hbox (8.21118pt too wide) in paragraph at lines 426--426
[]      \T1/txtt/m/n/10.95 -f,--force  merge small tablets to large tablets, ev
en if it goes over the[] 
[62]
Overfull \hbox (25.45738pt too wide) in paragraph at lines 485--485
[]    \T1/txtt/m/n/10.95 usage: scan [-?] [-b <start-row>] [-c <<columnfamily>[
:<columnqualifier>]>] [-e[] 
[63]
Overfull \hbox (8.21118pt too wide) in paragraph at lines 491--491
[]      \T1/txtt/m/n/10.95 -c,--columns <<columnfamily>[:<columnqualifier>]>  c
omma-separated columns[] 

Overfull \hbox (31.20612pt too wide) in paragraph at lines 495--495
[]      \T1/txtt/m/n/10.95 -s,--scan-authorizations <comma-separated-authorizat
ions>  scan authorizations[] 

Overfull \hbox (31.20612pt too wide) in paragraph at lines 507--507
[]      \T1/txtt/m/n/10.95 -s,--scan-authorizations <comma-separated-authorizat
ions>  scan authorizations[] 

Overfull \hbox (36.95485pt too wide) in paragraph at lines 513--513
[]    \T1/txtt/m/n/10.95 usage: selectrow <row> [-?] [-np] [-s <comma-separated
-authorizations>] [-st] [-t[] 

Overfull \hbox (31.20612pt too wide) in paragraph at lines 518--518
[]      \T1/txtt/m/n/10.95 -s,--scan-authorizations <comma-separated-authorizat
ions>  scan authorizations[] 
[64]
Overfull \hbox (19.70865pt too wide) in paragraph at lines 536--536
[]    \T1/txtt/m/n/10.95 description: sets the locality groups for a given tabl
e (for binary or commas,[] 

Overfull \hbox (19.70865pt too wide) in paragraph at lines 543--543
[]    \T1/txtt/m/n/10.95 usage: setiter [-?] -ageoff | -agg | -class <name> | -
nolabel | -regex | -vers[] 

Overfull \hbox (8.21118pt too wide) in paragraph at lines 562--562
[]    \T1/txtt/m/n/10.95 usage: setscaniter [-?] -ageoff | -agg | -class <name>
 | -nolabel | -regex |[] 
[65] [66]) [67] (./accumulo_user_manual.aux (./chapters/introduction.aux)
(./chapters/design.aux) (./chapters/shell.aux) (./chapters/clients.aux)
(./chapters/table_configuration.aux) (./chapters/table_design.aux)
(./chapters/high_speed_ingest.aux) (./chapters/analytics.aux)
(./chapters/security.aux) (./chapters/administration.aux)
(./appendices/shell_commands.aux)) )
(see the transcript file for additional information){/usr/local/texlive/2018/te
xmf-dist/fonts/enc/dvips/cm-super/cm-super-t1.enc}</usr/local/texlive/2018/texm
f-dist/fonts/type1/public/amsfonts/cm/cmbx10.pfb></usr/local/texlive/2018/texmf
-dist/fonts/type1/public/amsfonts/cm/cmmi10.pfb></usr/local/texlive/2018/texmf-
dist/fonts/type1/public/amsfonts/cm/cmmi8.pfb></usr/local/texlive/2018/texmf-di
st/fonts/type1/public/amsfonts/cm/cmr10.pfb></usr/local/texlive/2018/texmf-dist
/fonts/type1/public/amsfonts/cm/cmr8.pfb></usr/local/texlive/2018/texmf-dist/fo
nts/type1/public/amsfonts/cm/cmsy10.pfb></usr/local/texlive/2018/texmf-dist/fon
ts/type1/public/cm-super/sfbx1095.pfb></usr/local/texlive/2018/texmf-dist/fonts
/type1/public/cm-super/sfbx1200.pfb></usr/local/texlive/2018/texmf-dist/fonts/t
ype1/public/cm-super/sfbx1440.pfb></usr/local/texlive/2018/texmf-dist/fonts/typ
e1/public/cm-super/sfbx2074.pfb></usr/local/texlive/2018/texmf-dist/fonts/type1
/public/cm-super/sfbx2488.pfb></usr/local/texlive/2018/texmf-dist/fonts/type1/p
ublic/cm-super/sfrm1095.pfb></usr/local/texlive/2018/texmf-dist/fonts/type1/pub
lic/cm-super/sfrm1200.pfb></usr/local/texlive/2018/texmf-dist/fonts/type1/publi
c/cm-super/sfrm1728.pfb></usr/local/texlive/2018/texmf-dist/fonts/type1/public/
cm-super/sfti1095.pfb></usr/local/texlive/2018/texmf-dist/fonts/type1/public/tx
fonts/t1xbtt.pfb></usr/local/texlive/2018/texmf-dist/fonts/type1/public/txfonts
/t1xtt.pfb>
Output written on accumulo_user_manual.pdf (68 pages, 453422 bytes).
Transcript written on accumulo_user_manual.log.
[INFO] 
[INFO] --- maven-install-plugin:2.4:install (default-install) @ accumulo ---
[INFO] Installing /tmp/Kali_Bugs.jar_Accumulo_cd7feb4d/pom.xml to /tmp/Kali_Bugs.jar_Accumulo_cd7feb4d/.m2/org/apache/accumulo/accumulo/1.4.0-incubating-SNAPSHOT/accumulo-1.4.0-incubating-SNAPSHOT.pom
[INFO] 
[INFO] ------------------------------------------------------------------------
[INFO] Building cloudtrace 1.4.0-incubating-SNAPSHOT
[INFO] ------------------------------------------------------------------------
[INFO] 
[INFO] --- maven-enforcer-plugin:1.0-beta-1:enforce (enforce-mvn) @ cloudtrace ---
[INFO] Skipping Rule Enforcement.
[INFO] 
[INFO] --- maven-resources-plugin:2.4:resources (default-resources) @ cloudtrace ---
[INFO] Downloading: https://repo.maven.apache.org/maven2/org/apache/maven/shared/maven-filtering/1.0-beta-3/maven-filtering-1.0-beta-3.pom
[INFO] Downloaded: https://repo.maven.apache.org/maven2/org/apache/maven/shared/maven-filtering/1.0-beta-3/maven-filtering-1.0-beta-3.pom (5.5 kB at 220 kB/s)
[INFO] Using 'UTF-8' encoding to copy filtered resources.
[INFO] Copying 4 resources to META-INF
[INFO] skip non existing resourceDirectory /tmp/Kali_Bugs.jar_Accumulo_cd7feb4d/src/trace/src/main/resources
[INFO] 
[INFO] --- maven-dependency-plugin:2.8:copy-dependencies (copy-dependencies) @ cloudtrace ---
[INFO] Copying libthrift-0.6.1.jar to /tmp/Kali_Bugs.jar_Accumulo_cd7feb4d/lib/libthrift-0.6.1.jar
[INFO] Copying log4j-1.2.16.jar to /tmp/Kali_Bugs.jar_Accumulo_cd7feb4d/lib/log4j-1.2.16.jar
[INFO] 
[INFO] --- maven-compiler-plugin:3.1:compile (default-compile) @ cloudtrace ---
[INFO] Changes detected - recompiling the module!
[WARNING] File encoding has not been set, using platform encoding UTF-8, i.e. build is platform dependent!
[INFO] Compiling 22 source files to /tmp/Kali_Bugs.jar_Accumulo_cd7feb4d/src/trace/target/classes
[INFO] 
[INFO] --- maven-resources-plugin:2.4:testResources (default-testResources) @ cloudtrace ---
[INFO] Using 'UTF-8' encoding to copy filtered resources.
[INFO] skip non existing resourceDirectory /tmp/Kali_Bugs.jar_Accumulo_cd7feb4d/src/trace/src/test/resources
[INFO] 
[INFO] --- maven-compiler-plugin:3.1:testCompile (default-testCompile) @ cloudtrace ---
[INFO] Changes detected - recompiling the module!
[WARNING] File encoding has not been set, using platform encoding UTF-8, i.e. build is platform dependent!
[INFO] Compiling 3 source files to /tmp/Kali_Bugs.jar_Accumulo_cd7feb4d/src/trace/target/test-classes
[INFO] 
[INFO] --- maven-surefire-plugin:2.12.4:test (default-test) @ cloudtrace ---
[INFO] Tests are skipped.
[INFO] 
[INFO] --- maven-jar-plugin:2.4:jar (default-jar) @ cloudtrace ---
[INFO] Building jar: /tmp/Kali_Bugs.jar_Accumulo_cd7feb4d/lib/cloudtrace-1.4.0-incubating-SNAPSHOT.jar
[INFO] 
[INFO] --- maven-install-plugin:2.4:install (default-install) @ cloudtrace ---
[INFO] Installing /tmp/Kali_Bugs.jar_Accumulo_cd7feb4d/lib/cloudtrace-1.4.0-incubating-SNAPSHOT.jar to /tmp/Kali_Bugs.jar_Accumulo_cd7feb4d/.m2/org/apache/accumulo/cloudtrace/1.4.0-incubating-SNAPSHOT/cloudtrace-1.4.0-incubating-SNAPSHOT.jar
[INFO] Installing /tmp/Kali_Bugs.jar_Accumulo_cd7feb4d/src/trace/pom.xml to /tmp/Kali_Bugs.jar_Accumulo_cd7feb4d/.m2/org/apache/accumulo/cloudtrace/1.4.0-incubating-SNAPSHOT/cloudtrace-1.4.0-incubating-SNAPSHOT.pom
[INFO] 
[INFO] ------------------------------------------------------------------------
[INFO] Building accumulo-start 1.4.0-incubating-SNAPSHOT
[INFO] ------------------------------------------------------------------------
[INFO] 
[INFO] --- maven-enforcer-plugin:1.0-beta-1:enforce (enforce-mvn) @ accumulo-start ---
[INFO] Skipping Rule Enforcement.
[INFO] 
[INFO] --- maven-resources-plugin:2.4:resources (default-resources) @ accumulo-start ---
[INFO] Using 'UTF-8' encoding to copy filtered resources.
[INFO] Copying 4 resources to META-INF
[INFO] skip non existing resourceDirectory /tmp/Kali_Bugs.jar_Accumulo_cd7feb4d/src/start/src/main/resources
[INFO] 
[INFO] --- maven-dependency-plugin:2.8:copy-dependencies (copy-dependencies) @ accumulo-start ---
[INFO] Copying commons-jci-core-1.0.jar to /tmp/Kali_Bugs.jar_Accumulo_cd7feb4d/lib/commons-jci-core-1.0.jar
[INFO] Copying commons-logging-api-1.0.4.jar to /tmp/Kali_Bugs.jar_Accumulo_cd7feb4d/lib/commons-logging-api-1.0.4.jar
[INFO] Copying commons-io-1.4.jar to /tmp/Kali_Bugs.jar_Accumulo_cd7feb4d/lib/commons-io-1.4.jar
[INFO] Copying commons-jci-fam-1.0.jar to /tmp/Kali_Bugs.jar_Accumulo_cd7feb4d/lib/commons-jci-fam-1.0.jar
[INFO] Copying commons-logging-1.0.4.jar to /tmp/Kali_Bugs.jar_Accumulo_cd7feb4d/lib/commons-logging-1.0.4.jar
[INFO] log4j-1.2.16.jar already exists in destination.
[INFO] 
[INFO] --- maven-compiler-plugin:3.1:compile (default-compile) @ accumulo-start ---
[INFO] Changes detected - recompiling the module!
[WARNING] File encoding has not been set, using platform encoding UTF-8, i.e. build is platform dependent!
[INFO] Compiling 5 source files to /tmp/Kali_Bugs.jar_Accumulo_cd7feb4d/src/start/target/classes
[INFO] 
[INFO] --- maven-resources-plugin:2.4:testResources (default-testResources) @ accumulo-start ---
[INFO] Using 'UTF-8' encoding to copy filtered resources.
[INFO] Copying 3 resources
[INFO] 
[INFO] --- maven-compiler-plugin:3.1:testCompile (default-testCompile) @ accumulo-start ---
[INFO] Changes detected - recompiling the module!
[WARNING] File encoding has not been set, using platform encoding UTF-8, i.e. build is platform dependent!
[INFO] Compiling 2 source files to /tmp/Kali_Bugs.jar_Accumulo_cd7feb4d/src/start/target/test-classes
[INFO] 
[INFO] --- maven-surefire-plugin:2.12.4:test (default-test) @ accumulo-start ---
[INFO] Tests are skipped.
[INFO] 
[INFO] --- maven-jar-plugin:2.4:jar (default-jar) @ accumulo-start ---
[INFO] Building jar: /tmp/Kali_Bugs.jar_Accumulo_cd7feb4d/lib/accumulo-start-1.4.0-incubating-SNAPSHOT.jar
[INFO] 
[INFO] --- maven-install-plugin:2.4:install (default-install) @ accumulo-start ---
[INFO] Installing /tmp/Kali_Bugs.jar_Accumulo_cd7feb4d/lib/accumulo-start-1.4.0-incubating-SNAPSHOT.jar to /tmp/Kali_Bugs.jar_Accumulo_cd7feb4d/.m2/org/apache/accumulo/accumulo-start/1.4.0-incubating-SNAPSHOT/accumulo-start-1.4.0-incubating-SNAPSHOT.jar
[INFO] Installing /tmp/Kali_Bugs.jar_Accumulo_cd7feb4d/src/start/pom.xml to /tmp/Kali_Bugs.jar_Accumulo_cd7feb4d/.m2/org/apache/accumulo/accumulo-start/1.4.0-incubating-SNAPSHOT/accumulo-start-1.4.0-incubating-SNAPSHOT.pom
[INFO] 
[INFO] ------------------------------------------------------------------------
[INFO] Building accumulo-core 1.4.0-incubating-SNAPSHOT
[INFO] ------------------------------------------------------------------------
[INFO] Downloading: https://repo.maven.apache.org/maven2/org/mortbay/jetty/jetty/maven-metadata.xml
[INFO] Downloaded: https://repo.maven.apache.org/maven2/org/mortbay/jetty/jetty/maven-metadata.xml (688 B at 38 kB/s)
[INFO] 
[INFO] --- maven-enforcer-plugin:1.0-beta-1:enforce (enforce-mvn) @ accumulo-core ---
[INFO] Skipping Rule Enforcement.
[INFO] 
[INFO] --- exec-maven-plugin:1.1.1:exec (generate-core-thrift) @ accumulo-core ---
[INFO] thrift is not available
[INFO] 
[INFO] --- maven-resources-plugin:2.4:resources (default-resources) @ accumulo-core ---
[INFO] Using 'UTF-8' encoding to copy filtered resources.
[INFO] Copying 4 resources to META-INF
[INFO] skip non existing resourceDirectory /tmp/Kali_Bugs.jar_Accumulo_cd7feb4d/src/core/src/main/resources
[INFO] 
[INFO] --- maven-dependency-plugin:2.8:copy-dependencies (copy-dependencies) @ accumulo-core ---
[INFO] Copying commons-collections-3.2.jar to /tmp/Kali_Bugs.jar_Accumulo_cd7feb4d/lib/commons-collections-3.2.jar
[INFO] Copying jline-0.9.94.jar to /tmp/Kali_Bugs.jar_Accumulo_cd7feb4d/lib/jline-0.9.94.jar
[INFO] Copying commons-lang-2.4.jar to /tmp/Kali_Bugs.jar_Accumulo_cd7feb4d/lib/commons-lang-2.4.jar
[INFO] libthrift-0.6.1.jar already exists in destination.
[INFO] log4j-1.2.16.jar already exists in destination.
[INFO] 
[INFO] --- maven-compiler-plugin:3.1:compile (default-compile) @ accumulo-core ---
[INFO] Changes detected - recompiling the module!
[WARNING] File encoding has not been set, using platform encoding UTF-8, i.e. build is platform dependent!
[INFO] Compiling 430 source files to /tmp/Kali_Bugs.jar_Accumulo_cd7feb4d/src/core/target/classes
[WARNING] /tmp/Kali_Bugs.jar_Accumulo_cd7feb4d/src/core/src/main/java/org/apache/accumulo/core/iterators/IteratorUtil.java: Some input files use or override a deprecated API.
[WARNING] /tmp/Kali_Bugs.jar_Accumulo_cd7feb4d/src/core/src/main/java/org/apache/accumulo/core/iterators/IteratorUtil.java: Recompile with -Xlint:deprecation for details.
[WARNING] /tmp/Kali_Bugs.jar_Accumulo_cd7feb4d/src/core/src/main/java/org/apache/accumulo/core/tabletserver/thrift/ConstraintViolationException.java: Some input files use unchecked or unsafe operations.
[WARNING] /tmp/Kali_Bugs.jar_Accumulo_cd7feb4d/src/core/src/main/java/org/apache/accumulo/core/tabletserver/thrift/ConstraintViolationException.java: Recompile with -Xlint:unchecked for details.
[INFO] 
[INFO] --- exec-maven-plugin:1.1.1:exec (generate-documentation) @ accumulo-core ---
[INFO] HADOOP_HOME is not set
[INFO] 
[INFO] --- maven-resources-plugin:2.4:testResources (default-testResources) @ accumulo-core ---
[INFO] Using 'UTF-8' encoding to copy filtered resources.
[INFO] Copying 2 resources
[INFO] 
[INFO] --- maven-compiler-plugin:3.1:testCompile (default-testCompile) @ accumulo-core ---
[INFO] Changes detected - recompiling the module!
[WARNING] File encoding has not been set, using platform encoding UTF-8, i.e. build is platform dependent!
[INFO] Compiling 58 source files to /tmp/Kali_Bugs.jar_Accumulo_cd7feb4d/src/core/target/test-classes
[WARNING] /tmp/Kali_Bugs.jar_Accumulo_cd7feb4d/src/core/src/test/java/org/apache/accumulo/core/iterators/AggregatingIteratorTest.java: Some input files use or override a deprecated API.
[WARNING] /tmp/Kali_Bugs.jar_Accumulo_cd7feb4d/src/core/src/test/java/org/apache/accumulo/core/iterators/AggregatingIteratorTest.java: Recompile with -Xlint:deprecation for details.
[INFO] 
[INFO] --- maven-surefire-plugin:2.12.4:test (default-test) @ accumulo-core ---
[INFO] Tests are skipped.
[INFO] 
[INFO] --- maven-jar-plugin:2.4:jar (default-jar) @ accumulo-core ---
[INFO] Building jar: /tmp/Kali_Bugs.jar_Accumulo_cd7feb4d/lib/accumulo-core-1.4.0-incubating-SNAPSHOT.jar
[INFO] 
[INFO] --- maven-install-plugin:2.4:install (default-install) @ accumulo-core ---
[INFO] Installing /tmp/Kali_Bugs.jar_Accumulo_cd7feb4d/lib/accumulo-core-1.4.0-incubating-SNAPSHOT.jar to /tmp/Kali_Bugs.jar_Accumulo_cd7feb4d/.m2/org/apache/accumulo/accumulo-core/1.4.0-incubating-SNAPSHOT/accumulo-core-1.4.0-incubating-SNAPSHOT.jar
[INFO] Installing /tmp/Kali_Bugs.jar_Accumulo_cd7feb4d/src/core/pom.xml to /tmp/Kali_Bugs.jar_Accumulo_cd7feb4d/.m2/org/apache/accumulo/accumulo-core/1.4.0-incubating-SNAPSHOT/accumulo-core-1.4.0-incubating-SNAPSHOT.pom
[INFO] 
[INFO] ------------------------------------------------------------------------
[INFO] Building accumulo-server 1.4.0-incubating-SNAPSHOT
[INFO] ------------------------------------------------------------------------
[INFO] 
[INFO] --- maven-enforcer-plugin:1.0-beta-1:enforce (enforce-mvn) @ accumulo-server ---
[INFO] Skipping Rule Enforcement.
[INFO] 
[INFO] --- maven-resources-plugin:2.4:resources (default-resources) @ accumulo-server ---
[INFO] Using 'UTF-8' encoding to copy filtered resources.
[INFO] Copying 4 resources to META-INF
[INFO] Copying 38 resources
[INFO] 
[INFO] --- maven-dependency-plugin:2.8:copy-dependencies (copy-dependencies) @ accumulo-server ---
[INFO] Copying commons-configuration-1.5.jar to /tmp/Kali_Bugs.jar_Accumulo_cd7feb4d/lib/commons-configuration-1.5.jar
[INFO] log4j-1.2.16.jar already exists in destination.
[INFO] jline-0.9.94.jar already exists in destination.
[INFO] commons-io-1.4.jar already exists in destination.
[INFO] commons-lang-2.4.jar already exists in destination.
[INFO] 
[INFO] --- maven-compiler-plugin:3.1:compile (default-compile) @ accumulo-server ---
[INFO] Changes detected - recompiling the module!
[WARNING] File encoding has not been set, using platform encoding UTF-8, i.e. build is platform dependent!
[INFO] Compiling 404 source files to /tmp/Kali_Bugs.jar_Accumulo_cd7feb4d/src/server/target/classes
[WARNING] /tmp/Kali_Bugs.jar_Accumulo_cd7feb4d/src/server/src/main/java/org/apache/accumulo/server/test/randomwalk/bulk/Setup.java: Some input files use or override a deprecated API.
[WARNING] /tmp/Kali_Bugs.jar_Accumulo_cd7feb4d/src/server/src/main/java/org/apache/accumulo/server/test/randomwalk/bulk/Setup.java: Recompile with -Xlint:deprecation for details.
[INFO] 
[INFO] --- maven-resources-plugin:2.4:testResources (default-testResources) @ accumulo-server ---
[INFO] Using 'UTF-8' encoding to copy filtered resources.
[INFO] skip non existing resourceDirectory /tmp/Kali_Bugs.jar_Accumulo_cd7feb4d/src/server/src/test/resources
[INFO] 
[INFO] --- maven-compiler-plugin:3.1:testCompile (default-testCompile) @ accumulo-server ---
[INFO] Changes detected - recompiling the module!
[WARNING] File encoding has not been set, using platform encoding UTF-8, i.e. build is platform dependent!
[INFO] Compiling 23 source files to /tmp/Kali_Bugs.jar_Accumulo_cd7feb4d/src/server/target/test-classes
[INFO] 
[INFO] --- maven-surefire-plugin:2.12.4:test (default-test) @ accumulo-server ---
[INFO] Tests are skipped.
[INFO] 
[INFO] --- maven-jar-plugin:2.4:jar (default-jar) @ accumulo-server ---
[INFO] Building jar: /tmp/Kali_Bugs.jar_Accumulo_cd7feb4d/lib/accumulo-server-1.4.0-incubating-SNAPSHOT.jar
[INFO] 
[INFO] --- maven-install-plugin:2.4:install (default-install) @ accumulo-server ---
[INFO] Installing /tmp/Kali_Bugs.jar_Accumulo_cd7feb4d/lib/accumulo-server-1.4.0-incubating-SNAPSHOT.jar to /tmp/Kali_Bugs.jar_Accumulo_cd7feb4d/.m2/org/apache/accumulo/accumulo-server/1.4.0-incubating-SNAPSHOT/accumulo-server-1.4.0-incubating-SNAPSHOT.jar
[INFO] Installing /tmp/Kali_Bugs.jar_Accumulo_cd7feb4d/src/server/pom.xml to /tmp/Kali_Bugs.jar_Accumulo_cd7feb4d/.m2/org/apache/accumulo/accumulo-server/1.4.0-incubating-SNAPSHOT/accumulo-server-1.4.0-incubating-SNAPSHOT.pom
[INFO] 
[INFO] ------------------------------------------------------------------------
[INFO] Building accumulo-examples 1.4.0-incubating-SNAPSHOT
[INFO] ------------------------------------------------------------------------
[INFO] 
[INFO] --- maven-enforcer-plugin:1.0-beta-1:enforce (enforce-mvn) @ accumulo-examples ---
[INFO] Skipping Rule Enforcement.
[INFO] 
[INFO] --- maven-resources-plugin:2.4:resources (default-resources) @ accumulo-examples ---
[INFO] Using 'UTF-8' encoding to copy filtered resources.
[INFO] Copying 4 resources to META-INF
[INFO] skip non existing resourceDirectory /tmp/Kali_Bugs.jar_Accumulo_cd7feb4d/src/examples/src/main/resources
[INFO] 
[INFO] --- maven-dependency-plugin:2.8:copy-dependencies (copy-dependencies) @ accumulo-examples ---
[INFO] 
[INFO] --- maven-compiler-plugin:3.1:compile (default-compile) @ accumulo-examples ---
[INFO] Changes detected - recompiling the module!
[WARNING] File encoding has not been set, using platform encoding UTF-8, i.e. build is platform dependent!
[INFO] Compiling 38 source files to /tmp/Kali_Bugs.jar_Accumulo_cd7feb4d/src/examples/target/classes
[INFO] 
[INFO] --- maven-resources-plugin:2.4:testResources (default-testResources) @ accumulo-examples ---
[INFO] Using 'UTF-8' encoding to copy filtered resources.
[INFO] skip non existing resourceDirectory /tmp/Kali_Bugs.jar_Accumulo_cd7feb4d/src/examples/src/test/resources
[INFO] 
[INFO] --- maven-compiler-plugin:3.1:testCompile (default-testCompile) @ accumulo-examples ---
[INFO] Changes detected - recompiling the module!
[WARNING] File encoding has not been set, using platform encoding UTF-8, i.e. build is platform dependent!
[INFO] Compiling 5 source files to /tmp/Kali_Bugs.jar_Accumulo_cd7feb4d/src/examples/target/test-classes
[INFO] 
[INFO] --- maven-surefire-plugin:2.12.4:test (default-test) @ accumulo-examples ---
[INFO] Tests are skipped.
[INFO] 
[INFO] --- maven-jar-plugin:2.4:jar (default-jar) @ accumulo-examples ---
[INFO] Building jar: /tmp/Kali_Bugs.jar_Accumulo_cd7feb4d/lib/accumulo-examples-1.4.0-incubating-SNAPSHOT.jar
[INFO] 
[INFO] --- maven-install-plugin:2.4:install (default-install) @ accumulo-examples ---
[INFO] Installing /tmp/Kali_Bugs.jar_Accumulo_cd7feb4d/lib/accumulo-examples-1.4.0-incubating-SNAPSHOT.jar to /tmp/Kali_Bugs.jar_Accumulo_cd7feb4d/.m2/org/apache/accumulo/accumulo-examples/1.4.0-incubating-SNAPSHOT/accumulo-examples-1.4.0-incubating-SNAPSHOT.jar
[INFO] Installing /tmp/Kali_Bugs.jar_Accumulo_cd7feb4d/src/examples/pom.xml to /tmp/Kali_Bugs.jar_Accumulo_cd7feb4d/.m2/org/apache/accumulo/accumulo-examples/1.4.0-incubating-SNAPSHOT/accumulo-examples-1.4.0-incubating-SNAPSHOT.pom
[INFO] ------------------------------------------------------------------------
[INFO] Reactor Summary:
[INFO] 
[INFO] accumulo ........................................... SUCCESS [  6.254 s]
[INFO] cloudtrace ......................................... SUCCESS [  2.161 s]
[INFO] accumulo-start ..................................... SUCCESS [  0.236 s]
[INFO] accumulo-core ...................................... SUCCESS [  9.831 s]
[INFO] accumulo-server .................................... SUCCESS [  4.856 s]
[INFO] accumulo-examples .................................. SUCCESS [  0.507 s]
[INFO] ------------------------------------------------------------------------
[INFO] BUILD SUCCESS
[INFO] ------------------------------------------------------------------------
[INFO] Total time: 24.070 s
[INFO] Finished at: 2019-08-21T13:24:04-07:00
[INFO] Final Memory: 51M/1437M
[INFO] ------------------------------------------------------------------------
