PID: 28923
honu.cs.washington.edu
Job started at Wed Aug 21 13:21:00 PDT 2019
[RESOURCES] There are too many total processes running: 39!
[RESOURCES] There are too many total processes running: 39!
[RESOURCES] There are too many total processes running: 49!
[RESOURCES] There are too many total processes running: 39!
[RESOURCES] There are too many total processes running: 41!
[RESOURCES] There are too many total processes running: 41!
Running patch plausibility analysis under Java-8 on the patch generated by Kali for Bugs.jar::Accumulo-cd7feb4d::0
patch_plausibility.py script started at Wed Aug 21 13:23:00 PDT 2019
Switched to branch 'bugs-dot-jar_ACCUMULO-189_cd7feb4d'
Reinitialized existing Git repository in /tmp/Kali_Bugs.jar_Accumulo_cd7feb4d/.git/
Checking patch src/core/src/main/java/org/apache/accumulo/core/iterators/user/RegExFilter.java...
Applied patch src/core/src/main/java/org/apache/accumulo/core/iterators/user/RegExFilter.java cleanly.
Checkout Bugs.jar_Accumulo_cd7feb4d
Apply patch ...
Compile Bugs.jar_Accumulo_cd7feb4d
Run tests on Bugs.jar_Accumulo_cd7feb4d
patch_plausibility.py script finished at Wed Aug 21 13:24:22 PDT 2019
Job finished at Wed Aug 21 13:24:22 PDT 2019
DONE!
