PID: 25628
honu.cs.washington.edu
Job started at Wed Aug 21 13:30:11 PDT 2019
Running patch plausibility analysis under Java-8 on the patch generated by Arja for Bugs.jar::Maven-c4002945::0
patch_plausibility.py script started at Wed Aug 21 13:30:11 PDT 2019
Already on 'bugs-dot-jar_MNG-4941_c4002945'
Reinitialized existing Git repository in /tmp/Arja_Bugs.jar_Maven_c4002945/.git/
<stdin>:23: trailing whitespace.
        
Checking patch maven-plugin-api/src/main/java/org/apache/maven/plugin/descriptor/PluginDescriptor.java...
Hunk #1 succeeded at 314 (offset -9 lines).
Checking patch maven-plugin-api/src/main/java/org/apache/maven/plugin/descriptor/PluginDescriptorBuilder.java...
Applied patch maven-plugin-api/src/main/java/org/apache/maven/plugin/descriptor/PluginDescriptor.java cleanly.
Applied patch maven-plugin-api/src/main/java/org/apache/maven/plugin/descriptor/PluginDescriptorBuilder.java cleanly.
warning: 1 line adds whitespace errors.
Checkout Bugs.jar_Maven_c4002945
Apply patch ...
Compile Bugs.jar_Maven_c4002945
Run tests on Bugs.jar_Maven_c4002945
patch_plausibility.py script finished at Wed Aug 21 13:31:18 PDT 2019
Job finished at Wed Aug 21 13:31:18 PDT 2019
DONE!
