PID: 4474
honu.cs.washington.edu
Job started at Tue Aug 20 23:13:11 PDT 2019
[RESOURCES] There are too many total processes running: 40!
[RESOURCES] There are too many total processes running: 39!
[RESOURCES] There are too many total processes running: 45!
[RESOURCES] There are too many total processes running: 51!
Running patch plausibility analysis under Java-7 on the patch generated by NPEFix for QuixBugs::DETECT_CYCLE-::0
patch_plausibility.py script started at Tue Aug 20 23:14:24 PDT 2019
Initialized empty Git repository in /tmp/NPEFix_QuixBugs_DETECT_CYCLE_/.git/
Skipped patch '/DETECT_CYCLE.java'.
compile has failed!
Traceback (most recent call last):
  File "/scratch/rjust/critical_review_of_repair_them_all_data/plausibility/patch_plausibility.py", line 169, in <module>
    die()
  File "/scratch/rjust/critical_review_of_repair_them_all_data/plausibility/patch_plausibility.py", line 104, in die
    utils.die(msg=msg, checkout_dir=CHECKOUT_DIR)
  File "/scratch/rjust/critical_review_of_repair_them_all_data/java_7_vs_java_8/utils.py", line 35, in die
    sys.exit(1)
SystemExit: 1
Checkout QuixBugs_DETECT_CYCLE_
Apply patch ...
Compile QuixBugs_DETECT_CYCLE_
patch_plausibility.py has failed!
