PID: 10387
honu.cs.washington.edu
Job started at Wed Aug 21 13:05:25 PDT 2019
[RESOURCES] There are too many total processes running: 43!
[RESOURCES] There are too many total processes running: 54!
[RESOURCES] There are too many total processes running: 38!
[RESOURCES] There are too many total processes running: 42!
[RESOURCES] There are too many total processes running: 40!
Running patch plausibility analysis under Java-8 on the patch generated by Nopol for Bugs.jar::Commons-Math-ebadb558::7
patch_plausibility.py script started at Wed Aug 21 13:07:01 PDT 2019
Switched to branch 'bugs-dot-jar_MATH-779_ebadb558'
Reinitialized existing Git repository in /tmp/Nopol_Bugs.jar_Commons-Math_ebadb558/.git/
Checking patch src/main/java/org/apache/commons/math3/optimization/direct/BOBYQAOptimizer.java...
Applied patch src/main/java/org/apache/commons/math3/optimization/direct/BOBYQAOptimizer.java cleanly.
Checkout Bugs.jar_Commons-Math_ebadb558
Apply patch ...
Compile Bugs.jar_Commons-Math_ebadb558
Run tests on Bugs.jar_Commons-Math_ebadb558
patch_plausibility.py script finished at Wed Aug 21 13:08:38 PDT 2019
Job finished at Wed Aug 21 13:08:38 PDT 2019
DONE!
