PID: 10740
honu.cs.washington.edu
Job started at Tue Aug 20 23:21:26 PDT 2019
[RESOURCES] There are too many total processes running: 50!
[RESOURCES] There are too many total processes running: 53!
[RESOURCES] There are too many total processes running: 44!
[RESOURCES] There are too many total processes running: 39!
Running patch plausibility analysis under Java-7 on the patch generated by DynaMoth for Bugs.jar::Logging-Log4J2-c8fd3c53::7
patch_plausibility.py script started at Tue Aug 20 23:22:59 PDT 2019
Switched to branch 'bugs-dot-jar_LOG4J2-1058_c8fd3c53'
Reinitialized existing Git repository in /tmp/DynaMoth_Bugs.jar_Logging-Log4J2_c8fd3c53/.git/
Checking patch log4j-api/src/main/java/org/apache/logging/log4j/spi/Provider.java...
Applied patch log4j-api/src/main/java/org/apache/logging/log4j/spi/Provider.java cleanly.
Checkout Bugs.jar_Logging-Log4J2_c8fd3c53
Apply patch ...
Compile Bugs.jar_Logging-Log4J2_c8fd3c53
Run tests on Bugs.jar_Logging-Log4J2_c8fd3c53
patch_plausibility.py script finished at Tue Aug 20 23:25:56 PDT 2019
Job finished at Tue Aug 20 23:25:56 PDT 2019
DONE!
