PID: 22255
honu.cs.washington.edu
Job started at Wed Aug 21 13:00:19 PDT 2019
[RESOURCES] There are too many total processes running: 60!
[RESOURCES] There are too many total processes running: 41!
[RESOURCES] There are too many total processes running: 47!
[RESOURCES] There are too many total processes running: 43!
[RESOURCES] There are too many total processes running: 46!
[RESOURCES] There are too many total processes running: 55!
[RESOURCES] There are too many total processes running: 48!
[RESOURCES] There are too many total processes running: 45!
[RESOURCES] There are too many total processes running: 42!
[RESOURCES] There are too many total processes running: 40!
[RESOURCES] There are too many total processes running: 41!
Running patch plausibility analysis under Java-8 on the patch generated by Cardumen for Bears::traccar-traccar-195128524-195455832::0
patch_plausibility.py script started at Wed Aug 21 13:04:01 PDT 2019
Previous HEAD position was 53dc7777d Changes in the tests This commit is based on the source code from the following commit: http://github.com/traccar/traccar/commit/6c0fe165f72a998d447d0983c94e234681a6b680 The mentioned commit triggered the following Travis build: http://travis-ci.org/traccar/traccar/builds/305713931.
Switched to branch 'traccar-traccar-195128524-195455832'
Note: checking out '110f3660d4ec804d7ed8d97d052339683490217a'.

You are in 'detached HEAD' state. You can look around, make experimental
changes and commit them, and you can discard any commits you make in this
state without impacting any branches by performing another checkout.

If you want to create a new branch to retain commits you create, you may
do so (now or later) by using -b with the checkout command again. Example:

  git checkout -b <new-branch-name>

HEAD is now at 110f3660d Changes in the tests This commit is based on the source code from the following commit: http://github.com/traccar/traccar/commit/3155b8697a9b3f8023e085a766a439eee4c058db The mentioned commit triggered the following Travis build: http://travis-ci.org/traccar/traccar/builds/195455832.
Picked up JAVA_TOOL_OPTIONS: -XX:CICompilerCount=2 -XX:ParallelGCThreads=2 -XX:ConcGCThreads=2  
Reinitialized existing Git repository in /tmp/Cardumen_Bears_traccar-traccar_195128524-195455832/.git/
Checking patch src/org/traccar/events/IgnitionEventHandler.java...
Applied patch src/org/traccar/events/IgnitionEventHandler.java cleanly.
There was no 'Please refer to (.*) for the individual test results.' in the maven log file!
Checkout Bears_traccar-traccar_195128524-195455832
Apply patch ...
Compile Bears_traccar-traccar_195128524-195455832
Run tests on Bears_traccar-traccar_195128524-195455832
patch_plausibility.py script finished at Wed Aug 21 13:05:00 PDT 2019
Job finished at Wed Aug 21 13:05:00 PDT 2019
DONE!
