PID: 29209
honu.cs.washington.edu
Job started at Tue Aug 20 23:58:31 PDT 2019
[RESOURCES] There are too many total processes running: 45!
[RESOURCES] There are too many total processes running: 43!
[RESOURCES] There are too many total processes running: 39!
[RESOURCES] There are too many total processes running: 49!
[RESOURCES] There are too many total processes running: 46!
[RESOURCES] There are too many total processes running: 51!
[RESOURCES] There are too many total processes running: 40!
Running patch plausibility analysis under Java-7 on the patch generated by RSRepair for IntroClassJava::digits-317aa7055d3b7337ab43b73863692d1288ca246c473f9fd176bc737a7c3e1e08c37a15603cfb7bfc86f7bc2dcc239967b79b605aec11f86ae3ab90dc140b540f-004::0
patch_plausibility.py script started at Wed Aug 21 00:01:19 PDT 2019
Initialized empty Git repository in /tmp/RSRepair_IntroClassJava_digits_317aa7055d3b7337ab43b73863692d1288ca246c473f9fd176bc737a7c3e1e08c37a15603cfb7bfc86f7bc2dcc239967b79b605aec11f86ae3ab90dc140b540f-004/.git/
Checking patch src/main/java/introclassJava/digits_317aa705_004.java...
Applied patch src/main/java/introclassJava/digits_317aa705_004.java cleanly.
There was no 'Please refer to (.*) for the individual test results.' in the maven log file!
Checkout IntroClassJava_digits_317aa7055d3b7337ab43b73863692d1288ca246c473f9fd176bc737a7c3e1e08c37a15603cfb7bfc86f7bc2dcc239967b79b605aec11f86ae3ab90dc140b540f-004
Apply patch ...
Compile IntroClassJava_digits_317aa7055d3b7337ab43b73863692d1288ca246c473f9fd176bc737a7c3e1e08c37a15603cfb7bfc86f7bc2dcc239967b79b605aec11f86ae3ab90dc140b540f-004
Run tests on IntroClassJava_digits_317aa7055d3b7337ab43b73863692d1288ca246c473f9fd176bc737a7c3e1e08c37a15603cfb7bfc86f7bc2dcc239967b79b605aec11f86ae3ab90dc140b540f-004
patch_plausibility.py script finished at Wed Aug 21 00:01:34 PDT 2019
Job finished at Wed Aug 21 00:01:34 PDT 2019
DONE!
