PID: 31157
honu.cs.washington.edu
Job started at Wed Aug 21 12:54:02 PDT 2019
[RESOURCES] There are too many total processes running: 41!
[RESOURCES] There are too many total processes running: 44!
[RESOURCES] There are too many total processes running: 42!
[RESOURCES] There are too many total processes running: 39!
[RESOURCES] There are too many total processes running: 41!
[RESOURCES] There are too many total processes running: 43!
[RESOURCES] There are too many total processes running: 47!
[RESOURCES] There are too many total processes running: 38!
[RESOURCES] There are too many total processes running: 52!
[RESOURCES] There are too many total processes running: 43!
Running patch plausibility analysis under Java-8 on the patch generated by DynaMoth for Bugs.jar::Commons-Math-d7c0f27e::7
patch_plausibility.py script started at Wed Aug 21 12:57:06 PDT 2019
Switched to branch 'bugs-dot-jar_MATH-836_d7c0f27e'
Reinitialized existing Git repository in /tmp/DynaMoth_Bugs.jar_Commons-Math_d7c0f27e/.git/
Checking patch src/main/java/org/apache/commons/math3/optimization/direct/BOBYQAOptimizer.java...
Applied patch src/main/java/org/apache/commons/math3/optimization/direct/BOBYQAOptimizer.java cleanly.
Checkout Bugs.jar_Commons-Math_d7c0f27e
Apply patch ...
Compile Bugs.jar_Commons-Math_d7c0f27e
Run tests on Bugs.jar_Commons-Math_d7c0f27e
patch_plausibility.py script finished at Wed Aug 21 12:59:14 PDT 2019
Job finished at Wed Aug 21 12:59:14 PDT 2019
DONE!
