Picked up JAVA_TOOL_OPTIONS: -XX:CICompilerCount=2 -XX:ParallelGCThreads=2 -XX:ConcGCThreads=2 -Djdk.net.URLClassPath.disableClassPathURLCheck=true 
Picked up _JAVA_OPTIONS: -Djdk.net.URLClassPath.disableClassPathURLCheck=true
Apache Maven 3.5.0 (Red Hat 3.5.0-4.3)
Maven home: /opt/rh/rh-maven35/root/usr/share/maven
Java version: 1.8.0_181, vendor: Oracle Corporation
Java home: /scratch/rjust/projects/calling-bs/repair-them-all/RepairThemAll/jdks/jdk1.8.0_181/jre
Default locale: en_US, platform encoding: UTF-8
OS name: "linux", version: "4.14.132-1.el7.retpoline.x86_64", arch: "amd64", family: "unix"
[INFO] Scanning for projects...
[INFO] 
[INFO] ------------------------------------------------------------------------
[INFO] Building la4j 0.6.0
[INFO] ------------------------------------------------------------------------
[INFO] 
[INFO] --- maven-enforcer-plugin:1.0:enforce (enforce-maven) @ la4j ---
[INFO] Skipping Rule Enforcement.
[INFO] 
[INFO] --- maven-resources-plugin:2.6:resources (default-resources) @ la4j ---
[INFO] Using 'UTF-8' encoding to copy filtered resources.
[INFO] skip non existing resourceDirectory /tmp/Nopol_Bears_vkostyukov-la4j_414793864-436911083/src/main/resources
[INFO] 
[INFO] --- maven-compiler-plugin:2.5.1:compile (default-compile) @ la4j ---
[INFO] Downloading: https://repo.maven.apache.org/maven2/org/codehaus/plexus/plexus-compiler-api/1.9.1/plexus-compiler-api-1.9.1.pom
[INFO] Downloaded: https://repo.maven.apache.org/maven2/org/codehaus/plexus/plexus-compiler-api/1.9.1/plexus-compiler-api-1.9.1.pom (867 B at 2.0 kB/s)
[INFO] Downloading: https://repo.maven.apache.org/maven2/org/codehaus/plexus/plexus-compiler/1.9.1/plexus-compiler-1.9.1.pom
[INFO] Downloaded: https://repo.maven.apache.org/maven2/org/codehaus/plexus/plexus-compiler/1.9.1/plexus-compiler-1.9.1.pom (3.8 kB at 256 kB/s)
[INFO] Downloading: https://repo.maven.apache.org/maven2/org/codehaus/plexus/plexus-components/1.1.20/plexus-components-1.1.20.pom
[INFO] Downloaded: https://repo.maven.apache.org/maven2/org/codehaus/plexus/plexus-components/1.1.20/plexus-components-1.1.20.pom (3.0 kB at 302 kB/s)
[INFO] Downloading: https://repo.maven.apache.org/maven2/org/codehaus/plexus/plexus-compiler-manager/1.9.1/plexus-compiler-manager-1.9.1.pom
[INFO] Downloaded: https://repo.maven.apache.org/maven2/org/codehaus/plexus/plexus-compiler-manager/1.9.1/plexus-compiler-manager-1.9.1.pom (692 B at 46 kB/s)
[INFO] Downloading: https://repo.maven.apache.org/maven2/org/codehaus/plexus/plexus-compiler-javac/1.9.1/plexus-compiler-javac-1.9.1.pom
[INFO] Downloaded: https://repo.maven.apache.org/maven2/org/codehaus/plexus/plexus-compiler-javac/1.9.1/plexus-compiler-javac-1.9.1.pom (688 B at 69 kB/s)
[INFO] Downloading: https://repo.maven.apache.org/maven2/org/codehaus/plexus/plexus-compilers/1.9.1/plexus-compilers-1.9.1.pom
[INFO] Downloaded: https://repo.maven.apache.org/maven2/org/codehaus/plexus/plexus-compilers/1.9.1/plexus-compilers-1.9.1.pom (1.2 kB at 124 kB/s)
[INFO] Compiling 86 source files to /tmp/Nopol_Bears_vkostyukov-la4j_414793864-436911083/target/classes
[INFO] 
[INFO] --- maven-resources-plugin:2.6:testResources (default-testResources) @ la4j ---
[INFO] Using 'UTF-8' encoding to copy filtered resources.
[INFO] skip non existing resourceDirectory /tmp/Nopol_Bears_vkostyukov-la4j_414793864-436911083/src/test/resources
[INFO] 
[INFO] --- maven-compiler-plugin:2.5.1:testCompile (default-testCompile) @ la4j ---
[INFO] Compiling 31 source files to /tmp/Nopol_Bears_vkostyukov-la4j_414793864-436911083/target/test-classes
[INFO] 
[INFO] --- maven-surefire-plugin:2.12.4:test (default-test) @ la4j ---
[INFO] Tests are skipped.
[INFO] 
[INFO] --- maven-jar-plugin:2.4:jar (default-jar) @ la4j ---
[INFO] Building jar: /tmp/Nopol_Bears_vkostyukov-la4j_414793864-436911083/target/la4j-0.6.0.jar
[INFO] 
[INFO] --- maven-javadoc-plugin:2.10.1:jar (attach-javadocs) @ la4j ---
[INFO] Downloading: https://repo.maven.apache.org/maven2/org/apache/maven/shared/maven-invoker/2.0.9/maven-invoker-2.0.9.pom
[INFO] Downloaded: https://repo.maven.apache.org/maven2/org/apache/maven/shared/maven-invoker/2.0.9/maven-invoker-2.0.9.pom (5.8 kB at 444 kB/s)
[INFO] Downloading: https://repo.maven.apache.org/maven2/org/codehaus/plexus/plexus-utils/1.4.9/plexus-utils-1.4.9.pom
[INFO] Downloaded: https://repo.maven.apache.org/maven2/org/codehaus/plexus/plexus-utils/1.4.9/plexus-utils-1.4.9.pom (2.3 kB at 230 kB/s)
[INFO] Downloading: https://repo.maven.apache.org/maven2/org/apache/maven/wagon/wagon-provider-api/1.0-beta-6/wagon-provider-api-1.0-beta-6.pom
[INFO] Downloaded: https://repo.maven.apache.org/maven2/org/apache/maven/wagon/wagon-provider-api/1.0-beta-6/wagon-provider-api-1.0-beta-6.pom (1.8 kB at 93 kB/s)
[INFO] Downloading: https://repo.maven.apache.org/maven2/org/apache/maven/wagon/wagon/1.0-beta-6/wagon-1.0-beta-6.pom
[INFO] Downloaded: https://repo.maven.apache.org/maven2/org/apache/maven/wagon/wagon/1.0-beta-6/wagon-1.0-beta-6.pom (12 kB at 1.2 MB/s)
[INFO] Downloading: https://repo.maven.apache.org/maven2/org/codehaus/plexus/plexus-utils/1.4.2/plexus-utils-1.4.2.pom
[INFO] Downloaded: https://repo.maven.apache.org/maven2/org/codehaus/plexus/plexus-utils/1.4.2/plexus-utils-1.4.2.pom (2.0 kB at 196 kB/s)
[INFO] Downloading: https://repo.maven.apache.org/maven2/commons-io/commons-io/2.2/commons-io-2.2.pom
[INFO] Downloaded: https://repo.maven.apache.org/maven2/commons-io/commons-io/2.2/commons-io-2.2.pom (11 kB at 920 kB/s)
[INFO] Downloading: https://repo.maven.apache.org/maven2/org/apache/commons/commons-parent/24/commons-parent-24.pom
[INFO] Downloaded: https://repo.maven.apache.org/maven2/org/apache/commons/commons-parent/24/commons-parent-24.pom (47 kB at 3.4 MB/s)
[INFO] Downloading: https://repo.maven.apache.org/maven2/org/apache/httpcomponents/httpclient/4.2.3/httpclient-4.2.3.pom
[INFO] Downloaded: https://repo.maven.apache.org/maven2/org/apache/httpcomponents/httpclient/4.2.3/httpclient-4.2.3.pom (5.9 kB at 657 kB/s)
[INFO] Downloading: https://repo.maven.apache.org/maven2/org/apache/httpcomponents/httpcomponents-client/4.2.3/httpcomponents-client-4.2.3.pom
[INFO] Downloaded: https://repo.maven.apache.org/maven2/org/apache/httpcomponents/httpcomponents-client/4.2.3/httpcomponents-client-4.2.3.pom (15 kB at 1.6 MB/s)
[INFO] Downloading: https://repo.maven.apache.org/maven2/org/apache/httpcomponents/project/6/project-6.pom
[INFO] Downloaded: https://repo.maven.apache.org/maven2/org/apache/httpcomponents/project/6/project-6.pom (24 kB at 2.0 MB/s)
[INFO] Downloading: https://repo.maven.apache.org/maven2/org/apache/httpcomponents/httpcore/4.2.2/httpcore-4.2.2.pom
[INFO] Downloaded: https://repo.maven.apache.org/maven2/org/apache/httpcomponents/httpcore/4.2.2/httpcore-4.2.2.pom (5.7 kB at 632 kB/s)
[INFO] Downloading: https://repo.maven.apache.org/maven2/org/apache/httpcomponents/httpcomponents-core/4.2.2/httpcomponents-core-4.2.2.pom
[INFO] Downloaded: https://repo.maven.apache.org/maven2/org/apache/httpcomponents/httpcomponents-core/4.2.2/httpcomponents-core-4.2.2.pom (11 kB at 956 kB/s)
[INFO] Downloading: https://repo.maven.apache.org/maven2/commons-codec/commons-codec/1.6/commons-codec-1.6.pom
[INFO] Downloaded: https://repo.maven.apache.org/maven2/commons-codec/commons-codec/1.6/commons-codec-1.6.pom (11 kB at 1.0 MB/s)
[INFO] Downloading: https://repo.maven.apache.org/maven2/log4j/log4j/1.2.14/log4j-1.2.14.pom
[INFO] Downloaded: https://repo.maven.apache.org/maven2/log4j/log4j/1.2.14/log4j-1.2.14.pom (2.4 kB at 297 kB/s)
[INFO] Downloading: https://repo.maven.apache.org/maven2/com/thoughtworks/qdox/qdox/1.12.1/qdox-1.12.1.pom
[INFO] Downloaded: https://repo.maven.apache.org/maven2/com/thoughtworks/qdox/qdox/1.12.1/qdox-1.12.1.pom (18 kB at 1.6 MB/s)
[INFO] Downloading: https://repo.maven.apache.org/maven2/org/codehaus/plexus/plexus-archiver/2.5/plexus-archiver-2.5.pom
[INFO] Downloaded: https://repo.maven.apache.org/maven2/org/codehaus/plexus/plexus-archiver/2.5/plexus-archiver-2.5.pom (3.5 kB at 321 kB/s)
[INFO] Downloading: https://repo.maven.apache.org/maven2/org/codehaus/plexus/plexus-io/2.0.12/plexus-io-2.0.12.pom
[INFO] Downloaded: https://repo.maven.apache.org/maven2/org/codehaus/plexus/plexus-io/2.0.12/plexus-io-2.0.12.pom (2.2 kB at 173 kB/s)
[INFO] Downloading: https://repo.maven.apache.org/maven2/org/apache/commons/commons-compress/1.8.1/commons-compress-1.8.1.pom
[INFO] Downloaded: https://repo.maven.apache.org/maven2/org/apache/commons/commons-compress/1.8.1/commons-compress-1.8.1.pom (11 kB at 1.1 MB/s)
[INFO] Downloading: https://repo.maven.apache.org/maven2/org/apache/commons/commons-parent/33/commons-parent-33.pom
[INFO] Downloaded: https://repo.maven.apache.org/maven2/org/apache/commons/commons-parent/33/commons-parent-33.pom (53 kB at 3.8 MB/s)
[INFO] Downloading: https://repo.maven.apache.org/maven2/commons-collections/commons-collections/3.2/commons-collections-3.2.jar
[INFO] Downloading: https://repo.maven.apache.org/maven2/commons-cli/commons-cli/1.2/commons-cli-1.2.jar
[INFO] Downloading: https://repo.maven.apache.org/maven2/org/apache/httpcomponents/httpcore/4.2.2/httpcore-4.2.2.jar
[INFO] Downloading: https://repo.maven.apache.org/maven2/commons-codec/commons-codec/1.6/commons-codec-1.6.jar
[INFO] Downloading: https://repo.maven.apache.org/maven2/org/codehaus/plexus/plexus-io/2.0.12/plexus-io-2.0.12.jar
[INFO] Downloaded: https://repo.maven.apache.org/maven2/commons-cli/commons-cli/1.2/commons-cli-1.2.jar (41 kB at 1.5 MB/s)
[INFO] Downloading: https://repo.maven.apache.org/maven2/org/apache/commons/commons-compress/1.8.1/commons-compress-1.8.1.jar
[INFO] Downloaded: https://repo.maven.apache.org/maven2/commons-codec/commons-codec/1.6/commons-codec-1.6.jar (233 kB at 3.2 MB/s)
[INFO] Downloaded: https://repo.maven.apache.org/maven2/org/codehaus/plexus/plexus-io/2.0.12/plexus-io-2.0.12.jar (61 kB at 777 kB/s)
[INFO] Downloaded: https://repo.maven.apache.org/maven2/org/apache/httpcomponents/httpcore/4.2.2/httpcore-4.2.2.jar (224 kB at 2.2 MB/s)
[INFO] Downloaded: https://repo.maven.apache.org/maven2/org/apache/commons/commons-compress/1.8.1/commons-compress-1.8.1.jar (366 kB at 3.9 MB/s)
[INFO] Downloaded: https://repo.maven.apache.org/maven2/commons-collections/commons-collections/3.2/commons-collections-3.2.jar (571 kB at 4.9 MB/s)
[INFO] 
Loading source files for package org.la4j...
Loading source files for package org.la4j.decomposition...
Loading source files for package org.la4j.inversion...
Loading source files for package org.la4j.iterator...
Loading source files for package org.la4j.linear...
Loading source files for package org.la4j.matrix...
Loading source files for package org.la4j.matrix.dense...
Loading source files for package org.la4j.matrix.functor...
Loading source files for package org.la4j.matrix.sparse...
Loading source files for package org.la4j.operation...
Loading source files for package org.la4j.operation.inplace...
Loading source files for package org.la4j.operation.ooplace...
Loading source files for package org.la4j.vector...
Loading source files for package org.la4j.vector.dense...
Loading source files for package org.la4j.vector.functor...
Loading source files for package org.la4j.vector.sparse...
Constructing Javadoc information...
Standard Doclet version 1.8.0_181
Building tree for all the packages and classes...
Generating /tmp/Nopol_Bears_vkostyukov-la4j_414793864-436911083/target/apidocs/org/la4j/LinearAlgebra.html...
Generating /tmp/Nopol_Bears_vkostyukov-la4j_414793864-436911083/target/apidocs/org/la4j/LinearAlgebra.DecompositorFactory.html...
Generating /tmp/Nopol_Bears_vkostyukov-la4j_414793864-436911083/target/apidocs/org/la4j/LinearAlgebra.InverterFactory.html...
Generating /tmp/Nopol_Bears_vkostyukov-la4j_414793864-436911083/target/apidocs/org/la4j/LinearAlgebra.SolverFactory.html...
Generating /tmp/Nopol_Bears_vkostyukov-la4j_414793864-436911083/target/apidocs/org/la4j/Matrices.html...
Generating /tmp/Nopol_Bears_vkostyukov-la4j_414793864-436911083/target/apidocs/org/la4j/Matrix.html...
Generating /tmp/Nopol_Bears_vkostyukov-la4j_414793864-436911083/target/apidocs/org/la4j/Vector.html...
Generating /tmp/Nopol_Bears_vkostyukov-la4j_414793864-436911083/target/apidocs/org/la4j/Vectors.html...
Generating /tmp/Nopol_Bears_vkostyukov-la4j_414793864-436911083/target/apidocs/org/la4j/decomposition/AbstractDecompositor.html...
Generating /tmp/Nopol_Bears_vkostyukov-la4j_414793864-436911083/target/apidocs/org/la4j/decomposition/CholeskyDecompositor.html...
Generating /tmp/Nopol_Bears_vkostyukov-la4j_414793864-436911083/target/apidocs/org/la4j/decomposition/EigenDecompositor.html...
Generating /tmp/Nopol_Bears_vkostyukov-la4j_414793864-436911083/target/apidocs/org/la4j/decomposition/LUDecompositor.html...
Generating /tmp/Nopol_Bears_vkostyukov-la4j_414793864-436911083/target/apidocs/org/la4j/decomposition/MatrixDecompositor.html...
Generating /tmp/Nopol_Bears_vkostyukov-la4j_414793864-436911083/target/apidocs/org/la4j/decomposition/QRDecompositor.html...
Generating /tmp/Nopol_Bears_vkostyukov-la4j_414793864-436911083/target/apidocs/org/la4j/decomposition/RawLUDecompositor.html...
Generating /tmp/Nopol_Bears_vkostyukov-la4j_414793864-436911083/target/apidocs/org/la4j/decomposition/RawQRDecompositor.html...
Generating /tmp/Nopol_Bears_vkostyukov-la4j_414793864-436911083/target/apidocs/org/la4j/decomposition/SingularValueDecompositor.html...
Generating /tmp/Nopol_Bears_vkostyukov-la4j_414793864-436911083/target/apidocs/org/la4j/inversion/GaussJordanInverter.html...
Generating /tmp/Nopol_Bears_vkostyukov-la4j_414793864-436911083/target/apidocs/org/la4j/inversion/MatrixInverter.html...
Generating /tmp/Nopol_Bears_vkostyukov-la4j_414793864-436911083/target/apidocs/org/la4j/inversion/NoPivotGaussInverter.html...
Generating /tmp/Nopol_Bears_vkostyukov-la4j_414793864-436911083/target/apidocs/org/la4j/iterator/ColumnMajorMatrixIterator.html...
Generating /tmp/Nopol_Bears_vkostyukov-la4j_414793864-436911083/target/apidocs/org/la4j/iterator/CursorToColumnMajorMatrixIterator.html...
Generating /tmp/Nopol_Bears_vkostyukov-la4j_414793864-436911083/target/apidocs/org/la4j/iterator/MatrixIterator.html...
Generating /tmp/Nopol_Bears_vkostyukov-la4j_414793864-436911083/target/apidocs/org/la4j/iterator/RowMajorMatrixIterator.html...
Generating /tmp/Nopol_Bears_vkostyukov-la4j_414793864-436911083/target/apidocs/org/la4j/iterator/VectorIterator.html...
Generating /tmp/Nopol_Bears_vkostyukov-la4j_414793864-436911083/target/apidocs/org/la4j/linear/AbstractSolver.html...
Generating /tmp/Nopol_Bears_vkostyukov-la4j_414793864-436911083/target/apidocs/org/la4j/linear/ForwardBackSubstitutionSolver.html...
Generating /tmp/Nopol_Bears_vkostyukov-la4j_414793864-436911083/target/apidocs/org/la4j/linear/GaussianSolver.html...
Generating /tmp/Nopol_Bears_vkostyukov-la4j_414793864-436911083/target/apidocs/org/la4j/linear/JacobiSolver.html...
Generating /tmp/Nopol_Bears_vkostyukov-la4j_414793864-436911083/target/apidocs/org/la4j/linear/LeastNormSolver.html...
Generating /tmp/Nopol_Bears_vkostyukov-la4j_414793864-436911083/target/apidocs/org/la4j/linear/LeastSquaresSolver.html...
Generating /tmp/Nopol_Bears_vkostyukov-la4j_414793864-436911083/target/apidocs/org/la4j/linear/LinearSystemSolver.html...
Generating /tmp/Nopol_Bears_vkostyukov-la4j_414793864-436911083/target/apidocs/org/la4j/linear/SeidelSolver.html...
Generating /tmp/Nopol_Bears_vkostyukov-la4j_414793864-436911083/target/apidocs/org/la4j/linear/SquareRootSolver.html...
Generating /tmp/Nopol_Bears_vkostyukov-la4j_414793864-436911083/target/apidocs/org/la4j/linear/SweepSolver.html...
Generating /tmp/Nopol_Bears_vkostyukov-la4j_414793864-436911083/target/apidocs/org/la4j/matrix/ColumnMajorSparseMatrix.html...
Generating /tmp/Nopol_Bears_vkostyukov-la4j_414793864-436911083/target/apidocs/org/la4j/matrix/DenseMatrix.html...
Generating /tmp/Nopol_Bears_vkostyukov-la4j_414793864-436911083/target/apidocs/org/la4j/matrix/MatrixFactory.html...
Generating /tmp/Nopol_Bears_vkostyukov-la4j_414793864-436911083/target/apidocs/org/la4j/matrix/RowMajorSparseMatrix.html...
Generating /tmp/Nopol_Bears_vkostyukov-la4j_414793864-436911083/target/apidocs/org/la4j/matrix/SparseMatrix.html...
Generating /tmp/Nopol_Bears_vkostyukov-la4j_414793864-436911083/target/apidocs/org/la4j/matrix/dense/Basic1DMatrix.html...
Generating /tmp/Nopol_Bears_vkostyukov-la4j_414793864-436911083/target/apidocs/org/la4j/matrix/dense/Basic2DMatrix.html...
Generating /tmp/Nopol_Bears_vkostyukov-la4j_414793864-436911083/target/apidocs/org/la4j/matrix/functor/AdvancedMatrixPredicate.html...
Generating /tmp/Nopol_Bears_vkostyukov-la4j_414793864-436911083/target/apidocs/org/la4j/matrix/functor/MatrixAccumulator.html...
Generating /tmp/Nopol_Bears_vkostyukov-la4j_414793864-436911083/target/apidocs/org/la4j/matrix/functor/MatrixFunction.html...
Generating /tmp/Nopol_Bears_vkostyukov-la4j_414793864-436911083/target/apidocs/org/la4j/matrix/functor/MatrixPredicate.html...
Generating /tmp/Nopol_Bears_vkostyukov-la4j_414793864-436911083/target/apidocs/org/la4j/matrix/functor/MatrixProcedure.html...
Generating /tmp/Nopol_Bears_vkostyukov-la4j_414793864-436911083/target/apidocs/org/la4j/matrix/sparse/CCSMatrix.html...
Generating /tmp/Nopol_Bears_vkostyukov-la4j_414793864-436911083/target/apidocs/org/la4j/matrix/sparse/CRSMatrix.html...
Generating /tmp/Nopol_Bears_vkostyukov-la4j_414793864-436911083/target/apidocs/org/la4j/operation/CommonMatrixMatrixOperation.html...
Generating /tmp/Nopol_Bears_vkostyukov-la4j_414793864-436911083/target/apidocs/org/la4j/operation/CommonMatrixOperation.html...
Generating /tmp/Nopol_Bears_vkostyukov-la4j_414793864-436911083/target/apidocs/org/la4j/operation/CommonVectorOperation.html...
Generating /tmp/Nopol_Bears_vkostyukov-la4j_414793864-436911083/target/apidocs/org/la4j/operation/CommonVectorVectorOperation.html...
Generating /tmp/Nopol_Bears_vkostyukov-la4j_414793864-436911083/target/apidocs/org/la4j/operation/MatrixMatrixOperation.html...
Generating /tmp/Nopol_Bears_vkostyukov-la4j_414793864-436911083/target/apidocs/org/la4j/operation/MatrixOperation.html...
Generating /tmp/Nopol_Bears_vkostyukov-la4j_414793864-436911083/target/apidocs/org/la4j/operation/MatrixVectorOperation.html...
Generating /tmp/Nopol_Bears_vkostyukov-la4j_414793864-436911083/target/apidocs/org/la4j/operation/SimpleMatrixMatrixOperation.html...
Generating /tmp/Nopol_Bears_vkostyukov-la4j_414793864-436911083/target/apidocs/org/la4j/operation/SymmetricMatrixMatrixOperation.html...
Generating /tmp/Nopol_Bears_vkostyukov-la4j_414793864-436911083/target/apidocs/org/la4j/operation/SymmetricVectorVectorOperation.html...
Generating /tmp/Nopol_Bears_vkostyukov-la4j_414793864-436911083/target/apidocs/org/la4j/operation/VectorMatrixOperation.html...
Generating /tmp/Nopol_Bears_vkostyukov-la4j_414793864-436911083/target/apidocs/org/la4j/operation/VectorOperation.html...
Generating /tmp/Nopol_Bears_vkostyukov-la4j_414793864-436911083/target/apidocs/org/la4j/operation/VectorVectorOperation.html...
Generating /tmp/Nopol_Bears_vkostyukov-la4j_414793864-436911083/target/apidocs/org/la4j/operation/inplace/InPlaceCopyMatrixToMatrix.html...
Generating /tmp/Nopol_Bears_vkostyukov-la4j_414793864-436911083/target/apidocs/org/la4j/operation/ooplace/OoPlaceInnerProduct.html...
Generating /tmp/Nopol_Bears_vkostyukov-la4j_414793864-436911083/target/apidocs/org/la4j/operation/ooplace/OoPlaceKroneckerProduct.html...
Generating /tmp/Nopol_Bears_vkostyukov-la4j_414793864-436911083/target/apidocs/org/la4j/operation/ooplace/OoPlaceMatricesAddition.html...
Generating /tmp/Nopol_Bears_vkostyukov-la4j_414793864-436911083/target/apidocs/org/la4j/operation/ooplace/OoPlaceMatricesMultiplication.html...
Generating /tmp/Nopol_Bears_vkostyukov-la4j_414793864-436911083/target/apidocs/org/la4j/operation/ooplace/OoPlaceMatricesSubtraction.html...
Generating /tmp/Nopol_Bears_vkostyukov-la4j_414793864-436911083/target/apidocs/org/la4j/operation/ooplace/OoPlaceMatrixByItsTransposeMultiplication.html...
Generating /tmp/Nopol_Bears_vkostyukov-la4j_414793864-436911083/target/apidocs/org/la4j/operation/ooplace/OoPlaceMatrixByVectorMultiplication.html...
Generating /tmp/Nopol_Bears_vkostyukov-la4j_414793864-436911083/target/apidocs/org/la4j/operation/ooplace/OoPlaceMatrixHadamardProduct.html...
Generating /tmp/Nopol_Bears_vkostyukov-la4j_414793864-436911083/target/apidocs/org/la4j/operation/ooplace/OoPlaceOuterProduct.html...
Generating /tmp/Nopol_Bears_vkostyukov-la4j_414793864-436911083/target/apidocs/org/la4j/operation/ooplace/OoPlaceVectorByMatrixMultiplication.html...
Generating /tmp/Nopol_Bears_vkostyukov-la4j_414793864-436911083/target/apidocs/org/la4j/operation/ooplace/OoPlaceVectorHadamardProduct.html...
Generating /tmp/Nopol_Bears_vkostyukov-la4j_414793864-436911083/target/apidocs/org/la4j/operation/ooplace/OoPlaceVectorsAddition.html...
Generating /tmp/Nopol_Bears_vkostyukov-la4j_414793864-436911083/target/apidocs/org/la4j/operation/ooplace/OoPlaceVectorsSubtraction.html...
Generating /tmp/Nopol_Bears_vkostyukov-la4j_414793864-436911083/target/apidocs/org/la4j/vector/DenseVector.html...
Generating /tmp/Nopol_Bears_vkostyukov-la4j_414793864-436911083/target/apidocs/org/la4j/vector/SparseVector.html...
Generating /tmp/Nopol_Bears_vkostyukov-la4j_414793864-436911083/target/apidocs/org/la4j/vector/VectorFactory.html...
Generating /tmp/Nopol_Bears_vkostyukov-la4j_414793864-436911083/target/apidocs/org/la4j/vector/dense/BasicVector.html...
Generating /tmp/Nopol_Bears_vkostyukov-la4j_414793864-436911083/target/apidocs/org/la4j/vector/functor/VectorAccumulator.html...
Generating /tmp/Nopol_Bears_vkostyukov-la4j_414793864-436911083/target/apidocs/org/la4j/vector/functor/VectorFunction.html...
Generating /tmp/Nopol_Bears_vkostyukov-la4j_414793864-436911083/target/apidocs/org/la4j/vector/functor/VectorPredicate.html...
Generating /tmp/Nopol_Bears_vkostyukov-la4j_414793864-436911083/target/apidocs/org/la4j/vector/functor/VectorProcedure.html...
Generating /tmp/Nopol_Bears_vkostyukov-la4j_414793864-436911083/target/apidocs/org/la4j/vector/sparse/CompressedVector.html...
Generating /tmp/Nopol_Bears_vkostyukov-la4j_414793864-436911083/target/apidocs/overview-frame.html...
Generating /tmp/Nopol_Bears_vkostyukov-la4j_414793864-436911083/target/apidocs/org/la4j/package-frame.html...
Generating /tmp/Nopol_Bears_vkostyukov-la4j_414793864-436911083/target/apidocs/org/la4j/package-summary.html...
Generating /tmp/Nopol_Bears_vkostyukov-la4j_414793864-436911083/target/apidocs/org/la4j/package-tree.html...
Generating /tmp/Nopol_Bears_vkostyukov-la4j_414793864-436911083/target/apidocs/org/la4j/decomposition/package-frame.html...
Generating /tmp/Nopol_Bears_vkostyukov-la4j_414793864-436911083/target/apidocs/org/la4j/decomposition/package-summary.html...
Generating /tmp/Nopol_Bears_vkostyukov-la4j_414793864-436911083/target/apidocs/org/la4j/decomposition/package-tree.html...
Generating /tmp/Nopol_Bears_vkostyukov-la4j_414793864-436911083/target/apidocs/org/la4j/inversion/package-frame.html...
Generating /tmp/Nopol_Bears_vkostyukov-la4j_414793864-436911083/target/apidocs/org/la4j/inversion/package-summary.html...
Generating /tmp/Nopol_Bears_vkostyukov-la4j_414793864-436911083/target/apidocs/org/la4j/inversion/package-tree.html...
Generating /tmp/Nopol_Bears_vkostyukov-la4j_414793864-436911083/target/apidocs/org/la4j/iterator/package-frame.html...
Generating /tmp/Nopol_Bears_vkostyukov-la4j_414793864-436911083/target/apidocs/org/la4j/iterator/package-summary.html...
Generating /tmp/Nopol_Bears_vkostyukov-la4j_414793864-436911083/target/apidocs/org/la4j/iterator/package-tree.html...
Generating /tmp/Nopol_Bears_vkostyukov-la4j_414793864-436911083/target/apidocs/org/la4j/linear/package-frame.html...
Generating /tmp/Nopol_Bears_vkostyukov-la4j_414793864-436911083/target/apidocs/org/la4j/linear/package-summary.html...
Generating /tmp/Nopol_Bears_vkostyukov-la4j_414793864-436911083/target/apidocs/org/la4j/linear/package-tree.html...
Generating /tmp/Nopol_Bears_vkostyukov-la4j_414793864-436911083/target/apidocs/org/la4j/matrix/package-frame.html...
Generating /tmp/Nopol_Bears_vkostyukov-la4j_414793864-436911083/target/apidocs/org/la4j/matrix/package-summary.html...
Generating /tmp/Nopol_Bears_vkostyukov-la4j_414793864-436911083/target/apidocs/org/la4j/matrix/package-tree.html...
Generating /tmp/Nopol_Bears_vkostyukov-la4j_414793864-436911083/target/apidocs/org/la4j/matrix/dense/package-frame.html...
Generating /tmp/Nopol_Bears_vkostyukov-la4j_414793864-436911083/target/apidocs/org/la4j/matrix/dense/package-summary.html...
Generating /tmp/Nopol_Bears_vkostyukov-la4j_414793864-436911083/target/apidocs/org/la4j/matrix/dense/package-tree.html...
Generating /tmp/Nopol_Bears_vkostyukov-la4j_414793864-436911083/target/apidocs/org/la4j/matrix/functor/package-frame.html...
Generating /tmp/Nopol_Bears_vkostyukov-la4j_414793864-436911083/target/apidocs/org/la4j/matrix/functor/package-summary.html...
Generating /tmp/Nopol_Bears_vkostyukov-la4j_414793864-436911083/target/apidocs/org/la4j/matrix/functor/package-tree.html...
Generating /tmp/Nopol_Bears_vkostyukov-la4j_414793864-436911083/target/apidocs/org/la4j/matrix/sparse/package-frame.html...
Generating /tmp/Nopol_Bears_vkostyukov-la4j_414793864-436911083/target/apidocs/org/la4j/matrix/sparse/package-summary.html...
Generating /tmp/Nopol_Bears_vkostyukov-la4j_414793864-436911083/target/apidocs/org/la4j/matrix/sparse/package-tree.html...
Generating /tmp/Nopol_Bears_vkostyukov-la4j_414793864-436911083/target/apidocs/org/la4j/operation/package-frame.html...
Generating /tmp/Nopol_Bears_vkostyukov-la4j_414793864-436911083/target/apidocs/org/la4j/operation/package-summary.html...
Generating /tmp/Nopol_Bears_vkostyukov-la4j_414793864-436911083/target/apidocs/org/la4j/operation/package-tree.html...
Generating /tmp/Nopol_Bears_vkostyukov-la4j_414793864-436911083/target/apidocs/org/la4j/operation/inplace/package-frame.html...
Generating /tmp/Nopol_Bears_vkostyukov-la4j_414793864-436911083/target/apidocs/org/la4j/operation/inplace/package-summary.html...
Generating /tmp/Nopol_Bears_vkostyukov-la4j_414793864-436911083/target/apidocs/org/la4j/operation/inplace/package-tree.html...
Generating /tmp/Nopol_Bears_vkostyukov-la4j_414793864-436911083/target/apidocs/org/la4j/operation/ooplace/package-frame.html...
Generating /tmp/Nopol_Bears_vkostyukov-la4j_414793864-436911083/target/apidocs/org/la4j/operation/ooplace/package-summary.html...
Generating /tmp/Nopol_Bears_vkostyukov-la4j_414793864-436911083/target/apidocs/org/la4j/operation/ooplace/package-tree.html...
Generating /tmp/Nopol_Bears_vkostyukov-la4j_414793864-436911083/target/apidocs/org/la4j/vector/package-frame.html...
Generating /tmp/Nopol_Bears_vkostyukov-la4j_414793864-436911083/target/apidocs/org/la4j/vector/package-summary.html...
Generating /tmp/Nopol_Bears_vkostyukov-la4j_414793864-436911083/target/apidocs/org/la4j/vector/package-tree.html...
Generating /tmp/Nopol_Bears_vkostyukov-la4j_414793864-436911083/target/apidocs/org/la4j/vector/dense/package-frame.html...
Generating /tmp/Nopol_Bears_vkostyukov-la4j_414793864-436911083/target/apidocs/org/la4j/vector/dense/package-summary.html...
Generating /tmp/Nopol_Bears_vkostyukov-la4j_414793864-436911083/target/apidocs/org/la4j/vector/dense/package-tree.html...
Generating /tmp/Nopol_Bears_vkostyukov-la4j_414793864-436911083/target/apidocs/org/la4j/vector/functor/package-frame.html...
Generating /tmp/Nopol_Bears_vkostyukov-la4j_414793864-436911083/target/apidocs/org/la4j/vector/functor/package-summary.html...
Generating /tmp/Nopol_Bears_vkostyukov-la4j_414793864-436911083/target/apidocs/org/la4j/vector/functor/package-tree.html...
Generating /tmp/Nopol_Bears_vkostyukov-la4j_414793864-436911083/target/apidocs/org/la4j/vector/sparse/package-frame.html...
Generating /tmp/Nopol_Bears_vkostyukov-la4j_414793864-436911083/target/apidocs/org/la4j/vector/sparse/package-summary.html...
Generating /tmp/Nopol_Bears_vkostyukov-la4j_414793864-436911083/target/apidocs/org/la4j/vector/sparse/package-tree.html...
Generating /tmp/Nopol_Bears_vkostyukov-la4j_414793864-436911083/target/apidocs/constant-values.html...
Generating /tmp/Nopol_Bears_vkostyukov-la4j_414793864-436911083/target/apidocs/serialized-form.html...
Generating /tmp/Nopol_Bears_vkostyukov-la4j_414793864-436911083/target/apidocs/org/la4j/class-use/Vector.html...
Generating /tmp/Nopol_Bears_vkostyukov-la4j_414793864-436911083/target/apidocs/org/la4j/class-use/Vectors.html...
Generating /tmp/Nopol_Bears_vkostyukov-la4j_414793864-436911083/target/apidocs/org/la4j/class-use/Matrix.html...
Generating /tmp/Nopol_Bears_vkostyukov-la4j_414793864-436911083/target/apidocs/org/la4j/class-use/Matrices.html...
Generating /tmp/Nopol_Bears_vkostyukov-la4j_414793864-436911083/target/apidocs/org/la4j/class-use/LinearAlgebra.html...
Generating /tmp/Nopol_Bears_vkostyukov-la4j_414793864-436911083/target/apidocs/org/la4j/class-use/LinearAlgebra.SolverFactory.html...
Generating /tmp/Nopol_Bears_vkostyukov-la4j_414793864-436911083/target/apidocs/org/la4j/class-use/LinearAlgebra.InverterFactory.html...
Generating /tmp/Nopol_Bears_vkostyukov-la4j_414793864-436911083/target/apidocs/org/la4j/class-use/LinearAlgebra.DecompositorFactory.html...
Generating /tmp/Nopol_Bears_vkostyukov-la4j_414793864-436911083/target/apidocs/org/la4j/decomposition/class-use/SingularValueDecompositor.html...
Generating /tmp/Nopol_Bears_vkostyukov-la4j_414793864-436911083/target/apidocs/org/la4j/decomposition/class-use/RawQRDecompositor.html...
Generating /tmp/Nopol_Bears_vkostyukov-la4j_414793864-436911083/target/apidocs/org/la4j/decomposition/class-use/RawLUDecompositor.html...
Generating /tmp/Nopol_Bears_vkostyukov-la4j_414793864-436911083/target/apidocs/org/la4j/decomposition/class-use/QRDecompositor.html...
Generating /tmp/Nopol_Bears_vkostyukov-la4j_414793864-436911083/target/apidocs/org/la4j/decomposition/class-use/MatrixDecompositor.html...
Generating /tmp/Nopol_Bears_vkostyukov-la4j_414793864-436911083/target/apidocs/org/la4j/decomposition/class-use/LUDecompositor.html...
Generating /tmp/Nopol_Bears_vkostyukov-la4j_414793864-436911083/target/apidocs/org/la4j/decomposition/class-use/EigenDecompositor.html...
Generating /tmp/Nopol_Bears_vkostyukov-la4j_414793864-436911083/target/apidocs/org/la4j/decomposition/class-use/CholeskyDecompositor.html...
Generating /tmp/Nopol_Bears_vkostyukov-la4j_414793864-436911083/target/apidocs/org/la4j/decomposition/class-use/AbstractDecompositor.html...
Generating /tmp/Nopol_Bears_vkostyukov-la4j_414793864-436911083/target/apidocs/org/la4j/inversion/class-use/NoPivotGaussInverter.html...
Generating /tmp/Nopol_Bears_vkostyukov-la4j_414793864-436911083/target/apidocs/org/la4j/inversion/class-use/MatrixInverter.html...
Generating /tmp/Nopol_Bears_vkostyukov-la4j_414793864-436911083/target/apidocs/org/la4j/inversion/class-use/GaussJordanInverter.html...
Generating /tmp/Nopol_Bears_vkostyukov-la4j_414793864-436911083/target/apidocs/org/la4j/iterator/class-use/VectorIterator.html...
Generating /tmp/Nopol_Bears_vkostyukov-la4j_414793864-436911083/target/apidocs/org/la4j/iterator/class-use/RowMajorMatrixIterator.html...
Generating /tmp/Nopol_Bears_vkostyukov-la4j_414793864-436911083/target/apidocs/org/la4j/iterator/class-use/MatrixIterator.html...
Generating /tmp/Nopol_Bears_vkostyukov-la4j_414793864-436911083/target/apidocs/org/la4j/iterator/class-use/CursorToColumnMajorMatrixIterator.html...
Generating /tmp/Nopol_Bears_vkostyukov-la4j_414793864-436911083/target/apidocs/org/la4j/iterator/class-use/ColumnMajorMatrixIterator.html...
Generating /tmp/Nopol_Bears_vkostyukov-la4j_414793864-436911083/target/apidocs/org/la4j/linear/class-use/SweepSolver.html...
Generating /tmp/Nopol_Bears_vkostyukov-la4j_414793864-436911083/target/apidocs/org/la4j/linear/class-use/SquareRootSolver.html...
Generating /tmp/Nopol_Bears_vkostyukov-la4j_414793864-436911083/target/apidocs/org/la4j/linear/class-use/SeidelSolver.html...
Generating /tmp/Nopol_Bears_vkostyukov-la4j_414793864-436911083/target/apidocs/org/la4j/linear/class-use/LinearSystemSolver.html...
Generating /tmp/Nopol_Bears_vkostyukov-la4j_414793864-436911083/target/apidocs/org/la4j/linear/class-use/LeastSquaresSolver.html...
Generating /tmp/Nopol_Bears_vkostyukov-la4j_414793864-436911083/target/apidocs/org/la4j/linear/class-use/LeastNormSolver.html...
Generating /tmp/Nopol_Bears_vkostyukov-la4j_414793864-436911083/target/apidocs/org/la4j/linear/class-use/JacobiSolver.html...
Generating /tmp/Nopol_Bears_vkostyukov-la4j_414793864-436911083/target/apidocs/org/la4j/linear/class-use/GaussianSolver.html...
Generating /tmp/Nopol_Bears_vkostyukov-la4j_414793864-436911083/target/apidocs/org/la4j/linear/class-use/ForwardBackSubstitutionSolver.html...
Generating /tmp/Nopol_Bears_vkostyukov-la4j_414793864-436911083/target/apidocs/org/la4j/linear/class-use/AbstractSolver.html...
Generating /tmp/Nopol_Bears_vkostyukov-la4j_414793864-436911083/target/apidocs/org/la4j/matrix/class-use/SparseMatrix.html...
Generating /tmp/Nopol_Bears_vkostyukov-la4j_414793864-436911083/target/apidocs/org/la4j/matrix/class-use/RowMajorSparseMatrix.html...
Generating /tmp/Nopol_Bears_vkostyukov-la4j_414793864-436911083/target/apidocs/org/la4j/matrix/class-use/MatrixFactory.html...
Generating /tmp/Nopol_Bears_vkostyukov-la4j_414793864-436911083/target/apidocs/org/la4j/matrix/class-use/DenseMatrix.html...
Generating /tmp/Nopol_Bears_vkostyukov-la4j_414793864-436911083/target/apidocs/org/la4j/matrix/class-use/ColumnMajorSparseMatrix.html...
Generating /tmp/Nopol_Bears_vkostyukov-la4j_414793864-436911083/target/apidocs/org/la4j/matrix/dense/class-use/Basic2DMatrix.html...
Generating /tmp/Nopol_Bears_vkostyukov-la4j_414793864-436911083/target/apidocs/org/la4j/matrix/dense/class-use/Basic1DMatrix.html...
Generating /tmp/Nopol_Bears_vkostyukov-la4j_414793864-436911083/target/apidocs/org/la4j/matrix/functor/class-use/MatrixProcedure.html...
Generating /tmp/Nopol_Bears_vkostyukov-la4j_414793864-436911083/target/apidocs/org/la4j/matrix/functor/class-use/MatrixPredicate.html...
Generating /tmp/Nopol_Bears_vkostyukov-la4j_414793864-436911083/target/apidocs/org/la4j/matrix/functor/class-use/MatrixFunction.html...
Generating /tmp/Nopol_Bears_vkostyukov-la4j_414793864-436911083/target/apidocs/org/la4j/matrix/functor/class-use/MatrixAccumulator.html...
Generating /tmp/Nopol_Bears_vkostyukov-la4j_414793864-436911083/target/apidocs/org/la4j/matrix/functor/class-use/AdvancedMatrixPredicate.html...
Generating /tmp/Nopol_Bears_vkostyukov-la4j_414793864-436911083/target/apidocs/org/la4j/matrix/sparse/class-use/CRSMatrix.html...
Generating /tmp/Nopol_Bears_vkostyukov-la4j_414793864-436911083/target/apidocs/org/la4j/matrix/sparse/class-use/CCSMatrix.html...
Generating /tmp/Nopol_Bears_vkostyukov-la4j_414793864-436911083/target/apidocs/org/la4j/operation/class-use/VectorVectorOperation.html...
Generating /tmp/Nopol_Bears_vkostyukov-la4j_414793864-436911083/target/apidocs/org/la4j/operation/class-use/VectorOperation.html...
Generating /tmp/Nopol_Bears_vkostyukov-la4j_414793864-436911083/target/apidocs/org/la4j/operation/class-use/VectorMatrixOperation.html...
Generating /tmp/Nopol_Bears_vkostyukov-la4j_414793864-436911083/target/apidocs/org/la4j/operation/class-use/SymmetricVectorVectorOperation.html...
Generating /tmp/Nopol_Bears_vkostyukov-la4j_414793864-436911083/target/apidocs/org/la4j/operation/class-use/SymmetricMatrixMatrixOperation.html...
Generating /tmp/Nopol_Bears_vkostyukov-la4j_414793864-436911083/target/apidocs/org/la4j/operation/class-use/SimpleMatrixMatrixOperation.html...
Generating /tmp/Nopol_Bears_vkostyukov-la4j_414793864-436911083/target/apidocs/org/la4j/operation/class-use/MatrixVectorOperation.html...
Generating /tmp/Nopol_Bears_vkostyukov-la4j_414793864-436911083/target/apidocs/org/la4j/operation/class-use/MatrixOperation.html...
Generating /tmp/Nopol_Bears_vkostyukov-la4j_414793864-436911083/target/apidocs/org/la4j/operation/class-use/MatrixMatrixOperation.html...
Generating /tmp/Nopol_Bears_vkostyukov-la4j_414793864-436911083/target/apidocs/org/la4j/operation/class-use/CommonVectorVectorOperation.html...
Generating /tmp/Nopol_Bears_vkostyukov-la4j_414793864-436911083/target/apidocs/org/la4j/operation/class-use/CommonVectorOperation.html...
Generating /tmp/Nopol_Bears_vkostyukov-la4j_414793864-436911083/target/apidocs/org/la4j/operation/class-use/CommonMatrixOperation.html...
Generating /tmp/Nopol_Bears_vkostyukov-la4j_414793864-436911083/target/apidocs/org/la4j/operation/class-use/CommonMatrixMatrixOperation.html...
Generating /tmp/Nopol_Bears_vkostyukov-la4j_414793864-436911083/target/apidocs/org/la4j/operation/inplace/class-use/InPlaceCopyMatrixToMatrix.html...
Generating /tmp/Nopol_Bears_vkostyukov-la4j_414793864-436911083/target/apidocs/org/la4j/operation/ooplace/class-use/OoPlaceVectorsSubtraction.html...
Generating /tmp/Nopol_Bears_vkostyukov-la4j_414793864-436911083/target/apidocs/org/la4j/operation/ooplace/class-use/OoPlaceVectorsAddition.html...
Generating /tmp/Nopol_Bears_vkostyukov-la4j_414793864-436911083/target/apidocs/org/la4j/operation/ooplace/class-use/OoPlaceVectorHadamardProduct.html...
Generating /tmp/Nopol_Bears_vkostyukov-la4j_414793864-436911083/target/apidocs/org/la4j/operation/ooplace/class-use/OoPlaceVectorByMatrixMultiplication.html...
Generating /tmp/Nopol_Bears_vkostyukov-la4j_414793864-436911083/target/apidocs/org/la4j/operation/ooplace/class-use/OoPlaceOuterProduct.html...
Generating /tmp/Nopol_Bears_vkostyukov-la4j_414793864-436911083/target/apidocs/org/la4j/operation/ooplace/class-use/OoPlaceMatrixHadamardProduct.html...
Generating /tmp/Nopol_Bears_vkostyukov-la4j_414793864-436911083/target/apidocs/org/la4j/operation/ooplace/class-use/OoPlaceMatrixByVectorMultiplication.html...
Generating /tmp/Nopol_Bears_vkostyukov-la4j_414793864-436911083/target/apidocs/org/la4j/operation/ooplace/class-use/OoPlaceMatrixByItsTransposeMultiplication.html...
Generating /tmp/Nopol_Bears_vkostyukov-la4j_414793864-436911083/target/apidocs/org/la4j/operation/ooplace/class-use/OoPlaceMatricesSubtraction.html...
Generating /tmp/Nopol_Bears_vkostyukov-la4j_414793864-436911083/target/apidocs/org/la4j/operation/ooplace/class-use/OoPlaceMatricesMultiplication.html...
Generating /tmp/Nopol_Bears_vkostyukov-la4j_414793864-436911083/target/apidocs/org/la4j/operation/ooplace/class-use/OoPlaceMatricesAddition.html...
Generating /tmp/Nopol_Bears_vkostyukov-la4j_414793864-436911083/target/apidocs/org/la4j/operation/ooplace/class-use/OoPlaceKroneckerProduct.html...
Generating /tmp/Nopol_Bears_vkostyukov-la4j_414793864-436911083/target/apidocs/org/la4j/operation/ooplace/class-use/OoPlaceInnerProduct.html...
Generating /tmp/Nopol_Bears_vkostyukov-la4j_414793864-436911083/target/apidocs/org/la4j/vector/class-use/VectorFactory.html...
Generating /tmp/Nopol_Bears_vkostyukov-la4j_414793864-436911083/target/apidocs/org/la4j/vector/class-use/SparseVector.html...
Generating /tmp/Nopol_Bears_vkostyukov-la4j_414793864-436911083/target/apidocs/org/la4j/vector/class-use/DenseVector.html...
Generating /tmp/Nopol_Bears_vkostyukov-la4j_414793864-436911083/target/apidocs/org/la4j/vector/dense/class-use/BasicVector.html...
Generating /tmp/Nopol_Bears_vkostyukov-la4j_414793864-436911083/target/apidocs/org/la4j/vector/functor/class-use/VectorProcedure.html...
Generating /tmp/Nopol_Bears_vkostyukov-la4j_414793864-436911083/target/apidocs/org/la4j/vector/functor/class-use/VectorPredicate.html...
Generating /tmp/Nopol_Bears_vkostyukov-la4j_414793864-436911083/target/apidocs/org/la4j/vector/functor/class-use/VectorFunction.html...
Generating /tmp/Nopol_Bears_vkostyukov-la4j_414793864-436911083/target/apidocs/org/la4j/vector/functor/class-use/VectorAccumulator.html...
Generating /tmp/Nopol_Bears_vkostyukov-la4j_414793864-436911083/target/apidocs/org/la4j/vector/sparse/class-use/CompressedVector.html...
Generating /tmp/Nopol_Bears_vkostyukov-la4j_414793864-436911083/target/apidocs/org/la4j/package-use.html...
Generating /tmp/Nopol_Bears_vkostyukov-la4j_414793864-436911083/target/apidocs/org/la4j/decomposition/package-use.html...
Generating /tmp/Nopol_Bears_vkostyukov-la4j_414793864-436911083/target/apidocs/org/la4j/inversion/package-use.html...
Generating /tmp/Nopol_Bears_vkostyukov-la4j_414793864-436911083/target/apidocs/org/la4j/iterator/package-use.html...
Generating /tmp/Nopol_Bears_vkostyukov-la4j_414793864-436911083/target/apidocs/org/la4j/linear/package-use.html...
Generating /tmp/Nopol_Bears_vkostyukov-la4j_414793864-436911083/target/apidocs/org/la4j/matrix/package-use.html...
Generating /tmp/Nopol_Bears_vkostyukov-la4j_414793864-436911083/target/apidocs/org/la4j/matrix/dense/package-use.html...
Generating /tmp/Nopol_Bears_vkostyukov-la4j_414793864-436911083/target/apidocs/org/la4j/matrix/functor/package-use.html...
Generating /tmp/Nopol_Bears_vkostyukov-la4j_414793864-436911083/target/apidocs/org/la4j/matrix/sparse/package-use.html...
Generating /tmp/Nopol_Bears_vkostyukov-la4j_414793864-436911083/target/apidocs/org/la4j/operation/package-use.html...
Generating /tmp/Nopol_Bears_vkostyukov-la4j_414793864-436911083/target/apidocs/org/la4j/operation/inplace/package-use.html...
Generating /tmp/Nopol_Bears_vkostyukov-la4j_414793864-436911083/target/apidocs/org/la4j/operation/ooplace/package-use.html...
Generating /tmp/Nopol_Bears_vkostyukov-la4j_414793864-436911083/target/apidocs/org/la4j/vector/package-use.html...
Generating /tmp/Nopol_Bears_vkostyukov-la4j_414793864-436911083/target/apidocs/org/la4j/vector/dense/package-use.html...
Generating /tmp/Nopol_Bears_vkostyukov-la4j_414793864-436911083/target/apidocs/org/la4j/vector/functor/package-use.html...
Generating /tmp/Nopol_Bears_vkostyukov-la4j_414793864-436911083/target/apidocs/org/la4j/vector/sparse/package-use.html...
Building index for all the packages and classes...
Generating /tmp/Nopol_Bears_vkostyukov-la4j_414793864-436911083/target/apidocs/overview-tree.html...
Generating /tmp/Nopol_Bears_vkostyukov-la4j_414793864-436911083/target/apidocs/index-all.html...
Generating /tmp/Nopol_Bears_vkostyukov-la4j_414793864-436911083/target/apidocs/deprecated-list.html...
Building index for all classes...
Generating /tmp/Nopol_Bears_vkostyukov-la4j_414793864-436911083/target/apidocs/allclasses-frame.html...
Generating /tmp/Nopol_Bears_vkostyukov-la4j_414793864-436911083/target/apidocs/allclasses-noframe.html...
Generating /tmp/Nopol_Bears_vkostyukov-la4j_414793864-436911083/target/apidocs/index.html...
Generating /tmp/Nopol_Bears_vkostyukov-la4j_414793864-436911083/target/apidocs/overview-summary.html...
Generating /tmp/Nopol_Bears_vkostyukov-la4j_414793864-436911083/target/apidocs/help-doc.html...
1 error
100 warnings
[INFO] ------------------------------------------------------------------------
[INFO] BUILD FAILURE
[INFO] ------------------------------------------------------------------------
[INFO] Total time: 9.652 s
[INFO] Finished at: 2019-08-21T14:08:06-07:00
[INFO] Final Memory: 34M/1156M
[INFO] ------------------------------------------------------------------------
[ERROR] Failed to execute goal org.apache.maven.plugins:maven-javadoc-plugin:2.10.1:jar (attach-javadocs) on project la4j: MavenReportException: Error while creating archive: 
[ERROR] Exit code: 1 - Picked up JAVA_TOOL_OPTIONS: -XX:CICompilerCount=2 -XX:ParallelGCThreads=2 -XX:ConcGCThreads=2 -Djdk.net.URLClassPath.disableClassPathURLCheck=true 
[ERROR] Picked up _JAVA_OPTIONS: -Djdk.net.URLClassPath.disableClassPathURLCheck=true
[ERROR] /tmp/Nopol_Bears_vkostyukov-la4j_414793864-436911083/src/main/java/org/la4j/Matrices.java:158: error: unexpected end tag: </a>
[ERROR]      * Checks whether the matrix is a lower bi-diagonal matrix</a>.
[ERROR]                                                               ^
[ERROR] /tmp/Nopol_Bears_vkostyukov-la4j_414793864-436911083/src/main/java/org/la4j/Matrices.java:565: warning - Tag @link: can't find fold(org.la4j.vector.functor.MatrixAccumulator) in org.la4j.Matrix
[ERROR] /tmp/Nopol_Bears_vkostyukov-la4j_414793864-436911083/src/main/java/org/la4j/Matrices.java:615: warning - Tag @link: can't find fold(org.la4j.vector.functor.MatrixAccumulator) in org.la4j.Matrix
[ERROR] /tmp/Nopol_Bears_vkostyukov-la4j_414793864-436911083/src/main/java/org/la4j/Matrices.java:590: warning - Tag @link: can't find fold(org.la4j.vector.functor.MatrixAccumulator) in org.la4j.Matrix
[ERROR] /tmp/Nopol_Bears_vkostyukov-la4j_414793864-436911083/src/main/java/org/la4j/Matrix.java:109: warning: no @param for rows
[ERROR]     public static Matrix zero(int rows, int columns) {
[ERROR]                          ^
[ERROR] /tmp/Nopol_Bears_vkostyukov-la4j_414793864-436911083/src/main/java/org/la4j/Matrix.java:109: warning: no @param for columns
[ERROR]     public static Matrix zero(int rows, int columns) {
[ERROR]                          ^
[ERROR] /tmp/Nopol_Bears_vkostyukov-la4j_414793864-436911083/src/main/java/org/la4j/Matrix.java:109: warning: no @return
[ERROR]     public static Matrix zero(int rows, int columns) {
[ERROR]                          ^
[ERROR] /tmp/Nopol_Bears_vkostyukov-la4j_414793864-436911083/src/main/java/org/la4j/Matrix.java:117: warning: no @param for rows
[ERROR]     public static Matrix constant(int rows, int columns, double constant) {
[ERROR]                          ^
[ERROR] /tmp/Nopol_Bears_vkostyukov-la4j_414793864-436911083/src/main/java/org/la4j/Matrix.java:117: warning: no @param for columns
[ERROR]     public static Matrix constant(int rows, int columns, double constant) {
[ERROR]                          ^
[ERROR] /tmp/Nopol_Bears_vkostyukov-la4j_414793864-436911083/src/main/java/org/la4j/Matrix.java:117: warning: no @param for constant
[ERROR]     public static Matrix constant(int rows, int columns, double constant) {
[ERROR]                          ^
[ERROR] /tmp/Nopol_Bears_vkostyukov-la4j_414793864-436911083/src/main/java/org/la4j/Matrix.java:117: warning: no @return
[ERROR]     public static Matrix constant(int rows, int columns, double constant) {
[ERROR]                          ^
[ERROR] /tmp/Nopol_Bears_vkostyukov-la4j_414793864-436911083/src/main/java/org/la4j/Matrix.java:125: warning: no @param for size
[ERROR]     public static Matrix diagonal(int size, double diagonal) {
[ERROR]                          ^
[ERROR] /tmp/Nopol_Bears_vkostyukov-la4j_414793864-436911083/src/main/java/org/la4j/Matrix.java:125: warning: no @param for diagonal
[ERROR]     public static Matrix diagonal(int size, double diagonal) {
[ERROR]                          ^
[ERROR] /tmp/Nopol_Bears_vkostyukov-la4j_414793864-436911083/src/main/java/org/la4j/Matrix.java:125: warning: no @return
[ERROR]     public static Matrix diagonal(int size, double diagonal) {
[ERROR]                          ^
[ERROR] /tmp/Nopol_Bears_vkostyukov-la4j_414793864-436911083/src/main/java/org/la4j/Matrix.java:133: warning: no @param for rows
[ERROR]     public static Matrix unit(int rows, int columns) {
[ERROR]                          ^
[ERROR] /tmp/Nopol_Bears_vkostyukov-la4j_414793864-436911083/src/main/java/org/la4j/Matrix.java:133: warning: no @param for columns
[ERROR]     public static Matrix unit(int rows, int columns) {
[ERROR]                          ^
[ERROR] /tmp/Nopol_Bears_vkostyukov-la4j_414793864-436911083/src/main/java/org/la4j/Matrix.java:133: warning: no @return
[ERROR]     public static Matrix unit(int rows, int columns) {
[ERROR]                          ^
[ERROR] /tmp/Nopol_Bears_vkostyukov-la4j_414793864-436911083/src/main/java/org/la4j/Matrix.java:140: warning: no @param for size
[ERROR]     public static Matrix identity(int size) {
[ERROR]                          ^
[ERROR] /tmp/Nopol_Bears_vkostyukov-la4j_414793864-436911083/src/main/java/org/la4j/Matrix.java:140: warning: no @return
[ERROR]     public static Matrix identity(int size) {
[ERROR]                          ^
[ERROR] /tmp/Nopol_Bears_vkostyukov-la4j_414793864-436911083/src/main/java/org/la4j/Matrix.java:148: warning: no @param for rows
[ERROR]     public static Matrix random(int rows, int columns, Random random) {
[ERROR]                          ^
[ERROR] /tmp/Nopol_Bears_vkostyukov-la4j_414793864-436911083/src/main/java/org/la4j/Matrix.java:148: warning: no @param for columns
[ERROR]     public static Matrix random(int rows, int columns, Random random) {
[ERROR]                          ^
[ERROR] /tmp/Nopol_Bears_vkostyukov-la4j_414793864-436911083/src/main/java/org/la4j/Matrix.java:148: warning: no @param for random
[ERROR]     public static Matrix random(int rows, int columns, Random random) {
[ERROR]                          ^
[ERROR] /tmp/Nopol_Bears_vkostyukov-la4j_414793864-436911083/src/main/java/org/la4j/Matrix.java:148: warning: no @return
[ERROR]     public static Matrix random(int rows, int columns, Random random) {
[ERROR]                          ^
[ERROR] /tmp/Nopol_Bears_vkostyukov-la4j_414793864-436911083/src/main/java/org/la4j/Matrix.java:155: warning: no @param for size
[ERROR]     public static Matrix randomSymmetric(int size, Random random) {
[ERROR]                          ^
[ERROR] /tmp/Nopol_Bears_vkostyukov-la4j_414793864-436911083/src/main/java/org/la4j/Matrix.java:155: warning: no @param for random
[ERROR]     public static Matrix randomSymmetric(int size, Random random) {
[ERROR]                          ^
[ERROR] /tmp/Nopol_Bears_vkostyukov-la4j_414793864-436911083/src/main/java/org/la4j/Matrix.java:155: warning: no @return
[ERROR]     public static Matrix randomSymmetric(int size, Random random) {
[ERROR]                          ^
[ERROR] /tmp/Nopol_Bears_vkostyukov-la4j_414793864-436911083/src/main/java/org/la4j/Matrix.java:163: warning: no @param for rows
[ERROR]     public static Matrix from1DArray(int rows, int columns, double[] array) {
[ERROR]                          ^
[ERROR] /tmp/Nopol_Bears_vkostyukov-la4j_414793864-436911083/src/main/java/org/la4j/Matrix.java:163: warning: no @param for columns
[ERROR]     public static Matrix from1DArray(int rows, int columns, double[] array) {
[ERROR]                          ^
[ERROR] /tmp/Nopol_Bears_vkostyukov-la4j_414793864-436911083/src/main/java/org/la4j/Matrix.java:163: warning: no @param for array
[ERROR]     public static Matrix from1DArray(int rows, int columns, double[] array) {
[ERROR]                          ^
[ERROR] /tmp/Nopol_Bears_vkostyukov-la4j_414793864-436911083/src/main/java/org/la4j/Matrix.java:163: warning: no @return
[ERROR]     public static Matrix from1DArray(int rows, int columns, double[] array) {
[ERROR]                          ^
[ERROR] /tmp/Nopol_Bears_vkostyukov-la4j_414793864-436911083/src/main/java/org/la4j/Matrix.java:171: warning: no @param for array
[ERROR]     public static Matrix from2DArray(double[][] array) {
[ERROR]                          ^
[ERROR] /tmp/Nopol_Bears_vkostyukov-la4j_414793864-436911083/src/main/java/org/la4j/Matrix.java:171: warning: no @return
[ERROR]     public static Matrix from2DArray(double[][] array) {
[ERROR]                          ^
[ERROR] /tmp/Nopol_Bears_vkostyukov-la4j_414793864-436911083/src/main/java/org/la4j/Matrix.java:179: warning: no @param for a
[ERROR]     public static Matrix block(Matrix a, Matrix b, Matrix c, Matrix d) {
[ERROR]                          ^
[ERROR] /tmp/Nopol_Bears_vkostyukov-la4j_414793864-436911083/src/main/java/org/la4j/Matrix.java:179: warning: no @param for b
[ERROR]     public static Matrix block(Matrix a, Matrix b, Matrix c, Matrix d) {
[ERROR]                          ^
[ERROR] /tmp/Nopol_Bears_vkostyukov-la4j_414793864-436911083/src/main/java/org/la4j/Matrix.java:179: warning: no @param for c
[ERROR]     public static Matrix block(Matrix a, Matrix b, Matrix c, Matrix d) {
[ERROR]                          ^
[ERROR] /tmp/Nopol_Bears_vkostyukov-la4j_414793864-436911083/src/main/java/org/la4j/Matrix.java:179: warning: no @param for d
[ERROR]     public static Matrix block(Matrix a, Matrix b, Matrix c, Matrix d) {
[ERROR]                          ^
[ERROR] /tmp/Nopol_Bears_vkostyukov-la4j_414793864-436911083/src/main/java/org/la4j/Matrix.java:179: warning: no @return
[ERROR]     public static Matrix block(Matrix a, Matrix b, Matrix c, Matrix d) {
[ERROR]                          ^
[ERROR] /tmp/Nopol_Bears_vkostyukov-la4j_414793864-436911083/src/main/java/org/la4j/Matrix.java:348: warning: no @param for rows
[ERROR]     public abstract Matrix blankOfShape(int rows, int columns);
[ERROR]                            ^
[ERROR] /tmp/Nopol_Bears_vkostyukov-la4j_414793864-436911083/src/main/java/org/la4j/Matrix.java:348: warning: no @param for columns
[ERROR]     public abstract Matrix blankOfShape(int rows, int columns);
[ERROR]                            ^
[ERROR] /tmp/Nopol_Bears_vkostyukov-la4j_414793864-436911083/src/main/java/org/la4j/Matrix.java:408: warning: no @param for formatter
[ERROR]     public abstract String toMatrixMarket(NumberFormat formatter);
[ERROR]                            ^
[ERROR] /tmp/Nopol_Bears_vkostyukov-la4j_414793864-436911083/src/main/java/org/la4j/Matrix.java:1040: warning: no @param for row
[ERROR]     public Matrix insertRow(int i, Vector row) {
[ERROR]                   ^
[ERROR] /tmp/Nopol_Bears_vkostyukov-la4j_414793864-436911083/src/main/java/org/la4j/Matrix.java:1070: warning: no @param for column
[ERROR]     public Matrix insertColumn(int j, Vector column) {
[ERROR]                   ^
[ERROR] /tmp/Nopol_Bears_vkostyukov-la4j_414793864-436911083/src/main/java/org/la4j/Matrix.java:1189: warning: no @param for rows
[ERROR]     public Matrix blankOfRows(int rows) {
[ERROR]                   ^
[ERROR] /tmp/Nopol_Bears_vkostyukov-la4j_414793864-436911083/src/main/java/org/la4j/Matrix.java:1200: warning: no @param for columns
[ERROR]     public Matrix blankOfColumns(int columns) {
[ERROR]                   ^
[ERROR] /tmp/Nopol_Bears_vkostyukov-la4j_414793864-436911083/src/main/java/org/la4j/Matrix.java:1979: warning: no @param for i
[ERROR]     public VectorIterator iteratorOfRow(int i) {
[ERROR]                           ^
[ERROR] /tmp/Nopol_Bears_vkostyukov-la4j_414793864-436911083/src/main/java/org/la4j/Matrix.java:2020: warning: no @param for j
[ERROR]      public VectorIterator iteratorOfColumn(int j) {
[ERROR]                            ^
[ERROR] /tmp/Nopol_Bears_vkostyukov-la4j_414793864-436911083/src/main/java/org/la4j/Matrix.java:99: warning: no @param for rows
[ERROR]     public Matrix(int rows, int columns) {
[ERROR]            ^
[ERROR] /tmp/Nopol_Bears_vkostyukov-la4j_414793864-436911083/src/main/java/org/la4j/Matrix.java:99: warning: no @param for columns
[ERROR]     public Matrix(int rows, int columns) {
[ERROR]            ^
[ERROR] /tmp/Nopol_Bears_vkostyukov-la4j_414793864-436911083/src/main/java/org/la4j/Vector.java:77: warning: no @param for length
[ERROR]     public static Vector zero(int length) {
[ERROR]                          ^
[ERROR] /tmp/Nopol_Bears_vkostyukov-la4j_414793864-436911083/src/main/java/org/la4j/Vector.java:77: warning: no @return
[ERROR]     public static Vector zero(int length) {
[ERROR]                          ^
[ERROR] /tmp/Nopol_Bears_vkostyukov-la4j_414793864-436911083/src/main/java/org/la4j/Vector.java:85: warning: no @param for length
[ERROR]     public static Vector constant(int length, double value) {
[ERROR]                          ^
[ERROR] /tmp/Nopol_Bears_vkostyukov-la4j_414793864-436911083/src/main/java/org/la4j/Vector.java:85: warning: no @param for value
[ERROR]     public static Vector constant(int length, double value) {
[ERROR]                          ^
[ERROR] /tmp/Nopol_Bears_vkostyukov-la4j_414793864-436911083/src/main/java/org/la4j/Vector.java:85: warning: no @return
[ERROR]     public static Vector constant(int length, double value) {
[ERROR]                          ^
[ERROR] /tmp/Nopol_Bears_vkostyukov-la4j_414793864-436911083/src/main/java/org/la4j/Vector.java:92: warning: no @param for length
[ERROR]     public static Vector unit(int length) {
[ERROR]                          ^
[ERROR] /tmp/Nopol_Bears_vkostyukov-la4j_414793864-436911083/src/main/java/org/la4j/Vector.java:92: warning: no @return
[ERROR]     public static Vector unit(int length) {
[ERROR]                          ^
[ERROR] /tmp/Nopol_Bears_vkostyukov-la4j_414793864-436911083/src/main/java/org/la4j/Vector.java:100: warning: no @param for length
[ERROR]     public static Vector random(int length, Random random) {
[ERROR]                          ^
[ERROR] /tmp/Nopol_Bears_vkostyukov-la4j_414793864-436911083/src/main/java/org/la4j/Vector.java:100: warning: no @param for random
[ERROR]     public static Vector random(int length, Random random) {
[ERROR]                          ^
[ERROR] /tmp/Nopol_Bears_vkostyukov-la4j_414793864-436911083/src/main/java/org/la4j/Vector.java:100: warning: no @return
[ERROR]     public static Vector random(int length, Random random) {
[ERROR]                          ^
[ERROR] /tmp/Nopol_Bears_vkostyukov-la4j_414793864-436911083/src/main/java/org/la4j/Vector.java:108: warning: no @param for array
[ERROR]     public static Vector fromArray(double[] array) {
[ERROR]                          ^
[ERROR] /tmp/Nopol_Bears_vkostyukov-la4j_414793864-436911083/src/main/java/org/la4j/Vector.java:108: warning: no @return
[ERROR]     public static Vector fromArray(double[] array) {
[ERROR]                          ^
[ERROR] /tmp/Nopol_Bears_vkostyukov-la4j_414793864-436911083/src/main/java/org/la4j/Vector.java:194: warning: no @param for list
[ERROR]     public static Vector fromCollection(Collection<? extends Number> list) {
[ERROR]                          ^
[ERROR] /tmp/Nopol_Bears_vkostyukov-la4j_414793864-436911083/src/main/java/org/la4j/Vector.java:194: warning: no @return
[ERROR]     public static Vector fromCollection(Collection<? extends Number> list) {
[ERROR]                          ^
[ERROR] /tmp/Nopol_Bears_vkostyukov-la4j_414793864-436911083/src/main/java/org/la4j/Vector.java:201: warning: no @param for map
[ERROR]     public static Vector fromMap(Map<Integer, ? extends Number> map, int length) {
[ERROR]                          ^
[ERROR] /tmp/Nopol_Bears_vkostyukov-la4j_414793864-436911083/src/main/java/org/la4j/Vector.java:201: warning: no @param for length
[ERROR]     public static Vector fromMap(Map<Integer, ? extends Number> map, int length) {
[ERROR]                          ^
[ERROR] /tmp/Nopol_Bears_vkostyukov-la4j_414793864-436911083/src/main/java/org/la4j/Vector.java:201: warning: no @return
[ERROR]     public static Vector fromMap(Map<Integer, ? extends Number> map, int length) {
[ERROR]                          ^
[ERROR] /tmp/Nopol_Bears_vkostyukov-la4j_414793864-436911083/src/main/java/org/la4j/Vector.java:981: warning: no @param for formatter
[ERROR]     public String toCSV(NumberFormat formatter) {
[ERROR]                   ^
[ERROR] /tmp/Nopol_Bears_vkostyukov-la4j_414793864-436911083/src/main/java/org/la4j/decomposition/MatrixDecompositor.java:39: warning: no description for @return
[ERROR]      * @return
[ERROR]        ^
[ERROR] /tmp/Nopol_Bears_vkostyukov-la4j_414793864-436911083/src/main/java/org/la4j/decomposition/MatrixDecompositor.java:46: warning: no description for @return
[ERROR]      * @return
[ERROR]        ^
[ERROR] /tmp/Nopol_Bears_vkostyukov-la4j_414793864-436911083/src/main/java/org/la4j/decomposition/MatrixDecompositor.java:53: warning: no description for @param
[ERROR]      * @param matrix
[ERROR]        ^
[ERROR] /tmp/Nopol_Bears_vkostyukov-la4j_414793864-436911083/src/main/java/org/la4j/decomposition/MatrixDecompositor.java:54: warning: no description for @return
[ERROR]      * @return
[ERROR]        ^
[ERROR] /tmp/Nopol_Bears_vkostyukov-la4j_414793864-436911083/src/main/java/org/la4j/inversion/MatrixInverter.java:33: warning: no description for @return
[ERROR]      * @return
[ERROR]        ^
[ERROR] /tmp/Nopol_Bears_vkostyukov-la4j_414793864-436911083/src/main/java/org/la4j/inversion/MatrixInverter.java:40: warning: no description for @return
[ERROR]      * @return
[ERROR]        ^
[ERROR] /tmp/Nopol_Bears_vkostyukov-la4j_414793864-436911083/src/main/java/org/la4j/linear/LinearSystemSolver.java:38: warning: no description for @param
[ERROR]      * @param b
[ERROR]        ^
[ERROR] /tmp/Nopol_Bears_vkostyukov-la4j_414793864-436911083/src/main/java/org/la4j/linear/LinearSystemSolver.java:39: warning: no description for @return
[ERROR]      * @return
[ERROR]        ^
[ERROR] /tmp/Nopol_Bears_vkostyukov-la4j_414793864-436911083/src/main/java/org/la4j/linear/LinearSystemSolver.java:46: warning: no description for @return
[ERROR]      * @return
[ERROR]        ^
[ERROR] /tmp/Nopol_Bears_vkostyukov-la4j_414793864-436911083/src/main/java/org/la4j/linear/LinearSystemSolver.java:53: warning: no description for @return
[ERROR]      * @return
[ERROR]        ^
[ERROR] /tmp/Nopol_Bears_vkostyukov-la4j_414793864-436911083/src/main/java/org/la4j/linear/LinearSystemSolver.java:60: warning: no description for @return
[ERROR]      * @return
[ERROR]        ^
[ERROR] /tmp/Nopol_Bears_vkostyukov-la4j_414793864-436911083/src/main/java/org/la4j/linear/LinearSystemSolver.java:67: warning: no description for @param
[ERROR]      * @param matrix
[ERROR]        ^
[ERROR] /tmp/Nopol_Bears_vkostyukov-la4j_414793864-436911083/src/main/java/org/la4j/linear/LinearSystemSolver.java:69: warning: no @return
[ERROR]     boolean applicableTo(Matrix matrix);
[ERROR]             ^
[ERROR] /tmp/Nopol_Bears_vkostyukov-la4j_414793864-436911083/src/main/java/org/la4j/matrix/ColumnMajorSparseMatrix.java:51: warning: no @param for rows
[ERROR]     public static ColumnMajorSparseMatrix zero(int rows, int columns) {
[ERROR]                                           ^
[ERROR] /tmp/Nopol_Bears_vkostyukov-la4j_414793864-436911083/src/main/java/org/la4j/matrix/ColumnMajorSparseMatrix.java:51: warning: no @param for columns
[ERROR]     public static ColumnMajorSparseMatrix zero(int rows, int columns) {
[ERROR]                                           ^
[ERROR] /tmp/Nopol_Bears_vkostyukov-la4j_414793864-436911083/src/main/java/org/la4j/matrix/ColumnMajorSparseMatrix.java:51: warning: no @return
[ERROR]     public static ColumnMajorSparseMatrix zero(int rows, int columns) {
[ERROR]                                           ^
[ERROR] /tmp/Nopol_Bears_vkostyukov-la4j_414793864-436911083/src/main/java/org/la4j/matrix/ColumnMajorSparseMatrix.java:59: warning: no @param for rows
[ERROR]     public static ColumnMajorSparseMatrix zero(int rows, int columns, int capacity) {
[ERROR]                                           ^
[ERROR] /tmp/Nopol_Bears_vkostyukov-la4j_414793864-436911083/src/main/java/org/la4j/matrix/ColumnMajorSparseMatrix.java:59: warning: no @param for columns
[ERROR]     public static ColumnMajorSparseMatrix zero(int rows, int columns, int capacity) {
[ERROR]                                           ^
[ERROR] /tmp/Nopol_Bears_vkostyukov-la4j_414793864-436911083/src/main/java/org/la4j/matrix/ColumnMajorSparseMatrix.java:59: warning: no @param for capacity
[ERROR]     public static ColumnMajorSparseMatrix zero(int rows, int columns, int capacity) {
[ERROR]                                           ^
[ERROR] /tmp/Nopol_Bears_vkostyukov-la4j_414793864-436911083/src/main/java/org/la4j/matrix/ColumnMajorSparseMatrix.java:59: warning: no @return
[ERROR]     public static ColumnMajorSparseMatrix zero(int rows, int columns, int capacity) {
[ERROR]                                           ^
[ERROR] /tmp/Nopol_Bears_vkostyukov-la4j_414793864-436911083/src/main/java/org/la4j/matrix/ColumnMajorSparseMatrix.java:67: warning: no @param for size
[ERROR]     public static ColumnMajorSparseMatrix diagonal(int size, double diagonal) {
[ERROR]                                           ^
[ERROR] /tmp/Nopol_Bears_vkostyukov-la4j_414793864-436911083/src/main/java/org/la4j/matrix/ColumnMajorSparseMatrix.java:67: warning: no @param for diagonal
[ERROR]     public static ColumnMajorSparseMatrix diagonal(int size, double diagonal) {
[ERROR]                                           ^
[ERROR] /tmp/Nopol_Bears_vkostyukov-la4j_414793864-436911083/src/main/java/org/la4j/matrix/ColumnMajorSparseMatrix.java:67: warning: no @return
[ERROR]     public static ColumnMajorSparseMatrix diagonal(int size, double diagonal) {
[ERROR]                                           ^
[ERROR] /tmp/Nopol_Bears_vkostyukov-la4j_414793864-436911083/src/main/java/org/la4j/matrix/ColumnMajorSparseMatrix.java:74: warning: no @param for size
[ERROR]     public static ColumnMajorSparseMatrix identity(int size) {
[ERROR]                                           ^
[ERROR] /tmp/Nopol_Bears_vkostyukov-la4j_414793864-436911083/src/main/java/org/la4j/matrix/ColumnMajorSparseMatrix.java:74: warning: no @return
[ERROR]     public static ColumnMajorSparseMatrix identity(int size) {
[ERROR]                                           ^
[ERROR] /tmp/Nopol_Bears_vkostyukov-la4j_414793864-436911083/src/main/java/org/la4j/matrix/ColumnMajorSparseMatrix.java:82: warning: no @param for rows
[ERROR]     public static ColumnMajorSparseMatrix random(int rows, int columns, double density, Random random) {
[ERROR]                                           ^
[ERROR] /tmp/Nopol_Bears_vkostyukov-la4j_414793864-436911083/src/main/java/org/la4j/matrix/ColumnMajorSparseMatrix.java:82: warning: no @param for columns
[ERROR]     public static ColumnMajorSparseMatrix random(int rows, int columns, double density, Random random) {
[ERROR]                                           ^
[ERROR] /tmp/Nopol_Bears_vkostyukov-la4j_414793864-436911083/src/main/java/org/la4j/matrix/ColumnMajorSparseMatrix.java:82: warning: no @param for density
[ERROR]     public static ColumnMajorSparseMatrix random(int rows, int columns, double density, Random random) {
[ERROR]                                           ^
[ERROR] /tmp/Nopol_Bears_vkostyukov-la4j_414793864-436911083/src/main/java/org/la4j/matrix/ColumnMajorSparseMatrix.java:82: warning: no @param for random
[ERROR]     public static ColumnMajorSparseMatrix random(int rows, int columns, double density, Random random) {
[ERROR]                                           ^
[ERROR] /tmp/Nopol_Bears_vkostyukov-la4j_414793864-436911083/src/main/java/org/la4j/matrix/ColumnMajorSparseMatrix.java:82: warning: no @return
[ERROR]     public static ColumnMajorSparseMatrix random(int rows, int columns, double density, Random random) {
[ERROR]                                           ^
[ERROR] /tmp/Nopol_Bears_vkostyukov-la4j_414793864-436911083/src/main/java/org/la4j/matrix/ColumnMajorSparseMatrix.java:89: warning: no @param for size
[ERROR]     public static ColumnMajorSparseMatrix randomSymmetric(int size, double density, Random random) {
[ERROR]                                           ^
[ERROR] /tmp/Nopol_Bears_vkostyukov-la4j_414793864-436911083/src/main/java/org/la4j/matrix/ColumnMajorSparseMatrix.java:89: warning: no @param for density
[ERROR]     public static ColumnMajorSparseMatrix randomSymmetric(int size, double density, Random random) {
[ERROR]                                           ^
[ERROR] /tmp/Nopol_Bears_vkostyukov-la4j_414793864-436911083/src/main/java/org/la4j/matrix/ColumnMajorSparseMatrix.java:89: warning: no @param for random
[ERROR]     public static ColumnMajorSparseMatrix randomSymmetric(int size, double density, Random random) {
[ERROR]                                           ^
[ERROR] /tmp/Nopol_Bears_vkostyukov-la4j_414793864-436911083/src/main/java/org/la4j/matrix/ColumnMajorSparseMatrix.java:89: warning: no @return
[ERROR]     public static ColumnMajorSparseMatrix randomSymmetric(int size, double density, Random random) {
[ERROR]                                           ^
[ERROR] /tmp/Nopol_Bears_vkostyukov-la4j_414793864-436911083/src/main/java/org/la4j/matrix/ColumnMajorSparseMatrix.java:97: warning: no @param for rows
[ERROR]     public static ColumnMajorSparseMatrix from1DArray(int rows, int columns, double[] array) {
[ERROR]                                           ^
[ERROR] 
[ERROR] Command line was: /scratch/rjust/projects/calling-bs/repair-them-all/RepairThemAll/jdks/jdk1.8.0_181/jre/../bin/javadoc @options @packages
[ERROR] 
[ERROR] Refer to the generated Javadoc files in '/tmp/Nopol_Bears_vkostyukov-la4j_414793864-436911083/target/apidocs' dir.
[ERROR] -> [Help 1]
[ERROR] 
[ERROR] To see the full stack trace of the errors, re-run Maven with the -e switch.
[ERROR] Re-run Maven using the -X switch to enable full debug logging.
[ERROR] 
[ERROR] For more information about the errors and possible solutions, please read the following articles:
[ERROR] [Help 1] http://cwiki.apache.org/confluence/display/MAVEN/MojoExecutionException
[INFO] Build failures were ignored.
