PID: 17505
honu.cs.washington.edu
Job started at Tue Aug 20 23:10:53 PDT 2019
[RESOURCES] There are too many total processes running: 38!
[RESOURCES] There are too many total processes running: 46!
[RESOURCES] There are too many total processes running: 40!
[RESOURCES] There are too many total processes running: 89!
[RESOURCES] There are too many total processes running: 49!
[RESOURCES] There are too many total processes running: 41!
Running patch plausibility analysis under Java-7 on the patch generated by Arja for Bugs.jar::Jackrabbit-Oak-3ce758b7::0
patch_plausibility.py script started at Tue Aug 20 23:12:51 PDT 2019
Switched to branch 'bugs-dot-jar_OAK-543_3ce758b7'
Reinitialized existing Git repository in /tmp/Arja_Bugs.jar_Jackrabbit-Oak_3ce758b7/.git/
Checking patch oak-mk/src/main/java/org/apache/jackrabbit/mk/store/DefaultRevisionStore.java...
Applied patch oak-mk/src/main/java/org/apache/jackrabbit/mk/store/DefaultRevisionStore.java cleanly.
There was no 'Please refer to (.*) for the individual test results.' in the maven log file!
Checkout Bugs.jar_Jackrabbit-Oak_3ce758b7
Apply patch ...
Compile Bugs.jar_Jackrabbit-Oak_3ce758b7
Run tests on Bugs.jar_Jackrabbit-Oak_3ce758b7
patch_plausibility.py script finished at Tue Aug 20 23:14:07 PDT 2019
Job finished at Tue Aug 20 23:14:07 PDT 2019
DONE!
