PID: 3601
honu.cs.washington.edu
Job started at Tue Aug 20 23:27:25 PDT 2019
[RESOURCES] There are too many total processes running: 38!
[RESOURCES] There are too many total processes running: 45!
[RESOURCES] There are too many total processes running: 46!
[RESOURCES] There are too many total processes running: 52!
[RESOURCES] There are too many total processes running: 42!
[RESOURCES] There are too many total processes running: 44!
[RESOURCES] There are too many total processes running: 54!
[RESOURCES] There are too many total processes running: 39!
Running patch plausibility analysis under Java-7 on the patch generated by DynaMoth for Bugs.jar::Jackrabbit-Oak-717186d6::7
patch_plausibility.py script started at Tue Aug 20 23:30:20 PDT 2019
Switched to branch 'bugs-dot-jar_OAK-548_717186d6'
Reinitialized existing Git repository in /tmp/DynaMoth_Bugs.jar_Jackrabbit-Oak_717186d6/.git/
Checking patch oak-mk/src/main/java/org/apache/jackrabbit/mk/core/MicroKernelImpl.java...
Applied patch oak-mk/src/main/java/org/apache/jackrabbit/mk/core/MicroKernelImpl.java cleanly.
Checkout Bugs.jar_Jackrabbit-Oak_717186d6
Apply patch ...
Compile Bugs.jar_Jackrabbit-Oak_717186d6
Run tests on Bugs.jar_Jackrabbit-Oak_717186d6
patch_plausibility.py script finished at Tue Aug 20 23:31:57 PDT 2019
Job finished at Tue Aug 20 23:31:57 PDT 2019
DONE!
