PID: 3546
honu.cs.washington.edu
Job started at Wed Aug 21 12:51:29 PDT 2019
[RESOURCES] There are too many total processes running: 44!
[RESOURCES] There are too many total processes running: 42!
[RESOURCES] There are too many total processes running: 40!
[RESOURCES] There are too many total processes running: 46!
[RESOURCES] There are too many total processes running: 85!
[RESOURCES] There are too many total processes running: 44!
[RESOURCES] There are too many total processes running: 47!
[RESOURCES] There are too many total processes running: 50!
[RESOURCES] There are too many total processes running: 46!
[RESOURCES] There are too many total processes running: 38!
[RESOURCES] There are too many total processes running: 40!
[RESOURCES] There are too many total processes running: 43!
[RESOURCES] There are too many total processes running: 43!
[RESOURCES] There are too many total processes running: 43!
Running patch plausibility analysis under Java-8 on the patch generated by Arja for IntroClassJava::smallest-ea67b84145a12733c524b716da44f36a42cf815013d14cafbd2a66a5a4c8b5a99022c355960cd62ca71a640315747cd604afdfa9ec753d1739c686734b2798a7-003::0
patch_plausibility.py script started at Wed Aug 21 12:55:57 PDT 2019
Initialized empty Git repository in /tmp/Arja_IntroClassJava_smallest_ea67b84145a12733c524b716da44f36a42cf815013d14cafbd2a66a5a4c8b5a99022c355960cd62ca71a640315747cd604afdfa9ec753d1739c686734b2798a7-003/.git/
Checking patch src/main/java/introclassJava/smallest_ea67b841_003.java...
Applied patch src/main/java/introclassJava/smallest_ea67b841_003.java cleanly.
There was no 'Please refer to (.*) for the individual test results.' in the maven log file!
Checkout IntroClassJava_smallest_ea67b84145a12733c524b716da44f36a42cf815013d14cafbd2a66a5a4c8b5a99022c355960cd62ca71a640315747cd604afdfa9ec753d1739c686734b2798a7-003
Apply patch ...
Compile IntroClassJava_smallest_ea67b84145a12733c524b716da44f36a42cf815013d14cafbd2a66a5a4c8b5a99022c355960cd62ca71a640315747cd604afdfa9ec753d1739c686734b2798a7-003
Run tests on IntroClassJava_smallest_ea67b84145a12733c524b716da44f36a42cf815013d14cafbd2a66a5a4c8b5a99022c355960cd62ca71a640315747cd604afdfa9ec753d1739c686734b2798a7-003
patch_plausibility.py script finished at Wed Aug 21 12:56:09 PDT 2019
Job finished at Wed Aug 21 12:56:09 PDT 2019
DONE!
