PID: 8961
honu.cs.washington.edu
Job started at Tue Aug 20 23:21:16 PDT 2019
[RESOURCES] There are too many total processes running: 56!
Running patch plausibility analysis under Java-7 on the patch generated by GenProg for Bugs.jar::Commons-Math-f6dd42b4::0
patch_plausibility.py script started at Tue Aug 20 23:21:45 PDT 2019
Switched to branch 'bugs-dot-jar_MATH-343_f6dd42b4'
Reinitialized existing Git repository in /tmp/GenProg_Bugs.jar_Commons-Math_f6dd42b4/.git/
Checking patch src/main/java/org/apache/commons/math/analysis/solvers/UnivariateRealSolverImpl.java...
Checking patch src/main/java/org/apache/commons/math/analysis/solvers/BrentSolver.java...
Applied patch src/main/java/org/apache/commons/math/analysis/solvers/UnivariateRealSolverImpl.java cleanly.
Applied patch src/main/java/org/apache/commons/math/analysis/solvers/BrentSolver.java cleanly.
There was no 'Please refer to (.*) for the individual test results.' in the maven log file!
Checkout Bugs.jar_Commons-Math_f6dd42b4
Apply patch ...
Compile Bugs.jar_Commons-Math_f6dd42b4
Run tests on Bugs.jar_Commons-Math_f6dd42b4
patch_plausibility.py script finished at Tue Aug 20 23:22:33 PDT 2019
Job finished at Tue Aug 20 23:22:33 PDT 2019
DONE!
